[2022-09-20T13:54:50.412+0000] {processor.py:156} INFO - Started process (PID=129) to work on /home/airflow/.local/lib/python3.7/site-packages/airflow/example_dags/example_external_task_marker_dag.py
[2022-09-20T13:54:50.414+0000] {processor.py:758} INFO - Processing file /home/airflow/.local/lib/python3.7/site-packages/airflow/example_dags/example_external_task_marker_dag.py for tasks to queue
[2022-09-20T13:54:50.417+0000] {logging_mixin.py:117} INFO - [2022-09-20T13:54:50.416+0000] {dagbag.py:525} INFO - Filling up the DagBag from /home/airflow/.local/lib/python3.7/site-packages/airflow/example_dags/example_external_task_marker_dag.py
[2022-09-20T13:54:56.564+0000] {processor.py:768} INFO - DAG(s) dict_keys(['example_external_task_marker_child', 'example_external_task_marker_parent']) retrieved from /home/airflow/.local/lib/python3.7/site-packages/airflow/example_dags/example_external_task_marker_dag.py
[2022-09-20T14:01:11.574+0000] {processor.py:156} INFO - Started process (PID=183) to work on /home/airflow/.local/lib/python3.7/site-packages/airflow/example_dags/example_external_task_marker_dag.py
[2022-09-20T14:01:11.833+0000] {processor.py:758} INFO - Processing file /home/airflow/.local/lib/python3.7/site-packages/airflow/example_dags/example_external_task_marker_dag.py for tasks to queue
[2022-09-20T14:01:11.834+0000] {logging_mixin.py:117} INFO - [2022-09-20T14:01:11.834+0000] {dagbag.py:525} INFO - Filling up the DagBag from /home/airflow/.local/lib/python3.7/site-packages/airflow/example_dags/example_external_task_marker_dag.py
[2022-09-20T14:01:11.859+0000] {processor.py:768} INFO - DAG(s) dict_keys(['example_external_task_marker_parent', 'example_external_task_marker_child']) retrieved from /home/airflow/.local/lib/python3.7/site-packages/airflow/example_dags/example_external_task_marker_dag.py
[2022-09-20T14:01:34.224+0000] {logging_mixin.py:117} INFO - [2022-09-20T14:01:34.224+0000] {manager.py:508} INFO - Created Permission View: can delete on DAG:example_external_task_marker_parent
[2022-09-20T14:01:39.300+0000] {logging_mixin.py:117} INFO - [2022-09-20T14:01:39.300+0000] {manager.py:508} INFO - Created Permission View: can read on DAG:example_external_task_marker_parent
[2022-09-20T14:01:46.750+0000] {logging_mixin.py:117} INFO - [2022-09-20T14:01:46.750+0000] {manager.py:508} INFO - Created Permission View: can edit on DAG:example_external_task_marker_parent
[2022-09-20T14:02:00.908+0000] {logging_mixin.py:117} INFO - [2022-09-20T14:02:00.907+0000] {manager.py:508} INFO - Created Permission View: can delete on DAG:example_external_task_marker_child
[2022-09-20T14:05:45.230+0000] {processor.py:156} INFO - Started process (PID=284) to work on /home/airflow/.local/lib/python3.7/site-packages/airflow/example_dags/example_external_task_marker_dag.py
[2022-09-20T14:05:46.021+0000] {processor.py:758} INFO - Processing file /home/airflow/.local/lib/python3.7/site-packages/airflow/example_dags/example_external_task_marker_dag.py for tasks to queue
[2022-09-20T14:05:46.022+0000] {logging_mixin.py:117} INFO - [2022-09-20T14:05:46.022+0000] {dagbag.py:525} INFO - Filling up the DagBag from /home/airflow/.local/lib/python3.7/site-packages/airflow/example_dags/example_external_task_marker_dag.py
[2022-09-20T14:05:46.040+0000] {processor.py:768} INFO - DAG(s) dict_keys(['example_external_task_marker_child', 'example_external_task_marker_parent']) retrieved from /home/airflow/.local/lib/python3.7/site-packages/airflow/example_dags/example_external_task_marker_dag.py
[2022-09-20T14:05:46.306+0000] {logging_mixin.py:117} INFO - [2022-09-20T14:05:46.306+0000] {dag.py:2573} INFO - Sync 2 DAGs
[2022-09-20T14:05:46.321+0000] {logging_mixin.py:117} INFO - [2022-09-20T14:05:46.321+0000] {dag.py:2594} INFO - Creating ORM DAG for example_external_task_marker_child
[2022-09-20T14:05:46.322+0000] {logging_mixin.py:117} INFO - [2022-09-20T14:05:46.321+0000] {dag.py:2594} INFO - Creating ORM DAG for example_external_task_marker_parent
[2022-09-20T14:05:46.334+0000] {logging_mixin.py:117} INFO - [2022-09-20T14:05:46.333+0000] {dag.py:3328} INFO - Setting next_dagrun for example_external_task_marker_child to None, run_after=None
[2022-09-20T14:05:46.334+0000] {logging_mixin.py:117} INFO - [2022-09-20T14:05:46.334+0000] {dag.py:3328} INFO - Setting next_dagrun for example_external_task_marker_parent to None, run_after=None
[2022-09-20T14:05:48.064+0000] {processor.py:178} INFO - Processing /home/airflow/.local/lib/python3.7/site-packages/airflow/example_dags/example_external_task_marker_dag.py took 2.838 seconds
[2022-09-20T14:06:59.315+0000] {processor.py:156} INFO - Started process (PID=358) to work on /home/airflow/.local/lib/python3.7/site-packages/airflow/example_dags/example_external_task_marker_dag.py
[2022-09-20T14:07:00.029+0000] {processor.py:758} INFO - Processing file /home/airflow/.local/lib/python3.7/site-packages/airflow/example_dags/example_external_task_marker_dag.py for tasks to queue
[2022-09-20T14:07:00.565+0000] {logging_mixin.py:117} INFO - [2022-09-20T14:07:00.564+0000] {dagbag.py:525} INFO - Filling up the DagBag from /home/airflow/.local/lib/python3.7/site-packages/airflow/example_dags/example_external_task_marker_dag.py
[2022-09-20T14:07:00.581+0000] {processor.py:768} INFO - DAG(s) dict_keys(['example_external_task_marker_child', 'example_external_task_marker_parent']) retrieved from /home/airflow/.local/lib/python3.7/site-packages/airflow/example_dags/example_external_task_marker_dag.py
[2022-09-20T14:07:00.798+0000] {logging_mixin.py:117} INFO - [2022-09-20T14:07:00.798+0000] {dag.py:2573} INFO - Sync 2 DAGs
[2022-09-20T14:07:00.824+0000] {logging_mixin.py:117} INFO - [2022-09-20T14:07:00.823+0000] {dag.py:3328} INFO - Setting next_dagrun for example_external_task_marker_child to None, run_after=None
[2022-09-20T14:07:00.827+0000] {logging_mixin.py:117} INFO - [2022-09-20T14:07:00.827+0000] {dag.py:3328} INFO - Setting next_dagrun for example_external_task_marker_parent to None, run_after=None
[2022-09-20T14:07:01.455+0000] {processor.py:178} INFO - Processing /home/airflow/.local/lib/python3.7/site-packages/airflow/example_dags/example_external_task_marker_dag.py took 2.144 seconds
[2022-09-20T14:07:49.443+0000] {processor.py:156} INFO - Started process (PID=418) to work on /home/airflow/.local/lib/python3.7/site-packages/airflow/example_dags/example_external_task_marker_dag.py
[2022-09-20T14:07:49.831+0000] {processor.py:758} INFO - Processing file /home/airflow/.local/lib/python3.7/site-packages/airflow/example_dags/example_external_task_marker_dag.py for tasks to queue
[2022-09-20T14:07:49.832+0000] {logging_mixin.py:117} INFO - [2022-09-20T14:07:49.831+0000] {dagbag.py:525} INFO - Filling up the DagBag from /home/airflow/.local/lib/python3.7/site-packages/airflow/example_dags/example_external_task_marker_dag.py
[2022-09-20T14:07:49.845+0000] {processor.py:768} INFO - DAG(s) dict_keys(['example_external_task_marker_child', 'example_external_task_marker_parent']) retrieved from /home/airflow/.local/lib/python3.7/site-packages/airflow/example_dags/example_external_task_marker_dag.py
[2022-09-20T14:07:50.064+0000] {logging_mixin.py:117} INFO - [2022-09-20T14:07:50.064+0000] {dag.py:2573} INFO - Sync 2 DAGs
[2022-09-20T14:07:50.336+0000] {logging_mixin.py:117} INFO - [2022-09-20T14:07:50.336+0000] {dag.py:3328} INFO - Setting next_dagrun for example_external_task_marker_child to None, run_after=None
[2022-09-20T14:07:50.340+0000] {logging_mixin.py:117} INFO - [2022-09-20T14:07:50.340+0000] {dag.py:3328} INFO - Setting next_dagrun for example_external_task_marker_parent to None, run_after=None
[2022-09-20T14:07:50.881+0000] {processor.py:178} INFO - Processing /home/airflow/.local/lib/python3.7/site-packages/airflow/example_dags/example_external_task_marker_dag.py took 1.441 seconds
[2022-09-20T14:08:23.430+0000] {processor.py:156} INFO - Started process (PID=473) to work on /home/airflow/.local/lib/python3.7/site-packages/airflow/example_dags/example_external_task_marker_dag.py
[2022-09-20T14:08:24.343+0000] {processor.py:758} INFO - Processing file /home/airflow/.local/lib/python3.7/site-packages/airflow/example_dags/example_external_task_marker_dag.py for tasks to queue
[2022-09-20T14:08:24.344+0000] {logging_mixin.py:117} INFO - [2022-09-20T14:08:24.344+0000] {dagbag.py:525} INFO - Filling up the DagBag from /home/airflow/.local/lib/python3.7/site-packages/airflow/example_dags/example_external_task_marker_dag.py
[2022-09-20T14:08:24.376+0000] {processor.py:768} INFO - DAG(s) dict_keys(['example_external_task_marker_child', 'example_external_task_marker_parent']) retrieved from /home/airflow/.local/lib/python3.7/site-packages/airflow/example_dags/example_external_task_marker_dag.py
[2022-09-20T14:08:24.833+0000] {logging_mixin.py:117} INFO - [2022-09-20T14:08:24.833+0000] {dag.py:2573} INFO - Sync 2 DAGs
[2022-09-20T14:08:24.866+0000] {logging_mixin.py:117} INFO - [2022-09-20T14:08:24.866+0000] {dag.py:3328} INFO - Setting next_dagrun for example_external_task_marker_child to None, run_after=None
[2022-09-20T14:08:24.870+0000] {logging_mixin.py:117} INFO - [2022-09-20T14:08:24.870+0000] {dag.py:3328} INFO - Setting next_dagrun for example_external_task_marker_parent to None, run_after=None
[2022-09-20T14:08:25.573+0000] {processor.py:178} INFO - Processing /home/airflow/.local/lib/python3.7/site-packages/airflow/example_dags/example_external_task_marker_dag.py took 2.149 seconds
[2022-09-20T14:10:23.108+0000] {processor.py:156} INFO - Started process (PID=527) to work on /home/airflow/.local/lib/python3.7/site-packages/airflow/example_dags/example_external_task_marker_dag.py
[2022-09-20T14:10:23.158+0000] {processor.py:758} INFO - Processing file /home/airflow/.local/lib/python3.7/site-packages/airflow/example_dags/example_external_task_marker_dag.py for tasks to queue
[2022-09-20T14:10:23.160+0000] {logging_mixin.py:117} INFO - [2022-09-20T14:10:23.160+0000] {dagbag.py:525} INFO - Filling up the DagBag from /home/airflow/.local/lib/python3.7/site-packages/airflow/example_dags/example_external_task_marker_dag.py
[2022-09-20T14:10:23.190+0000] {processor.py:768} INFO - DAG(s) dict_keys(['example_external_task_marker_child', 'example_external_task_marker_parent']) retrieved from /home/airflow/.local/lib/python3.7/site-packages/airflow/example_dags/example_external_task_marker_dag.py
[2022-09-20T14:10:23.409+0000] {logging_mixin.py:117} INFO - [2022-09-20T14:10:23.409+0000] {dag.py:2573} INFO - Sync 2 DAGs
[2022-09-20T14:10:23.431+0000] {logging_mixin.py:117} INFO - [2022-09-20T14:10:23.431+0000] {dag.py:3328} INFO - Setting next_dagrun for example_external_task_marker_child to None, run_after=None
[2022-09-20T14:10:23.435+0000] {logging_mixin.py:117} INFO - [2022-09-20T14:10:23.434+0000] {dag.py:3328} INFO - Setting next_dagrun for example_external_task_marker_parent to None, run_after=None
[2022-09-20T14:10:24.234+0000] {processor.py:178} INFO - Processing /home/airflow/.local/lib/python3.7/site-packages/airflow/example_dags/example_external_task_marker_dag.py took 1.129 seconds
[2022-09-20T14:11:45.812+0000] {processor.py:156} INFO - Started process (PID=587) to work on /home/airflow/.local/lib/python3.7/site-packages/airflow/example_dags/example_external_task_marker_dag.py
[2022-09-20T14:11:46.048+0000] {processor.py:758} INFO - Processing file /home/airflow/.local/lib/python3.7/site-packages/airflow/example_dags/example_external_task_marker_dag.py for tasks to queue
[2022-09-20T14:11:46.048+0000] {logging_mixin.py:117} INFO - [2022-09-20T14:11:46.048+0000] {dagbag.py:525} INFO - Filling up the DagBag from /home/airflow/.local/lib/python3.7/site-packages/airflow/example_dags/example_external_task_marker_dag.py
[2022-09-20T14:11:46.062+0000] {processor.py:768} INFO - DAG(s) dict_keys(['example_external_task_marker_parent', 'example_external_task_marker_child']) retrieved from /home/airflow/.local/lib/python3.7/site-packages/airflow/example_dags/example_external_task_marker_dag.py
[2022-09-20T14:11:46.294+0000] {logging_mixin.py:117} INFO - [2022-09-20T14:11:46.294+0000] {dag.py:2573} INFO - Sync 2 DAGs
[2022-09-20T14:11:46.318+0000] {logging_mixin.py:117} INFO - [2022-09-20T14:11:46.318+0000] {dag.py:3328} INFO - Setting next_dagrun for example_external_task_marker_child to None, run_after=None
[2022-09-20T14:11:46.322+0000] {logging_mixin.py:117} INFO - [2022-09-20T14:11:46.321+0000] {dag.py:3328} INFO - Setting next_dagrun for example_external_task_marker_parent to None, run_after=None
[2022-09-20T14:11:48.382+0000] {processor.py:178} INFO - Processing /home/airflow/.local/lib/python3.7/site-packages/airflow/example_dags/example_external_task_marker_dag.py took 2.574 seconds
[2022-09-20T14:14:03.711+0000] {processor.py:156} INFO - Started process (PID=645) to work on /home/airflow/.local/lib/python3.7/site-packages/airflow/example_dags/example_external_task_marker_dag.py
[2022-09-20T14:14:03.853+0000] {processor.py:758} INFO - Processing file /home/airflow/.local/lib/python3.7/site-packages/airflow/example_dags/example_external_task_marker_dag.py for tasks to queue
[2022-09-20T14:14:03.854+0000] {logging_mixin.py:117} INFO - [2022-09-20T14:14:03.854+0000] {dagbag.py:525} INFO - Filling up the DagBag from /home/airflow/.local/lib/python3.7/site-packages/airflow/example_dags/example_external_task_marker_dag.py
[2022-09-20T14:14:03.889+0000] {processor.py:768} INFO - DAG(s) dict_keys(['example_external_task_marker_child', 'example_external_task_marker_parent']) retrieved from /home/airflow/.local/lib/python3.7/site-packages/airflow/example_dags/example_external_task_marker_dag.py
[2022-09-20T14:14:04.107+0000] {logging_mixin.py:117} INFO - [2022-09-20T14:14:04.107+0000] {dag.py:2573} INFO - Sync 2 DAGs
[2022-09-20T14:14:04.130+0000] {logging_mixin.py:117} INFO - [2022-09-20T14:14:04.130+0000] {dag.py:3328} INFO - Setting next_dagrun for example_external_task_marker_child to None, run_after=None
[2022-09-20T14:14:04.134+0000] {logging_mixin.py:117} INFO - [2022-09-20T14:14:04.133+0000] {dag.py:3328} INFO - Setting next_dagrun for example_external_task_marker_parent to None, run_after=None
[2022-09-20T14:14:04.346+0000] {processor.py:178} INFO - Processing /home/airflow/.local/lib/python3.7/site-packages/airflow/example_dags/example_external_task_marker_dag.py took 0.638 seconds
[2022-09-20T14:14:55.833+0000] {processor.py:156} INFO - Started process (PID=701) to work on /home/airflow/.local/lib/python3.7/site-packages/airflow/example_dags/example_external_task_marker_dag.py
[2022-09-20T14:14:55.948+0000] {processor.py:758} INFO - Processing file /home/airflow/.local/lib/python3.7/site-packages/airflow/example_dags/example_external_task_marker_dag.py for tasks to queue
[2022-09-20T14:14:55.950+0000] {logging_mixin.py:117} INFO - [2022-09-20T14:14:55.949+0000] {dagbag.py:525} INFO - Filling up the DagBag from /home/airflow/.local/lib/python3.7/site-packages/airflow/example_dags/example_external_task_marker_dag.py
[2022-09-20T14:14:55.988+0000] {processor.py:768} INFO - DAG(s) dict_keys(['example_external_task_marker_parent', 'example_external_task_marker_child']) retrieved from /home/airflow/.local/lib/python3.7/site-packages/airflow/example_dags/example_external_task_marker_dag.py
[2022-09-20T14:14:56.201+0000] {logging_mixin.py:117} INFO - [2022-09-20T14:14:56.201+0000] {dag.py:2573} INFO - Sync 2 DAGs
[2022-09-20T14:14:56.229+0000] {logging_mixin.py:117} INFO - [2022-09-20T14:14:56.229+0000] {dag.py:3328} INFO - Setting next_dagrun for example_external_task_marker_child to None, run_after=None
[2022-09-20T14:14:56.232+0000] {logging_mixin.py:117} INFO - [2022-09-20T14:14:56.232+0000] {dag.py:3328} INFO - Setting next_dagrun for example_external_task_marker_parent to None, run_after=None
[2022-09-20T14:14:56.606+0000] {processor.py:178} INFO - Processing /home/airflow/.local/lib/python3.7/site-packages/airflow/example_dags/example_external_task_marker_dag.py took 0.778 seconds
[2022-09-20T14:16:26.126+0000] {processor.py:156} INFO - Started process (PID=787) to work on /home/airflow/.local/lib/python3.7/site-packages/airflow/example_dags/example_external_task_marker_dag.py
[2022-09-20T14:16:26.289+0000] {processor.py:758} INFO - Processing file /home/airflow/.local/lib/python3.7/site-packages/airflow/example_dags/example_external_task_marker_dag.py for tasks to queue
[2022-09-20T14:16:26.290+0000] {logging_mixin.py:117} INFO - [2022-09-20T14:16:26.290+0000] {dagbag.py:525} INFO - Filling up the DagBag from /home/airflow/.local/lib/python3.7/site-packages/airflow/example_dags/example_external_task_marker_dag.py
[2022-09-20T14:16:26.304+0000] {processor.py:768} INFO - DAG(s) dict_keys(['example_external_task_marker_child', 'example_external_task_marker_parent']) retrieved from /home/airflow/.local/lib/python3.7/site-packages/airflow/example_dags/example_external_task_marker_dag.py
[2022-09-20T14:16:26.518+0000] {logging_mixin.py:117} INFO - [2022-09-20T14:16:26.518+0000] {dag.py:2573} INFO - Sync 2 DAGs
[2022-09-20T14:16:26.542+0000] {logging_mixin.py:117} INFO - [2022-09-20T14:16:26.542+0000] {dag.py:3328} INFO - Setting next_dagrun for example_external_task_marker_child to None, run_after=None
[2022-09-20T14:16:26.545+0000] {logging_mixin.py:117} INFO - [2022-09-20T14:16:26.545+0000] {dag.py:3328} INFO - Setting next_dagrun for example_external_task_marker_parent to None, run_after=None
[2022-09-20T14:16:27.328+0000] {processor.py:178} INFO - Processing /home/airflow/.local/lib/python3.7/site-packages/airflow/example_dags/example_external_task_marker_dag.py took 1.205 seconds
[2022-09-20T14:18:01.447+0000] {processor.py:156} INFO - Started process (PID=874) to work on /home/airflow/.local/lib/python3.7/site-packages/airflow/example_dags/example_external_task_marker_dag.py
[2022-09-20T14:18:01.525+0000] {processor.py:758} INFO - Processing file /home/airflow/.local/lib/python3.7/site-packages/airflow/example_dags/example_external_task_marker_dag.py for tasks to queue
[2022-09-20T14:18:01.526+0000] {logging_mixin.py:117} INFO - [2022-09-20T14:18:01.526+0000] {dagbag.py:525} INFO - Filling up the DagBag from /home/airflow/.local/lib/python3.7/site-packages/airflow/example_dags/example_external_task_marker_dag.py
[2022-09-20T14:18:01.542+0000] {processor.py:768} INFO - DAG(s) dict_keys(['example_external_task_marker_child', 'example_external_task_marker_parent']) retrieved from /home/airflow/.local/lib/python3.7/site-packages/airflow/example_dags/example_external_task_marker_dag.py
[2022-09-20T14:18:11.165+0000] {logging_mixin.py:117} INFO - [2022-09-20T14:18:11.165+0000] {dag.py:2573} INFO - Sync 2 DAGs
[2022-09-20T14:18:11.441+0000] {logging_mixin.py:117} INFO - [2022-09-20T14:18:11.441+0000] {dag.py:3328} INFO - Setting next_dagrun for example_external_task_marker_child to None, run_after=None
[2022-09-20T14:18:11.446+0000] {logging_mixin.py:117} INFO - [2022-09-20T14:18:11.445+0000] {dag.py:3328} INFO - Setting next_dagrun for example_external_task_marker_parent to None, run_after=None
[2022-09-20T14:18:38.308+0000] {processor.py:178} INFO - Processing /home/airflow/.local/lib/python3.7/site-packages/airflow/example_dags/example_external_task_marker_dag.py took 37.368 seconds
[2022-09-20T14:19:25.184+0000] {processor.py:156} INFO - Started process (PID=925) to work on /home/airflow/.local/lib/python3.7/site-packages/airflow/example_dags/example_external_task_marker_dag.py
[2022-09-20T14:19:25.604+0000] {processor.py:758} INFO - Processing file /home/airflow/.local/lib/python3.7/site-packages/airflow/example_dags/example_external_task_marker_dag.py for tasks to queue
[2022-09-20T14:19:25.606+0000] {logging_mixin.py:117} INFO - [2022-09-20T14:19:25.606+0000] {dagbag.py:525} INFO - Filling up the DagBag from /home/airflow/.local/lib/python3.7/site-packages/airflow/example_dags/example_external_task_marker_dag.py
[2022-09-20T14:19:25.622+0000] {processor.py:768} INFO - DAG(s) dict_keys(['example_external_task_marker_parent', 'example_external_task_marker_child']) retrieved from /home/airflow/.local/lib/python3.7/site-packages/airflow/example_dags/example_external_task_marker_dag.py
[2022-09-20T14:19:25.847+0000] {logging_mixin.py:117} INFO - [2022-09-20T14:19:25.847+0000] {dag.py:2573} INFO - Sync 2 DAGs
[2022-09-20T14:19:25.871+0000] {logging_mixin.py:117} INFO - [2022-09-20T14:19:25.871+0000] {dag.py:3328} INFO - Setting next_dagrun for example_external_task_marker_child to None, run_after=None
[2022-09-20T14:19:25.874+0000] {logging_mixin.py:117} INFO - [2022-09-20T14:19:25.874+0000] {dag.py:3328} INFO - Setting next_dagrun for example_external_task_marker_parent to None, run_after=None
[2022-09-20T14:19:55.652+0000] {processor.py:178} INFO - Processing /home/airflow/.local/lib/python3.7/site-packages/airflow/example_dags/example_external_task_marker_dag.py took 33.188 seconds
[2022-09-20T14:22:50.553+0000] {processor.py:156} INFO - Started process (PID=1015) to work on /home/airflow/.local/lib/python3.7/site-packages/airflow/example_dags/example_external_task_marker_dag.py
[2022-09-20T14:23:00.819+0000] {processor.py:758} INFO - Processing file /home/airflow/.local/lib/python3.7/site-packages/airflow/example_dags/example_external_task_marker_dag.py for tasks to queue
[2022-09-20T14:23:00.820+0000] {logging_mixin.py:117} INFO - [2022-09-20T14:23:00.820+0000] {dagbag.py:525} INFO - Filling up the DagBag from /home/airflow/.local/lib/python3.7/site-packages/airflow/example_dags/example_external_task_marker_dag.py
[2022-09-20T14:23:00.852+0000] {processor.py:768} INFO - DAG(s) dict_keys(['example_external_task_marker_parent', 'example_external_task_marker_child']) retrieved from /home/airflow/.local/lib/python3.7/site-packages/airflow/example_dags/example_external_task_marker_dag.py
[2022-09-20T14:23:01.190+0000] {logging_mixin.py:117} INFO - [2022-09-20T14:23:01.190+0000] {dag.py:2573} INFO - Sync 2 DAGs
[2022-09-20T14:23:01.215+0000] {logging_mixin.py:117} INFO - [2022-09-20T14:23:01.214+0000] {dag.py:3328} INFO - Setting next_dagrun for example_external_task_marker_child to None, run_after=None
[2022-09-20T14:23:01.218+0000] {logging_mixin.py:117} INFO - [2022-09-20T14:23:01.218+0000] {dag.py:3328} INFO - Setting next_dagrun for example_external_task_marker_parent to None, run_after=None
[2022-09-20T14:23:29.974+0000] {processor.py:178} INFO - Processing /home/airflow/.local/lib/python3.7/site-packages/airflow/example_dags/example_external_task_marker_dag.py took 41.639 seconds
[2022-09-20T14:25:15.152+0000] {processor.py:156} INFO - Started process (PID=1082) to work on /home/airflow/.local/lib/python3.7/site-packages/airflow/example_dags/example_external_task_marker_dag.py
[2022-09-20T14:25:15.312+0000] {processor.py:758} INFO - Processing file /home/airflow/.local/lib/python3.7/site-packages/airflow/example_dags/example_external_task_marker_dag.py for tasks to queue
[2022-09-20T14:25:15.316+0000] {logging_mixin.py:117} INFO - [2022-09-20T14:25:15.315+0000] {dagbag.py:525} INFO - Filling up the DagBag from /home/airflow/.local/lib/python3.7/site-packages/airflow/example_dags/example_external_task_marker_dag.py
[2022-09-20T14:25:15.352+0000] {processor.py:768} INFO - DAG(s) dict_keys(['example_external_task_marker_parent', 'example_external_task_marker_child']) retrieved from /home/airflow/.local/lib/python3.7/site-packages/airflow/example_dags/example_external_task_marker_dag.py
[2022-09-20T14:25:16.231+0000] {logging_mixin.py:117} INFO - [2022-09-20T14:25:16.230+0000] {dag.py:2573} INFO - Sync 2 DAGs
[2022-09-20T14:25:16.544+0000] {logging_mixin.py:117} INFO - [2022-09-20T14:25:16.544+0000] {dag.py:3328} INFO - Setting next_dagrun for example_external_task_marker_child to None, run_after=None
[2022-09-20T14:25:16.548+0000] {logging_mixin.py:117} INFO - [2022-09-20T14:25:16.548+0000] {dag.py:3328} INFO - Setting next_dagrun for example_external_task_marker_parent to None, run_after=None
[2022-09-20T14:25:17.392+0000] {processor.py:178} INFO - Processing /home/airflow/.local/lib/python3.7/site-packages/airflow/example_dags/example_external_task_marker_dag.py took 2.245 seconds
[2022-09-20T14:25:56.450+0000] {processor.py:156} INFO - Started process (PID=1140) to work on /home/airflow/.local/lib/python3.7/site-packages/airflow/example_dags/example_external_task_marker_dag.py
[2022-09-20T14:25:56.632+0000] {processor.py:758} INFO - Processing file /home/airflow/.local/lib/python3.7/site-packages/airflow/example_dags/example_external_task_marker_dag.py for tasks to queue
[2022-09-20T14:25:56.635+0000] {logging_mixin.py:117} INFO - [2022-09-20T14:25:56.635+0000] {dagbag.py:525} INFO - Filling up the DagBag from /home/airflow/.local/lib/python3.7/site-packages/airflow/example_dags/example_external_task_marker_dag.py
[2022-09-20T14:25:56.678+0000] {processor.py:768} INFO - DAG(s) dict_keys(['example_external_task_marker_child', 'example_external_task_marker_parent']) retrieved from /home/airflow/.local/lib/python3.7/site-packages/airflow/example_dags/example_external_task_marker_dag.py
[2022-09-20T14:25:56.892+0000] {logging_mixin.py:117} INFO - [2022-09-20T14:25:56.892+0000] {dag.py:2573} INFO - Sync 2 DAGs
[2022-09-20T14:25:56.915+0000] {logging_mixin.py:117} INFO - [2022-09-20T14:25:56.915+0000] {dag.py:3328} INFO - Setting next_dagrun for example_external_task_marker_child to None, run_after=None
[2022-09-20T14:25:56.919+0000] {logging_mixin.py:117} INFO - [2022-09-20T14:25:56.919+0000] {dag.py:3328} INFO - Setting next_dagrun for example_external_task_marker_parent to None, run_after=None
[2022-09-20T14:25:57.792+0000] {processor.py:178} INFO - Processing /home/airflow/.local/lib/python3.7/site-packages/airflow/example_dags/example_external_task_marker_dag.py took 1.345 seconds
[2022-09-20T14:28:53.603+0000] {processor.py:156} INFO - Started process (PID=1187) to work on /home/airflow/.local/lib/python3.7/site-packages/airflow/example_dags/example_external_task_marker_dag.py
[2022-09-20T14:28:54.911+0000] {processor.py:758} INFO - Processing file /home/airflow/.local/lib/python3.7/site-packages/airflow/example_dags/example_external_task_marker_dag.py for tasks to queue
[2022-09-20T14:28:54.912+0000] {logging_mixin.py:117} INFO - [2022-09-20T14:28:54.912+0000] {dagbag.py:525} INFO - Filling up the DagBag from /home/airflow/.local/lib/python3.7/site-packages/airflow/example_dags/example_external_task_marker_dag.py
[2022-09-20T14:28:54.926+0000] {processor.py:768} INFO - DAG(s) dict_keys(['example_external_task_marker_child', 'example_external_task_marker_parent']) retrieved from /home/airflow/.local/lib/python3.7/site-packages/airflow/example_dags/example_external_task_marker_dag.py
[2022-09-20T14:28:55.138+0000] {logging_mixin.py:117} INFO - [2022-09-20T14:28:55.138+0000] {dag.py:2573} INFO - Sync 2 DAGs
[2022-09-20T14:28:55.161+0000] {logging_mixin.py:117} INFO - [2022-09-20T14:28:55.161+0000] {dag.py:3328} INFO - Setting next_dagrun for example_external_task_marker_child to None, run_after=None
[2022-09-20T14:28:55.164+0000] {logging_mixin.py:117} INFO - [2022-09-20T14:28:55.164+0000] {dag.py:3328} INFO - Setting next_dagrun for example_external_task_marker_parent to None, run_after=None
[2022-09-20T14:31:47.428+0000] {processor.py:156} INFO - Started process (PID=1233) to work on /home/airflow/.local/lib/python3.7/site-packages/airflow/example_dags/example_external_task_marker_dag.py
[2022-09-20T14:31:47.617+0000] {processor.py:758} INFO - Processing file /home/airflow/.local/lib/python3.7/site-packages/airflow/example_dags/example_external_task_marker_dag.py for tasks to queue
[2022-09-20T14:31:47.617+0000] {logging_mixin.py:117} INFO - [2022-09-20T14:31:47.617+0000] {dagbag.py:525} INFO - Filling up the DagBag from /home/airflow/.local/lib/python3.7/site-packages/airflow/example_dags/example_external_task_marker_dag.py
[2022-09-20T14:31:47.632+0000] {processor.py:768} INFO - DAG(s) dict_keys(['example_external_task_marker_parent', 'example_external_task_marker_child']) retrieved from /home/airflow/.local/lib/python3.7/site-packages/airflow/example_dags/example_external_task_marker_dag.py
[2022-09-20T14:31:47.849+0000] {logging_mixin.py:117} INFO - [2022-09-20T14:31:47.849+0000] {dag.py:2573} INFO - Sync 2 DAGs
[2022-09-20T14:31:48.018+0000] {logging_mixin.py:117} INFO - [2022-09-20T14:31:48.018+0000] {dag.py:3328} INFO - Setting next_dagrun for example_external_task_marker_child to None, run_after=None
[2022-09-20T14:31:48.021+0000] {logging_mixin.py:117} INFO - [2022-09-20T14:31:48.021+0000] {dag.py:3328} INFO - Setting next_dagrun for example_external_task_marker_parent to None, run_after=None
[2022-09-20T14:31:48.655+0000] {processor.py:178} INFO - Processing /home/airflow/.local/lib/python3.7/site-packages/airflow/example_dags/example_external_task_marker_dag.py took 1.231 seconds
[2022-09-20T14:33:35.865+0000] {processor.py:156} INFO - Started process (PID=1298) to work on /home/airflow/.local/lib/python3.7/site-packages/airflow/example_dags/example_external_task_marker_dag.py
[2022-09-20T14:33:36.040+0000] {processor.py:758} INFO - Processing file /home/airflow/.local/lib/python3.7/site-packages/airflow/example_dags/example_external_task_marker_dag.py for tasks to queue
[2022-09-20T14:33:36.043+0000] {logging_mixin.py:117} INFO - [2022-09-20T14:33:36.043+0000] {dagbag.py:525} INFO - Filling up the DagBag from /home/airflow/.local/lib/python3.7/site-packages/airflow/example_dags/example_external_task_marker_dag.py
[2022-09-20T14:33:36.080+0000] {processor.py:768} INFO - DAG(s) dict_keys(['example_external_task_marker_child', 'example_external_task_marker_parent']) retrieved from /home/airflow/.local/lib/python3.7/site-packages/airflow/example_dags/example_external_task_marker_dag.py
[2022-09-20T14:33:36.296+0000] {logging_mixin.py:117} INFO - [2022-09-20T14:33:36.296+0000] {dag.py:2573} INFO - Sync 2 DAGs
[2022-09-20T14:33:36.323+0000] {logging_mixin.py:117} INFO - [2022-09-20T14:33:36.323+0000] {dag.py:3328} INFO - Setting next_dagrun for example_external_task_marker_child to None, run_after=None
[2022-09-20T14:33:36.326+0000] {logging_mixin.py:117} INFO - [2022-09-20T14:33:36.326+0000] {dag.py:3328} INFO - Setting next_dagrun for example_external_task_marker_parent to None, run_after=None
[2022-09-20T14:33:37.028+0000] {processor.py:178} INFO - Processing /home/airflow/.local/lib/python3.7/site-packages/airflow/example_dags/example_external_task_marker_dag.py took 1.166 seconds
[2022-09-20T17:11:34.160+0000] {processor.py:156} INFO - Started process (PID=186) to work on /home/airflow/.local/lib/python3.7/site-packages/airflow/example_dags/example_external_task_marker_dag.py
[2022-09-20T17:11:34.775+0000] {processor.py:758} INFO - Processing file /home/airflow/.local/lib/python3.7/site-packages/airflow/example_dags/example_external_task_marker_dag.py for tasks to queue
[2022-09-20T17:11:34.776+0000] {logging_mixin.py:117} INFO - [2022-09-20T17:11:34.776+0000] {dagbag.py:525} INFO - Filling up the DagBag from /home/airflow/.local/lib/python3.7/site-packages/airflow/example_dags/example_external_task_marker_dag.py
[2022-09-20T17:11:34.796+0000] {processor.py:768} INFO - DAG(s) dict_keys(['example_external_task_marker_parent', 'example_external_task_marker_child']) retrieved from /home/airflow/.local/lib/python3.7/site-packages/airflow/example_dags/example_external_task_marker_dag.py
[2022-09-20T17:11:56.709+0000] {logging_mixin.py:117} INFO - [2022-09-20T17:11:56.709+0000] {manager.py:508} INFO - Created Permission View: can edit on DAG:example_external_task_marker_child
[2022-09-20T17:11:56.723+0000] {logging_mixin.py:117} INFO - [2022-09-20T17:11:56.723+0000] {dag.py:2573} INFO - Sync 2 DAGs
[2022-09-20T17:11:56.769+0000] {logging_mixin.py:117} INFO - [2022-09-20T17:11:56.768+0000] {dag.py:3328} INFO - Setting next_dagrun for example_external_task_marker_child to None, run_after=None
[2022-09-20T17:11:56.774+0000] {logging_mixin.py:117} INFO - [2022-09-20T17:11:56.774+0000] {dag.py:3328} INFO - Setting next_dagrun for example_external_task_marker_parent to None, run_after=None
[2022-09-20T17:11:57.063+0000] {processor.py:178} INFO - Processing /home/airflow/.local/lib/python3.7/site-packages/airflow/example_dags/example_external_task_marker_dag.py took 22.906 seconds
[2022-09-20T17:12:28.233+0000] {processor.py:156} INFO - Started process (PID=263) to work on /home/airflow/.local/lib/python3.7/site-packages/airflow/example_dags/example_external_task_marker_dag.py
[2022-09-20T17:12:28.442+0000] {processor.py:758} INFO - Processing file /home/airflow/.local/lib/python3.7/site-packages/airflow/example_dags/example_external_task_marker_dag.py for tasks to queue
[2022-09-20T17:12:28.447+0000] {logging_mixin.py:117} INFO - [2022-09-20T17:12:28.446+0000] {dagbag.py:525} INFO - Filling up the DagBag from /home/airflow/.local/lib/python3.7/site-packages/airflow/example_dags/example_external_task_marker_dag.py
[2022-09-20T17:12:28.723+0000] {processor.py:768} INFO - DAG(s) dict_keys(['example_external_task_marker_parent', 'example_external_task_marker_child']) retrieved from /home/airflow/.local/lib/python3.7/site-packages/airflow/example_dags/example_external_task_marker_dag.py
[2022-09-20T17:12:29.027+0000] {logging_mixin.py:117} INFO - [2022-09-20T17:12:29.027+0000] {dag.py:2573} INFO - Sync 2 DAGs
[2022-09-20T17:12:29.058+0000] {logging_mixin.py:117} INFO - [2022-09-20T17:12:29.057+0000] {dag.py:3328} INFO - Setting next_dagrun for example_external_task_marker_child to None, run_after=None
[2022-09-20T17:12:29.062+0000] {logging_mixin.py:117} INFO - [2022-09-20T17:12:29.061+0000] {dag.py:3328} INFO - Setting next_dagrun for example_external_task_marker_parent to None, run_after=None
[2022-09-20T17:12:29.814+0000] {processor.py:178} INFO - Processing /home/airflow/.local/lib/python3.7/site-packages/airflow/example_dags/example_external_task_marker_dag.py took 1.590 seconds
[2022-09-20T17:13:12.288+0000] {processor.py:156} INFO - Started process (PID=319) to work on /home/airflow/.local/lib/python3.7/site-packages/airflow/example_dags/example_external_task_marker_dag.py
[2022-09-20T17:13:12.651+0000] {processor.py:758} INFO - Processing file /home/airflow/.local/lib/python3.7/site-packages/airflow/example_dags/example_external_task_marker_dag.py for tasks to queue
[2022-09-20T17:13:12.653+0000] {logging_mixin.py:117} INFO - [2022-09-20T17:13:12.653+0000] {dagbag.py:525} INFO - Filling up the DagBag from /home/airflow/.local/lib/python3.7/site-packages/airflow/example_dags/example_external_task_marker_dag.py
[2022-09-20T17:13:12.684+0000] {processor.py:768} INFO - DAG(s) dict_keys(['example_external_task_marker_parent', 'example_external_task_marker_child']) retrieved from /home/airflow/.local/lib/python3.7/site-packages/airflow/example_dags/example_external_task_marker_dag.py
[2022-09-20T17:13:13.081+0000] {logging_mixin.py:117} INFO - [2022-09-20T17:13:13.081+0000] {dag.py:2573} INFO - Sync 2 DAGs
[2022-09-20T17:13:13.111+0000] {logging_mixin.py:117} INFO - [2022-09-20T17:13:13.110+0000] {dag.py:3328} INFO - Setting next_dagrun for example_external_task_marker_child to None, run_after=None
[2022-09-20T17:13:13.117+0000] {logging_mixin.py:117} INFO - [2022-09-20T17:13:13.117+0000] {dag.py:3328} INFO - Setting next_dagrun for example_external_task_marker_parent to None, run_after=None
[2022-09-20T17:13:14.001+0000] {processor.py:178} INFO - Processing /home/airflow/.local/lib/python3.7/site-packages/airflow/example_dags/example_external_task_marker_dag.py took 1.812 seconds
[2022-09-20T17:13:55.053+0000] {processor.py:156} INFO - Started process (PID=374) to work on /home/airflow/.local/lib/python3.7/site-packages/airflow/example_dags/example_external_task_marker_dag.py
[2022-09-20T17:13:55.455+0000] {processor.py:758} INFO - Processing file /home/airflow/.local/lib/python3.7/site-packages/airflow/example_dags/example_external_task_marker_dag.py for tasks to queue
[2022-09-20T17:13:55.456+0000] {logging_mixin.py:117} INFO - [2022-09-20T17:13:55.456+0000] {dagbag.py:525} INFO - Filling up the DagBag from /home/airflow/.local/lib/python3.7/site-packages/airflow/example_dags/example_external_task_marker_dag.py
[2022-09-20T17:13:55.500+0000] {processor.py:768} INFO - DAG(s) dict_keys(['example_external_task_marker_parent', 'example_external_task_marker_child']) retrieved from /home/airflow/.local/lib/python3.7/site-packages/airflow/example_dags/example_external_task_marker_dag.py
[2022-09-20T17:13:55.891+0000] {logging_mixin.py:117} INFO - [2022-09-20T17:13:55.891+0000] {dag.py:2573} INFO - Sync 2 DAGs
[2022-09-20T17:13:55.920+0000] {logging_mixin.py:117} INFO - [2022-09-20T17:13:55.920+0000] {dag.py:3328} INFO - Setting next_dagrun for example_external_task_marker_child to None, run_after=None
[2022-09-20T17:13:55.925+0000] {logging_mixin.py:117} INFO - [2022-09-20T17:13:55.925+0000] {dag.py:3328} INFO - Setting next_dagrun for example_external_task_marker_parent to None, run_after=None
[2022-09-20T17:13:56.433+0000] {processor.py:178} INFO - Processing /home/airflow/.local/lib/python3.7/site-packages/airflow/example_dags/example_external_task_marker_dag.py took 1.386 seconds
[2022-09-20T17:14:35.538+0000] {processor.py:156} INFO - Started process (PID=430) to work on /home/airflow/.local/lib/python3.7/site-packages/airflow/example_dags/example_external_task_marker_dag.py
[2022-09-20T17:14:35.754+0000] {processor.py:758} INFO - Processing file /home/airflow/.local/lib/python3.7/site-packages/airflow/example_dags/example_external_task_marker_dag.py for tasks to queue
[2022-09-20T17:14:35.755+0000] {logging_mixin.py:117} INFO - [2022-09-20T17:14:35.755+0000] {dagbag.py:525} INFO - Filling up the DagBag from /home/airflow/.local/lib/python3.7/site-packages/airflow/example_dags/example_external_task_marker_dag.py
[2022-09-20T17:14:35.790+0000] {processor.py:768} INFO - DAG(s) dict_keys(['example_external_task_marker_child', 'example_external_task_marker_parent']) retrieved from /home/airflow/.local/lib/python3.7/site-packages/airflow/example_dags/example_external_task_marker_dag.py
[2022-09-20T17:14:36.746+0000] {logging_mixin.py:117} INFO - [2022-09-20T17:14:36.746+0000] {dag.py:2573} INFO - Sync 2 DAGs
[2022-09-20T17:14:36.975+0000] {logging_mixin.py:117} INFO - [2022-09-20T17:14:36.975+0000] {dag.py:3328} INFO - Setting next_dagrun for example_external_task_marker_child to None, run_after=None
[2022-09-20T17:14:36.984+0000] {logging_mixin.py:117} INFO - [2022-09-20T17:14:36.984+0000] {dag.py:3328} INFO - Setting next_dagrun for example_external_task_marker_parent to None, run_after=None
[2022-09-20T17:14:37.829+0000] {processor.py:178} INFO - Processing /home/airflow/.local/lib/python3.7/site-packages/airflow/example_dags/example_external_task_marker_dag.py took 2.300 seconds
[2022-09-20T17:15:17.021+0000] {processor.py:156} INFO - Started process (PID=488) to work on /home/airflow/.local/lib/python3.7/site-packages/airflow/example_dags/example_external_task_marker_dag.py
[2022-09-20T17:15:17.278+0000] {processor.py:758} INFO - Processing file /home/airflow/.local/lib/python3.7/site-packages/airflow/example_dags/example_external_task_marker_dag.py for tasks to queue
[2022-09-20T17:15:17.284+0000] {logging_mixin.py:117} INFO - [2022-09-20T17:15:17.282+0000] {dagbag.py:525} INFO - Filling up the DagBag from /home/airflow/.local/lib/python3.7/site-packages/airflow/example_dags/example_external_task_marker_dag.py
[2022-09-20T17:15:17.350+0000] {processor.py:768} INFO - DAG(s) dict_keys(['example_external_task_marker_child', 'example_external_task_marker_parent']) retrieved from /home/airflow/.local/lib/python3.7/site-packages/airflow/example_dags/example_external_task_marker_dag.py
[2022-09-20T17:15:17.755+0000] {logging_mixin.py:117} INFO - [2022-09-20T17:15:17.754+0000] {dag.py:2573} INFO - Sync 2 DAGs
[2022-09-20T17:15:17.795+0000] {logging_mixin.py:117} INFO - [2022-09-20T17:15:17.795+0000] {dag.py:3328} INFO - Setting next_dagrun for example_external_task_marker_child to None, run_after=None
[2022-09-20T17:15:17.800+0000] {logging_mixin.py:117} INFO - [2022-09-20T17:15:17.800+0000] {dag.py:3328} INFO - Setting next_dagrun for example_external_task_marker_parent to None, run_after=None
[2022-09-20T17:15:18.592+0000] {processor.py:178} INFO - Processing /home/airflow/.local/lib/python3.7/site-packages/airflow/example_dags/example_external_task_marker_dag.py took 1.580 seconds
[2022-09-20T17:15:51.798+0000] {processor.py:156} INFO - Started process (PID=545) to work on /home/airflow/.local/lib/python3.7/site-packages/airflow/example_dags/example_external_task_marker_dag.py
[2022-09-20T17:15:52.106+0000] {processor.py:758} INFO - Processing file /home/airflow/.local/lib/python3.7/site-packages/airflow/example_dags/example_external_task_marker_dag.py for tasks to queue
[2022-09-20T17:15:52.107+0000] {logging_mixin.py:117} INFO - [2022-09-20T17:15:52.107+0000] {dagbag.py:525} INFO - Filling up the DagBag from /home/airflow/.local/lib/python3.7/site-packages/airflow/example_dags/example_external_task_marker_dag.py
[2022-09-20T17:15:52.163+0000] {processor.py:768} INFO - DAG(s) dict_keys(['example_external_task_marker_parent', 'example_external_task_marker_child']) retrieved from /home/airflow/.local/lib/python3.7/site-packages/airflow/example_dags/example_external_task_marker_dag.py
[2022-09-20T17:15:52.571+0000] {logging_mixin.py:117} INFO - [2022-09-20T17:15:52.570+0000] {dag.py:2573} INFO - Sync 2 DAGs
[2022-09-20T17:15:52.606+0000] {logging_mixin.py:117} INFO - [2022-09-20T17:15:52.606+0000] {dag.py:3328} INFO - Setting next_dagrun for example_external_task_marker_child to None, run_after=None
[2022-09-20T17:15:52.611+0000] {logging_mixin.py:117} INFO - [2022-09-20T17:15:52.611+0000] {dag.py:3328} INFO - Setting next_dagrun for example_external_task_marker_parent to None, run_after=None
[2022-09-20T17:15:53.278+0000] {processor.py:178} INFO - Processing /home/airflow/.local/lib/python3.7/site-packages/airflow/example_dags/example_external_task_marker_dag.py took 1.486 seconds
[2022-09-20T17:16:29.157+0000] {processor.py:156} INFO - Started process (PID=588) to work on /home/airflow/.local/lib/python3.7/site-packages/airflow/example_dags/example_external_task_marker_dag.py
[2022-09-20T17:16:29.392+0000] {processor.py:758} INFO - Processing file /home/airflow/.local/lib/python3.7/site-packages/airflow/example_dags/example_external_task_marker_dag.py for tasks to queue
[2022-09-20T17:16:29.394+0000] {logging_mixin.py:117} INFO - [2022-09-20T17:16:29.394+0000] {dagbag.py:525} INFO - Filling up the DagBag from /home/airflow/.local/lib/python3.7/site-packages/airflow/example_dags/example_external_task_marker_dag.py
[2022-09-20T17:16:29.437+0000] {processor.py:768} INFO - DAG(s) dict_keys(['example_external_task_marker_child', 'example_external_task_marker_parent']) retrieved from /home/airflow/.local/lib/python3.7/site-packages/airflow/example_dags/example_external_task_marker_dag.py
[2022-09-20T17:16:29.860+0000] {logging_mixin.py:117} INFO - [2022-09-20T17:16:29.859+0000] {dag.py:2573} INFO - Sync 2 DAGs
[2022-09-20T17:16:29.909+0000] {logging_mixin.py:117} INFO - [2022-09-20T17:16:29.909+0000] {dag.py:3328} INFO - Setting next_dagrun for example_external_task_marker_child to None, run_after=None
[2022-09-20T17:16:29.913+0000] {logging_mixin.py:117} INFO - [2022-09-20T17:16:29.913+0000] {dag.py:3328} INFO - Setting next_dagrun for example_external_task_marker_parent to None, run_after=None
[2022-09-20T17:16:30.891+0000] {processor.py:178} INFO - Processing /home/airflow/.local/lib/python3.7/site-packages/airflow/example_dags/example_external_task_marker_dag.py took 1.756 seconds
[2022-09-20T17:17:05.312+0000] {processor.py:156} INFO - Started process (PID=646) to work on /home/airflow/.local/lib/python3.7/site-packages/airflow/example_dags/example_external_task_marker_dag.py
[2022-09-20T17:17:05.404+0000] {processor.py:758} INFO - Processing file /home/airflow/.local/lib/python3.7/site-packages/airflow/example_dags/example_external_task_marker_dag.py for tasks to queue
[2022-09-20T17:17:05.405+0000] {logging_mixin.py:117} INFO - [2022-09-20T17:17:05.405+0000] {dagbag.py:525} INFO - Filling up the DagBag from /home/airflow/.local/lib/python3.7/site-packages/airflow/example_dags/example_external_task_marker_dag.py
[2022-09-20T17:17:05.440+0000] {processor.py:768} INFO - DAG(s) dict_keys(['example_external_task_marker_parent', 'example_external_task_marker_child']) retrieved from /home/airflow/.local/lib/python3.7/site-packages/airflow/example_dags/example_external_task_marker_dag.py
[2022-09-20T17:17:05.812+0000] {logging_mixin.py:117} INFO - [2022-09-20T17:17:05.812+0000] {dag.py:2573} INFO - Sync 2 DAGs
[2022-09-20T17:17:05.851+0000] {logging_mixin.py:117} INFO - [2022-09-20T17:17:05.851+0000] {dag.py:3328} INFO - Setting next_dagrun for example_external_task_marker_child to None, run_after=None
[2022-09-20T17:17:05.856+0000] {logging_mixin.py:117} INFO - [2022-09-20T17:17:05.856+0000] {dag.py:3328} INFO - Setting next_dagrun for example_external_task_marker_parent to None, run_after=None
[2022-09-20T17:17:06.919+0000] {processor.py:178} INFO - Processing /home/airflow/.local/lib/python3.7/site-packages/airflow/example_dags/example_external_task_marker_dag.py took 1.611 seconds
[2022-09-20T17:17:37.255+0000] {processor.py:156} INFO - Started process (PID=700) to work on /home/airflow/.local/lib/python3.7/site-packages/airflow/example_dags/example_external_task_marker_dag.py
[2022-09-20T17:17:37.276+0000] {processor.py:758} INFO - Processing file /home/airflow/.local/lib/python3.7/site-packages/airflow/example_dags/example_external_task_marker_dag.py for tasks to queue
[2022-09-20T17:17:37.278+0000] {logging_mixin.py:117} INFO - [2022-09-20T17:17:37.278+0000] {dagbag.py:525} INFO - Filling up the DagBag from /home/airflow/.local/lib/python3.7/site-packages/airflow/example_dags/example_external_task_marker_dag.py
[2022-09-20T17:17:37.324+0000] {processor.py:768} INFO - DAG(s) dict_keys(['example_external_task_marker_parent', 'example_external_task_marker_child']) retrieved from /home/airflow/.local/lib/python3.7/site-packages/airflow/example_dags/example_external_task_marker_dag.py
[2022-09-20T17:17:38.039+0000] {logging_mixin.py:117} INFO - [2022-09-20T17:17:38.038+0000] {dag.py:2573} INFO - Sync 2 DAGs
[2022-09-20T17:17:38.145+0000] {logging_mixin.py:117} INFO - [2022-09-20T17:17:38.145+0000] {dag.py:3328} INFO - Setting next_dagrun for example_external_task_marker_child to None, run_after=None
[2022-09-20T17:17:38.162+0000] {logging_mixin.py:117} INFO - [2022-09-20T17:17:38.161+0000] {dag.py:3328} INFO - Setting next_dagrun for example_external_task_marker_parent to None, run_after=None
[2022-09-20T17:17:38.260+0000] {processor.py:178} INFO - Processing /home/airflow/.local/lib/python3.7/site-packages/airflow/example_dags/example_external_task_marker_dag.py took 1.017 seconds
[2022-09-20T17:18:16.082+0000] {processor.py:156} INFO - Started process (PID=755) to work on /home/airflow/.local/lib/python3.7/site-packages/airflow/example_dags/example_external_task_marker_dag.py
[2022-09-20T17:18:16.236+0000] {processor.py:758} INFO - Processing file /home/airflow/.local/lib/python3.7/site-packages/airflow/example_dags/example_external_task_marker_dag.py for tasks to queue
[2022-09-20T17:18:16.238+0000] {logging_mixin.py:117} INFO - [2022-09-20T17:18:16.237+0000] {dagbag.py:525} INFO - Filling up the DagBag from /home/airflow/.local/lib/python3.7/site-packages/airflow/example_dags/example_external_task_marker_dag.py
[2022-09-20T17:18:16.274+0000] {processor.py:768} INFO - DAG(s) dict_keys(['example_external_task_marker_parent', 'example_external_task_marker_child']) retrieved from /home/airflow/.local/lib/python3.7/site-packages/airflow/example_dags/example_external_task_marker_dag.py
[2022-09-20T17:18:16.642+0000] {logging_mixin.py:117} INFO - [2022-09-20T17:18:16.642+0000] {dag.py:2573} INFO - Sync 2 DAGs
[2022-09-20T17:18:16.685+0000] {logging_mixin.py:117} INFO - [2022-09-20T17:18:16.685+0000] {dag.py:3328} INFO - Setting next_dagrun for example_external_task_marker_child to None, run_after=None
[2022-09-20T17:18:16.689+0000] {logging_mixin.py:117} INFO - [2022-09-20T17:18:16.689+0000] {dag.py:3328} INFO - Setting next_dagrun for example_external_task_marker_parent to None, run_after=None
[2022-09-20T17:18:17.199+0000] {processor.py:178} INFO - Processing /home/airflow/.local/lib/python3.7/site-packages/airflow/example_dags/example_external_task_marker_dag.py took 1.137 seconds
[2022-09-20T17:18:52.613+0000] {processor.py:156} INFO - Started process (PID=809) to work on /home/airflow/.local/lib/python3.7/site-packages/airflow/example_dags/example_external_task_marker_dag.py
[2022-09-20T17:18:52.696+0000] {processor.py:758} INFO - Processing file /home/airflow/.local/lib/python3.7/site-packages/airflow/example_dags/example_external_task_marker_dag.py for tasks to queue
[2022-09-20T17:18:52.697+0000] {logging_mixin.py:117} INFO - [2022-09-20T17:18:52.697+0000] {dagbag.py:525} INFO - Filling up the DagBag from /home/airflow/.local/lib/python3.7/site-packages/airflow/example_dags/example_external_task_marker_dag.py
[2022-09-20T17:18:52.750+0000] {processor.py:768} INFO - DAG(s) dict_keys(['example_external_task_marker_parent', 'example_external_task_marker_child']) retrieved from /home/airflow/.local/lib/python3.7/site-packages/airflow/example_dags/example_external_task_marker_dag.py
[2022-09-20T17:18:52.802+0000] {logging_mixin.py:117} INFO - [2022-09-20T17:18:52.802+0000] {dag.py:2573} INFO - Sync 2 DAGs
[2022-09-20T17:18:52.837+0000] {logging_mixin.py:117} INFO - [2022-09-20T17:18:52.837+0000] {dag.py:3328} INFO - Setting next_dagrun for example_external_task_marker_child to None, run_after=None
[2022-09-20T17:18:52.841+0000] {logging_mixin.py:117} INFO - [2022-09-20T17:18:52.841+0000] {dag.py:3328} INFO - Setting next_dagrun for example_external_task_marker_parent to None, run_after=None
[2022-09-20T17:18:53.352+0000] {processor.py:178} INFO - Processing /home/airflow/.local/lib/python3.7/site-packages/airflow/example_dags/example_external_task_marker_dag.py took 0.745 seconds
[2022-09-20T17:19:27.251+0000] {processor.py:156} INFO - Started process (PID=866) to work on /home/airflow/.local/lib/python3.7/site-packages/airflow/example_dags/example_external_task_marker_dag.py
[2022-09-20T17:19:27.406+0000] {processor.py:758} INFO - Processing file /home/airflow/.local/lib/python3.7/site-packages/airflow/example_dags/example_external_task_marker_dag.py for tasks to queue
[2022-09-20T17:19:27.590+0000] {logging_mixin.py:117} INFO - [2022-09-20T17:19:27.590+0000] {dagbag.py:525} INFO - Filling up the DagBag from /home/airflow/.local/lib/python3.7/site-packages/airflow/example_dags/example_external_task_marker_dag.py
[2022-09-20T17:19:27.634+0000] {processor.py:768} INFO - DAG(s) dict_keys(['example_external_task_marker_child', 'example_external_task_marker_parent']) retrieved from /home/airflow/.local/lib/python3.7/site-packages/airflow/example_dags/example_external_task_marker_dag.py
[2022-09-20T17:19:28.627+0000] {logging_mixin.py:117} INFO - [2022-09-20T17:19:28.626+0000] {dag.py:2573} INFO - Sync 2 DAGs
[2022-09-20T17:19:29.180+0000] {logging_mixin.py:117} INFO - [2022-09-20T17:19:29.180+0000] {dag.py:3328} INFO - Setting next_dagrun for example_external_task_marker_child to None, run_after=None
[2022-09-20T17:19:29.186+0000] {logging_mixin.py:117} INFO - [2022-09-20T17:19:29.185+0000] {dag.py:3328} INFO - Setting next_dagrun for example_external_task_marker_parent to None, run_after=None
[2022-09-20T17:19:29.575+0000] {processor.py:178} INFO - Processing /home/airflow/.local/lib/python3.7/site-packages/airflow/example_dags/example_external_task_marker_dag.py took 2.330 seconds
