[2022-09-20T13:42:37.201+0000] {processor.py:156} INFO - Started process (PID=58) to work on /home/airflow/.local/lib/python3.7/site-packages/airflow/example_dags/example_short_circuit_operator.py
[2022-09-20T13:42:37.202+0000] {processor.py:758} INFO - Processing file /home/airflow/.local/lib/python3.7/site-packages/airflow/example_dags/example_short_circuit_operator.py for tasks to queue
[2022-09-20T13:42:37.203+0000] {logging_mixin.py:117} INFO - [2022-09-20T13:42:37.203+0000] {dagbag.py:525} INFO - Filling up the DagBag from /home/airflow/.local/lib/python3.7/site-packages/airflow/example_dags/example_short_circuit_operator.py
[2022-09-20T13:42:56.297+0000] {processor.py:768} INFO - DAG(s) dict_keys(['example_short_circuit_operator']) retrieved from /home/airflow/.local/lib/python3.7/site-packages/airflow/example_dags/example_short_circuit_operator.py
[2022-09-20T13:43:03.065+0000] {logging_mixin.py:117} INFO - [2022-09-20T13:43:03.064+0000] {manager.py:508} INFO - Created Permission View: can delete on DAG:example_short_circuit_operator
[2022-09-20T13:43:05.313+0000] {logging_mixin.py:117} INFO - [2022-09-20T13:43:05.313+0000] {manager.py:508} INFO - Created Permission View: can read on DAG:example_short_circuit_operator
[2022-09-20T13:43:17.048+0000] {logging_mixin.py:117} INFO - [2022-09-20T13:43:17.048+0000] {manager.py:508} INFO - Created Permission View: can edit on DAG:example_short_circuit_operator
[2022-09-20T13:43:17.049+0000] {logging_mixin.py:117} INFO - [2022-09-20T13:43:17.049+0000] {dag.py:2573} INFO - Sync 1 DAGs
[2022-09-20T13:43:17.093+0000] {logging_mixin.py:117} INFO - [2022-09-20T13:43:17.093+0000] {dag.py:2594} INFO - Creating ORM DAG for example_short_circuit_operator
[2022-09-20T13:43:17.124+0000] {logging_mixin.py:117} INFO - [2022-09-20T13:43:17.124+0000] {dag.py:3328} INFO - Setting next_dagrun for example_short_circuit_operator to 2022-09-19T13:43:17.123871+00:00, run_after=2022-09-20T13:43:17.123871+00:00
[2022-09-20T13:55:46.737+0000] {processor.py:156} INFO - Started process (PID=134) to work on /home/airflow/.local/lib/python3.7/site-packages/airflow/example_dags/example_short_circuit_operator.py
[2022-09-20T13:55:46.961+0000] {processor.py:758} INFO - Processing file /home/airflow/.local/lib/python3.7/site-packages/airflow/example_dags/example_short_circuit_operator.py for tasks to queue
[2022-09-20T13:55:46.964+0000] {logging_mixin.py:117} INFO - [2022-09-20T13:55:46.964+0000] {dagbag.py:525} INFO - Filling up the DagBag from /home/airflow/.local/lib/python3.7/site-packages/airflow/example_dags/example_short_circuit_operator.py
[2022-09-20T13:55:47.016+0000] {processor.py:768} INFO - DAG(s) dict_keys(['example_short_circuit_operator']) retrieved from /home/airflow/.local/lib/python3.7/site-packages/airflow/example_dags/example_short_circuit_operator.py
[2022-09-20T13:55:47.077+0000] {logging_mixin.py:117} INFO - [2022-09-20T13:55:47.077+0000] {dag.py:2573} INFO - Sync 1 DAGs
[2022-09-20T13:55:47.123+0000] {logging_mixin.py:117} INFO - [2022-09-20T13:55:47.123+0000] {dag.py:3328} INFO - Setting next_dagrun for example_short_circuit_operator to 2022-09-19T13:55:47.122741+00:00, run_after=2022-09-20T13:55:47.122741+00:00
[2022-09-20T13:55:47.762+0000] {processor.py:178} INFO - Processing /home/airflow/.local/lib/python3.7/site-packages/airflow/example_dags/example_short_circuit_operator.py took 1.042 seconds
[2022-09-20T14:02:07.933+0000] {processor.py:156} INFO - Started process (PID=195) to work on /home/airflow/.local/lib/python3.7/site-packages/airflow/example_dags/example_short_circuit_operator.py
[2022-09-20T14:02:08.978+0000] {processor.py:758} INFO - Processing file /home/airflow/.local/lib/python3.7/site-packages/airflow/example_dags/example_short_circuit_operator.py for tasks to queue
[2022-09-20T14:02:09.349+0000] {logging_mixin.py:117} INFO - [2022-09-20T14:02:09.349+0000] {dagbag.py:525} INFO - Filling up the DagBag from /home/airflow/.local/lib/python3.7/site-packages/airflow/example_dags/example_short_circuit_operator.py
[2022-09-20T14:02:09.370+0000] {processor.py:768} INFO - DAG(s) dict_keys(['example_short_circuit_operator']) retrieved from /home/airflow/.local/lib/python3.7/site-packages/airflow/example_dags/example_short_circuit_operator.py
[2022-09-20T14:02:09.425+0000] {logging_mixin.py:117} INFO - [2022-09-20T14:02:09.425+0000] {dag.py:2573} INFO - Sync 1 DAGs
[2022-09-20T14:02:09.462+0000] {logging_mixin.py:117} INFO - [2022-09-20T14:02:09.461+0000] {dag.py:3328} INFO - Setting next_dagrun for example_short_circuit_operator to 2022-09-19T14:02:09.461516+00:00, run_after=2022-09-20T14:02:09.461516+00:00
[2022-09-20T14:02:19.525+0000] {processor.py:178} INFO - Processing /home/airflow/.local/lib/python3.7/site-packages/airflow/example_dags/example_short_circuit_operator.py took 11.274 seconds
[2022-09-20T14:04:41.427+0000] {processor.py:156} INFO - Started process (PID=257) to work on /home/airflow/.local/lib/python3.7/site-packages/airflow/example_dags/example_short_circuit_operator.py
[2022-09-20T14:04:41.681+0000] {processor.py:758} INFO - Processing file /home/airflow/.local/lib/python3.7/site-packages/airflow/example_dags/example_short_circuit_operator.py for tasks to queue
[2022-09-20T14:04:41.682+0000] {logging_mixin.py:117} INFO - [2022-09-20T14:04:41.682+0000] {dagbag.py:525} INFO - Filling up the DagBag from /home/airflow/.local/lib/python3.7/site-packages/airflow/example_dags/example_short_circuit_operator.py
[2022-09-20T14:04:41.721+0000] {processor.py:768} INFO - DAG(s) dict_keys(['example_short_circuit_operator']) retrieved from /home/airflow/.local/lib/python3.7/site-packages/airflow/example_dags/example_short_circuit_operator.py
[2022-09-20T14:04:41.768+0000] {logging_mixin.py:117} INFO - [2022-09-20T14:04:41.768+0000] {dag.py:2573} INFO - Sync 1 DAGs
[2022-09-20T14:04:41.795+0000] {logging_mixin.py:117} INFO - [2022-09-20T14:04:41.795+0000] {dag.py:3328} INFO - Setting next_dagrun for example_short_circuit_operator to 2022-09-19T14:04:41.795178+00:00, run_after=2022-09-20T14:04:41.795178+00:00
[2022-09-20T14:04:42.839+0000] {processor.py:178} INFO - Processing /home/airflow/.local/lib/python3.7/site-packages/airflow/example_dags/example_short_circuit_operator.py took 1.421 seconds
[2022-09-20T14:05:48.085+0000] {processor.py:156} INFO - Started process (PID=287) to work on /home/airflow/.local/lib/python3.7/site-packages/airflow/example_dags/example_short_circuit_operator.py
[2022-09-20T14:05:48.930+0000] {processor.py:758} INFO - Processing file /home/airflow/.local/lib/python3.7/site-packages/airflow/example_dags/example_short_circuit_operator.py for tasks to queue
[2022-09-20T14:05:48.933+0000] {logging_mixin.py:117} INFO - [2022-09-20T14:05:48.932+0000] {dagbag.py:525} INFO - Filling up the DagBag from /home/airflow/.local/lib/python3.7/site-packages/airflow/example_dags/example_short_circuit_operator.py
[2022-09-20T14:05:48.980+0000] {processor.py:768} INFO - DAG(s) dict_keys(['example_short_circuit_operator']) retrieved from /home/airflow/.local/lib/python3.7/site-packages/airflow/example_dags/example_short_circuit_operator.py
[2022-09-20T14:05:49.021+0000] {logging_mixin.py:117} INFO - [2022-09-20T14:05:49.020+0000] {dag.py:2573} INFO - Sync 1 DAGs
[2022-09-20T14:05:49.045+0000] {logging_mixin.py:117} INFO - [2022-09-20T14:05:49.045+0000] {dag.py:3328} INFO - Setting next_dagrun for example_short_circuit_operator to 2022-09-19T14:05:49.044915+00:00, run_after=2022-09-20T14:05:49.044915+00:00
[2022-09-20T14:05:50.110+0000] {processor.py:178} INFO - Processing /home/airflow/.local/lib/python3.7/site-packages/airflow/example_dags/example_short_circuit_operator.py took 2.029 seconds
[2022-09-20T14:06:35.668+0000] {processor.py:156} INFO - Started process (PID=340) to work on /home/airflow/.local/lib/python3.7/site-packages/airflow/example_dags/example_short_circuit_operator.py
[2022-09-20T14:06:36.005+0000] {processor.py:758} INFO - Processing file /home/airflow/.local/lib/python3.7/site-packages/airflow/example_dags/example_short_circuit_operator.py for tasks to queue
[2022-09-20T14:06:36.006+0000] {logging_mixin.py:117} INFO - [2022-09-20T14:06:36.006+0000] {dagbag.py:525} INFO - Filling up the DagBag from /home/airflow/.local/lib/python3.7/site-packages/airflow/example_dags/example_short_circuit_operator.py
[2022-09-20T14:06:36.022+0000] {processor.py:768} INFO - DAG(s) dict_keys(['example_short_circuit_operator']) retrieved from /home/airflow/.local/lib/python3.7/site-packages/airflow/example_dags/example_short_circuit_operator.py
[2022-09-20T14:06:36.064+0000] {logging_mixin.py:117} INFO - [2022-09-20T14:06:36.063+0000] {dag.py:2573} INFO - Sync 1 DAGs
[2022-09-20T14:06:36.088+0000] {logging_mixin.py:117} INFO - [2022-09-20T14:06:36.087+0000] {dag.py:3328} INFO - Setting next_dagrun for example_short_circuit_operator to 2022-09-19T14:06:36.087774+00:00, run_after=2022-09-20T14:06:36.087774+00:00
[2022-09-20T14:06:37.557+0000] {processor.py:178} INFO - Processing /home/airflow/.local/lib/python3.7/site-packages/airflow/example_dags/example_short_circuit_operator.py took 1.893 seconds
[2022-09-20T14:07:32.419+0000] {processor.py:156} INFO - Started process (PID=390) to work on /home/airflow/.local/lib/python3.7/site-packages/airflow/example_dags/example_short_circuit_operator.py
[2022-09-20T14:07:32.717+0000] {processor.py:758} INFO - Processing file /home/airflow/.local/lib/python3.7/site-packages/airflow/example_dags/example_short_circuit_operator.py for tasks to queue
[2022-09-20T14:07:32.718+0000] {logging_mixin.py:117} INFO - [2022-09-20T14:07:32.718+0000] {dagbag.py:525} INFO - Filling up the DagBag from /home/airflow/.local/lib/python3.7/site-packages/airflow/example_dags/example_short_circuit_operator.py
[2022-09-20T14:07:32.733+0000] {processor.py:768} INFO - DAG(s) dict_keys(['example_short_circuit_operator']) retrieved from /home/airflow/.local/lib/python3.7/site-packages/airflow/example_dags/example_short_circuit_operator.py
[2022-09-20T14:07:32.774+0000] {logging_mixin.py:117} INFO - [2022-09-20T14:07:32.774+0000] {dag.py:2573} INFO - Sync 1 DAGs
[2022-09-20T14:07:32.798+0000] {logging_mixin.py:117} INFO - [2022-09-20T14:07:32.798+0000] {dag.py:3328} INFO - Setting next_dagrun for example_short_circuit_operator to 2022-09-19T14:07:32.797972+00:00, run_after=2022-09-20T14:07:32.797972+00:00
[2022-09-20T14:07:33.480+0000] {processor.py:178} INFO - Processing /home/airflow/.local/lib/python3.7/site-packages/airflow/example_dags/example_short_circuit_operator.py took 1.064 seconds
[2022-09-20T14:08:05.549+0000] {processor.py:156} INFO - Started process (PID=444) to work on /home/airflow/.local/lib/python3.7/site-packages/airflow/example_dags/example_short_circuit_operator.py
[2022-09-20T14:08:05.697+0000] {processor.py:758} INFO - Processing file /home/airflow/.local/lib/python3.7/site-packages/airflow/example_dags/example_short_circuit_operator.py for tasks to queue
[2022-09-20T14:08:05.698+0000] {logging_mixin.py:117} INFO - [2022-09-20T14:08:05.698+0000] {dagbag.py:525} INFO - Filling up the DagBag from /home/airflow/.local/lib/python3.7/site-packages/airflow/example_dags/example_short_circuit_operator.py
[2022-09-20T14:08:05.731+0000] {processor.py:768} INFO - DAG(s) dict_keys(['example_short_circuit_operator']) retrieved from /home/airflow/.local/lib/python3.7/site-packages/airflow/example_dags/example_short_circuit_operator.py
[2022-09-20T14:08:05.773+0000] {logging_mixin.py:117} INFO - [2022-09-20T14:08:05.773+0000] {dag.py:2573} INFO - Sync 1 DAGs
[2022-09-20T14:08:05.798+0000] {logging_mixin.py:117} INFO - [2022-09-20T14:08:05.797+0000] {dag.py:3328} INFO - Setting next_dagrun for example_short_circuit_operator to 2022-09-19T14:08:05.797694+00:00, run_after=2022-09-20T14:08:05.797694+00:00
[2022-09-20T14:08:06.155+0000] {processor.py:178} INFO - Processing /home/airflow/.local/lib/python3.7/site-packages/airflow/example_dags/example_short_circuit_operator.py took 0.609 seconds
[2022-09-20T14:08:47.374+0000] {processor.py:156} INFO - Started process (PID=484) to work on /home/airflow/.local/lib/python3.7/site-packages/airflow/example_dags/example_short_circuit_operator.py
[2022-09-20T14:08:48.050+0000] {processor.py:758} INFO - Processing file /home/airflow/.local/lib/python3.7/site-packages/airflow/example_dags/example_short_circuit_operator.py for tasks to queue
[2022-09-20T14:08:48.051+0000] {logging_mixin.py:117} INFO - [2022-09-20T14:08:48.051+0000] {dagbag.py:525} INFO - Filling up the DagBag from /home/airflow/.local/lib/python3.7/site-packages/airflow/example_dags/example_short_circuit_operator.py
[2022-09-20T14:08:48.085+0000] {processor.py:768} INFO - DAG(s) dict_keys(['example_short_circuit_operator']) retrieved from /home/airflow/.local/lib/python3.7/site-packages/airflow/example_dags/example_short_circuit_operator.py
[2022-09-20T14:08:49.871+0000] {logging_mixin.py:117} INFO - [2022-09-20T14:08:49.871+0000] {dag.py:2573} INFO - Sync 1 DAGs
[2022-09-20T14:08:49.897+0000] {logging_mixin.py:117} INFO - [2022-09-20T14:08:49.897+0000] {dag.py:3328} INFO - Setting next_dagrun for example_short_circuit_operator to 2022-09-19T14:08:49.897064+00:00, run_after=2022-09-20T14:08:49.897064+00:00
[2022-09-20T14:08:51.196+0000] {processor.py:178} INFO - Processing /home/airflow/.local/lib/python3.7/site-packages/airflow/example_dags/example_short_circuit_operator.py took 3.827 seconds
[2022-09-20T14:10:24.628+0000] {processor.py:156} INFO - Started process (PID=530) to work on /home/airflow/.local/lib/python3.7/site-packages/airflow/example_dags/example_short_circuit_operator.py
[2022-09-20T14:10:24.812+0000] {processor.py:758} INFO - Processing file /home/airflow/.local/lib/python3.7/site-packages/airflow/example_dags/example_short_circuit_operator.py for tasks to queue
[2022-09-20T14:10:24.814+0000] {logging_mixin.py:117} INFO - [2022-09-20T14:10:24.814+0000] {dagbag.py:525} INFO - Filling up the DagBag from /home/airflow/.local/lib/python3.7/site-packages/airflow/example_dags/example_short_circuit_operator.py
[2022-09-20T14:10:24.858+0000] {processor.py:768} INFO - DAG(s) dict_keys(['example_short_circuit_operator']) retrieved from /home/airflow/.local/lib/python3.7/site-packages/airflow/example_dags/example_short_circuit_operator.py
[2022-09-20T14:10:24.904+0000] {logging_mixin.py:117} INFO - [2022-09-20T14:10:24.903+0000] {dag.py:2573} INFO - Sync 1 DAGs
[2022-09-20T14:10:24.927+0000] {logging_mixin.py:117} INFO - [2022-09-20T14:10:24.927+0000] {dag.py:3328} INFO - Setting next_dagrun for example_short_circuit_operator to 2022-09-19T14:10:24.926967+00:00, run_after=2022-09-20T14:10:24.926967+00:00
[2022-09-20T14:10:25.235+0000] {processor.py:178} INFO - Processing /home/airflow/.local/lib/python3.7/site-packages/airflow/example_dags/example_short_circuit_operator.py took 0.611 seconds
[2022-09-20T14:11:24.180+0000] {processor.py:156} INFO - Started process (PID=559) to work on /home/airflow/.local/lib/python3.7/site-packages/airflow/example_dags/example_short_circuit_operator.py
[2022-09-20T14:11:24.672+0000] {processor.py:758} INFO - Processing file /home/airflow/.local/lib/python3.7/site-packages/airflow/example_dags/example_short_circuit_operator.py for tasks to queue
[2022-09-20T14:11:24.678+0000] {logging_mixin.py:117} INFO - [2022-09-20T14:11:24.677+0000] {dagbag.py:525} INFO - Filling up the DagBag from /home/airflow/.local/lib/python3.7/site-packages/airflow/example_dags/example_short_circuit_operator.py
[2022-09-20T14:11:24.704+0000] {processor.py:768} INFO - DAG(s) dict_keys(['example_short_circuit_operator']) retrieved from /home/airflow/.local/lib/python3.7/site-packages/airflow/example_dags/example_short_circuit_operator.py
[2022-09-20T14:11:24.748+0000] {logging_mixin.py:117} INFO - [2022-09-20T14:11:24.748+0000] {dag.py:2573} INFO - Sync 1 DAGs
[2022-09-20T14:11:24.773+0000] {logging_mixin.py:117} INFO - [2022-09-20T14:11:24.773+0000] {dag.py:3328} INFO - Setting next_dagrun for example_short_circuit_operator to 2022-09-19T14:11:24.773252+00:00, run_after=2022-09-20T14:11:24.773252+00:00
[2022-09-20T14:11:25.971+0000] {processor.py:178} INFO - Processing /home/airflow/.local/lib/python3.7/site-packages/airflow/example_dags/example_short_circuit_operator.py took 1.794 seconds
[2022-09-20T14:12:21.669+0000] {processor.py:156} INFO - Started process (PID=605) to work on /home/airflow/.local/lib/python3.7/site-packages/airflow/example_dags/example_short_circuit_operator.py
[2022-09-20T14:12:22.272+0000] {processor.py:758} INFO - Processing file /home/airflow/.local/lib/python3.7/site-packages/airflow/example_dags/example_short_circuit_operator.py for tasks to queue
[2022-09-20T14:12:22.273+0000] {logging_mixin.py:117} INFO - [2022-09-20T14:12:22.273+0000] {dagbag.py:525} INFO - Filling up the DagBag from /home/airflow/.local/lib/python3.7/site-packages/airflow/example_dags/example_short_circuit_operator.py
[2022-09-20T14:12:22.292+0000] {processor.py:768} INFO - DAG(s) dict_keys(['example_short_circuit_operator']) retrieved from /home/airflow/.local/lib/python3.7/site-packages/airflow/example_dags/example_short_circuit_operator.py
[2022-09-20T14:12:23.100+0000] {logging_mixin.py:117} INFO - [2022-09-20T14:12:23.100+0000] {dag.py:2573} INFO - Sync 1 DAGs
[2022-09-20T14:12:23.136+0000] {logging_mixin.py:117} INFO - [2022-09-20T14:12:23.135+0000] {dag.py:3328} INFO - Setting next_dagrun for example_short_circuit_operator to 2022-09-19T14:12:23.135625+00:00, run_after=2022-09-20T14:12:23.135625+00:00
[2022-09-20T14:12:24.997+0000] {processor.py:178} INFO - Processing /home/airflow/.local/lib/python3.7/site-packages/airflow/example_dags/example_short_circuit_operator.py took 3.331 seconds
[2022-09-20T14:14:04.746+0000] {processor.py:156} INFO - Started process (PID=648) to work on /home/airflow/.local/lib/python3.7/site-packages/airflow/example_dags/example_short_circuit_operator.py
[2022-09-20T14:14:04.897+0000] {processor.py:758} INFO - Processing file /home/airflow/.local/lib/python3.7/site-packages/airflow/example_dags/example_short_circuit_operator.py for tasks to queue
[2022-09-20T14:14:04.900+0000] {logging_mixin.py:117} INFO - [2022-09-20T14:14:04.899+0000] {dagbag.py:525} INFO - Filling up the DagBag from /home/airflow/.local/lib/python3.7/site-packages/airflow/example_dags/example_short_circuit_operator.py
[2022-09-20T14:14:04.954+0000] {processor.py:768} INFO - DAG(s) dict_keys(['example_short_circuit_operator']) retrieved from /home/airflow/.local/lib/python3.7/site-packages/airflow/example_dags/example_short_circuit_operator.py
[2022-09-20T14:14:04.996+0000] {logging_mixin.py:117} INFO - [2022-09-20T14:14:04.996+0000] {dag.py:2573} INFO - Sync 1 DAGs
[2022-09-20T14:14:05.019+0000] {logging_mixin.py:117} INFO - [2022-09-20T14:14:05.019+0000] {dag.py:3328} INFO - Setting next_dagrun for example_short_circuit_operator to 2022-09-19T14:14:05.019414+00:00, run_after=2022-09-20T14:14:05.019414+00:00
[2022-09-20T14:14:05.343+0000] {processor.py:178} INFO - Processing /home/airflow/.local/lib/python3.7/site-packages/airflow/example_dags/example_short_circuit_operator.py took 0.600 seconds
[2022-09-20T14:14:36.666+0000] {processor.py:156} INFO - Started process (PID=687) to work on /home/airflow/.local/lib/python3.7/site-packages/airflow/example_dags/example_short_circuit_operator.py
[2022-09-20T14:14:36.667+0000] {processor.py:758} INFO - Processing file /home/airflow/.local/lib/python3.7/site-packages/airflow/example_dags/example_short_circuit_operator.py for tasks to queue
[2022-09-20T14:14:36.668+0000] {logging_mixin.py:117} INFO - [2022-09-20T14:14:36.668+0000] {dagbag.py:525} INFO - Filling up the DagBag from /home/airflow/.local/lib/python3.7/site-packages/airflow/example_dags/example_short_circuit_operator.py
[2022-09-20T14:14:36.690+0000] {processor.py:768} INFO - DAG(s) dict_keys(['example_short_circuit_operator']) retrieved from /home/airflow/.local/lib/python3.7/site-packages/airflow/example_dags/example_short_circuit_operator.py
[2022-09-20T14:14:36.751+0000] {logging_mixin.py:117} INFO - [2022-09-20T14:14:36.750+0000] {dag.py:2573} INFO - Sync 1 DAGs
[2022-09-20T14:14:36.794+0000] {logging_mixin.py:117} INFO - [2022-09-20T14:14:36.794+0000] {dag.py:3328} INFO - Setting next_dagrun for example_short_circuit_operator to 2022-09-19T14:14:36.794436+00:00, run_after=2022-09-20T14:14:36.794436+00:00
[2022-09-20T14:14:37.540+0000] {processor.py:178} INFO - Processing /home/airflow/.local/lib/python3.7/site-packages/airflow/example_dags/example_short_circuit_operator.py took 0.878 seconds
[2022-09-20T14:15:07.592+0000] {processor.py:156} INFO - Started process (PID=735) to work on /home/airflow/.local/lib/python3.7/site-packages/airflow/example_dags/example_short_circuit_operator.py
[2022-09-20T14:15:07.865+0000] {processor.py:758} INFO - Processing file /home/airflow/.local/lib/python3.7/site-packages/airflow/example_dags/example_short_circuit_operator.py for tasks to queue
[2022-09-20T14:15:07.866+0000] {logging_mixin.py:117} INFO - [2022-09-20T14:15:07.866+0000] {dagbag.py:525} INFO - Filling up the DagBag from /home/airflow/.local/lib/python3.7/site-packages/airflow/example_dags/example_short_circuit_operator.py
[2022-09-20T14:15:07.890+0000] {processor.py:768} INFO - DAG(s) dict_keys(['example_short_circuit_operator']) retrieved from /home/airflow/.local/lib/python3.7/site-packages/airflow/example_dags/example_short_circuit_operator.py
[2022-09-20T14:15:07.933+0000] {logging_mixin.py:117} INFO - [2022-09-20T14:15:07.933+0000] {dag.py:2573} INFO - Sync 1 DAGs
[2022-09-20T14:15:07.959+0000] {logging_mixin.py:117} INFO - [2022-09-20T14:15:07.959+0000] {dag.py:3328} INFO - Setting next_dagrun for example_short_circuit_operator to 2022-09-19T14:15:07.959056+00:00, run_after=2022-09-20T14:15:07.959056+00:00
[2022-09-20T14:15:08.210+0000] {processor.py:178} INFO - Processing /home/airflow/.local/lib/python3.7/site-packages/airflow/example_dags/example_short_circuit_operator.py took 0.621 seconds
[2022-09-20T14:16:12.752+0000] {processor.py:156} INFO - Started process (PID=751) to work on /home/airflow/.local/lib/python3.7/site-packages/airflow/example_dags/example_short_circuit_operator.py
[2022-09-20T14:16:12.879+0000] {processor.py:758} INFO - Processing file /home/airflow/.local/lib/python3.7/site-packages/airflow/example_dags/example_short_circuit_operator.py for tasks to queue
[2022-09-20T14:16:13.685+0000] {logging_mixin.py:117} INFO - [2022-09-20T14:16:13.685+0000] {dagbag.py:525} INFO - Filling up the DagBag from /home/airflow/.local/lib/python3.7/site-packages/airflow/example_dags/example_short_circuit_operator.py
[2022-09-20T14:16:13.715+0000] {processor.py:768} INFO - DAG(s) dict_keys(['example_short_circuit_operator']) retrieved from /home/airflow/.local/lib/python3.7/site-packages/airflow/example_dags/example_short_circuit_operator.py
[2022-09-20T14:16:13.766+0000] {logging_mixin.py:117} INFO - [2022-09-20T14:16:13.766+0000] {dag.py:2573} INFO - Sync 1 DAGs
[2022-09-20T14:16:13.791+0000] {logging_mixin.py:117} INFO - [2022-09-20T14:16:13.791+0000] {dag.py:3328} INFO - Setting next_dagrun for example_short_circuit_operator to 2022-09-19T14:16:13.790917+00:00, run_after=2022-09-20T14:16:13.790917+00:00
[2022-09-20T14:16:14.075+0000] {processor.py:178} INFO - Processing /home/airflow/.local/lib/python3.7/site-packages/airflow/example_dags/example_short_circuit_operator.py took 1.327 seconds
[2022-09-20T14:16:44.669+0000] {processor.py:156} INFO - Started process (PID=813) to work on /home/airflow/.local/lib/python3.7/site-packages/airflow/example_dags/example_short_circuit_operator.py
[2022-09-20T14:16:45.025+0000] {processor.py:758} INFO - Processing file /home/airflow/.local/lib/python3.7/site-packages/airflow/example_dags/example_short_circuit_operator.py for tasks to queue
[2022-09-20T14:16:45.025+0000] {logging_mixin.py:117} INFO - [2022-09-20T14:16:45.025+0000] {dagbag.py:525} INFO - Filling up the DagBag from /home/airflow/.local/lib/python3.7/site-packages/airflow/example_dags/example_short_circuit_operator.py
[2022-09-20T14:16:45.043+0000] {processor.py:768} INFO - DAG(s) dict_keys(['example_short_circuit_operator']) retrieved from /home/airflow/.local/lib/python3.7/site-packages/airflow/example_dags/example_short_circuit_operator.py
[2022-09-20T14:16:45.092+0000] {logging_mixin.py:117} INFO - [2022-09-20T14:16:45.092+0000] {dag.py:2573} INFO - Sync 1 DAGs
[2022-09-20T14:16:45.120+0000] {logging_mixin.py:117} INFO - [2022-09-20T14:16:45.120+0000] {dag.py:3328} INFO - Setting next_dagrun for example_short_circuit_operator to 2022-09-19T14:16:45.120108+00:00, run_after=2022-09-20T14:16:45.120108+00:00
[2022-09-20T14:16:48.861+0000] {processor.py:178} INFO - Processing /home/airflow/.local/lib/python3.7/site-packages/airflow/example_dags/example_short_circuit_operator.py took 4.196 seconds
[2022-09-20T14:17:32.773+0000] {processor.py:156} INFO - Started process (PID=845) to work on /home/airflow/.local/lib/python3.7/site-packages/airflow/example_dags/example_short_circuit_operator.py
[2022-09-20T14:17:33.244+0000] {processor.py:758} INFO - Processing file /home/airflow/.local/lib/python3.7/site-packages/airflow/example_dags/example_short_circuit_operator.py for tasks to queue
[2022-09-20T14:17:33.244+0000] {logging_mixin.py:117} INFO - [2022-09-20T14:17:33.244+0000] {dagbag.py:525} INFO - Filling up the DagBag from /home/airflow/.local/lib/python3.7/site-packages/airflow/example_dags/example_short_circuit_operator.py
[2022-09-20T14:17:33.262+0000] {processor.py:768} INFO - DAG(s) dict_keys(['example_short_circuit_operator']) retrieved from /home/airflow/.local/lib/python3.7/site-packages/airflow/example_dags/example_short_circuit_operator.py
[2022-09-20T14:17:33.307+0000] {logging_mixin.py:117} INFO - [2022-09-20T14:17:33.307+0000] {dag.py:2573} INFO - Sync 1 DAGs
[2022-09-20T14:17:33.334+0000] {logging_mixin.py:117} INFO - [2022-09-20T14:17:33.334+0000] {dag.py:3328} INFO - Setting next_dagrun for example_short_circuit_operator to 2022-09-19T14:17:33.334450+00:00, run_after=2022-09-20T14:17:33.334450+00:00
[2022-09-20T14:17:37.970+0000] {processor.py:178} INFO - Processing /home/airflow/.local/lib/python3.7/site-packages/airflow/example_dags/example_short_circuit_operator.py took 5.202 seconds
[2022-09-20T14:18:38.805+0000] {processor.py:156} INFO - Started process (PID=880) to work on /home/airflow/.local/lib/python3.7/site-packages/airflow/example_dags/example_short_circuit_operator.py
[2022-09-20T14:18:39.012+0000] {processor.py:758} INFO - Processing file /home/airflow/.local/lib/python3.7/site-packages/airflow/example_dags/example_short_circuit_operator.py for tasks to queue
[2022-09-20T14:18:39.014+0000] {logging_mixin.py:117} INFO - [2022-09-20T14:18:39.014+0000] {dagbag.py:525} INFO - Filling up the DagBag from /home/airflow/.local/lib/python3.7/site-packages/airflow/example_dags/example_short_circuit_operator.py
[2022-09-20T14:18:39.065+0000] {processor.py:768} INFO - DAG(s) dict_keys(['example_short_circuit_operator']) retrieved from /home/airflow/.local/lib/python3.7/site-packages/airflow/example_dags/example_short_circuit_operator.py
[2022-09-20T14:18:39.113+0000] {logging_mixin.py:117} INFO - [2022-09-20T14:18:39.113+0000] {dag.py:2573} INFO - Sync 1 DAGs
[2022-09-20T14:18:39.138+0000] {logging_mixin.py:117} INFO - [2022-09-20T14:18:39.138+0000] {dag.py:3328} INFO - Setting next_dagrun for example_short_circuit_operator to 2022-09-19T14:18:39.138207+00:00, run_after=2022-09-20T14:18:39.138207+00:00
[2022-09-20T14:18:40.269+0000] {processor.py:178} INFO - Processing /home/airflow/.local/lib/python3.7/site-packages/airflow/example_dags/example_short_circuit_operator.py took 1.467 seconds
[2022-09-20T14:19:14.944+0000] {processor.py:156} INFO - Started process (PID=922) to work on /home/airflow/.local/lib/python3.7/site-packages/airflow/example_dags/example_short_circuit_operator.py
[2022-09-20T14:19:16.294+0000] {processor.py:758} INFO - Processing file /home/airflow/.local/lib/python3.7/site-packages/airflow/example_dags/example_short_circuit_operator.py for tasks to queue
[2022-09-20T14:19:16.297+0000] {logging_mixin.py:117} INFO - [2022-09-20T14:19:16.296+0000] {dagbag.py:525} INFO - Filling up the DagBag from /home/airflow/.local/lib/python3.7/site-packages/airflow/example_dags/example_short_circuit_operator.py
[2022-09-20T14:19:16.340+0000] {processor.py:768} INFO - DAG(s) dict_keys(['example_short_circuit_operator']) retrieved from /home/airflow/.local/lib/python3.7/site-packages/airflow/example_dags/example_short_circuit_operator.py
[2022-09-20T14:19:16.390+0000] {logging_mixin.py:117} INFO - [2022-09-20T14:19:16.390+0000] {dag.py:2573} INFO - Sync 1 DAGs
[2022-09-20T14:19:16.416+0000] {logging_mixin.py:117} INFO - [2022-09-20T14:19:16.416+0000] {dag.py:3328} INFO - Setting next_dagrun for example_short_circuit_operator to 2022-09-19T14:19:16.415972+00:00, run_after=2022-09-20T14:19:16.415972+00:00
[2022-09-20T14:19:17.547+0000] {processor.py:178} INFO - Processing /home/airflow/.local/lib/python3.7/site-packages/airflow/example_dags/example_short_circuit_operator.py took 2.608 seconds
[2022-09-20T14:20:00.782+0000] {processor.py:156} INFO - Started process (PID=930) to work on /home/airflow/.local/lib/python3.7/site-packages/airflow/example_dags/example_short_circuit_operator.py
[2022-09-20T14:20:01.321+0000] {processor.py:758} INFO - Processing file /home/airflow/.local/lib/python3.7/site-packages/airflow/example_dags/example_short_circuit_operator.py for tasks to queue
[2022-09-20T14:20:01.324+0000] {logging_mixin.py:117} INFO - [2022-09-20T14:20:01.324+0000] {dagbag.py:525} INFO - Filling up the DagBag from /home/airflow/.local/lib/python3.7/site-packages/airflow/example_dags/example_short_circuit_operator.py
[2022-09-20T14:20:01.353+0000] {processor.py:768} INFO - DAG(s) dict_keys(['example_short_circuit_operator']) retrieved from /home/airflow/.local/lib/python3.7/site-packages/airflow/example_dags/example_short_circuit_operator.py
[2022-09-20T14:20:01.397+0000] {logging_mixin.py:117} INFO - [2022-09-20T14:20:01.396+0000] {dag.py:2573} INFO - Sync 1 DAGs
[2022-09-20T14:20:01.422+0000] {logging_mixin.py:117} INFO - [2022-09-20T14:20:01.422+0000] {dag.py:3328} INFO - Setting next_dagrun for example_short_circuit_operator to 2022-09-19T14:20:01.421893+00:00, run_after=2022-09-20T14:20:01.421893+00:00
[2022-09-20T14:20:02.452+0000] {processor.py:178} INFO - Processing /home/airflow/.local/lib/python3.7/site-packages/airflow/example_dags/example_short_circuit_operator.py took 1.675 seconds
[2022-09-20T14:21:39.617+0000] {processor.py:156} INFO - Started process (PID=979) to work on /home/airflow/.local/lib/python3.7/site-packages/airflow/example_dags/example_short_circuit_operator.py
[2022-09-20T14:21:39.810+0000] {processor.py:758} INFO - Processing file /home/airflow/.local/lib/python3.7/site-packages/airflow/example_dags/example_short_circuit_operator.py for tasks to queue
[2022-09-20T14:21:39.811+0000] {logging_mixin.py:117} INFO - [2022-09-20T14:21:39.811+0000] {dagbag.py:525} INFO - Filling up the DagBag from /home/airflow/.local/lib/python3.7/site-packages/airflow/example_dags/example_short_circuit_operator.py
[2022-09-20T14:21:39.828+0000] {processor.py:768} INFO - DAG(s) dict_keys(['example_short_circuit_operator']) retrieved from /home/airflow/.local/lib/python3.7/site-packages/airflow/example_dags/example_short_circuit_operator.py
[2022-09-20T14:21:39.870+0000] {logging_mixin.py:117} INFO - [2022-09-20T14:21:39.870+0000] {dag.py:2573} INFO - Sync 1 DAGs
[2022-09-20T14:21:39.896+0000] {logging_mixin.py:117} INFO - [2022-09-20T14:21:39.896+0000] {dag.py:3328} INFO - Setting next_dagrun for example_short_circuit_operator to 2022-09-19T14:21:39.895790+00:00, run_after=2022-09-20T14:21:39.895790+00:00
[2022-09-20T14:21:49.007+0000] {processor.py:178} INFO - Processing /home/airflow/.local/lib/python3.7/site-packages/airflow/example_dags/example_short_circuit_operator.py took 9.393 seconds
[2022-09-20T14:23:30.213+0000] {processor.py:156} INFO - Started process (PID=1020) to work on /home/airflow/.local/lib/python3.7/site-packages/airflow/example_dags/example_short_circuit_operator.py
[2022-09-20T14:23:30.352+0000] {processor.py:758} INFO - Processing file /home/airflow/.local/lib/python3.7/site-packages/airflow/example_dags/example_short_circuit_operator.py for tasks to queue
[2022-09-20T14:23:30.355+0000] {logging_mixin.py:117} INFO - [2022-09-20T14:23:30.354+0000] {dagbag.py:525} INFO - Filling up the DagBag from /home/airflow/.local/lib/python3.7/site-packages/airflow/example_dags/example_short_circuit_operator.py
[2022-09-20T14:23:30.393+0000] {processor.py:768} INFO - DAG(s) dict_keys(['example_short_circuit_operator']) retrieved from /home/airflow/.local/lib/python3.7/site-packages/airflow/example_dags/example_short_circuit_operator.py
[2022-09-20T14:23:30.438+0000] {logging_mixin.py:117} INFO - [2022-09-20T14:23:30.438+0000] {dag.py:2573} INFO - Sync 1 DAGs
[2022-09-20T14:23:30.463+0000] {logging_mixin.py:117} INFO - [2022-09-20T14:23:30.463+0000] {dag.py:3328} INFO - Setting next_dagrun for example_short_circuit_operator to 2022-09-19T14:23:30.463541+00:00, run_after=2022-09-20T14:23:30.463541+00:00
[2022-09-20T14:23:31.270+0000] {processor.py:178} INFO - Processing /home/airflow/.local/lib/python3.7/site-packages/airflow/example_dags/example_short_circuit_operator.py took 1.060 seconds
[2022-09-20T14:25:00.927+0000] {processor.py:156} INFO - Started process (PID=1058) to work on /home/airflow/.local/lib/python3.7/site-packages/airflow/example_dags/example_short_circuit_operator.py
[2022-09-20T14:25:01.139+0000] {processor.py:758} INFO - Processing file /home/airflow/.local/lib/python3.7/site-packages/airflow/example_dags/example_short_circuit_operator.py for tasks to queue
[2022-09-20T14:25:01.141+0000] {logging_mixin.py:117} INFO - [2022-09-20T14:25:01.140+0000] {dagbag.py:525} INFO - Filling up the DagBag from /home/airflow/.local/lib/python3.7/site-packages/airflow/example_dags/example_short_circuit_operator.py
[2022-09-20T14:25:01.170+0000] {processor.py:768} INFO - DAG(s) dict_keys(['example_short_circuit_operator']) retrieved from /home/airflow/.local/lib/python3.7/site-packages/airflow/example_dags/example_short_circuit_operator.py
[2022-09-20T14:25:01.237+0000] {logging_mixin.py:117} INFO - [2022-09-20T14:25:01.237+0000] {dag.py:2573} INFO - Sync 1 DAGs
[2022-09-20T14:25:01.279+0000] {logging_mixin.py:117} INFO - [2022-09-20T14:25:01.279+0000] {dag.py:3328} INFO - Setting next_dagrun for example_short_circuit_operator to 2022-09-19T14:25:01.278752+00:00, run_after=2022-09-20T14:25:01.278752+00:00
[2022-09-20T14:25:01.713+0000] {processor.py:178} INFO - Processing /home/airflow/.local/lib/python3.7/site-packages/airflow/example_dags/example_short_circuit_operator.py took 0.791 seconds
[2022-09-20T14:25:33.210+0000] {processor.py:156} INFO - Started process (PID=1112) to work on /home/airflow/.local/lib/python3.7/site-packages/airflow/example_dags/example_short_circuit_operator.py
[2022-09-20T14:25:33.212+0000] {processor.py:758} INFO - Processing file /home/airflow/.local/lib/python3.7/site-packages/airflow/example_dags/example_short_circuit_operator.py for tasks to queue
[2022-09-20T14:25:33.213+0000] {logging_mixin.py:117} INFO - [2022-09-20T14:25:33.213+0000] {dagbag.py:525} INFO - Filling up the DagBag from /home/airflow/.local/lib/python3.7/site-packages/airflow/example_dags/example_short_circuit_operator.py
[2022-09-20T14:25:33.236+0000] {processor.py:768} INFO - DAG(s) dict_keys(['example_short_circuit_operator']) retrieved from /home/airflow/.local/lib/python3.7/site-packages/airflow/example_dags/example_short_circuit_operator.py
[2022-09-20T14:25:33.275+0000] {logging_mixin.py:117} INFO - [2022-09-20T14:25:33.275+0000] {dag.py:2573} INFO - Sync 1 DAGs
[2022-09-20T14:25:33.300+0000] {logging_mixin.py:117} INFO - [2022-09-20T14:25:33.300+0000] {dag.py:3328} INFO - Setting next_dagrun for example_short_circuit_operator to 2022-09-19T14:25:33.300151+00:00, run_after=2022-09-20T14:25:33.300151+00:00
[2022-09-20T14:25:33.752+0000] {processor.py:178} INFO - Processing /home/airflow/.local/lib/python3.7/site-packages/airflow/example_dags/example_short_circuit_operator.py took 0.549 seconds
[2022-09-20T14:26:57.281+0000] {processor.py:156} INFO - Started process (PID=1149) to work on /home/airflow/.local/lib/python3.7/site-packages/airflow/example_dags/example_short_circuit_operator.py
[2022-09-20T14:26:59.842+0000] {processor.py:758} INFO - Processing file /home/airflow/.local/lib/python3.7/site-packages/airflow/example_dags/example_short_circuit_operator.py for tasks to queue
[2022-09-20T14:26:59.843+0000] {logging_mixin.py:117} INFO - [2022-09-20T14:26:59.843+0000] {dagbag.py:525} INFO - Filling up the DagBag from /home/airflow/.local/lib/python3.7/site-packages/airflow/example_dags/example_short_circuit_operator.py
[2022-09-20T14:26:59.859+0000] {processor.py:768} INFO - DAG(s) dict_keys(['example_short_circuit_operator']) retrieved from /home/airflow/.local/lib/python3.7/site-packages/airflow/example_dags/example_short_circuit_operator.py
[2022-09-20T14:26:59.900+0000] {logging_mixin.py:117} INFO - [2022-09-20T14:26:59.900+0000] {dag.py:2573} INFO - Sync 1 DAGs
[2022-09-20T14:26:59.924+0000] {logging_mixin.py:117} INFO - [2022-09-20T14:26:59.924+0000] {dag.py:3328} INFO - Setting next_dagrun for example_short_circuit_operator to 2022-09-19T14:26:59.923983+00:00, run_after=2022-09-20T14:26:59.923983+00:00
[2022-09-20T14:27:02.260+0000] {processor.py:178} INFO - Processing /home/airflow/.local/lib/python3.7/site-packages/airflow/example_dags/example_short_circuit_operator.py took 4.983 seconds
[2022-09-20T14:30:15.167+0000] {processor.py:156} INFO - Started process (PID=1192) to work on /home/airflow/.local/lib/python3.7/site-packages/airflow/example_dags/example_short_circuit_operator.py
[2022-09-20T14:30:15.568+0000] {processor.py:758} INFO - Processing file /home/airflow/.local/lib/python3.7/site-packages/airflow/example_dags/example_short_circuit_operator.py for tasks to queue
[2022-09-20T14:30:15.568+0000] {logging_mixin.py:117} INFO - [2022-09-20T14:30:15.568+0000] {dagbag.py:525} INFO - Filling up the DagBag from /home/airflow/.local/lib/python3.7/site-packages/airflow/example_dags/example_short_circuit_operator.py
[2022-09-20T14:30:15.584+0000] {processor.py:768} INFO - DAG(s) dict_keys(['example_short_circuit_operator']) retrieved from /home/airflow/.local/lib/python3.7/site-packages/airflow/example_dags/example_short_circuit_operator.py
[2022-09-20T14:30:23.749+0000] {logging_mixin.py:117} INFO - [2022-09-20T14:30:23.749+0000] {dag.py:2573} INFO - Sync 1 DAGs
[2022-09-20T14:30:23.776+0000] {logging_mixin.py:117} INFO - [2022-09-20T14:30:23.775+0000] {dag.py:3328} INFO - Setting next_dagrun for example_short_circuit_operator to 2022-09-19T14:30:23.775724+00:00, run_after=2022-09-20T14:30:23.775724+00:00
[2022-09-20T14:30:33.444+0000] {processor.py:178} INFO - Processing /home/airflow/.local/lib/python3.7/site-packages/airflow/example_dags/example_short_circuit_operator.py took 18.281 seconds
[2022-09-20T14:31:48.680+0000] {processor.py:156} INFO - Started process (PID=1235) to work on /home/airflow/.local/lib/python3.7/site-packages/airflow/example_dags/example_short_circuit_operator.py
[2022-09-20T14:31:48.866+0000] {processor.py:758} INFO - Processing file /home/airflow/.local/lib/python3.7/site-packages/airflow/example_dags/example_short_circuit_operator.py for tasks to queue
[2022-09-20T14:31:48.867+0000] {logging_mixin.py:117} INFO - [2022-09-20T14:31:48.867+0000] {dagbag.py:525} INFO - Filling up the DagBag from /home/airflow/.local/lib/python3.7/site-packages/airflow/example_dags/example_short_circuit_operator.py
[2022-09-20T14:31:48.885+0000] {processor.py:768} INFO - DAG(s) dict_keys(['example_short_circuit_operator']) retrieved from /home/airflow/.local/lib/python3.7/site-packages/airflow/example_dags/example_short_circuit_operator.py
[2022-09-20T14:31:48.930+0000] {logging_mixin.py:117} INFO - [2022-09-20T14:31:48.929+0000] {dag.py:2573} INFO - Sync 1 DAGs
[2022-09-20T14:31:48.955+0000] {logging_mixin.py:117} INFO - [2022-09-20T14:31:48.954+0000] {dag.py:3328} INFO - Setting next_dagrun for example_short_circuit_operator to 2022-09-19T14:31:48.954674+00:00, run_after=2022-09-20T14:31:48.954674+00:00
[2022-09-20T14:31:50.127+0000] {processor.py:178} INFO - Processing /home/airflow/.local/lib/python3.7/site-packages/airflow/example_dags/example_short_circuit_operator.py took 0.898 seconds
[2022-09-20T14:33:05.027+0000] {processor.py:156} INFO - Started process (PID=1265) to work on /home/airflow/.local/lib/python3.7/site-packages/airflow/example_dags/example_short_circuit_operator.py
[2022-09-20T14:33:05.502+0000] {processor.py:758} INFO - Processing file /home/airflow/.local/lib/python3.7/site-packages/airflow/example_dags/example_short_circuit_operator.py for tasks to queue
[2022-09-20T14:33:05.503+0000] {logging_mixin.py:117} INFO - [2022-09-20T14:33:05.503+0000] {dagbag.py:525} INFO - Filling up the DagBag from /home/airflow/.local/lib/python3.7/site-packages/airflow/example_dags/example_short_circuit_operator.py
[2022-09-20T14:33:05.523+0000] {processor.py:768} INFO - DAG(s) dict_keys(['example_short_circuit_operator']) retrieved from /home/airflow/.local/lib/python3.7/site-packages/airflow/example_dags/example_short_circuit_operator.py
[2022-09-20T14:33:05.586+0000] {logging_mixin.py:117} INFO - [2022-09-20T14:33:05.586+0000] {dag.py:2573} INFO - Sync 1 DAGs
[2022-09-20T14:33:05.628+0000] {logging_mixin.py:117} INFO - [2022-09-20T14:33:05.627+0000] {dag.py:3328} INFO - Setting next_dagrun for example_short_circuit_operator to 2022-09-19T14:33:05.627673+00:00, run_after=2022-09-20T14:33:05.627673+00:00
[2022-09-20T14:33:09.072+0000] {processor.py:178} INFO - Processing /home/airflow/.local/lib/python3.7/site-packages/airflow/example_dags/example_short_circuit_operator.py took 4.050 seconds
[2022-09-20T14:33:49.494+0000] {processor.py:156} INFO - Started process (PID=1319) to work on /home/airflow/.local/lib/python3.7/site-packages/airflow/example_dags/example_short_circuit_operator.py
[2022-09-20T14:33:49.700+0000] {processor.py:758} INFO - Processing file /home/airflow/.local/lib/python3.7/site-packages/airflow/example_dags/example_short_circuit_operator.py for tasks to queue
[2022-09-20T14:33:49.701+0000] {logging_mixin.py:117} INFO - [2022-09-20T14:33:49.701+0000] {dagbag.py:525} INFO - Filling up the DagBag from /home/airflow/.local/lib/python3.7/site-packages/airflow/example_dags/example_short_circuit_operator.py
[2022-09-20T14:33:49.719+0000] {processor.py:768} INFO - DAG(s) dict_keys(['example_short_circuit_operator']) retrieved from /home/airflow/.local/lib/python3.7/site-packages/airflow/example_dags/example_short_circuit_operator.py
[2022-09-20T14:33:49.765+0000] {logging_mixin.py:117} INFO - [2022-09-20T14:33:49.765+0000] {dag.py:2573} INFO - Sync 1 DAGs
[2022-09-20T14:33:49.793+0000] {logging_mixin.py:117} INFO - [2022-09-20T14:33:49.793+0000] {dag.py:3328} INFO - Setting next_dagrun for example_short_circuit_operator to 2022-09-19T14:33:49.792845+00:00, run_after=2022-09-20T14:33:49.792845+00:00
[2022-09-20T14:33:56.857+0000] {processor.py:178} INFO - Processing /home/airflow/.local/lib/python3.7/site-packages/airflow/example_dags/example_short_circuit_operator.py took 7.367 seconds
[2022-09-20T17:10:34.584+0000] {processor.py:156} INFO - Started process (PID=119) to work on /home/airflow/.local/lib/python3.7/site-packages/airflow/example_dags/example_short_circuit_operator.py
[2022-09-20T17:10:34.645+0000] {processor.py:758} INFO - Processing file /home/airflow/.local/lib/python3.7/site-packages/airflow/example_dags/example_short_circuit_operator.py for tasks to queue
[2022-09-20T17:10:34.648+0000] {logging_mixin.py:117} INFO - [2022-09-20T17:10:34.648+0000] {dagbag.py:525} INFO - Filling up the DagBag from /home/airflow/.local/lib/python3.7/site-packages/airflow/example_dags/example_short_circuit_operator.py
[2022-09-20T17:10:37.070+0000] {processor.py:768} INFO - DAG(s) dict_keys(['example_short_circuit_operator']) retrieved from /home/airflow/.local/lib/python3.7/site-packages/airflow/example_dags/example_short_circuit_operator.py
[2022-09-20T17:10:37.526+0000] {logging_mixin.py:117} INFO - [2022-09-20T17:10:37.526+0000] {dag.py:2573} INFO - Sync 1 DAGs
[2022-09-20T17:10:37.910+0000] {logging_mixin.py:117} INFO - [2022-09-20T17:10:37.910+0000] {dag.py:3328} INFO - Setting next_dagrun for example_short_circuit_operator to 2022-09-19T17:10:37.910314+00:00, run_after=2022-09-20T17:10:37.910314+00:00
[2022-09-20T17:10:38.001+0000] {processor.py:178} INFO - Processing /home/airflow/.local/lib/python3.7/site-packages/airflow/example_dags/example_short_circuit_operator.py took 3.425 seconds
[2022-09-20T17:11:43.999+0000] {processor.py:156} INFO - Started process (PID=197) to work on /home/airflow/.local/lib/python3.7/site-packages/airflow/example_dags/example_short_circuit_operator.py
[2022-09-20T17:11:44.153+0000] {processor.py:758} INFO - Processing file /home/airflow/.local/lib/python3.7/site-packages/airflow/example_dags/example_short_circuit_operator.py for tasks to queue
[2022-09-20T17:11:44.154+0000] {logging_mixin.py:117} INFO - [2022-09-20T17:11:44.154+0000] {dagbag.py:525} INFO - Filling up the DagBag from /home/airflow/.local/lib/python3.7/site-packages/airflow/example_dags/example_short_circuit_operator.py
[2022-09-20T17:11:44.183+0000] {processor.py:768} INFO - DAG(s) dict_keys(['example_short_circuit_operator']) retrieved from /home/airflow/.local/lib/python3.7/site-packages/airflow/example_dags/example_short_circuit_operator.py
[2022-09-20T17:11:44.373+0000] {logging_mixin.py:117} INFO - [2022-09-20T17:11:44.373+0000] {dag.py:2573} INFO - Sync 1 DAGs
[2022-09-20T17:11:44.426+0000] {logging_mixin.py:117} INFO - [2022-09-20T17:11:44.425+0000] {dag.py:3328} INFO - Setting next_dagrun for example_short_circuit_operator to 2022-09-19T17:11:44.425241+00:00, run_after=2022-09-20T17:11:44.425241+00:00
[2022-09-20T17:11:45.147+0000] {processor.py:178} INFO - Processing /home/airflow/.local/lib/python3.7/site-packages/airflow/example_dags/example_short_circuit_operator.py took 1.152 seconds
[2022-09-20T17:12:17.958+0000] {processor.py:156} INFO - Started process (PID=243) to work on /home/airflow/.local/lib/python3.7/site-packages/airflow/example_dags/example_short_circuit_operator.py
[2022-09-20T17:12:18.168+0000] {processor.py:758} INFO - Processing file /home/airflow/.local/lib/python3.7/site-packages/airflow/example_dags/example_short_circuit_operator.py for tasks to queue
[2022-09-20T17:12:18.169+0000] {logging_mixin.py:117} INFO - [2022-09-20T17:12:18.169+0000] {dagbag.py:525} INFO - Filling up the DagBag from /home/airflow/.local/lib/python3.7/site-packages/airflow/example_dags/example_short_circuit_operator.py
[2022-09-20T17:12:18.455+0000] {processor.py:768} INFO - DAG(s) dict_keys(['example_short_circuit_operator']) retrieved from /home/airflow/.local/lib/python3.7/site-packages/airflow/example_dags/example_short_circuit_operator.py
[2022-09-20T17:12:18.523+0000] {logging_mixin.py:117} INFO - [2022-09-20T17:12:18.522+0000] {dag.py:2573} INFO - Sync 1 DAGs
[2022-09-20T17:12:18.563+0000] {logging_mixin.py:117} INFO - [2022-09-20T17:12:18.560+0000] {dag.py:3328} INFO - Setting next_dagrun for example_short_circuit_operator to 2022-09-19T17:12:18.560296+00:00, run_after=2022-09-20T17:12:18.560296+00:00
[2022-09-20T17:12:19.524+0000] {processor.py:178} INFO - Processing /home/airflow/.local/lib/python3.7/site-packages/airflow/example_dags/example_short_circuit_operator.py took 1.574 seconds
[2022-09-20T17:12:54.493+0000] {processor.py:156} INFO - Started process (PID=293) to work on /home/airflow/.local/lib/python3.7/site-packages/airflow/example_dags/example_short_circuit_operator.py
[2022-09-20T17:12:54.621+0000] {processor.py:758} INFO - Processing file /home/airflow/.local/lib/python3.7/site-packages/airflow/example_dags/example_short_circuit_operator.py for tasks to queue
[2022-09-20T17:12:54.917+0000] {logging_mixin.py:117} INFO - [2022-09-20T17:12:54.916+0000] {dagbag.py:525} INFO - Filling up the DagBag from /home/airflow/.local/lib/python3.7/site-packages/airflow/example_dags/example_short_circuit_operator.py
[2022-09-20T17:12:55.009+0000] {processor.py:768} INFO - DAG(s) dict_keys(['example_short_circuit_operator']) retrieved from /home/airflow/.local/lib/python3.7/site-packages/airflow/example_dags/example_short_circuit_operator.py
[2022-09-20T17:12:55.063+0000] {logging_mixin.py:117} INFO - [2022-09-20T17:12:55.062+0000] {dag.py:2573} INFO - Sync 1 DAGs
[2022-09-20T17:12:55.133+0000] {logging_mixin.py:117} INFO - [2022-09-20T17:12:55.132+0000] {dag.py:3328} INFO - Setting next_dagrun for example_short_circuit_operator to 2022-09-19T17:12:55.131518+00:00, run_after=2022-09-20T17:12:55.131518+00:00
[2022-09-20T17:12:55.936+0000] {processor.py:178} INFO - Processing /home/airflow/.local/lib/python3.7/site-packages/airflow/example_dags/example_short_circuit_operator.py took 1.448 seconds
[2022-09-20T17:13:29.388+0000] {processor.py:156} INFO - Started process (PID=339) to work on /home/airflow/.local/lib/python3.7/site-packages/airflow/example_dags/example_short_circuit_operator.py
[2022-09-20T17:13:29.520+0000] {processor.py:758} INFO - Processing file /home/airflow/.local/lib/python3.7/site-packages/airflow/example_dags/example_short_circuit_operator.py for tasks to queue
[2022-09-20T17:13:29.521+0000] {logging_mixin.py:117} INFO - [2022-09-20T17:13:29.521+0000] {dagbag.py:525} INFO - Filling up the DagBag from /home/airflow/.local/lib/python3.7/site-packages/airflow/example_dags/example_short_circuit_operator.py
[2022-09-20T17:13:29.554+0000] {processor.py:768} INFO - DAG(s) dict_keys(['example_short_circuit_operator']) retrieved from /home/airflow/.local/lib/python3.7/site-packages/airflow/example_dags/example_short_circuit_operator.py
[2022-09-20T17:13:29.608+0000] {logging_mixin.py:117} INFO - [2022-09-20T17:13:29.608+0000] {dag.py:2573} INFO - Sync 1 DAGs
[2022-09-20T17:13:29.650+0000] {logging_mixin.py:117} INFO - [2022-09-20T17:13:29.649+0000] {dag.py:3328} INFO - Setting next_dagrun for example_short_circuit_operator to 2022-09-19T17:13:29.649362+00:00, run_after=2022-09-20T17:13:29.649362+00:00
[2022-09-20T17:13:31.351+0000] {processor.py:178} INFO - Processing /home/airflow/.local/lib/python3.7/site-packages/airflow/example_dags/example_short_circuit_operator.py took 1.970 seconds
[2022-09-20T17:14:01.701+0000] {processor.py:156} INFO - Started process (PID=384) to work on /home/airflow/.local/lib/python3.7/site-packages/airflow/example_dags/example_short_circuit_operator.py
[2022-09-20T17:14:01.759+0000] {processor.py:758} INFO - Processing file /home/airflow/.local/lib/python3.7/site-packages/airflow/example_dags/example_short_circuit_operator.py for tasks to queue
[2022-09-20T17:14:01.760+0000] {logging_mixin.py:117} INFO - [2022-09-20T17:14:01.760+0000] {dagbag.py:525} INFO - Filling up the DagBag from /home/airflow/.local/lib/python3.7/site-packages/airflow/example_dags/example_short_circuit_operator.py
[2022-09-20T17:14:01.777+0000] {processor.py:768} INFO - DAG(s) dict_keys(['example_short_circuit_operator']) retrieved from /home/airflow/.local/lib/python3.7/site-packages/airflow/example_dags/example_short_circuit_operator.py
[2022-09-20T17:14:01.823+0000] {logging_mixin.py:117} INFO - [2022-09-20T17:14:01.823+0000] {dag.py:2573} INFO - Sync 1 DAGs
[2022-09-20T17:14:01.860+0000] {logging_mixin.py:117} INFO - [2022-09-20T17:14:01.859+0000] {dag.py:3328} INFO - Setting next_dagrun for example_short_circuit_operator to 2022-09-19T17:14:01.859592+00:00, run_after=2022-09-20T17:14:01.859592+00:00
[2022-09-20T17:14:02.446+0000] {processor.py:178} INFO - Processing /home/airflow/.local/lib/python3.7/site-packages/airflow/example_dags/example_short_circuit_operator.py took 0.749 seconds
[2022-09-20T17:14:38.229+0000] {processor.py:156} INFO - Started process (PID=432) to work on /home/airflow/.local/lib/python3.7/site-packages/airflow/example_dags/example_short_circuit_operator.py
[2022-09-20T17:14:38.596+0000] {processor.py:758} INFO - Processing file /home/airflow/.local/lib/python3.7/site-packages/airflow/example_dags/example_short_circuit_operator.py for tasks to queue
[2022-09-20T17:14:38.597+0000] {logging_mixin.py:117} INFO - [2022-09-20T17:14:38.597+0000] {dagbag.py:525} INFO - Filling up the DagBag from /home/airflow/.local/lib/python3.7/site-packages/airflow/example_dags/example_short_circuit_operator.py
[2022-09-20T17:14:39.574+0000] {processor.py:768} INFO - DAG(s) dict_keys(['example_short_circuit_operator']) retrieved from /home/airflow/.local/lib/python3.7/site-packages/airflow/example_dags/example_short_circuit_operator.py
[2022-09-20T17:14:40.248+0000] {logging_mixin.py:117} INFO - [2022-09-20T17:14:40.248+0000] {dag.py:2573} INFO - Sync 1 DAGs
[2022-09-20T17:14:40.320+0000] {logging_mixin.py:117} INFO - [2022-09-20T17:14:40.320+0000] {dag.py:3328} INFO - Setting next_dagrun for example_short_circuit_operator to 2022-09-19T17:14:40.320061+00:00, run_after=2022-09-20T17:14:40.320061+00:00
[2022-09-20T17:14:41.245+0000] {processor.py:178} INFO - Processing /home/airflow/.local/lib/python3.7/site-packages/airflow/example_dags/example_short_circuit_operator.py took 3.021 seconds
[2022-09-20T17:15:14.185+0000] {processor.py:156} INFO - Started process (PID=483) to work on /home/airflow/.local/lib/python3.7/site-packages/airflow/example_dags/example_short_circuit_operator.py
[2022-09-20T17:15:14.294+0000] {processor.py:758} INFO - Processing file /home/airflow/.local/lib/python3.7/site-packages/airflow/example_dags/example_short_circuit_operator.py for tasks to queue
[2022-09-20T17:15:14.295+0000] {logging_mixin.py:117} INFO - [2022-09-20T17:15:14.294+0000] {dagbag.py:525} INFO - Filling up the DagBag from /home/airflow/.local/lib/python3.7/site-packages/airflow/example_dags/example_short_circuit_operator.py
[2022-09-20T17:15:14.321+0000] {processor.py:768} INFO - DAG(s) dict_keys(['example_short_circuit_operator']) retrieved from /home/airflow/.local/lib/python3.7/site-packages/airflow/example_dags/example_short_circuit_operator.py
[2022-09-20T17:15:14.399+0000] {logging_mixin.py:117} INFO - [2022-09-20T17:15:14.399+0000] {dag.py:2573} INFO - Sync 1 DAGs
[2022-09-20T17:15:14.451+0000] {logging_mixin.py:117} INFO - [2022-09-20T17:15:14.451+0000] {dag.py:3328} INFO - Setting next_dagrun for example_short_circuit_operator to 2022-09-19T17:15:14.451179+00:00, run_after=2022-09-20T17:15:14.451179+00:00
[2022-09-20T17:15:14.990+0000] {processor.py:178} INFO - Processing /home/airflow/.local/lib/python3.7/site-packages/airflow/example_dags/example_short_circuit_operator.py took 0.809 seconds
[2022-09-20T17:15:46.196+0000] {processor.py:156} INFO - Started process (PID=527) to work on /home/airflow/.local/lib/python3.7/site-packages/airflow/example_dags/example_short_circuit_operator.py
[2022-09-20T17:15:46.199+0000] {processor.py:758} INFO - Processing file /home/airflow/.local/lib/python3.7/site-packages/airflow/example_dags/example_short_circuit_operator.py for tasks to queue
[2022-09-20T17:15:46.202+0000] {logging_mixin.py:117} INFO - [2022-09-20T17:15:46.201+0000] {dagbag.py:525} INFO - Filling up the DagBag from /home/airflow/.local/lib/python3.7/site-packages/airflow/example_dags/example_short_circuit_operator.py
[2022-09-20T17:15:46.250+0000] {processor.py:768} INFO - DAG(s) dict_keys(['example_short_circuit_operator']) retrieved from /home/airflow/.local/lib/python3.7/site-packages/airflow/example_dags/example_short_circuit_operator.py
[2022-09-20T17:15:46.306+0000] {logging_mixin.py:117} INFO - [2022-09-20T17:15:46.305+0000] {dag.py:2573} INFO - Sync 1 DAGs
[2022-09-20T17:15:46.341+0000] {logging_mixin.py:117} INFO - [2022-09-20T17:15:46.341+0000] {dag.py:3328} INFO - Setting next_dagrun for example_short_circuit_operator to 2022-09-19T17:15:46.341027+00:00, run_after=2022-09-20T17:15:46.341027+00:00
[2022-09-20T17:15:46.775+0000] {processor.py:178} INFO - Processing /home/airflow/.local/lib/python3.7/site-packages/airflow/example_dags/example_short_circuit_operator.py took 0.599 seconds
[2022-09-20T17:16:20.998+0000] {processor.py:156} INFO - Started process (PID=574) to work on /home/airflow/.local/lib/python3.7/site-packages/airflow/example_dags/example_short_circuit_operator.py
[2022-09-20T17:16:21.101+0000] {processor.py:758} INFO - Processing file /home/airflow/.local/lib/python3.7/site-packages/airflow/example_dags/example_short_circuit_operator.py for tasks to queue
[2022-09-20T17:16:21.105+0000] {logging_mixin.py:117} INFO - [2022-09-20T17:16:21.105+0000] {dagbag.py:525} INFO - Filling up the DagBag from /home/airflow/.local/lib/python3.7/site-packages/airflow/example_dags/example_short_circuit_operator.py
[2022-09-20T17:16:21.149+0000] {processor.py:768} INFO - DAG(s) dict_keys(['example_short_circuit_operator']) retrieved from /home/airflow/.local/lib/python3.7/site-packages/airflow/example_dags/example_short_circuit_operator.py
[2022-09-20T17:16:21.660+0000] {logging_mixin.py:117} INFO - [2022-09-20T17:16:21.660+0000] {dag.py:2573} INFO - Sync 1 DAGs
[2022-09-20T17:16:21.723+0000] {logging_mixin.py:117} INFO - [2022-09-20T17:16:21.723+0000] {dag.py:3328} INFO - Setting next_dagrun for example_short_circuit_operator to 2022-09-19T17:16:21.723037+00:00, run_after=2022-09-20T17:16:21.723037+00:00
[2022-09-20T17:16:22.150+0000] {processor.py:178} INFO - Processing /home/airflow/.local/lib/python3.7/site-packages/airflow/example_dags/example_short_circuit_operator.py took 1.156 seconds
[2022-09-20T17:16:53.908+0000] {processor.py:156} INFO - Started process (PID=628) to work on /home/airflow/.local/lib/python3.7/site-packages/airflow/example_dags/example_short_circuit_operator.py
[2022-09-20T17:16:53.992+0000] {processor.py:758} INFO - Processing file /home/airflow/.local/lib/python3.7/site-packages/airflow/example_dags/example_short_circuit_operator.py for tasks to queue
[2022-09-20T17:16:53.993+0000] {logging_mixin.py:117} INFO - [2022-09-20T17:16:53.992+0000] {dagbag.py:525} INFO - Filling up the DagBag from /home/airflow/.local/lib/python3.7/site-packages/airflow/example_dags/example_short_circuit_operator.py
[2022-09-20T17:16:54.014+0000] {processor.py:768} INFO - DAG(s) dict_keys(['example_short_circuit_operator']) retrieved from /home/airflow/.local/lib/python3.7/site-packages/airflow/example_dags/example_short_circuit_operator.py
[2022-09-20T17:16:54.081+0000] {logging_mixin.py:117} INFO - [2022-09-20T17:16:54.081+0000] {dag.py:2573} INFO - Sync 1 DAGs
[2022-09-20T17:16:54.120+0000] {logging_mixin.py:117} INFO - [2022-09-20T17:16:54.120+0000] {dag.py:3328} INFO - Setting next_dagrun for example_short_circuit_operator to 2022-09-19T17:16:54.120154+00:00, run_after=2022-09-20T17:16:54.120154+00:00
[2022-09-20T17:16:59.415+0000] {processor.py:178} INFO - Processing /home/airflow/.local/lib/python3.7/site-packages/airflow/example_dags/example_short_circuit_operator.py took 5.512 seconds
[2022-09-20T17:17:29.775+0000] {processor.py:156} INFO - Started process (PID=682) to work on /home/airflow/.local/lib/python3.7/site-packages/airflow/example_dags/example_short_circuit_operator.py
[2022-09-20T17:17:29.823+0000] {processor.py:758} INFO - Processing file /home/airflow/.local/lib/python3.7/site-packages/airflow/example_dags/example_short_circuit_operator.py for tasks to queue
[2022-09-20T17:17:29.825+0000] {logging_mixin.py:117} INFO - [2022-09-20T17:17:29.824+0000] {dagbag.py:525} INFO - Filling up the DagBag from /home/airflow/.local/lib/python3.7/site-packages/airflow/example_dags/example_short_circuit_operator.py
[2022-09-20T17:17:29.875+0000] {processor.py:768} INFO - DAG(s) dict_keys(['example_short_circuit_operator']) retrieved from /home/airflow/.local/lib/python3.7/site-packages/airflow/example_dags/example_short_circuit_operator.py
[2022-09-20T17:17:30.031+0000] {logging_mixin.py:117} INFO - [2022-09-20T17:17:30.030+0000] {dag.py:2573} INFO - Sync 1 DAGs
[2022-09-20T17:17:30.116+0000] {logging_mixin.py:117} INFO - [2022-09-20T17:17:30.116+0000] {dag.py:3328} INFO - Setting next_dagrun for example_short_circuit_operator to 2022-09-19T17:17:30.115352+00:00, run_after=2022-09-20T17:17:30.115352+00:00
[2022-09-20T17:17:30.405+0000] {processor.py:178} INFO - Processing /home/airflow/.local/lib/python3.7/site-packages/airflow/example_dags/example_short_circuit_operator.py took 0.643 seconds
[2022-09-20T17:18:01.130+0000] {processor.py:156} INFO - Started process (PID=736) to work on /home/airflow/.local/lib/python3.7/site-packages/airflow/example_dags/example_short_circuit_operator.py
[2022-09-20T17:18:01.336+0000] {processor.py:758} INFO - Processing file /home/airflow/.local/lib/python3.7/site-packages/airflow/example_dags/example_short_circuit_operator.py for tasks to queue
[2022-09-20T17:18:01.337+0000] {logging_mixin.py:117} INFO - [2022-09-20T17:18:01.336+0000] {dagbag.py:525} INFO - Filling up the DagBag from /home/airflow/.local/lib/python3.7/site-packages/airflow/example_dags/example_short_circuit_operator.py
[2022-09-20T17:18:01.366+0000] {processor.py:768} INFO - DAG(s) dict_keys(['example_short_circuit_operator']) retrieved from /home/airflow/.local/lib/python3.7/site-packages/airflow/example_dags/example_short_circuit_operator.py
[2022-09-20T17:18:01.473+0000] {logging_mixin.py:117} INFO - [2022-09-20T17:18:01.473+0000] {dag.py:2573} INFO - Sync 1 DAGs
[2022-09-20T17:18:01.532+0000] {logging_mixin.py:117} INFO - [2022-09-20T17:18:01.531+0000] {dag.py:3328} INFO - Setting next_dagrun for example_short_circuit_operator to 2022-09-19T17:18:01.531331+00:00, run_after=2022-09-20T17:18:01.531331+00:00
[2022-09-20T17:18:02.614+0000] {processor.py:178} INFO - Processing /home/airflow/.local/lib/python3.7/site-packages/airflow/example_dags/example_short_circuit_operator.py took 1.492 seconds
[2022-09-20T17:18:33.692+0000] {processor.py:156} INFO - Started process (PID=790) to work on /home/airflow/.local/lib/python3.7/site-packages/airflow/example_dags/example_short_circuit_operator.py
[2022-09-20T17:18:33.700+0000] {processor.py:758} INFO - Processing file /home/airflow/.local/lib/python3.7/site-packages/airflow/example_dags/example_short_circuit_operator.py for tasks to queue
[2022-09-20T17:18:33.702+0000] {logging_mixin.py:117} INFO - [2022-09-20T17:18:33.701+0000] {dagbag.py:525} INFO - Filling up the DagBag from /home/airflow/.local/lib/python3.7/site-packages/airflow/example_dags/example_short_circuit_operator.py
[2022-09-20T17:18:33.787+0000] {processor.py:768} INFO - DAG(s) dict_keys(['example_short_circuit_operator']) retrieved from /home/airflow/.local/lib/python3.7/site-packages/airflow/example_dags/example_short_circuit_operator.py
[2022-09-20T17:18:33.875+0000] {logging_mixin.py:117} INFO - [2022-09-20T17:18:33.875+0000] {dag.py:2573} INFO - Sync 1 DAGs
[2022-09-20T17:18:34.054+0000] {logging_mixin.py:117} INFO - [2022-09-20T17:18:34.045+0000] {dag.py:3328} INFO - Setting next_dagrun for example_short_circuit_operator to 2022-09-19T17:18:34.041154+00:00, run_after=2022-09-20T17:18:34.041154+00:00
[2022-09-20T17:18:34.233+0000] {processor.py:178} INFO - Processing /home/airflow/.local/lib/python3.7/site-packages/airflow/example_dags/example_short_circuit_operator.py took 0.555 seconds
[2022-09-20T17:19:07.136+0000] {processor.py:156} INFO - Started process (PID=835) to work on /home/airflow/.local/lib/python3.7/site-packages/airflow/example_dags/example_short_circuit_operator.py
[2022-09-20T17:19:07.298+0000] {processor.py:758} INFO - Processing file /home/airflow/.local/lib/python3.7/site-packages/airflow/example_dags/example_short_circuit_operator.py for tasks to queue
[2022-09-20T17:19:07.300+0000] {logging_mixin.py:117} INFO - [2022-09-20T17:19:07.299+0000] {dagbag.py:525} INFO - Filling up the DagBag from /home/airflow/.local/lib/python3.7/site-packages/airflow/example_dags/example_short_circuit_operator.py
[2022-09-20T17:19:07.543+0000] {processor.py:768} INFO - DAG(s) dict_keys(['example_short_circuit_operator']) retrieved from /home/airflow/.local/lib/python3.7/site-packages/airflow/example_dags/example_short_circuit_operator.py
[2022-09-20T17:19:07.755+0000] {logging_mixin.py:117} INFO - [2022-09-20T17:19:07.755+0000] {dag.py:2573} INFO - Sync 1 DAGs
[2022-09-20T17:19:07.860+0000] {logging_mixin.py:117} INFO - [2022-09-20T17:19:07.860+0000] {dag.py:3328} INFO - Setting next_dagrun for example_short_circuit_operator to 2022-09-19T17:19:07.859674+00:00, run_after=2022-09-20T17:19:07.859674+00:00
[2022-09-20T17:19:08.128+0000] {processor.py:178} INFO - Processing /home/airflow/.local/lib/python3.7/site-packages/airflow/example_dags/example_short_circuit_operator.py took 0.996 seconds
[2022-09-20T17:19:45.798+0000] {processor.py:156} INFO - Started process (PID=887) to work on /home/airflow/.local/lib/python3.7/site-packages/airflow/example_dags/example_short_circuit_operator.py
[2022-09-20T17:19:46.225+0000] {processor.py:758} INFO - Processing file /home/airflow/.local/lib/python3.7/site-packages/airflow/example_dags/example_short_circuit_operator.py for tasks to queue
[2022-09-20T17:19:46.227+0000] {logging_mixin.py:117} INFO - [2022-09-20T17:19:46.226+0000] {dagbag.py:525} INFO - Filling up the DagBag from /home/airflow/.local/lib/python3.7/site-packages/airflow/example_dags/example_short_circuit_operator.py
[2022-09-20T17:19:46.298+0000] {processor.py:768} INFO - DAG(s) dict_keys(['example_short_circuit_operator']) retrieved from /home/airflow/.local/lib/python3.7/site-packages/airflow/example_dags/example_short_circuit_operator.py
[2022-09-20T17:19:46.493+0000] {logging_mixin.py:117} INFO - [2022-09-20T17:19:46.492+0000] {dag.py:2573} INFO - Sync 1 DAGs
[2022-09-20T17:19:46.610+0000] {logging_mixin.py:117} INFO - [2022-09-20T17:19:46.609+0000] {dag.py:3328} INFO - Setting next_dagrun for example_short_circuit_operator to 2022-09-19T17:19:46.609198+00:00, run_after=2022-09-20T17:19:46.609198+00:00
[2022-09-20T17:19:47.281+0000] {processor.py:178} INFO - Processing /home/airflow/.local/lib/python3.7/site-packages/airflow/example_dags/example_short_circuit_operator.py took 1.502 seconds
                                                                                                                                                                                                                                                                                                                                                                                                                                                                                                                                                                                                                                                                