[2022-09-20T13:50:30.348+0000] {processor.py:156} INFO - Started process (PID=119) to work on /home/airflow/.local/lib/python3.7/site-packages/airflow/example_dags/example_time_delta_sensor_async.py
[2022-09-20T13:50:30.349+0000] {processor.py:758} INFO - Processing file /home/airflow/.local/lib/python3.7/site-packages/airflow/example_dags/example_time_delta_sensor_async.py for tasks to queue
[2022-09-20T13:50:30.351+0000] {logging_mixin.py:117} INFO - [2022-09-20T13:50:30.350+0000] {dagbag.py:525} INFO - Filling up the DagBag from /home/airflow/.local/lib/python3.7/site-packages/airflow/example_dags/example_time_delta_sensor_async.py
[2022-09-20T13:50:35.930+0000] {processor.py:768} INFO - DAG(s) dict_keys(['example_time_delta_sensor_async']) retrieved from /home/airflow/.local/lib/python3.7/site-packages/airflow/example_dags/example_time_delta_sensor_async.py
[2022-09-20T13:59:02.465+0000] {processor.py:156} INFO - Started process (PID=164) to work on /home/airflow/.local/lib/python3.7/site-packages/airflow/example_dags/example_time_delta_sensor_async.py
[2022-09-20T13:59:03.359+0000] {processor.py:758} INFO - Processing file /home/airflow/.local/lib/python3.7/site-packages/airflow/example_dags/example_time_delta_sensor_async.py for tasks to queue
[2022-09-20T13:59:03.362+0000] {logging_mixin.py:117} INFO - [2022-09-20T13:59:03.361+0000] {dagbag.py:525} INFO - Filling up the DagBag from /home/airflow/.local/lib/python3.7/site-packages/airflow/example_dags/example_time_delta_sensor_async.py
[2022-09-20T13:59:04.118+0000] {processor.py:768} INFO - DAG(s) dict_keys(['example_time_delta_sensor_async']) retrieved from /home/airflow/.local/lib/python3.7/site-packages/airflow/example_dags/example_time_delta_sensor_async.py
[2022-09-20T13:59:05.524+0000] {logging_mixin.py:117} INFO - [2022-09-20T13:59:05.524+0000] {dag.py:2573} INFO - Sync 1 DAGs
[2022-09-20T13:59:05.559+0000] {logging_mixin.py:117} INFO - [2022-09-20T13:59:05.559+0000] {dag.py:2594} INFO - Creating ORM DAG for example_time_delta_sensor_async
[2022-09-20T13:59:05.949+0000] {logging_mixin.py:117} INFO - [2022-09-20T13:59:05.949+0000] {dag.py:3328} INFO - Setting next_dagrun for example_time_delta_sensor_async to None, run_after=None
[2022-09-20T13:59:13.992+0000] {processor.py:178} INFO - Processing /home/airflow/.local/lib/python3.7/site-packages/airflow/example_dags/example_time_delta_sensor_async.py took 11.535 seconds
[2022-09-20T14:04:13.266+0000] {processor.py:156} INFO - Started process (PID=235) to work on /home/airflow/.local/lib/python3.7/site-packages/airflow/example_dags/example_time_delta_sensor_async.py
[2022-09-20T14:04:13.420+0000] {processor.py:758} INFO - Processing file /home/airflow/.local/lib/python3.7/site-packages/airflow/example_dags/example_time_delta_sensor_async.py for tasks to queue
[2022-09-20T14:04:13.423+0000] {logging_mixin.py:117} INFO - [2022-09-20T14:04:13.423+0000] {dagbag.py:525} INFO - Filling up the DagBag from /home/airflow/.local/lib/python3.7/site-packages/airflow/example_dags/example_time_delta_sensor_async.py
[2022-09-20T14:04:13.480+0000] {processor.py:768} INFO - DAG(s) dict_keys(['example_time_delta_sensor_async']) retrieved from /home/airflow/.local/lib/python3.7/site-packages/airflow/example_dags/example_time_delta_sensor_async.py
[2022-09-20T14:04:13.769+0000] {logging_mixin.py:117} INFO - [2022-09-20T14:04:13.769+0000] {dag.py:2573} INFO - Sync 1 DAGs
[2022-09-20T14:04:13.801+0000] {logging_mixin.py:117} INFO - [2022-09-20T14:04:13.800+0000] {dag.py:3328} INFO - Setting next_dagrun for example_time_delta_sensor_async to None, run_after=None
[2022-09-20T14:04:14.833+0000] {processor.py:178} INFO - Processing /home/airflow/.local/lib/python3.7/site-packages/airflow/example_dags/example_time_delta_sensor_async.py took 1.581 seconds
[2022-09-20T14:06:03.236+0000] {processor.py:156} INFO - Started process (PID=306) to work on /home/airflow/.local/lib/python3.7/site-packages/airflow/example_dags/example_time_delta_sensor_async.py
[2022-09-20T14:06:03.721+0000] {processor.py:758} INFO - Processing file /home/airflow/.local/lib/python3.7/site-packages/airflow/example_dags/example_time_delta_sensor_async.py for tasks to queue
[2022-09-20T14:06:03.821+0000] {logging_mixin.py:117} INFO - [2022-09-20T14:06:03.820+0000] {dagbag.py:525} INFO - Filling up the DagBag from /home/airflow/.local/lib/python3.7/site-packages/airflow/example_dags/example_time_delta_sensor_async.py
[2022-09-20T14:06:03.867+0000] {processor.py:768} INFO - DAG(s) dict_keys(['example_time_delta_sensor_async']) retrieved from /home/airflow/.local/lib/python3.7/site-packages/airflow/example_dags/example_time_delta_sensor_async.py
[2022-09-20T14:06:04.106+0000] {logging_mixin.py:117} INFO - [2022-09-20T14:06:04.106+0000] {dag.py:2573} INFO - Sync 1 DAGs
[2022-09-20T14:06:04.128+0000] {logging_mixin.py:117} INFO - [2022-09-20T14:06:04.128+0000] {dag.py:3328} INFO - Setting next_dagrun for example_time_delta_sensor_async to None, run_after=None
[2022-09-20T14:06:05.940+0000] {processor.py:178} INFO - Processing /home/airflow/.local/lib/python3.7/site-packages/airflow/example_dags/example_time_delta_sensor_async.py took 2.710 seconds
[2022-09-20T14:07:14.888+0000] {processor.py:156} INFO - Started process (PID=377) to work on /home/airflow/.local/lib/python3.7/site-packages/airflow/example_dags/example_time_delta_sensor_async.py
[2022-09-20T14:07:15.461+0000] {processor.py:758} INFO - Processing file /home/airflow/.local/lib/python3.7/site-packages/airflow/example_dags/example_time_delta_sensor_async.py for tasks to queue
[2022-09-20T14:07:15.462+0000] {logging_mixin.py:117} INFO - [2022-09-20T14:07:15.462+0000] {dagbag.py:525} INFO - Filling up the DagBag from /home/airflow/.local/lib/python3.7/site-packages/airflow/example_dags/example_time_delta_sensor_async.py
[2022-09-20T14:07:15.475+0000] {processor.py:768} INFO - DAG(s) dict_keys(['example_time_delta_sensor_async']) retrieved from /home/airflow/.local/lib/python3.7/site-packages/airflow/example_dags/example_time_delta_sensor_async.py
[2022-09-20T14:07:15.739+0000] {logging_mixin.py:117} INFO - [2022-09-20T14:07:15.739+0000] {dag.py:2573} INFO - Sync 1 DAGs
[2022-09-20T14:07:15.767+0000] {logging_mixin.py:117} INFO - [2022-09-20T14:07:15.767+0000] {dag.py:3328} INFO - Setting next_dagrun for example_time_delta_sensor_async to None, run_after=None
[2022-09-20T14:07:19.112+0000] {processor.py:178} INFO - Processing /home/airflow/.local/lib/python3.7/site-packages/airflow/example_dags/example_time_delta_sensor_async.py took 4.226 seconds
[2022-09-20T14:07:51.557+0000] {processor.py:156} INFO - Started process (PID=421) to work on /home/airflow/.local/lib/python3.7/site-packages/airflow/example_dags/example_time_delta_sensor_async.py
[2022-09-20T14:07:51.884+0000] {processor.py:758} INFO - Processing file /home/airflow/.local/lib/python3.7/site-packages/airflow/example_dags/example_time_delta_sensor_async.py for tasks to queue
[2022-09-20T14:07:51.887+0000] {logging_mixin.py:117} INFO - [2022-09-20T14:07:51.886+0000] {dagbag.py:525} INFO - Filling up the DagBag from /home/airflow/.local/lib/python3.7/site-packages/airflow/example_dags/example_time_delta_sensor_async.py
[2022-09-20T14:07:51.933+0000] {processor.py:768} INFO - DAG(s) dict_keys(['example_time_delta_sensor_async']) retrieved from /home/airflow/.local/lib/python3.7/site-packages/airflow/example_dags/example_time_delta_sensor_async.py
[2022-09-20T14:07:52.152+0000] {logging_mixin.py:117} INFO - [2022-09-20T14:07:52.152+0000] {dag.py:2573} INFO - Sync 1 DAGs
[2022-09-20T14:07:52.175+0000] {logging_mixin.py:117} INFO - [2022-09-20T14:07:52.175+0000] {dag.py:3328} INFO - Setting next_dagrun for example_time_delta_sensor_async to None, run_after=None
[2022-09-20T14:07:52.583+0000] {processor.py:178} INFO - Processing /home/airflow/.local/lib/python3.7/site-packages/airflow/example_dags/example_time_delta_sensor_async.py took 1.029 seconds
[2022-09-20T14:08:26.473+0000] {processor.py:156} INFO - Started process (PID=476) to work on /home/airflow/.local/lib/python3.7/site-packages/airflow/example_dags/example_time_delta_sensor_async.py
[2022-09-20T14:08:26.534+0000] {processor.py:758} INFO - Processing file /home/airflow/.local/lib/python3.7/site-packages/airflow/example_dags/example_time_delta_sensor_async.py for tasks to queue
[2022-09-20T14:08:26.537+0000] {logging_mixin.py:117} INFO - [2022-09-20T14:08:26.536+0000] {dagbag.py:525} INFO - Filling up the DagBag from /home/airflow/.local/lib/python3.7/site-packages/airflow/example_dags/example_time_delta_sensor_async.py
[2022-09-20T14:08:26.579+0000] {processor.py:768} INFO - DAG(s) dict_keys(['example_time_delta_sensor_async']) retrieved from /home/airflow/.local/lib/python3.7/site-packages/airflow/example_dags/example_time_delta_sensor_async.py
[2022-09-20T14:08:27.066+0000] {logging_mixin.py:117} INFO - [2022-09-20T14:08:27.066+0000] {dag.py:2573} INFO - Sync 1 DAGs
[2022-09-20T14:08:27.131+0000] {logging_mixin.py:117} INFO - [2022-09-20T14:08:27.131+0000] {dag.py:3328} INFO - Setting next_dagrun for example_time_delta_sensor_async to None, run_after=None
[2022-09-20T14:08:28.110+0000] {processor.py:178} INFO - Processing /home/airflow/.local/lib/python3.7/site-packages/airflow/example_dags/example_time_delta_sensor_async.py took 1.653 seconds
[2022-09-20T14:10:22.188+0000] {processor.py:156} INFO - Started process (PID=525) to work on /home/airflow/.local/lib/python3.7/site-packages/airflow/example_dags/example_time_delta_sensor_async.py
[2022-09-20T14:10:22.404+0000] {processor.py:758} INFO - Processing file /home/airflow/.local/lib/python3.7/site-packages/airflow/example_dags/example_time_delta_sensor_async.py for tasks to queue
[2022-09-20T14:10:22.407+0000] {logging_mixin.py:117} INFO - [2022-09-20T14:10:22.407+0000] {dagbag.py:525} INFO - Filling up the DagBag from /home/airflow/.local/lib/python3.7/site-packages/airflow/example_dags/example_time_delta_sensor_async.py
[2022-09-20T14:10:22.450+0000] {processor.py:768} INFO - DAG(s) dict_keys(['example_time_delta_sensor_async']) retrieved from /home/airflow/.local/lib/python3.7/site-packages/airflow/example_dags/example_time_delta_sensor_async.py
[2022-09-20T14:10:22.672+0000] {logging_mixin.py:117} INFO - [2022-09-20T14:10:22.672+0000] {dag.py:2573} INFO - Sync 1 DAGs
[2022-09-20T14:10:22.698+0000] {logging_mixin.py:117} INFO - [2022-09-20T14:10:22.698+0000] {dag.py:3328} INFO - Setting next_dagrun for example_time_delta_sensor_async to None, run_after=None
[2022-09-20T14:10:23.084+0000] {processor.py:178} INFO - Processing /home/airflow/.local/lib/python3.7/site-packages/airflow/example_dags/example_time_delta_sensor_async.py took 0.902 seconds
[2022-09-20T14:11:44.508+0000] {processor.py:156} INFO - Started process (PID=585) to work on /home/airflow/.local/lib/python3.7/site-packages/airflow/example_dags/example_time_delta_sensor_async.py
[2022-09-20T14:11:44.792+0000] {processor.py:758} INFO - Processing file /home/airflow/.local/lib/python3.7/site-packages/airflow/example_dags/example_time_delta_sensor_async.py for tasks to queue
[2022-09-20T14:11:44.793+0000] {logging_mixin.py:117} INFO - [2022-09-20T14:11:44.793+0000] {dagbag.py:525} INFO - Filling up the DagBag from /home/airflow/.local/lib/python3.7/site-packages/airflow/example_dags/example_time_delta_sensor_async.py
[2022-09-20T14:11:44.807+0000] {processor.py:768} INFO - DAG(s) dict_keys(['example_time_delta_sensor_async']) retrieved from /home/airflow/.local/lib/python3.7/site-packages/airflow/example_dags/example_time_delta_sensor_async.py
[2022-09-20T14:11:45.046+0000] {logging_mixin.py:117} INFO - [2022-09-20T14:11:45.046+0000] {dag.py:2573} INFO - Sync 1 DAGs
[2022-09-20T14:11:45.074+0000] {logging_mixin.py:117} INFO - [2022-09-20T14:11:45.073+0000] {dag.py:3328} INFO - Setting next_dagrun for example_time_delta_sensor_async to None, run_after=None
[2022-09-20T14:11:45.790+0000] {processor.py:178} INFO - Processing /home/airflow/.local/lib/python3.7/site-packages/airflow/example_dags/example_time_delta_sensor_async.py took 1.285 seconds
[2022-09-20T14:14:01.949+0000] {processor.py:156} INFO - Started process (PID=641) to work on /home/airflow/.local/lib/python3.7/site-packages/airflow/example_dags/example_time_delta_sensor_async.py
[2022-09-20T14:14:02.250+0000] {processor.py:758} INFO - Processing file /home/airflow/.local/lib/python3.7/site-packages/airflow/example_dags/example_time_delta_sensor_async.py for tasks to queue
[2022-09-20T14:14:02.252+0000] {logging_mixin.py:117} INFO - [2022-09-20T14:14:02.252+0000] {dagbag.py:525} INFO - Filling up the DagBag from /home/airflow/.local/lib/python3.7/site-packages/airflow/example_dags/example_time_delta_sensor_async.py
[2022-09-20T14:14:02.276+0000] {processor.py:768} INFO - DAG(s) dict_keys(['example_time_delta_sensor_async']) retrieved from /home/airflow/.local/lib/python3.7/site-packages/airflow/example_dags/example_time_delta_sensor_async.py
[2022-09-20T14:14:02.495+0000] {logging_mixin.py:117} INFO - [2022-09-20T14:14:02.495+0000] {dag.py:2573} INFO - Sync 1 DAGs
[2022-09-20T14:14:02.517+0000] {logging_mixin.py:117} INFO - [2022-09-20T14:14:02.517+0000] {dag.py:3328} INFO - Setting next_dagrun for example_time_delta_sensor_async to None, run_after=None
[2022-09-20T14:14:02.971+0000] {processor.py:178} INFO - Processing /home/airflow/.local/lib/python3.7/site-packages/airflow/example_dags/example_time_delta_sensor_async.py took 1.026 seconds
[2022-09-20T14:14:54.685+0000] {processor.py:156} INFO - Started process (PID=697) to work on /home/airflow/.local/lib/python3.7/site-packages/airflow/example_dags/example_time_delta_sensor_async.py
[2022-09-20T14:14:54.982+0000] {processor.py:758} INFO - Processing file /home/airflow/.local/lib/python3.7/site-packages/airflow/example_dags/example_time_delta_sensor_async.py for tasks to queue
[2022-09-20T14:14:54.985+0000] {logging_mixin.py:117} INFO - [2022-09-20T14:14:54.984+0000] {dagbag.py:525} INFO - Filling up the DagBag from /home/airflow/.local/lib/python3.7/site-packages/airflow/example_dags/example_time_delta_sensor_async.py
[2022-09-20T14:14:55.015+0000] {processor.py:768} INFO - DAG(s) dict_keys(['example_time_delta_sensor_async']) retrieved from /home/airflow/.local/lib/python3.7/site-packages/airflow/example_dags/example_time_delta_sensor_async.py
[2022-09-20T14:14:55.235+0000] {logging_mixin.py:117} INFO - [2022-09-20T14:14:55.235+0000] {dag.py:2573} INFO - Sync 1 DAGs
[2022-09-20T14:14:55.258+0000] {logging_mixin.py:117} INFO - [2022-09-20T14:14:55.258+0000] {dag.py:3328} INFO - Setting next_dagrun for example_time_delta_sensor_async to None, run_after=None
[2022-09-20T14:14:55.481+0000] {processor.py:178} INFO - Processing /home/airflow/.local/lib/python3.7/site-packages/airflow/example_dags/example_time_delta_sensor_async.py took 0.799 seconds
[2022-09-20T14:16:21.972+0000] {processor.py:156} INFO - Started process (PID=777) to work on /home/airflow/.local/lib/python3.7/site-packages/airflow/example_dags/example_time_delta_sensor_async.py
[2022-09-20T14:16:22.123+0000] {processor.py:758} INFO - Processing file /home/airflow/.local/lib/python3.7/site-packages/airflow/example_dags/example_time_delta_sensor_async.py for tasks to queue
[2022-09-20T14:16:22.124+0000] {logging_mixin.py:117} INFO - [2022-09-20T14:16:22.124+0000] {dagbag.py:525} INFO - Filling up the DagBag from /home/airflow/.local/lib/python3.7/site-packages/airflow/example_dags/example_time_delta_sensor_async.py
[2022-09-20T14:16:22.158+0000] {processor.py:768} INFO - DAG(s) dict_keys(['example_time_delta_sensor_async']) retrieved from /home/airflow/.local/lib/python3.7/site-packages/airflow/example_dags/example_time_delta_sensor_async.py
[2022-09-20T14:16:22.387+0000] {logging_mixin.py:117} INFO - [2022-09-20T14:16:22.387+0000] {dag.py:2573} INFO - Sync 1 DAGs
[2022-09-20T14:16:22.410+0000] {logging_mixin.py:117} INFO - [2022-09-20T14:16:22.410+0000] {dag.py:3328} INFO - Setting next_dagrun for example_time_delta_sensor_async to None, run_after=None
[2022-09-20T14:16:23.414+0000] {processor.py:178} INFO - Processing /home/airflow/.local/lib/python3.7/site-packages/airflow/example_dags/example_time_delta_sensor_async.py took 1.454 seconds
[2022-09-20T14:17:10.163+0000] {processor.py:156} INFO - Started process (PID=840) to work on /home/airflow/.local/lib/python3.7/site-packages/airflow/example_dags/example_time_delta_sensor_async.py
[2022-09-20T14:17:10.836+0000] {processor.py:758} INFO - Processing file /home/airflow/.local/lib/python3.7/site-packages/airflow/example_dags/example_time_delta_sensor_async.py for tasks to queue
[2022-09-20T14:17:10.839+0000] {logging_mixin.py:117} INFO - [2022-09-20T14:17:10.838+0000] {dagbag.py:525} INFO - Filling up the DagBag from /home/airflow/.local/lib/python3.7/site-packages/airflow/example_dags/example_time_delta_sensor_async.py
[2022-09-20T14:17:10.883+0000] {processor.py:768} INFO - DAG(s) dict_keys(['example_time_delta_sensor_async']) retrieved from /home/airflow/.local/lib/python3.7/site-packages/airflow/example_dags/example_time_delta_sensor_async.py
[2022-09-20T14:17:11.104+0000] {logging_mixin.py:117} INFO - [2022-09-20T14:17:11.104+0000] {dag.py:2573} INFO - Sync 1 DAGs
[2022-09-20T14:17:11.127+0000] {logging_mixin.py:117} INFO - [2022-09-20T14:17:11.126+0000] {dag.py:3328} INFO - Setting next_dagrun for example_time_delta_sensor_async to None, run_after=None
[2022-09-20T14:17:18.735+0000] {processor.py:178} INFO - Processing /home/airflow/.local/lib/python3.7/site-packages/airflow/example_dags/example_time_delta_sensor_async.py took 8.576 seconds
[2022-09-20T14:18:58.565+0000] {processor.py:156} INFO - Started process (PID=901) to work on /home/airflow/.local/lib/python3.7/site-packages/airflow/example_dags/example_time_delta_sensor_async.py
[2022-09-20T14:18:58.750+0000] {processor.py:758} INFO - Processing file /home/airflow/.local/lib/python3.7/site-packages/airflow/example_dags/example_time_delta_sensor_async.py for tasks to queue
[2022-09-20T14:18:58.751+0000] {logging_mixin.py:117} INFO - [2022-09-20T14:18:58.751+0000] {dagbag.py:525} INFO - Filling up the DagBag from /home/airflow/.local/lib/python3.7/site-packages/airflow/example_dags/example_time_delta_sensor_async.py
[2022-09-20T14:18:58.763+0000] {processor.py:768} INFO - DAG(s) dict_keys(['example_time_delta_sensor_async']) retrieved from /home/airflow/.local/lib/python3.7/site-packages/airflow/example_dags/example_time_delta_sensor_async.py
[2022-09-20T14:19:00.637+0000] {logging_mixin.py:117} INFO - [2022-09-20T14:19:00.636+0000] {dag.py:2573} INFO - Sync 1 DAGs
[2022-09-20T14:19:00.673+0000] {logging_mixin.py:117} INFO - [2022-09-20T14:19:00.673+0000] {dag.py:3328} INFO - Setting next_dagrun for example_time_delta_sensor_async to None, run_after=None
[2022-09-20T14:19:04.743+0000] {processor.py:178} INFO - Processing /home/airflow/.local/lib/python3.7/site-packages/airflow/example_dags/example_time_delta_sensor_async.py took 6.182 seconds
[2022-09-20T14:21:24.440+0000] {processor.py:156} INFO - Started process (PID=959) to work on /home/airflow/.local/lib/python3.7/site-packages/airflow/example_dags/example_time_delta_sensor_async.py
[2022-09-20T14:21:24.669+0000] {processor.py:758} INFO - Processing file /home/airflow/.local/lib/python3.7/site-packages/airflow/example_dags/example_time_delta_sensor_async.py for tasks to queue
[2022-09-20T14:21:24.670+0000] {logging_mixin.py:117} INFO - [2022-09-20T14:21:24.670+0000] {dagbag.py:525} INFO - Filling up the DagBag from /home/airflow/.local/lib/python3.7/site-packages/airflow/example_dags/example_time_delta_sensor_async.py
[2022-09-20T14:21:24.686+0000] {processor.py:768} INFO - DAG(s) dict_keys(['example_time_delta_sensor_async']) retrieved from /home/airflow/.local/lib/python3.7/site-packages/airflow/example_dags/example_time_delta_sensor_async.py
[2022-09-20T14:21:24.949+0000] {logging_mixin.py:117} INFO - [2022-09-20T14:21:24.949+0000] {dag.py:2573} INFO - Sync 1 DAGs
[2022-09-20T14:21:24.975+0000] {logging_mixin.py:117} INFO - [2022-09-20T14:21:24.975+0000] {dag.py:3328} INFO - Setting next_dagrun for example_time_delta_sensor_async to None, run_after=None
[2022-09-20T14:21:26.207+0000] {processor.py:178} INFO - Processing /home/airflow/.local/lib/python3.7/site-packages/airflow/example_dags/example_time_delta_sensor_async.py took 1.776 seconds
[2022-09-20T14:24:52.548+0000] {processor.py:156} INFO - Started process (PID=1047) to work on /home/airflow/.local/lib/python3.7/site-packages/airflow/example_dags/example_time_delta_sensor_async.py
[2022-09-20T14:24:52.775+0000] {processor.py:758} INFO - Processing file /home/airflow/.local/lib/python3.7/site-packages/airflow/example_dags/example_time_delta_sensor_async.py for tasks to queue
[2022-09-20T14:24:52.778+0000] {logging_mixin.py:117} INFO - [2022-09-20T14:24:52.777+0000] {dagbag.py:525} INFO - Filling up the DagBag from /home/airflow/.local/lib/python3.7/site-packages/airflow/example_dags/example_time_delta_sensor_async.py
[2022-09-20T14:24:52.798+0000] {processor.py:768} INFO - DAG(s) dict_keys(['example_time_delta_sensor_async']) retrieved from /home/airflow/.local/lib/python3.7/site-packages/airflow/example_dags/example_time_delta_sensor_async.py
[2022-09-20T14:24:53.027+0000] {logging_mixin.py:117} INFO - [2022-09-20T14:24:53.027+0000] {dag.py:2573} INFO - Sync 1 DAGs
[2022-09-20T14:24:53.051+0000] {logging_mixin.py:117} INFO - [2022-09-20T14:24:53.051+0000] {dag.py:3328} INFO - Setting next_dagrun for example_time_delta_sensor_async to None, run_after=None
[2022-09-20T14:24:53.347+0000] {processor.py:178} INFO - Processing /home/airflow/.local/lib/python3.7/site-packages/airflow/example_dags/example_time_delta_sensor_async.py took 0.804 seconds
[2022-09-20T14:25:25.543+0000] {processor.py:156} INFO - Started process (PID=1101) to work on /home/airflow/.local/lib/python3.7/site-packages/airflow/example_dags/example_time_delta_sensor_async.py
[2022-09-20T14:25:25.544+0000] {processor.py:758} INFO - Processing file /home/airflow/.local/lib/python3.7/site-packages/airflow/example_dags/example_time_delta_sensor_async.py for tasks to queue
[2022-09-20T14:25:25.545+0000] {logging_mixin.py:117} INFO - [2022-09-20T14:25:25.544+0000] {dagbag.py:525} INFO - Filling up the DagBag from /home/airflow/.local/lib/python3.7/site-packages/airflow/example_dags/example_time_delta_sensor_async.py
[2022-09-20T14:25:25.564+0000] {processor.py:768} INFO - DAG(s) dict_keys(['example_time_delta_sensor_async']) retrieved from /home/airflow/.local/lib/python3.7/site-packages/airflow/example_dags/example_time_delta_sensor_async.py
[2022-09-20T14:25:25.916+0000] {logging_mixin.py:117} INFO - [2022-09-20T14:25:25.915+0000] {dag.py:2573} INFO - Sync 1 DAGs
[2022-09-20T14:25:25.952+0000] {logging_mixin.py:117} INFO - [2022-09-20T14:25:25.952+0000] {dag.py:3328} INFO - Setting next_dagrun for example_time_delta_sensor_async to None, run_after=None
[2022-09-20T14:25:26.724+0000] {processor.py:178} INFO - Processing /home/airflow/.local/lib/python3.7/site-packages/airflow/example_dags/example_time_delta_sensor_async.py took 1.185 seconds
[2022-09-20T14:26:49.208+0000] {processor.py:156} INFO - Started process (PID=1146) to work on /home/airflow/.local/lib/python3.7/site-packages/airflow/example_dags/example_time_delta_sensor_async.py
[2022-09-20T14:26:49.478+0000] {processor.py:758} INFO - Processing file /home/airflow/.local/lib/python3.7/site-packages/airflow/example_dags/example_time_delta_sensor_async.py for tasks to queue
[2022-09-20T14:26:49.481+0000] {logging_mixin.py:117} INFO - [2022-09-20T14:26:49.480+0000] {dagbag.py:525} INFO - Filling up the DagBag from /home/airflow/.local/lib/python3.7/site-packages/airflow/example_dags/example_time_delta_sensor_async.py
[2022-09-20T14:26:49.510+0000] {processor.py:768} INFO - DAG(s) dict_keys(['example_time_delta_sensor_async']) retrieved from /home/airflow/.local/lib/python3.7/site-packages/airflow/example_dags/example_time_delta_sensor_async.py
[2022-09-20T14:26:49.730+0000] {logging_mixin.py:117} INFO - [2022-09-20T14:26:49.730+0000] {dag.py:2573} INFO - Sync 1 DAGs
[2022-09-20T14:26:49.754+0000] {logging_mixin.py:117} INFO - [2022-09-20T14:26:49.754+0000] {dag.py:3328} INFO - Setting next_dagrun for example_time_delta_sensor_async to None, run_after=None
[2022-09-20T14:26:56.280+0000] {processor.py:178} INFO - Processing /home/airflow/.local/lib/python3.7/site-packages/airflow/example_dags/example_time_delta_sensor_async.py took 6.110 seconds
[2022-09-20T14:31:37.970+0000] {processor.py:156} INFO - Started process (PID=1220) to work on /home/airflow/.local/lib/python3.7/site-packages/airflow/example_dags/example_time_delta_sensor_async.py
[2022-09-20T14:31:38.185+0000] {processor.py:758} INFO - Processing file /home/airflow/.local/lib/python3.7/site-packages/airflow/example_dags/example_time_delta_sensor_async.py for tasks to queue
[2022-09-20T14:31:38.187+0000] {logging_mixin.py:117} INFO - [2022-09-20T14:31:38.187+0000] {dagbag.py:525} INFO - Filling up the DagBag from /home/airflow/.local/lib/python3.7/site-packages/airflow/example_dags/example_time_delta_sensor_async.py
[2022-09-20T14:31:38.212+0000] {processor.py:768} INFO - DAG(s) dict_keys(['example_time_delta_sensor_async']) retrieved from /home/airflow/.local/lib/python3.7/site-packages/airflow/example_dags/example_time_delta_sensor_async.py
[2022-09-20T14:31:38.422+0000] {logging_mixin.py:117} INFO - [2022-09-20T14:31:38.422+0000] {dag.py:2573} INFO - Sync 1 DAGs
[2022-09-20T14:31:38.445+0000] {logging_mixin.py:117} INFO - [2022-09-20T14:31:38.444+0000] {dag.py:3328} INFO - Setting next_dagrun for example_time_delta_sensor_async to None, run_after=None
[2022-09-20T14:31:38.628+0000] {processor.py:178} INFO - Processing /home/airflow/.local/lib/python3.7/site-packages/airflow/example_dags/example_time_delta_sensor_async.py took 0.662 seconds
[2022-09-20T14:33:21.889+0000] {processor.py:156} INFO - Started process (PID=1288) to work on /home/airflow/.local/lib/python3.7/site-packages/airflow/example_dags/example_time_delta_sensor_async.py
[2022-09-20T14:33:22.551+0000] {processor.py:758} INFO - Processing file /home/airflow/.local/lib/python3.7/site-packages/airflow/example_dags/example_time_delta_sensor_async.py for tasks to queue
[2022-09-20T14:33:22.552+0000] {logging_mixin.py:117} INFO - [2022-09-20T14:33:22.551+0000] {dagbag.py:525} INFO - Filling up the DagBag from /home/airflow/.local/lib/python3.7/site-packages/airflow/example_dags/example_time_delta_sensor_async.py
[2022-09-20T14:33:22.565+0000] {processor.py:768} INFO - DAG(s) dict_keys(['example_time_delta_sensor_async']) retrieved from /home/airflow/.local/lib/python3.7/site-packages/airflow/example_dags/example_time_delta_sensor_async.py
[2022-09-20T14:33:22.777+0000] {logging_mixin.py:117} INFO - [2022-09-20T14:33:22.777+0000] {dag.py:2573} INFO - Sync 1 DAGs
[2022-09-20T14:33:22.802+0000] {logging_mixin.py:117} INFO - [2022-09-20T14:33:22.801+0000] {dag.py:3328} INFO - Setting next_dagrun for example_time_delta_sensor_async to None, run_after=None
[2022-09-20T14:33:24.048+0000] {processor.py:178} INFO - Processing /home/airflow/.local/lib/python3.7/site-packages/airflow/example_dags/example_time_delta_sensor_async.py took 2.164 seconds
[2022-09-20T17:10:51.512+0000] {processor.py:156} INFO - Started process (PID=149) to work on /home/airflow/.local/lib/python3.7/site-packages/airflow/example_dags/example_time_delta_sensor_async.py
[2022-09-20T17:10:51.538+0000] {processor.py:758} INFO - Processing file /home/airflow/.local/lib/python3.7/site-packages/airflow/example_dags/example_time_delta_sensor_async.py for tasks to queue
[2022-09-20T17:10:51.539+0000] {logging_mixin.py:117} INFO - [2022-09-20T17:10:51.539+0000] {dagbag.py:525} INFO - Filling up the DagBag from /home/airflow/.local/lib/python3.7/site-packages/airflow/example_dags/example_time_delta_sensor_async.py
[2022-09-20T17:10:51.861+0000] {processor.py:768} INFO - DAG(s) dict_keys(['example_time_delta_sensor_async']) retrieved from /home/airflow/.local/lib/python3.7/site-packages/airflow/example_dags/example_time_delta_sensor_async.py
[2022-09-20T17:11:33.184+0000] {logging_mixin.py:117} INFO - [2022-09-20T17:11:33.183+0000] {dag.py:2573} INFO - Sync 1 DAGs
[2022-09-20T17:11:33.265+0000] {logging_mixin.py:117} INFO - [2022-09-20T17:11:33.265+0000] {dag.py:3328} INFO - Setting next_dagrun for example_time_delta_sensor_async to None, run_after=None
[2022-09-20T17:11:34.137+0000] {processor.py:178} INFO - Processing /home/airflow/.local/lib/python3.7/site-packages/airflow/example_dags/example_time_delta_sensor_async.py took 42.633 seconds
[2022-09-20T17:12:11.644+0000] {processor.py:156} INFO - Started process (PID=237) to work on /home/airflow/.local/lib/python3.7/site-packages/airflow/example_dags/example_time_delta_sensor_async.py
[2022-09-20T17:12:11.774+0000] {processor.py:758} INFO - Processing file /home/airflow/.local/lib/python3.7/site-packages/airflow/example_dags/example_time_delta_sensor_async.py for tasks to queue
[2022-09-20T17:12:11.777+0000] {logging_mixin.py:117} INFO - [2022-09-20T17:12:11.776+0000] {dagbag.py:525} INFO - Filling up the DagBag from /home/airflow/.local/lib/python3.7/site-packages/airflow/example_dags/example_time_delta_sensor_async.py
[2022-09-20T17:12:12.018+0000] {processor.py:768} INFO - DAG(s) dict_keys(['example_time_delta_sensor_async']) retrieved from /home/airflow/.local/lib/python3.7/site-packages/airflow/example_dags/example_time_delta_sensor_async.py
[2022-09-20T17:12:15.359+0000] {logging_mixin.py:117} INFO - [2022-09-20T17:12:15.358+0000] {dag.py:2573} INFO - Sync 1 DAGs
[2022-09-20T17:12:15.458+0000] {logging_mixin.py:117} INFO - [2022-09-20T17:12:15.457+0000] {dag.py:3328} INFO - Setting next_dagrun for example_time_delta_sensor_async to None, run_after=None
[2022-09-20T17:12:16.427+0000] {processor.py:178} INFO - Processing /home/airflow/.local/lib/python3.7/site-packages/airflow/example_dags/example_time_delta_sensor_async.py took 5.064 seconds
[2022-09-20T17:12:57.642+0000] {processor.py:156} INFO - Started process (PID=297) to work on /home/airflow/.local/lib/python3.7/site-packages/airflow/example_dags/example_time_delta_sensor_async.py
[2022-09-20T17:12:57.679+0000] {processor.py:758} INFO - Processing file /home/airflow/.local/lib/python3.7/site-packages/airflow/example_dags/example_time_delta_sensor_async.py for tasks to queue
[2022-09-20T17:12:57.680+0000] {logging_mixin.py:117} INFO - [2022-09-20T17:12:57.680+0000] {dagbag.py:525} INFO - Filling up the DagBag from /home/airflow/.local/lib/python3.7/site-packages/airflow/example_dags/example_time_delta_sensor_async.py
[2022-09-20T17:12:57.696+0000] {processor.py:768} INFO - DAG(s) dict_keys(['example_time_delta_sensor_async']) retrieved from /home/airflow/.local/lib/python3.7/site-packages/airflow/example_dags/example_time_delta_sensor_async.py
[2022-09-20T17:12:57.971+0000] {logging_mixin.py:117} INFO - [2022-09-20T17:12:57.971+0000] {dag.py:2573} INFO - Sync 1 DAGs
[2022-09-20T17:12:58.002+0000] {logging_mixin.py:117} INFO - [2022-09-20T17:12:58.002+0000] {dag.py:3328} INFO - Setting next_dagrun for example_time_delta_sensor_async to None, run_after=None
[2022-09-20T17:13:02.598+0000] {processor.py:178} INFO - Processing /home/airflow/.local/lib/python3.7/site-packages/airflow/example_dags/example_time_delta_sensor_async.py took 4.959 seconds
[2022-09-20T17:13:46.336+0000] {processor.py:156} INFO - Started process (PID=356) to work on /home/airflow/.local/lib/python3.7/site-packages/airflow/example_dags/example_time_delta_sensor_async.py
[2022-09-20T17:13:46.635+0000] {processor.py:758} INFO - Processing file /home/airflow/.local/lib/python3.7/site-packages/airflow/example_dags/example_time_delta_sensor_async.py for tasks to queue
[2022-09-20T17:13:46.636+0000] {logging_mixin.py:117} INFO - [2022-09-20T17:13:46.636+0000] {dagbag.py:525} INFO - Filling up the DagBag from /home/airflow/.local/lib/python3.7/site-packages/airflow/example_dags/example_time_delta_sensor_async.py
[2022-09-20T17:13:46.651+0000] {processor.py:768} INFO - DAG(s) dict_keys(['example_time_delta_sensor_async']) retrieved from /home/airflow/.local/lib/python3.7/site-packages/airflow/example_dags/example_time_delta_sensor_async.py
[2022-09-20T17:13:46.920+0000] {logging_mixin.py:117} INFO - [2022-09-20T17:13:46.920+0000] {dag.py:2573} INFO - Sync 1 DAGs
[2022-09-20T17:13:46.947+0000] {logging_mixin.py:117} INFO - [2022-09-20T17:13:46.947+0000] {dag.py:3328} INFO - Setting next_dagrun for example_time_delta_sensor_async to None, run_after=None
[2022-09-20T17:13:48.770+0000] {processor.py:178} INFO - Processing /home/airflow/.local/lib/python3.7/site-packages/airflow/example_dags/example_time_delta_sensor_async.py took 2.442 seconds
[2022-09-20T17:14:21.856+0000] {processor.py:156} INFO - Started process (PID=413) to work on /home/airflow/.local/lib/python3.7/site-packages/airflow/example_dags/example_time_delta_sensor_async.py
[2022-09-20T17:14:22.549+0000] {processor.py:758} INFO - Processing file /home/airflow/.local/lib/python3.7/site-packages/airflow/example_dags/example_time_delta_sensor_async.py for tasks to queue
[2022-09-20T17:14:22.549+0000] {logging_mixin.py:117} INFO - [2022-09-20T17:14:22.549+0000] {dagbag.py:525} INFO - Filling up the DagBag from /home/airflow/.local/lib/python3.7/site-packages/airflow/example_dags/example_time_delta_sensor_async.py
[2022-09-20T17:14:22.586+0000] {processor.py:768} INFO - DAG(s) dict_keys(['example_time_delta_sensor_async']) retrieved from /home/airflow/.local/lib/python3.7/site-packages/airflow/example_dags/example_time_delta_sensor_async.py
[2022-09-20T17:14:23.847+0000] {logging_mixin.py:117} INFO - [2022-09-20T17:14:23.847+0000] {dag.py:2573} INFO - Sync 1 DAGs
[2022-09-20T17:14:23.877+0000] {logging_mixin.py:117} INFO - [2022-09-20T17:14:23.877+0000] {dag.py:3328} INFO - Setting next_dagrun for example_time_delta_sensor_async to None, run_after=None
[2022-09-20T17:14:24.750+0000] {processor.py:178} INFO - Processing /home/airflow/.local/lib/python3.7/site-packages/airflow/example_dags/example_time_delta_sensor_async.py took 2.899 seconds
[2022-09-20T17:15:09.762+0000] {processor.py:156} INFO - Started process (PID=469) to work on /home/airflow/.local/lib/python3.7/site-packages/airflow/example_dags/example_time_delta_sensor_async.py
[2022-09-20T17:15:09.990+0000] {processor.py:758} INFO - Processing file /home/airflow/.local/lib/python3.7/site-packages/airflow/example_dags/example_time_delta_sensor_async.py for tasks to queue
[2022-09-20T17:15:09.990+0000] {logging_mixin.py:117} INFO - [2022-09-20T17:15:09.990+0000] {dagbag.py:525} INFO - Filling up the DagBag from /home/airflow/.local/lib/python3.7/site-packages/airflow/example_dags/example_time_delta_sensor_async.py
[2022-09-20T17:15:10.007+0000] {processor.py:768} INFO - DAG(s) dict_keys(['example_time_delta_sensor_async']) retrieved from /home/airflow/.local/lib/python3.7/site-packages/airflow/example_dags/example_time_delta_sensor_async.py
[2022-09-20T17:15:10.320+0000] {logging_mixin.py:117} INFO - [2022-09-20T17:15:10.320+0000] {dag.py:2573} INFO - Sync 1 DAGs
[2022-09-20T17:15:10.357+0000] {logging_mixin.py:117} INFO - [2022-09-20T17:15:10.357+0000] {dag.py:3328} INFO - Setting next_dagrun for example_time_delta_sensor_async to None, run_after=None
[2022-09-20T17:15:12.002+0000] {processor.py:178} INFO - Processing /home/airflow/.local/lib/python3.7/site-packages/airflow/example_dags/example_time_delta_sensor_async.py took 2.245 seconds
[2022-09-20T17:15:44.012+0000] {processor.py:156} INFO - Started process (PID=524) to work on /home/airflow/.local/lib/python3.7/site-packages/airflow/example_dags/example_time_delta_sensor_async.py
[2022-09-20T17:15:44.174+0000] {processor.py:758} INFO - Processing file /home/airflow/.local/lib/python3.7/site-packages/airflow/example_dags/example_time_delta_sensor_async.py for tasks to queue
[2022-09-20T17:15:44.175+0000] {logging_mixin.py:117} INFO - [2022-09-20T17:15:44.174+0000] {dagbag.py:525} INFO - Filling up the DagBag from /home/airflow/.local/lib/python3.7/site-packages/airflow/example_dags/example_time_delta_sensor_async.py
[2022-09-20T17:15:44.189+0000] {processor.py:768} INFO - DAG(s) dict_keys(['example_time_delta_sensor_async']) retrieved from /home/airflow/.local/lib/python3.7/site-packages/airflow/example_dags/example_time_delta_sensor_async.py
[2022-09-20T17:15:44.473+0000] {logging_mixin.py:117} INFO - [2022-09-20T17:15:44.473+0000] {dag.py:2573} INFO - Sync 1 DAGs
[2022-09-20T17:15:44.501+0000] {logging_mixin.py:117} INFO - [2022-09-20T17:15:44.501+0000] {dag.py:3328} INFO - Setting next_dagrun for example_time_delta_sensor_async to None, run_after=None
[2022-09-20T17:15:45.121+0000] {processor.py:178} INFO - Processing /home/airflow/.local/lib/python3.7/site-packages/airflow/example_dags/example_time_delta_sensor_async.py took 1.116 seconds
[2022-09-20T17:16:23.804+0000] {processor.py:156} INFO - Started process (PID=579) to work on /home/airflow/.local/lib/python3.7/site-packages/airflow/example_dags/example_time_delta_sensor_async.py
[2022-09-20T17:16:23.861+0000] {processor.py:758} INFO - Processing file /home/airflow/.local/lib/python3.7/site-packages/airflow/example_dags/example_time_delta_sensor_async.py for tasks to queue
[2022-09-20T17:16:23.863+0000] {logging_mixin.py:117} INFO - [2022-09-20T17:16:23.863+0000] {dagbag.py:525} INFO - Filling up the DagBag from /home/airflow/.local/lib/python3.7/site-packages/airflow/example_dags/example_time_delta_sensor_async.py
[2022-09-20T17:16:23.918+0000] {processor.py:768} INFO - DAG(s) dict_keys(['example_time_delta_sensor_async']) retrieved from /home/airflow/.local/lib/python3.7/site-packages/airflow/example_dags/example_time_delta_sensor_async.py
[2022-09-20T17:16:24.171+0000] {logging_mixin.py:117} INFO - [2022-09-20T17:16:24.170+0000] {dag.py:2573} INFO - Sync 1 DAGs
[2022-09-20T17:16:24.200+0000] {logging_mixin.py:117} INFO - [2022-09-20T17:16:24.200+0000] {dag.py:3328} INFO - Setting next_dagrun for example_time_delta_sensor_async to None, run_after=None
[2022-09-20T17:16:24.626+0000] {processor.py:178} INFO - Processing /home/airflow/.local/lib/python3.7/site-packages/airflow/example_dags/example_time_delta_sensor_async.py took 0.836 seconds
[2022-09-20T17:17:02.845+0000] {processor.py:156} INFO - Started process (PID=639) to work on /home/airflow/.local/lib/python3.7/site-packages/airflow/example_dags/example_time_delta_sensor_async.py
[2022-09-20T17:17:02.926+0000] {processor.py:758} INFO - Processing file /home/airflow/.local/lib/python3.7/site-packages/airflow/example_dags/example_time_delta_sensor_async.py for tasks to queue
[2022-09-20T17:17:02.927+0000] {logging_mixin.py:117} INFO - [2022-09-20T17:17:02.927+0000] {dagbag.py:525} INFO - Filling up the DagBag from /home/airflow/.local/lib/python3.7/site-packages/airflow/example_dags/example_time_delta_sensor_async.py
[2022-09-20T17:17:02.968+0000] {processor.py:768} INFO - DAG(s) dict_keys(['example_time_delta_sensor_async']) retrieved from /home/airflow/.local/lib/python3.7/site-packages/airflow/example_dags/example_time_delta_sensor_async.py
[2022-09-20T17:17:03.617+0000] {logging_mixin.py:117} INFO - [2022-09-20T17:17:03.617+0000] {dag.py:2573} INFO - Sync 1 DAGs
[2022-09-20T17:17:03.664+0000] {logging_mixin.py:117} INFO - [2022-09-20T17:17:03.664+0000] {dag.py:3328} INFO - Setting next_dagrun for example_time_delta_sensor_async to None, run_after=None
[2022-09-20T17:17:03.842+0000] {processor.py:178} INFO - Processing /home/airflow/.local/lib/python3.7/site-packages/airflow/example_dags/example_time_delta_sensor_async.py took 1.004 seconds
[2022-09-20T17:17:34.241+0000] {processor.py:156} INFO - Started process (PID=693) to work on /home/airflow/.local/lib/python3.7/site-packages/airflow/example_dags/example_time_delta_sensor_async.py
[2022-09-20T17:17:34.325+0000] {processor.py:758} INFO - Processing file /home/airflow/.local/lib/python3.7/site-packages/airflow/example_dags/example_time_delta_sensor_async.py for tasks to queue
[2022-09-20T17:17:34.327+0000] {logging_mixin.py:117} INFO - [2022-09-20T17:17:34.326+0000] {dagbag.py:525} INFO - Filling up the DagBag from /home/airflow/.local/lib/python3.7/site-packages/airflow/example_dags/example_time_delta_sensor_async.py
[2022-09-20T17:17:34.355+0000] {processor.py:768} INFO - DAG(s) dict_keys(['example_time_delta_sensor_async']) retrieved from /home/airflow/.local/lib/python3.7/site-packages/airflow/example_dags/example_time_delta_sensor_async.py
[2022-09-20T17:17:34.796+0000] {logging_mixin.py:117} INFO - [2022-09-20T17:17:34.796+0000] {dag.py:2573} INFO - Sync 1 DAGs
[2022-09-20T17:17:34.841+0000] {logging_mixin.py:117} INFO - [2022-09-20T17:17:34.841+0000] {dag.py:3328} INFO - Setting next_dagrun for example_time_delta_sensor_async to None, run_after=None
[2022-09-20T17:17:34.989+0000] {processor.py:178} INFO - Processing /home/airflow/.local/lib/python3.7/site-packages/airflow/example_dags/example_time_delta_sensor_async.py took 0.759 seconds
[2022-09-20T17:18:13.414+0000] {processor.py:156} INFO - Started process (PID=751) to work on /home/airflow/.local/lib/python3.7/site-packages/airflow/example_dags/example_time_delta_sensor_async.py
[2022-09-20T17:18:13.586+0000] {processor.py:758} INFO - Processing file /home/airflow/.local/lib/python3.7/site-packages/airflow/example_dags/example_time_delta_sensor_async.py for tasks to queue
[2022-09-20T17:18:13.588+0000] {logging_mixin.py:117} INFO - [2022-09-20T17:18:13.588+0000] {dagbag.py:525} INFO - Filling up the DagBag from /home/airflow/.local/lib/python3.7/site-packages/airflow/example_dags/example_time_delta_sensor_async.py
[2022-09-20T17:18:13.624+0000] {processor.py:768} INFO - DAG(s) dict_keys(['example_time_delta_sensor_async']) retrieved from /home/airflow/.local/lib/python3.7/site-packages/airflow/example_dags/example_time_delta_sensor_async.py
[2022-09-20T17:18:13.986+0000] {logging_mixin.py:117} INFO - [2022-09-20T17:18:13.986+0000] {dag.py:2573} INFO - Sync 1 DAGs
[2022-09-20T17:18:14.018+0000] {logging_mixin.py:117} INFO - [2022-09-20T17:18:14.018+0000] {dag.py:3328} INFO - Setting next_dagrun for example_time_delta_sensor_async to None, run_after=None
[2022-09-20T17:18:14.663+0000] {processor.py:178} INFO - Processing /home/airflow/.local/lib/python3.7/site-packages/airflow/example_dags/example_time_delta_sensor_async.py took 1.254 seconds
[2022-09-20T17:18:50.611+0000] {processor.py:156} INFO - Started process (PID=805) to work on /home/airflow/.local/lib/python3.7/site-packages/airflow/example_dags/example_time_delta_sensor_async.py
[2022-09-20T17:18:50.832+0000] {processor.py:758} INFO - Processing file /home/airflow/.local/lib/python3.7/site-packages/airflow/example_dags/example_time_delta_sensor_async.py for tasks to queue
[2022-09-20T17:18:50.836+0000] {logging_mixin.py:117} INFO - [2022-09-20T17:18:50.835+0000] {dagbag.py:525} INFO - Filling up the DagBag from /home/airflow/.local/lib/python3.7/site-packages/airflow/example_dags/example_time_delta_sensor_async.py
[2022-09-20T17:18:50.892+0000] {processor.py:768} INFO - DAG(s) dict_keys(['example_time_delta_sensor_async']) retrieved from /home/airflow/.local/lib/python3.7/site-packages/airflow/example_dags/example_time_delta_sensor_async.py
[2022-09-20T17:18:50.939+0000] {logging_mixin.py:117} INFO - [2022-09-20T17:18:50.938+0000] {dag.py:2573} INFO - Sync 1 DAGs
[2022-09-20T17:18:50.979+0000] {logging_mixin.py:117} INFO - [2022-09-20T17:18:50.979+0000] {dag.py:3328} INFO - Setting next_dagrun for example_time_delta_sensor_async to None, run_after=None
[2022-09-20T17:18:51.555+0000] {processor.py:178} INFO - Processing /home/airflow/.local/lib/python3.7/site-packages/airflow/example_dags/example_time_delta_sensor_async.py took 0.948 seconds
[2022-09-20T17:19:23.091+0000] {processor.py:156} INFO - Started process (PID=859) to work on /home/airflow/.local/lib/python3.7/site-packages/airflow/example_dags/example_time_delta_sensor_async.py
[2022-09-20T17:19:23.203+0000] {processor.py:758} INFO - Processing file /home/airflow/.local/lib/python3.7/site-packages/airflow/example_dags/example_time_delta_sensor_async.py for tasks to queue
[2022-09-20T17:19:23.205+0000] {logging_mixin.py:117} INFO - [2022-09-20T17:19:23.204+0000] {dagbag.py:525} INFO - Filling up the DagBag from /home/airflow/.local/lib/python3.7/site-packages/airflow/example_dags/example_time_delta_sensor_async.py
[2022-09-20T17:19:23.247+0000] {processor.py:768} INFO - DAG(s) dict_keys(['example_time_delta_sensor_async']) retrieved from /home/airflow/.local/lib/python3.7/site-packages/airflow/example_dags/example_time_delta_sensor_async.py
[2022-09-20T17:19:24.010+0000] {logging_mixin.py:117} INFO - [2022-09-20T17:19:24.009+0000] {dag.py:2573} INFO - Sync 1 DAGs
[2022-09-20T17:19:24.064+0000] {logging_mixin.py:117} INFO - [2022-09-20T17:19:24.064+0000] {dag.py:3328} INFO - Setting next_dagrun for example_time_delta_sensor_async to None, run_after=None
[2022-09-20T17:19:24.731+0000] {processor.py:178} INFO - Processing /home/airflow/.local/lib/python3.7/site-packages/airflow/example_dags/example_time_delta_sensor_async.py took 1.645 seconds
