[2022-09-20T13:53:10.156+0000] {processor.py:156} INFO - Started process (PID=126) to work on /home/airflow/.local/lib/python3.7/site-packages/airflow/example_dags/example_latest_only_with_trigger.py
[2022-09-20T13:53:10.158+0000] {processor.py:758} INFO - Processing file /home/airflow/.local/lib/python3.7/site-packages/airflow/example_dags/example_latest_only_with_trigger.py for tasks to queue
[2022-09-20T13:53:10.159+0000] {logging_mixin.py:117} INFO - [2022-09-20T13:53:10.159+0000] {dagbag.py:525} INFO - Filling up the DagBag from /home/airflow/.local/lib/python3.7/site-packages/airflow/example_dags/example_latest_only_with_trigger.py
[2022-09-20T13:53:10.198+0000] {processor.py:768} INFO - DAG(s) dict_keys(['latest_only_with_trigger']) retrieved from /home/airflow/.local/lib/python3.7/site-packages/airflow/example_dags/example_latest_only_with_trigger.py
[2022-09-20T14:00:37.635+0000] {processor.py:156} INFO - Started process (PID=180) to work on /home/airflow/.local/lib/python3.7/site-packages/airflow/example_dags/example_latest_only_with_trigger.py
[2022-09-20T14:00:37.986+0000] {processor.py:758} INFO - Processing file /home/airflow/.local/lib/python3.7/site-packages/airflow/example_dags/example_latest_only_with_trigger.py for tasks to queue
[2022-09-20T14:00:37.989+0000] {logging_mixin.py:117} INFO - [2022-09-20T14:00:37.989+0000] {dagbag.py:525} INFO - Filling up the DagBag from /home/airflow/.local/lib/python3.7/site-packages/airflow/example_dags/example_latest_only_with_trigger.py
[2022-09-20T14:00:38.051+0000] {processor.py:768} INFO - DAG(s) dict_keys(['latest_only_with_trigger']) retrieved from /home/airflow/.local/lib/python3.7/site-packages/airflow/example_dags/example_latest_only_with_trigger.py
[2022-09-20T14:00:38.171+0000] {logging_mixin.py:117} INFO - [2022-09-20T14:00:38.171+0000] {dag.py:2573} INFO - Sync 1 DAGs
[2022-09-20T14:00:38.202+0000] {logging_mixin.py:117} INFO - [2022-09-20T14:00:38.202+0000] {dag.py:2594} INFO - Creating ORM DAG for latest_only_with_trigger
[2022-09-20T14:00:38.225+0000] {logging_mixin.py:117} INFO - [2022-09-20T14:00:38.225+0000] {dag.py:3328} INFO - Setting next_dagrun for latest_only_with_trigger to 2022-09-20T10:00:38.224734+00:00, run_after=2022-09-20T14:00:38.224734+00:00
[2022-09-20T14:01:10.415+0000] {processor.py:178} INFO - Processing /home/airflow/.local/lib/python3.7/site-packages/airflow/example_dags/example_latest_only_with_trigger.py took 29.799 seconds
[2022-09-20T14:04:35.587+0000] {processor.py:156} INFO - Started process (PID=251) to work on /home/airflow/.local/lib/python3.7/site-packages/airflow/example_dags/example_latest_only_with_trigger.py
[2022-09-20T14:04:35.877+0000] {processor.py:758} INFO - Processing file /home/airflow/.local/lib/python3.7/site-packages/airflow/example_dags/example_latest_only_with_trigger.py for tasks to queue
[2022-09-20T14:04:35.879+0000] {logging_mixin.py:117} INFO - [2022-09-20T14:04:35.879+0000] {dagbag.py:525} INFO - Filling up the DagBag from /home/airflow/.local/lib/python3.7/site-packages/airflow/example_dags/example_latest_only_with_trigger.py
[2022-09-20T14:04:35.930+0000] {processor.py:768} INFO - DAG(s) dict_keys(['latest_only_with_trigger']) retrieved from /home/airflow/.local/lib/python3.7/site-packages/airflow/example_dags/example_latest_only_with_trigger.py
[2022-09-20T14:04:35.988+0000] {logging_mixin.py:117} INFO - [2022-09-20T14:04:35.988+0000] {dag.py:2573} INFO - Sync 1 DAGs
[2022-09-20T14:04:36.019+0000] {logging_mixin.py:117} INFO - [2022-09-20T14:04:36.019+0000] {dag.py:3328} INFO - Setting next_dagrun for latest_only_with_trigger to 2022-09-20T10:04:36.018811+00:00, run_after=2022-09-20T14:04:36.018811+00:00
[2022-09-20T14:04:36.759+0000] {processor.py:178} INFO - Processing /home/airflow/.local/lib/python3.7/site-packages/airflow/example_dags/example_latest_only_with_trigger.py took 1.187 seconds
[2022-09-20T14:06:13.028+0000] {processor.py:156} INFO - Started process (PID=313) to work on /home/airflow/.local/lib/python3.7/site-packages/airflow/example_dags/example_latest_only_with_trigger.py
[2022-09-20T14:06:13.779+0000] {processor.py:758} INFO - Processing file /home/airflow/.local/lib/python3.7/site-packages/airflow/example_dags/example_latest_only_with_trigger.py for tasks to queue
[2022-09-20T14:06:13.780+0000] {logging_mixin.py:117} INFO - [2022-09-20T14:06:13.780+0000] {dagbag.py:525} INFO - Filling up the DagBag from /home/airflow/.local/lib/python3.7/site-packages/airflow/example_dags/example_latest_only_with_trigger.py
[2022-09-20T14:06:13.801+0000] {processor.py:768} INFO - DAG(s) dict_keys(['latest_only_with_trigger']) retrieved from /home/airflow/.local/lib/python3.7/site-packages/airflow/example_dags/example_latest_only_with_trigger.py
[2022-09-20T14:06:13.853+0000] {logging_mixin.py:117} INFO - [2022-09-20T14:06:13.853+0000] {dag.py:2573} INFO - Sync 1 DAGs
[2022-09-20T14:06:13.877+0000] {logging_mixin.py:117} INFO - [2022-09-20T14:06:13.877+0000] {dag.py:3328} INFO - Setting next_dagrun for latest_only_with_trigger to 2022-09-20T10:06:13.877387+00:00, run_after=2022-09-20T14:06:13.877387+00:00
[2022-09-20T14:06:15.279+0000] {processor.py:178} INFO - Processing /home/airflow/.local/lib/python3.7/site-packages/airflow/example_dags/example_latest_only_with_trigger.py took 2.254 seconds
[2022-09-20T14:07:26.220+0000] {processor.py:156} INFO - Started process (PID=384) to work on /home/airflow/.local/lib/python3.7/site-packages/airflow/example_dags/example_latest_only_with_trigger.py
[2022-09-20T14:07:26.824+0000] {processor.py:758} INFO - Processing file /home/airflow/.local/lib/python3.7/site-packages/airflow/example_dags/example_latest_only_with_trigger.py for tasks to queue
[2022-09-20T14:07:26.825+0000] {logging_mixin.py:117} INFO - [2022-09-20T14:07:26.825+0000] {dagbag.py:525} INFO - Filling up the DagBag from /home/airflow/.local/lib/python3.7/site-packages/airflow/example_dags/example_latest_only_with_trigger.py
[2022-09-20T14:07:26.838+0000] {processor.py:768} INFO - DAG(s) dict_keys(['latest_only_with_trigger']) retrieved from /home/airflow/.local/lib/python3.7/site-packages/airflow/example_dags/example_latest_only_with_trigger.py
[2022-09-20T14:07:26.876+0000] {logging_mixin.py:117} INFO - [2022-09-20T14:07:26.876+0000] {dag.py:2573} INFO - Sync 1 DAGs
[2022-09-20T14:07:26.903+0000] {logging_mixin.py:117} INFO - [2022-09-20T14:07:26.903+0000] {dag.py:3328} INFO - Setting next_dagrun for latest_only_with_trigger to 2022-09-20T10:07:26.902812+00:00, run_after=2022-09-20T14:07:26.902812+00:00
[2022-09-20T14:07:28.340+0000] {processor.py:178} INFO - Processing /home/airflow/.local/lib/python3.7/site-packages/airflow/example_dags/example_latest_only_with_trigger.py took 2.123 seconds
[2022-09-20T14:07:59.859+0000] {processor.py:156} INFO - Started process (PID=435) to work on /home/airflow/.local/lib/python3.7/site-packages/airflow/example_dags/example_latest_only_with_trigger.py
[2022-09-20T14:07:59.975+0000] {processor.py:758} INFO - Processing file /home/airflow/.local/lib/python3.7/site-packages/airflow/example_dags/example_latest_only_with_trigger.py for tasks to queue
[2022-09-20T14:07:59.976+0000] {logging_mixin.py:117} INFO - [2022-09-20T14:07:59.976+0000] {dagbag.py:525} INFO - Filling up the DagBag from /home/airflow/.local/lib/python3.7/site-packages/airflow/example_dags/example_latest_only_with_trigger.py
[2022-09-20T14:07:59.993+0000] {processor.py:768} INFO - DAG(s) dict_keys(['latest_only_with_trigger']) retrieved from /home/airflow/.local/lib/python3.7/site-packages/airflow/example_dags/example_latest_only_with_trigger.py
[2022-09-20T14:08:00.043+0000] {logging_mixin.py:117} INFO - [2022-09-20T14:08:00.043+0000] {dag.py:2573} INFO - Sync 1 DAGs
[2022-09-20T14:08:00.072+0000] {logging_mixin.py:117} INFO - [2022-09-20T14:08:00.072+0000] {dag.py:3328} INFO - Setting next_dagrun for latest_only_with_trigger to 2022-09-20T10:08:00.072157+00:00, run_after=2022-09-20T14:08:00.072157+00:00
[2022-09-20T14:08:01.349+0000] {processor.py:178} INFO - Processing /home/airflow/.local/lib/python3.7/site-packages/airflow/example_dags/example_latest_only_with_trigger.py took 1.493 seconds
[2022-09-20T14:08:58.009+0000] {processor.py:156} INFO - Started process (PID=493) to work on /home/airflow/.local/lib/python3.7/site-packages/airflow/example_dags/example_latest_only_with_trigger.py
[2022-09-20T14:08:58.297+0000] {processor.py:758} INFO - Processing file /home/airflow/.local/lib/python3.7/site-packages/airflow/example_dags/example_latest_only_with_trigger.py for tasks to queue
[2022-09-20T14:08:58.300+0000] {logging_mixin.py:117} INFO - [2022-09-20T14:08:58.299+0000] {dagbag.py:525} INFO - Filling up the DagBag from /home/airflow/.local/lib/python3.7/site-packages/airflow/example_dags/example_latest_only_with_trigger.py
[2022-09-20T14:08:58.343+0000] {processor.py:768} INFO - DAG(s) dict_keys(['latest_only_with_trigger']) retrieved from /home/airflow/.local/lib/python3.7/site-packages/airflow/example_dags/example_latest_only_with_trigger.py
[2022-09-20T14:08:58.394+0000] {logging_mixin.py:117} INFO - [2022-09-20T14:08:58.394+0000] {dag.py:2573} INFO - Sync 1 DAGs
[2022-09-20T14:08:58.419+0000] {logging_mixin.py:117} INFO - [2022-09-20T14:08:58.419+0000] {dag.py:3328} INFO - Setting next_dagrun for latest_only_with_trigger to 2022-09-20T10:08:58.419330+00:00, run_after=2022-09-20T14:08:58.419330+00:00
[2022-09-20T14:08:59.433+0000] {processor.py:178} INFO - Processing /home/airflow/.local/lib/python3.7/site-packages/airflow/example_dags/example_latest_only_with_trigger.py took 1.427 seconds
[2022-09-20T14:11:21.463+0000] {processor.py:156} INFO - Started process (PID=553) to work on /home/airflow/.local/lib/python3.7/site-packages/airflow/example_dags/example_latest_only_with_trigger.py
[2022-09-20T14:11:21.856+0000] {processor.py:758} INFO - Processing file /home/airflow/.local/lib/python3.7/site-packages/airflow/example_dags/example_latest_only_with_trigger.py for tasks to queue
[2022-09-20T14:11:21.859+0000] {logging_mixin.py:117} INFO - [2022-09-20T14:11:21.858+0000] {dagbag.py:525} INFO - Filling up the DagBag from /home/airflow/.local/lib/python3.7/site-packages/airflow/example_dags/example_latest_only_with_trigger.py
[2022-09-20T14:11:21.900+0000] {processor.py:768} INFO - DAG(s) dict_keys(['latest_only_with_trigger']) retrieved from /home/airflow/.local/lib/python3.7/site-packages/airflow/example_dags/example_latest_only_with_trigger.py
[2022-09-20T14:11:21.943+0000] {logging_mixin.py:117} INFO - [2022-09-20T14:11:21.943+0000] {dag.py:2573} INFO - Sync 1 DAGs
[2022-09-20T14:11:21.967+0000] {logging_mixin.py:117} INFO - [2022-09-20T14:11:21.967+0000] {dag.py:3328} INFO - Setting next_dagrun for latest_only_with_trigger to 2022-09-20T10:11:21.967218+00:00, run_after=2022-09-20T14:11:21.967218+00:00
[2022-09-20T14:11:22.706+0000] {processor.py:178} INFO - Processing /home/airflow/.local/lib/python3.7/site-packages/airflow/example_dags/example_latest_only_with_trigger.py took 1.248 seconds
[2022-09-20T14:12:30.543+0000] {processor.py:156} INFO - Started process (PID=612) to work on /home/airflow/.local/lib/python3.7/site-packages/airflow/example_dags/example_latest_only_with_trigger.py
[2022-09-20T14:12:30.923+0000] {processor.py:758} INFO - Processing file /home/airflow/.local/lib/python3.7/site-packages/airflow/example_dags/example_latest_only_with_trigger.py for tasks to queue
[2022-09-20T14:12:30.924+0000] {logging_mixin.py:117} INFO - [2022-09-20T14:12:30.924+0000] {dagbag.py:525} INFO - Filling up the DagBag from /home/airflow/.local/lib/python3.7/site-packages/airflow/example_dags/example_latest_only_with_trigger.py
[2022-09-20T14:12:30.937+0000] {processor.py:768} INFO - DAG(s) dict_keys(['latest_only_with_trigger']) retrieved from /home/airflow/.local/lib/python3.7/site-packages/airflow/example_dags/example_latest_only_with_trigger.py
[2022-09-20T14:12:30.976+0000] {logging_mixin.py:117} INFO - [2022-09-20T14:12:30.976+0000] {dag.py:2573} INFO - Sync 1 DAGs
[2022-09-20T14:12:31.001+0000] {logging_mixin.py:117} INFO - [2022-09-20T14:12:31.001+0000] {dag.py:3328} INFO - Setting next_dagrun for latest_only_with_trigger to 2022-09-20T10:12:31.001511+00:00, run_after=2022-09-20T14:12:31.001511+00:00
[2022-09-20T14:12:31.856+0000] {processor.py:178} INFO - Processing /home/airflow/.local/lib/python3.7/site-packages/airflow/example_dags/example_latest_only_with_trigger.py took 1.318 seconds
[2022-09-20T14:14:16.864+0000] {processor.py:156} INFO - Started process (PID=672) to work on /home/airflow/.local/lib/python3.7/site-packages/airflow/example_dags/example_latest_only_with_trigger.py
[2022-09-20T14:14:17.098+0000] {processor.py:758} INFO - Processing file /home/airflow/.local/lib/python3.7/site-packages/airflow/example_dags/example_latest_only_with_trigger.py for tasks to queue
[2022-09-20T14:14:17.099+0000] {logging_mixin.py:117} INFO - [2022-09-20T14:14:17.099+0000] {dagbag.py:525} INFO - Filling up the DagBag from /home/airflow/.local/lib/python3.7/site-packages/airflow/example_dags/example_latest_only_with_trigger.py
[2022-09-20T14:14:17.116+0000] {processor.py:768} INFO - DAG(s) dict_keys(['latest_only_with_trigger']) retrieved from /home/airflow/.local/lib/python3.7/site-packages/airflow/example_dags/example_latest_only_with_trigger.py
[2022-09-20T14:14:17.164+0000] {logging_mixin.py:117} INFO - [2022-09-20T14:14:17.164+0000] {dag.py:2573} INFO - Sync 1 DAGs
[2022-09-20T14:14:17.204+0000] {logging_mixin.py:117} INFO - [2022-09-20T14:14:17.204+0000] {dag.py:3328} INFO - Setting next_dagrun for latest_only_with_trigger to 2022-09-20T10:14:17.203772+00:00, run_after=2022-09-20T14:14:17.203772+00:00
[2022-09-20T14:14:17.380+0000] {processor.py:178} INFO - Processing /home/airflow/.local/lib/python3.7/site-packages/airflow/example_dags/example_latest_only_with_trigger.py took 0.520 seconds
[2022-09-20T14:15:01.122+0000] {processor.py:156} INFO - Started process (PID=718) to work on /home/airflow/.local/lib/python3.7/site-packages/airflow/example_dags/example_latest_only_with_trigger.py
[2022-09-20T14:15:01.212+0000] {processor.py:758} INFO - Processing file /home/airflow/.local/lib/python3.7/site-packages/airflow/example_dags/example_latest_only_with_trigger.py for tasks to queue
[2022-09-20T14:15:01.215+0000] {logging_mixin.py:117} INFO - [2022-09-20T14:15:01.214+0000] {dagbag.py:525} INFO - Filling up the DagBag from /home/airflow/.local/lib/python3.7/site-packages/airflow/example_dags/example_latest_only_with_trigger.py
[2022-09-20T14:15:01.254+0000] {processor.py:768} INFO - DAG(s) dict_keys(['latest_only_with_trigger']) retrieved from /home/airflow/.local/lib/python3.7/site-packages/airflow/example_dags/example_latest_only_with_trigger.py
[2022-09-20T14:15:01.298+0000] {logging_mixin.py:117} INFO - [2022-09-20T14:15:01.297+0000] {dag.py:2573} INFO - Sync 1 DAGs
[2022-09-20T14:15:01.323+0000] {logging_mixin.py:117} INFO - [2022-09-20T14:15:01.323+0000] {dag.py:3328} INFO - Setting next_dagrun for latest_only_with_trigger to 2022-09-20T10:15:01.322831+00:00, run_after=2022-09-20T14:15:01.322831+00:00
[2022-09-20T14:15:02.001+0000] {processor.py:178} INFO - Processing /home/airflow/.local/lib/python3.7/site-packages/airflow/example_dags/example_latest_only_with_trigger.py took 0.886 seconds
[2022-09-20T14:16:25.023+0000] {processor.py:156} INFO - Started process (PID=784) to work on /home/airflow/.local/lib/python3.7/site-packages/airflow/example_dags/example_latest_only_with_trigger.py
[2022-09-20T14:16:25.175+0000] {processor.py:758} INFO - Processing file /home/airflow/.local/lib/python3.7/site-packages/airflow/example_dags/example_latest_only_with_trigger.py for tasks to queue
[2022-09-20T14:16:25.177+0000] {logging_mixin.py:117} INFO - [2022-09-20T14:16:25.177+0000] {dagbag.py:525} INFO - Filling up the DagBag from /home/airflow/.local/lib/python3.7/site-packages/airflow/example_dags/example_latest_only_with_trigger.py
[2022-09-20T14:16:25.209+0000] {processor.py:768} INFO - DAG(s) dict_keys(['latest_only_with_trigger']) retrieved from /home/airflow/.local/lib/python3.7/site-packages/airflow/example_dags/example_latest_only_with_trigger.py
[2022-09-20T14:16:25.250+0000] {logging_mixin.py:117} INFO - [2022-09-20T14:16:25.249+0000] {dag.py:2573} INFO - Sync 1 DAGs
[2022-09-20T14:16:25.272+0000] {logging_mixin.py:117} INFO - [2022-09-20T14:16:25.272+0000] {dag.py:3328} INFO - Setting next_dagrun for latest_only_with_trigger to 2022-09-20T10:16:25.272336+00:00, run_after=2022-09-20T14:16:25.272336+00:00
[2022-09-20T14:16:25.697+0000] {processor.py:178} INFO - Processing /home/airflow/.local/lib/python3.7/site-packages/airflow/example_dags/example_latest_only_with_trigger.py took 0.677 seconds
[2022-09-20T14:18:00.402+0000] {processor.py:156} INFO - Started process (PID=871) to work on /home/airflow/.local/lib/python3.7/site-packages/airflow/example_dags/example_latest_only_with_trigger.py
[2022-09-20T14:18:00.560+0000] {processor.py:758} INFO - Processing file /home/airflow/.local/lib/python3.7/site-packages/airflow/example_dags/example_latest_only_with_trigger.py for tasks to queue
[2022-09-20T14:18:00.561+0000] {logging_mixin.py:117} INFO - [2022-09-20T14:18:00.561+0000] {dagbag.py:525} INFO - Filling up the DagBag from /home/airflow/.local/lib/python3.7/site-packages/airflow/example_dags/example_latest_only_with_trigger.py
[2022-09-20T14:18:00.585+0000] {processor.py:768} INFO - DAG(s) dict_keys(['latest_only_with_trigger']) retrieved from /home/airflow/.local/lib/python3.7/site-packages/airflow/example_dags/example_latest_only_with_trigger.py
[2022-09-20T14:18:00.626+0000] {logging_mixin.py:117} INFO - [2022-09-20T14:18:00.626+0000] {dag.py:2573} INFO - Sync 1 DAGs
[2022-09-20T14:18:00.650+0000] {logging_mixin.py:117} INFO - [2022-09-20T14:18:00.650+0000] {dag.py:3328} INFO - Setting next_dagrun for latest_only_with_trigger to 2022-09-20T10:18:00.650569+00:00, run_after=2022-09-20T14:18:00.650569+00:00
[2022-09-20T14:18:00.964+0000] {processor.py:178} INFO - Processing /home/airflow/.local/lib/python3.7/site-packages/airflow/example_dags/example_latest_only_with_trigger.py took 0.565 seconds
[2022-09-20T14:19:09.666+0000] {processor.py:156} INFO - Started process (PID=918) to work on /home/airflow/.local/lib/python3.7/site-packages/airflow/example_dags/example_latest_only_with_trigger.py
[2022-09-20T14:19:09.849+0000] {processor.py:758} INFO - Processing file /home/airflow/.local/lib/python3.7/site-packages/airflow/example_dags/example_latest_only_with_trigger.py for tasks to queue
[2022-09-20T14:19:09.852+0000] {logging_mixin.py:117} INFO - [2022-09-20T14:19:09.852+0000] {dagbag.py:525} INFO - Filling up the DagBag from /home/airflow/.local/lib/python3.7/site-packages/airflow/example_dags/example_latest_only_with_trigger.py
[2022-09-20T14:19:09.888+0000] {processor.py:768} INFO - DAG(s) dict_keys(['latest_only_with_trigger']) retrieved from /home/airflow/.local/lib/python3.7/site-packages/airflow/example_dags/example_latest_only_with_trigger.py
[2022-09-20T14:19:09.934+0000] {logging_mixin.py:117} INFO - [2022-09-20T14:19:09.934+0000] {dag.py:2573} INFO - Sync 1 DAGs
[2022-09-20T14:19:09.958+0000] {logging_mixin.py:117} INFO - [2022-09-20T14:19:09.958+0000] {dag.py:3328} INFO - Setting next_dagrun for latest_only_with_trigger to 2022-09-20T10:19:09.958057+00:00, run_after=2022-09-20T14:19:09.958057+00:00
[2022-09-20T14:19:13.025+0000] {processor.py:178} INFO - Processing /home/airflow/.local/lib/python3.7/site-packages/airflow/example_dags/example_latest_only_with_trigger.py took 3.361 seconds
[2022-09-20T14:21:29.423+0000] {processor.py:156} INFO - Started process (PID=975) to work on /home/airflow/.local/lib/python3.7/site-packages/airflow/example_dags/example_latest_only_with_trigger.py
[2022-09-20T14:21:29.619+0000] {processor.py:758} INFO - Processing file /home/airflow/.local/lib/python3.7/site-packages/airflow/example_dags/example_latest_only_with_trigger.py for tasks to queue
[2022-09-20T14:21:29.622+0000] {logging_mixin.py:117} INFO - [2022-09-20T14:21:29.621+0000] {dagbag.py:525} INFO - Filling up the DagBag from /home/airflow/.local/lib/python3.7/site-packages/airflow/example_dags/example_latest_only_with_trigger.py
[2022-09-20T14:21:29.666+0000] {processor.py:768} INFO - DAG(s) dict_keys(['latest_only_with_trigger']) retrieved from /home/airflow/.local/lib/python3.7/site-packages/airflow/example_dags/example_latest_only_with_trigger.py
[2022-09-20T14:21:29.707+0000] {logging_mixin.py:117} INFO - [2022-09-20T14:21:29.707+0000] {dag.py:2573} INFO - Sync 1 DAGs
[2022-09-20T14:21:29.732+0000] {logging_mixin.py:117} INFO - [2022-09-20T14:21:29.732+0000] {dag.py:3328} INFO - Setting next_dagrun for latest_only_with_trigger to 2022-09-20T10:21:29.732451+00:00, run_after=2022-09-20T14:21:29.732451+00:00
[2022-09-20T14:21:37.798+0000] {processor.py:178} INFO - Processing /home/airflow/.local/lib/python3.7/site-packages/airflow/example_dags/example_latest_only_with_trigger.py took 5.378 seconds
[2022-09-20T14:24:55.584+0000] {processor.py:156} INFO - Started process (PID=1054) to work on /home/airflow/.local/lib/python3.7/site-packages/airflow/example_dags/example_latest_only_with_trigger.py
[2022-09-20T14:24:55.698+0000] {processor.py:758} INFO - Processing file /home/airflow/.local/lib/python3.7/site-packages/airflow/example_dags/example_latest_only_with_trigger.py for tasks to queue
[2022-09-20T14:24:55.698+0000] {logging_mixin.py:117} INFO - [2022-09-20T14:24:55.698+0000] {dagbag.py:525} INFO - Filling up the DagBag from /home/airflow/.local/lib/python3.7/site-packages/airflow/example_dags/example_latest_only_with_trigger.py
[2022-09-20T14:24:55.712+0000] {processor.py:768} INFO - DAG(s) dict_keys(['latest_only_with_trigger']) retrieved from /home/airflow/.local/lib/python3.7/site-packages/airflow/example_dags/example_latest_only_with_trigger.py
[2022-09-20T14:24:55.752+0000] {logging_mixin.py:117} INFO - [2022-09-20T14:24:55.751+0000] {dag.py:2573} INFO - Sync 1 DAGs
[2022-09-20T14:24:55.777+0000] {logging_mixin.py:117} INFO - [2022-09-20T14:24:55.777+0000] {dag.py:3328} INFO - Setting next_dagrun for latest_only_with_trigger to 2022-09-20T10:24:55.777057+00:00, run_after=2022-09-20T14:24:55.777057+00:00
[2022-09-20T14:24:56.446+0000] {processor.py:178} INFO - Processing /home/airflow/.local/lib/python3.7/site-packages/airflow/example_dags/example_latest_only_with_trigger.py took 0.865 seconds
[2022-09-20T14:25:31.991+0000] {processor.py:156} INFO - Started process (PID=1109) to work on /home/airflow/.local/lib/python3.7/site-packages/airflow/example_dags/example_latest_only_with_trigger.py
[2022-09-20T14:25:32.161+0000] {processor.py:758} INFO - Processing file /home/airflow/.local/lib/python3.7/site-packages/airflow/example_dags/example_latest_only_with_trigger.py for tasks to queue
[2022-09-20T14:25:32.164+0000] {logging_mixin.py:117} INFO - [2022-09-20T14:25:32.163+0000] {dagbag.py:525} INFO - Filling up the DagBag from /home/airflow/.local/lib/python3.7/site-packages/airflow/example_dags/example_latest_only_with_trigger.py
[2022-09-20T14:25:32.198+0000] {processor.py:768} INFO - DAG(s) dict_keys(['latest_only_with_trigger']) retrieved from /home/airflow/.local/lib/python3.7/site-packages/airflow/example_dags/example_latest_only_with_trigger.py
[2022-09-20T14:25:32.246+0000] {logging_mixin.py:117} INFO - [2022-09-20T14:25:32.246+0000] {dag.py:2573} INFO - Sync 1 DAGs
[2022-09-20T14:25:32.272+0000] {logging_mixin.py:117} INFO - [2022-09-20T14:25:32.272+0000] {dag.py:3328} INFO - Setting next_dagrun for latest_only_with_trigger to 2022-09-20T10:25:32.272505+00:00, run_after=2022-09-20T14:25:32.272505+00:00
[2022-09-20T14:25:32.599+0000] {processor.py:178} INFO - Processing /home/airflow/.local/lib/python3.7/site-packages/airflow/example_dags/example_latest_only_with_trigger.py took 0.612 seconds
[2022-09-20T14:28:32.969+0000] {processor.py:156} INFO - Started process (PID=1184) to work on /home/airflow/.local/lib/python3.7/site-packages/airflow/example_dags/example_latest_only_with_trigger.py
[2022-09-20T14:28:33.265+0000] {processor.py:758} INFO - Processing file /home/airflow/.local/lib/python3.7/site-packages/airflow/example_dags/example_latest_only_with_trigger.py for tasks to queue
[2022-09-20T14:28:33.266+0000] {logging_mixin.py:117} INFO - [2022-09-20T14:28:33.266+0000] {dagbag.py:525} INFO - Filling up the DagBag from /home/airflow/.local/lib/python3.7/site-packages/airflow/example_dags/example_latest_only_with_trigger.py
[2022-09-20T14:28:33.279+0000] {processor.py:768} INFO - DAG(s) dict_keys(['latest_only_with_trigger']) retrieved from /home/airflow/.local/lib/python3.7/site-packages/airflow/example_dags/example_latest_only_with_trigger.py
[2022-09-20T14:28:33.326+0000] {logging_mixin.py:117} INFO - [2022-09-20T14:28:33.325+0000] {dag.py:2573} INFO - Sync 1 DAGs
[2022-09-20T14:28:33.355+0000] {logging_mixin.py:117} INFO - [2022-09-20T14:28:33.355+0000] {dag.py:3328} INFO - Setting next_dagrun for latest_only_with_trigger to 2022-09-20T10:28:33.355132+00:00, run_after=2022-09-20T14:28:33.355132+00:00
[2022-09-20T14:28:34.292+0000] {processor.py:178} INFO - Processing /home/airflow/.local/lib/python3.7/site-packages/airflow/example_dags/example_latest_only_with_trigger.py took 1.326 seconds
[2022-09-20T14:31:43.105+0000] {processor.py:156} INFO - Started process (PID=1230) to work on /home/airflow/.local/lib/python3.7/site-packages/airflow/example_dags/example_latest_only_with_trigger.py
[2022-09-20T14:31:43.443+0000] {processor.py:758} INFO - Processing file /home/airflow/.local/lib/python3.7/site-packages/airflow/example_dags/example_latest_only_with_trigger.py for tasks to queue
[2022-09-20T14:31:43.445+0000] {logging_mixin.py:117} INFO - [2022-09-20T14:31:43.444+0000] {dagbag.py:525} INFO - Filling up the DagBag from /home/airflow/.local/lib/python3.7/site-packages/airflow/example_dags/example_latest_only_with_trigger.py
[2022-09-20T14:31:43.484+0000] {processor.py:768} INFO - DAG(s) dict_keys(['latest_only_with_trigger']) retrieved from /home/airflow/.local/lib/python3.7/site-packages/airflow/example_dags/example_latest_only_with_trigger.py
[2022-09-20T14:31:43.524+0000] {logging_mixin.py:117} INFO - [2022-09-20T14:31:43.524+0000] {dag.py:2573} INFO - Sync 1 DAGs
[2022-09-20T14:31:43.549+0000] {logging_mixin.py:117} INFO - [2022-09-20T14:31:43.549+0000] {dag.py:3328} INFO - Setting next_dagrun for latest_only_with_trigger to 2022-09-20T10:31:43.549117+00:00, run_after=2022-09-20T14:31:43.549117+00:00
[2022-09-20T14:31:46.882+0000] {processor.py:178} INFO - Processing /home/airflow/.local/lib/python3.7/site-packages/airflow/example_dags/example_latest_only_with_trigger.py took 3.780 seconds
[2022-09-20T14:33:30.159+0000] {processor.py:156} INFO - Started process (PID=1295) to work on /home/airflow/.local/lib/python3.7/site-packages/airflow/example_dags/example_latest_only_with_trigger.py
[2022-09-20T14:33:30.556+0000] {processor.py:758} INFO - Processing file /home/airflow/.local/lib/python3.7/site-packages/airflow/example_dags/example_latest_only_with_trigger.py for tasks to queue
[2022-09-20T14:33:30.557+0000] {logging_mixin.py:117} INFO - [2022-09-20T14:33:30.557+0000] {dagbag.py:525} INFO - Filling up the DagBag from /home/airflow/.local/lib/python3.7/site-packages/airflow/example_dags/example_latest_only_with_trigger.py
[2022-09-20T14:33:30.576+0000] {processor.py:768} INFO - DAG(s) dict_keys(['latest_only_with_trigger']) retrieved from /home/airflow/.local/lib/python3.7/site-packages/airflow/example_dags/example_latest_only_with_trigger.py
[2022-09-20T14:33:30.627+0000] {logging_mixin.py:117} INFO - [2022-09-20T14:33:30.627+0000] {dag.py:2573} INFO - Sync 1 DAGs
[2022-09-20T14:33:30.652+0000] {logging_mixin.py:117} INFO - [2022-09-20T14:33:30.652+0000] {dag.py:3328} INFO - Setting next_dagrun for latest_only_with_trigger to 2022-09-20T10:33:30.651982+00:00, run_after=2022-09-20T14:33:30.651982+00:00
[2022-09-20T14:33:31.804+0000] {processor.py:178} INFO - Processing /home/airflow/.local/lib/python3.7/site-packages/airflow/example_dags/example_latest_only_with_trigger.py took 1.650 seconds
[2022-09-20T17:10:57.919+0000] {processor.py:156} INFO - Started process (PID=165) to work on /home/airflow/.local/lib/python3.7/site-packages/airflow/example_dags/example_latest_only_with_trigger.py
[2022-09-20T17:10:58.224+0000] {processor.py:758} INFO - Processing file /home/airflow/.local/lib/python3.7/site-packages/airflow/example_dags/example_latest_only_with_trigger.py for tasks to queue
[2022-09-20T17:10:58.227+0000] {logging_mixin.py:117} INFO - [2022-09-20T17:10:58.227+0000] {dagbag.py:525} INFO - Filling up the DagBag from /home/airflow/.local/lib/python3.7/site-packages/airflow/example_dags/example_latest_only_with_trigger.py
[2022-09-20T17:10:58.282+0000] {processor.py:768} INFO - DAG(s) dict_keys(['latest_only_with_trigger']) retrieved from /home/airflow/.local/lib/python3.7/site-packages/airflow/example_dags/example_latest_only_with_trigger.py
[2022-09-20T17:10:58.564+0000] {logging_mixin.py:117} INFO - [2022-09-20T17:10:58.564+0000] {dag.py:2573} INFO - Sync 1 DAGs
[2022-09-20T17:10:58.630+0000] {logging_mixin.py:117} INFO - [2022-09-20T17:10:58.629+0000] {dag.py:3328} INFO - Setting next_dagrun for latest_only_with_trigger to 2022-09-20T13:10:58.629403+00:00, run_after=2022-09-20T17:10:58.629403+00:00
[2022-09-20T17:10:58.972+0000] {processor.py:178} INFO - Processing /home/airflow/.local/lib/python3.7/site-packages/airflow/example_dags/example_latest_only_with_trigger.py took 1.062 seconds
[2022-09-20T17:12:10.372+0000] {processor.py:156} INFO - Started process (PID=235) to work on /home/airflow/.local/lib/python3.7/site-packages/airflow/example_dags/example_latest_only_with_trigger.py
[2022-09-20T17:12:10.483+0000] {processor.py:758} INFO - Processing file /home/airflow/.local/lib/python3.7/site-packages/airflow/example_dags/example_latest_only_with_trigger.py for tasks to queue
[2022-09-20T17:12:10.484+0000] {logging_mixin.py:117} INFO - [2022-09-20T17:12:10.484+0000] {dagbag.py:525} INFO - Filling up the DagBag from /home/airflow/.local/lib/python3.7/site-packages/airflow/example_dags/example_latest_only_with_trigger.py
[2022-09-20T17:12:10.706+0000] {processor.py:768} INFO - DAG(s) dict_keys(['latest_only_with_trigger']) retrieved from /home/airflow/.local/lib/python3.7/site-packages/airflow/example_dags/example_latest_only_with_trigger.py
[2022-09-20T17:12:10.750+0000] {logging_mixin.py:117} INFO - [2022-09-20T17:12:10.749+0000] {dag.py:2573} INFO - Sync 1 DAGs
[2022-09-20T17:12:10.782+0000] {logging_mixin.py:117} INFO - [2022-09-20T17:12:10.782+0000] {dag.py:3328} INFO - Setting next_dagrun for latest_only_with_trigger to 2022-09-20T13:12:10.781882+00:00, run_after=2022-09-20T17:12:10.781882+00:00
[2022-09-20T17:12:11.617+0000] {processor.py:178} INFO - Processing /home/airflow/.local/lib/python3.7/site-packages/airflow/example_dags/example_latest_only_with_trigger.py took 1.251 seconds
[2022-09-20T17:12:49.736+0000] {processor.py:156} INFO - Started process (PID=289) to work on /home/airflow/.local/lib/python3.7/site-packages/airflow/example_dags/example_latest_only_with_trigger.py
[2022-09-20T17:12:50.101+0000] {processor.py:758} INFO - Processing file /home/airflow/.local/lib/python3.7/site-packages/airflow/example_dags/example_latest_only_with_trigger.py for tasks to queue
[2022-09-20T17:12:50.103+0000] {logging_mixin.py:117} INFO - [2022-09-20T17:12:50.103+0000] {dagbag.py:525} INFO - Filling up the DagBag from /home/airflow/.local/lib/python3.7/site-packages/airflow/example_dags/example_latest_only_with_trigger.py
[2022-09-20T17:12:50.156+0000] {processor.py:768} INFO - DAG(s) dict_keys(['latest_only_with_trigger']) retrieved from /home/airflow/.local/lib/python3.7/site-packages/airflow/example_dags/example_latest_only_with_trigger.py
[2022-09-20T17:12:50.293+0000] {logging_mixin.py:117} INFO - [2022-09-20T17:12:50.292+0000] {dag.py:2573} INFO - Sync 1 DAGs
[2022-09-20T17:12:50.353+0000] {logging_mixin.py:117} INFO - [2022-09-20T17:12:50.353+0000] {dag.py:3328} INFO - Setting next_dagrun for latest_only_with_trigger to 2022-09-20T13:12:50.353021+00:00, run_after=2022-09-20T17:12:50.353021+00:00
[2022-09-20T17:12:52.588+0000] {processor.py:178} INFO - Processing /home/airflow/.local/lib/python3.7/site-packages/airflow/example_dags/example_latest_only_with_trigger.py took 2.857 seconds
[2022-09-20T17:13:37.976+0000] {processor.py:156} INFO - Started process (PID=346) to work on /home/airflow/.local/lib/python3.7/site-packages/airflow/example_dags/example_latest_only_with_trigger.py
[2022-09-20T17:13:38.120+0000] {processor.py:758} INFO - Processing file /home/airflow/.local/lib/python3.7/site-packages/airflow/example_dags/example_latest_only_with_trigger.py for tasks to queue
[2022-09-20T17:13:38.123+0000] {logging_mixin.py:117} INFO - [2022-09-20T17:13:38.122+0000] {dagbag.py:525} INFO - Filling up the DagBag from /home/airflow/.local/lib/python3.7/site-packages/airflow/example_dags/example_latest_only_with_trigger.py
[2022-09-20T17:13:38.180+0000] {processor.py:768} INFO - DAG(s) dict_keys(['latest_only_with_trigger']) retrieved from /home/airflow/.local/lib/python3.7/site-packages/airflow/example_dags/example_latest_only_with_trigger.py
[2022-09-20T17:13:38.585+0000] {logging_mixin.py:117} INFO - [2022-09-20T17:13:38.584+0000] {dag.py:2573} INFO - Sync 1 DAGs
[2022-09-20T17:13:38.638+0000] {logging_mixin.py:117} INFO - [2022-09-20T17:13:38.638+0000] {dag.py:3328} INFO - Setting next_dagrun for latest_only_with_trigger to 2022-09-20T13:13:38.637692+00:00, run_after=2022-09-20T17:13:38.637692+00:00
[2022-09-20T17:13:39.260+0000] {processor.py:178} INFO - Processing /home/airflow/.local/lib/python3.7/site-packages/airflow/example_dags/example_latest_only_with_trigger.py took 1.300 seconds
[2022-09-20T17:14:09.872+0000] {processor.py:156} INFO - Started process (PID=400) to work on /home/airflow/.local/lib/python3.7/site-packages/airflow/example_dags/example_latest_only_with_trigger.py
[2022-09-20T17:14:09.873+0000] {processor.py:758} INFO - Processing file /home/airflow/.local/lib/python3.7/site-packages/airflow/example_dags/example_latest_only_with_trigger.py for tasks to queue
[2022-09-20T17:14:09.874+0000] {logging_mixin.py:117} INFO - [2022-09-20T17:14:09.874+0000] {dagbag.py:525} INFO - Filling up the DagBag from /home/airflow/.local/lib/python3.7/site-packages/airflow/example_dags/example_latest_only_with_trigger.py
[2022-09-20T17:14:09.894+0000] {processor.py:768} INFO - DAG(s) dict_keys(['latest_only_with_trigger']) retrieved from /home/airflow/.local/lib/python3.7/site-packages/airflow/example_dags/example_latest_only_with_trigger.py
[2022-09-20T17:14:09.949+0000] {logging_mixin.py:117} INFO - [2022-09-20T17:14:09.949+0000] {dag.py:2573} INFO - Sync 1 DAGs
[2022-09-20T17:14:09.986+0000] {logging_mixin.py:117} INFO - [2022-09-20T17:14:09.986+0000] {dag.py:3328} INFO - Setting next_dagrun for latest_only_with_trigger to 2022-09-20T13:14:09.986303+00:00, run_after=2022-09-20T17:14:09.986303+00:00
[2022-09-20T17:14:10.644+0000] {processor.py:178} INFO - Processing /home/airflow/.local/lib/python3.7/site-packages/airflow/example_dags/example_latest_only_with_trigger.py took 0.776 seconds
[2022-09-20T17:15:00.324+0000] {processor.py:156} INFO - Started process (PID=462) to work on /home/airflow/.local/lib/python3.7/site-packages/airflow/example_dags/example_latest_only_with_trigger.py
[2022-09-20T17:15:00.526+0000] {processor.py:758} INFO - Processing file /home/airflow/.local/lib/python3.7/site-packages/airflow/example_dags/example_latest_only_with_trigger.py for tasks to queue
[2022-09-20T17:15:00.527+0000] {logging_mixin.py:117} INFO - [2022-09-20T17:15:00.527+0000] {dagbag.py:525} INFO - Filling up the DagBag from /home/airflow/.local/lib/python3.7/site-packages/airflow/example_dags/example_latest_only_with_trigger.py
[2022-09-20T17:15:00.573+0000] {processor.py:768} INFO - DAG(s) dict_keys(['latest_only_with_trigger']) retrieved from /home/airflow/.local/lib/python3.7/site-packages/airflow/example_dags/example_latest_only_with_trigger.py
[2022-09-20T17:15:00.663+0000] {logging_mixin.py:117} INFO - [2022-09-20T17:15:00.663+0000] {dag.py:2573} INFO - Sync 1 DAGs
[2022-09-20T17:15:00.703+0000] {logging_mixin.py:117} INFO - [2022-09-20T17:15:00.703+0000] {dag.py:3328} INFO - Setting next_dagrun for latest_only_with_trigger to 2022-09-20T13:15:00.703458+00:00, run_after=2022-09-20T17:15:00.703458+00:00
[2022-09-20T17:15:01.689+0000] {processor.py:178} INFO - Processing /home/airflow/.local/lib/python3.7/site-packages/airflow/example_dags/example_latest_only_with_trigger.py took 1.371 seconds
[2022-09-20T17:15:34.171+0000] {processor.py:156} INFO - Started process (PID=514) to work on /home/airflow/.local/lib/python3.7/site-packages/airflow/example_dags/example_latest_only_with_trigger.py
[2022-09-20T17:15:34.324+0000] {processor.py:758} INFO - Processing file /home/airflow/.local/lib/python3.7/site-packages/airflow/example_dags/example_latest_only_with_trigger.py for tasks to queue
[2022-09-20T17:15:34.325+0000] {logging_mixin.py:117} INFO - [2022-09-20T17:15:34.325+0000] {dagbag.py:525} INFO - Filling up the DagBag from /home/airflow/.local/lib/python3.7/site-packages/airflow/example_dags/example_latest_only_with_trigger.py
[2022-09-20T17:15:34.344+0000] {processor.py:768} INFO - DAG(s) dict_keys(['latest_only_with_trigger']) retrieved from /home/airflow/.local/lib/python3.7/site-packages/airflow/example_dags/example_latest_only_with_trigger.py
[2022-09-20T17:15:34.393+0000] {logging_mixin.py:117} INFO - [2022-09-20T17:15:34.393+0000] {dag.py:2573} INFO - Sync 1 DAGs
[2022-09-20T17:15:34.423+0000] {logging_mixin.py:117} INFO - [2022-09-20T17:15:34.423+0000] {dag.py:3328} INFO - Setting next_dagrun for latest_only_with_trigger to 2022-09-20T13:15:34.422942+00:00, run_after=2022-09-20T17:15:34.422942+00:00
[2022-09-20T17:15:35.105+0000] {processor.py:178} INFO - Processing /home/airflow/.local/lib/python3.7/site-packages/airflow/example_dags/example_latest_only_with_trigger.py took 0.938 seconds
[2022-09-20T17:16:15.399+0000] {processor.py:156} INFO - Started process (PID=571) to work on /home/airflow/.local/lib/python3.7/site-packages/airflow/example_dags/example_latest_only_with_trigger.py
[2022-09-20T17:16:16.183+0000] {processor.py:758} INFO - Processing file /home/airflow/.local/lib/python3.7/site-packages/airflow/example_dags/example_latest_only_with_trigger.py for tasks to queue
[2022-09-20T17:16:16.185+0000] {logging_mixin.py:117} INFO - [2022-09-20T17:16:16.185+0000] {dagbag.py:525} INFO - Filling up the DagBag from /home/airflow/.local/lib/python3.7/site-packages/airflow/example_dags/example_latest_only_with_trigger.py
[2022-09-20T17:16:16.215+0000] {processor.py:768} INFO - DAG(s) dict_keys(['latest_only_with_trigger']) retrieved from /home/airflow/.local/lib/python3.7/site-packages/airflow/example_dags/example_latest_only_with_trigger.py
[2022-09-20T17:16:16.739+0000] {logging_mixin.py:117} INFO - [2022-09-20T17:16:16.738+0000] {dag.py:2573} INFO - Sync 1 DAGs
[2022-09-20T17:16:16.793+0000] {logging_mixin.py:117} INFO - [2022-09-20T17:16:16.791+0000] {dag.py:3328} INFO - Setting next_dagrun for latest_only_with_trigger to 2022-09-20T13:16:16.790445+00:00, run_after=2022-09-20T17:16:16.790445+00:00
[2022-09-20T17:16:17.779+0000] {processor.py:178} INFO - Processing /home/airflow/.local/lib/python3.7/site-packages/airflow/example_dags/example_latest_only_with_trigger.py took 2.384 seconds
[2022-09-20T17:16:48.795+0000] {processor.py:156} INFO - Started process (PID=616) to work on /home/airflow/.local/lib/python3.7/site-packages/airflow/example_dags/example_latest_only_with_trigger.py
[2022-09-20T17:16:50.832+0000] {processor.py:758} INFO - Processing file /home/airflow/.local/lib/python3.7/site-packages/airflow/example_dags/example_latest_only_with_trigger.py for tasks to queue
[2022-09-20T17:16:50.833+0000] {logging_mixin.py:117} INFO - [2022-09-20T17:16:50.833+0000] {dagbag.py:525} INFO - Filling up the DagBag from /home/airflow/.local/lib/python3.7/site-packages/airflow/example_dags/example_latest_only_with_trigger.py
[2022-09-20T17:16:50.852+0000] {processor.py:768} INFO - DAG(s) dict_keys(['latest_only_with_trigger']) retrieved from /home/airflow/.local/lib/python3.7/site-packages/airflow/example_dags/example_latest_only_with_trigger.py
[2022-09-20T17:16:51.252+0000] {logging_mixin.py:117} INFO - [2022-09-20T17:16:51.252+0000] {dag.py:2573} INFO - Sync 1 DAGs
[2022-09-20T17:16:51.683+0000] {logging_mixin.py:117} INFO - [2022-09-20T17:16:51.683+0000] {dag.py:3328} INFO - Setting next_dagrun for latest_only_with_trigger to 2022-09-20T13:16:51.683175+00:00, run_after=2022-09-20T17:16:51.683175+00:00
[2022-09-20T17:16:53.261+0000] {processor.py:178} INFO - Processing /home/airflow/.local/lib/python3.7/site-packages/airflow/example_dags/example_latest_only_with_trigger.py took 4.473 seconds
[2022-09-20T17:17:23.876+0000] {processor.py:156} INFO - Started process (PID=670) to work on /home/airflow/.local/lib/python3.7/site-packages/airflow/example_dags/example_latest_only_with_trigger.py
[2022-09-20T17:17:23.934+0000] {processor.py:758} INFO - Processing file /home/airflow/.local/lib/python3.7/site-packages/airflow/example_dags/example_latest_only_with_trigger.py for tasks to queue
[2022-09-20T17:17:23.935+0000] {logging_mixin.py:117} INFO - [2022-09-20T17:17:23.935+0000] {dagbag.py:525} INFO - Filling up the DagBag from /home/airflow/.local/lib/python3.7/site-packages/airflow/example_dags/example_latest_only_with_trigger.py
[2022-09-20T17:17:23.960+0000] {processor.py:768} INFO - DAG(s) dict_keys(['latest_only_with_trigger']) retrieved from /home/airflow/.local/lib/python3.7/site-packages/airflow/example_dags/example_latest_only_with_trigger.py
[2022-09-20T17:17:24.036+0000] {logging_mixin.py:117} INFO - [2022-09-20T17:17:24.036+0000] {dag.py:2573} INFO - Sync 1 DAGs
[2022-09-20T17:17:24.079+0000] {logging_mixin.py:117} INFO - [2022-09-20T17:17:24.078+0000] {dag.py:3328} INFO - Setting next_dagrun for latest_only_with_trigger to 2022-09-20T13:17:24.078650+00:00, run_after=2022-09-20T17:17:24.078650+00:00
[2022-09-20T17:17:24.206+0000] {processor.py:178} INFO - Processing /home/airflow/.local/lib/python3.7/site-packages/airflow/example_dags/example_latest_only_with_trigger.py took 0.335 seconds
[2022-09-20T17:17:54.464+0000] {processor.py:156} INFO - Started process (PID=724) to work on /home/airflow/.local/lib/python3.7/site-packages/airflow/example_dags/example_latest_only_with_trigger.py
[2022-09-20T17:17:55.204+0000] {processor.py:758} INFO - Processing file /home/airflow/.local/lib/python3.7/site-packages/airflow/example_dags/example_latest_only_with_trigger.py for tasks to queue
[2022-09-20T17:17:55.207+0000] {logging_mixin.py:117} INFO - [2022-09-20T17:17:55.207+0000] {dagbag.py:525} INFO - Filling up the DagBag from /home/airflow/.local/lib/python3.7/site-packages/airflow/example_dags/example_latest_only_with_trigger.py
[2022-09-20T17:17:55.262+0000] {processor.py:768} INFO - DAG(s) dict_keys(['latest_only_with_trigger']) retrieved from /home/airflow/.local/lib/python3.7/site-packages/airflow/example_dags/example_latest_only_with_trigger.py
[2022-09-20T17:17:55.341+0000] {logging_mixin.py:117} INFO - [2022-09-20T17:17:55.340+0000] {dag.py:2573} INFO - Sync 1 DAGs
[2022-09-20T17:17:55.396+0000] {logging_mixin.py:117} INFO - [2022-09-20T17:17:55.396+0000] {dag.py:3328} INFO - Setting next_dagrun for latest_only_with_trigger to 2022-09-20T13:17:55.395582+00:00, run_after=2022-09-20T17:17:55.395582+00:00
[2022-09-20T17:17:56.146+0000] {processor.py:178} INFO - Processing /home/airflow/.local/lib/python3.7/site-packages/airflow/example_dags/example_latest_only_with_trigger.py took 1.689 seconds
[2022-09-20T17:18:26.460+0000] {processor.py:156} INFO - Started process (PID=778) to work on /home/airflow/.local/lib/python3.7/site-packages/airflow/example_dags/example_latest_only_with_trigger.py
[2022-09-20T17:18:26.505+0000] {processor.py:758} INFO - Processing file /home/airflow/.local/lib/python3.7/site-packages/airflow/example_dags/example_latest_only_with_trigger.py for tasks to queue
[2022-09-20T17:18:26.507+0000] {logging_mixin.py:117} INFO - [2022-09-20T17:18:26.507+0000] {dagbag.py:525} INFO - Filling up the DagBag from /home/airflow/.local/lib/python3.7/site-packages/airflow/example_dags/example_latest_only_with_trigger.py
[2022-09-20T17:18:26.537+0000] {processor.py:768} INFO - DAG(s) dict_keys(['latest_only_with_trigger']) retrieved from /home/airflow/.local/lib/python3.7/site-packages/airflow/example_dags/example_latest_only_with_trigger.py
[2022-09-20T17:18:27.219+0000] {logging_mixin.py:117} INFO - [2022-09-20T17:18:27.214+0000] {manager.py:508} INFO - Created Permission View: can edit on DAG:latest_only_with_trigger
[2022-09-20T17:18:27.348+0000] {logging_mixin.py:117} INFO - [2022-09-20T17:18:27.348+0000] {manager.py:508} INFO - Created Permission View: can read on DAG:latest_only_with_trigger
[2022-09-20T17:18:27.488+0000] {logging_mixin.py:117} INFO - [2022-09-20T17:18:27.486+0000] {manager.py:508} INFO - Created Permission View: can delete on DAG:latest_only_with_trigger
[2022-09-20T17:18:27.489+0000] {logging_mixin.py:117} INFO - [2022-09-20T17:18:27.488+0000] {dag.py:2573} INFO - Sync 1 DAGs
[2022-09-20T17:18:27.749+0000] {logging_mixin.py:117} INFO - [2022-09-20T17:18:27.748+0000] {dag.py:3328} INFO - Setting next_dagrun for latest_only_with_trigger to 2022-09-20T13:18:27.747567+00:00, run_after=2022-09-20T17:18:27.747567+00:00
[2022-09-20T17:18:28.084+0000] {processor.py:178} INFO - Processing /home/airflow/.local/lib/python3.7/site-packages/airflow/example_dags/example_latest_only_with_trigger.py took 1.630 seconds
[2022-09-20T17:18:58.345+0000] {processor.py:156} INFO - Started process (PID=832) to work on /home/airflow/.local/lib/python3.7/site-packages/airflow/example_dags/example_latest_only_with_trigger.py
[2022-09-20T17:18:58.883+0000] {processor.py:758} INFO - Processing file /home/airflow/.local/lib/python3.7/site-packages/airflow/example_dags/example_latest_only_with_trigger.py for tasks to queue
[2022-09-20T17:18:58.885+0000] {logging_mixin.py:117} INFO - [2022-09-20T17:18:58.884+0000] {dagbag.py:525} INFO - Filling up the DagBag from /home/airflow/.local/lib/python3.7/site-packages/airflow/example_dags/example_latest_only_with_trigger.py
[2022-09-20T17:18:58.961+0000] {processor.py:768} INFO - DAG(s) dict_keys(['latest_only_with_trigger']) retrieved from /home/airflow/.local/lib/python3.7/site-packages/airflow/example_dags/example_latest_only_with_trigger.py
[2022-09-20T17:18:59.138+0000] {logging_mixin.py:117} INFO - [2022-09-20T17:18:59.138+0000] {dag.py:2573} INFO - Sync 1 DAGs
[2022-09-20T17:18:59.235+0000] {logging_mixin.py:117} INFO - [2022-09-20T17:18:59.235+0000] {dag.py:3328} INFO - Setting next_dagrun for latest_only_with_trigger to 2022-09-20T13:18:59.234839+00:00, run_after=2022-09-20T17:18:59.234839+00:00
[2022-09-20T17:18:59.864+0000] {processor.py:178} INFO - Processing /home/airflow/.local/lib/python3.7/site-packages/airflow/example_dags/example_latest_only_with_trigger.py took 1.525 seconds
[2022-09-20T17:19:55.206+0000] {processor.py:156} INFO - Started process (PID=890) to work on /home/airflow/.local/lib/python3.7/site-packages/airflow/example_dags/example_latest_only_with_trigger.py
[2022-09-20T17:19:56.028+0000] {processor.py:758} INFO - Processing file /home/airflow/.local/lib/python3.7/site-packages/airflow/example_dags/example_latest_only_with_trigger.py for tasks to queue
[2022-09-20T17:19:56.030+0000] {logging_mixin.py:117} INFO - [2022-09-20T17:19:56.030+0000] {dagbag.py:525} INFO - Filling up the DagBag from /home/airflow/.local/lib/python3.7/site-packages/airflow/example_dags/example_latest_only_with_trigger.py
[2022-09-20T17:19:56.962+0000] {processor.py:768} INFO - DAG(s) dict_keys(['latest_only_with_trigger']) retrieved from /home/airflow/.local/lib/python3.7/site-packages/airflow/example_dags/example_latest_only_with_trigger.py
