[2022-09-20T13:50:30.371+0000] {processor.py:156} INFO - Started process (PID=120) to work on /home/airflow/.local/lib/python3.7/site-packages/airflow/example_dags/example_bash_operator.py
[2022-09-20T13:50:30.373+0000] {processor.py:758} INFO - Processing file /home/airflow/.local/lib/python3.7/site-packages/airflow/example_dags/example_bash_operator.py for tasks to queue
[2022-09-20T13:50:30.374+0000] {logging_mixin.py:117} INFO - [2022-09-20T13:50:30.374+0000] {dagbag.py:525} INFO - Filling up the DagBag from /home/airflow/.local/lib/python3.7/site-packages/airflow/example_dags/example_bash_operator.py
[2022-09-20T13:50:30.471+0000] {processor.py:768} INFO - DAG(s) dict_keys(['example_bash_operator']) retrieved from /home/airflow/.local/lib/python3.7/site-packages/airflow/example_dags/example_bash_operator.py
[2022-09-20T13:59:04.137+0000] {processor.py:156} INFO - Started process (PID=165) to work on /home/airflow/.local/lib/python3.7/site-packages/airflow/example_dags/example_bash_operator.py
[2022-09-20T13:59:04.291+0000] {processor.py:758} INFO - Processing file /home/airflow/.local/lib/python3.7/site-packages/airflow/example_dags/example_bash_operator.py for tasks to queue
[2022-09-20T13:59:04.293+0000] {logging_mixin.py:117} INFO - [2022-09-20T13:59:04.292+0000] {dagbag.py:525} INFO - Filling up the DagBag from /home/airflow/.local/lib/python3.7/site-packages/airflow/example_dags/example_bash_operator.py
[2022-09-20T13:59:04.361+0000] {processor.py:768} INFO - DAG(s) dict_keys(['example_bash_operator']) retrieved from /home/airflow/.local/lib/python3.7/site-packages/airflow/example_dags/example_bash_operator.py
[2022-09-20T13:59:04.840+0000] {logging_mixin.py:117} INFO - [2022-09-20T13:59:04.840+0000] {dag.py:2573} INFO - Sync 1 DAGs
[2022-09-20T13:59:04.857+0000] {logging_mixin.py:117} INFO - [2022-09-20T13:59:04.857+0000] {dag.py:2594} INFO - Creating ORM DAG for example_bash_operator
[2022-09-20T13:59:04.872+0000] {logging_mixin.py:117} INFO - [2022-09-20T13:59:04.871+0000] {dag.py:3328} INFO - Setting next_dagrun for example_bash_operator to 2022-09-19T00:00:00+00:00, run_after=2022-09-20T00:00:00+00:00
[2022-09-20T13:59:07.083+0000] {processor.py:178} INFO - Processing /home/airflow/.local/lib/python3.7/site-packages/airflow/example_dags/example_bash_operator.py took 2.955 seconds
[2022-09-20T14:04:13.746+0000] {processor.py:156} INFO - Started process (PID=236) to work on /home/airflow/.local/lib/python3.7/site-packages/airflow/example_dags/example_bash_operator.py
[2022-09-20T14:04:13.934+0000] {processor.py:758} INFO - Processing file /home/airflow/.local/lib/python3.7/site-packages/airflow/example_dags/example_bash_operator.py for tasks to queue
[2022-09-20T14:04:13.937+0000] {logging_mixin.py:117} INFO - [2022-09-20T14:04:13.936+0000] {dagbag.py:525} INFO - Filling up the DagBag from /home/airflow/.local/lib/python3.7/site-packages/airflow/example_dags/example_bash_operator.py
[2022-09-20T14:04:13.999+0000] {processor.py:768} INFO - DAG(s) dict_keys(['example_bash_operator']) retrieved from /home/airflow/.local/lib/python3.7/site-packages/airflow/example_dags/example_bash_operator.py
[2022-09-20T14:04:14.077+0000] {logging_mixin.py:117} INFO - [2022-09-20T14:04:14.077+0000] {dag.py:2573} INFO - Sync 1 DAGs
[2022-09-20T14:04:14.109+0000] {logging_mixin.py:117} INFO - [2022-09-20T14:04:14.109+0000] {dag.py:3328} INFO - Setting next_dagrun for example_bash_operator to 2022-09-19T00:00:00+00:00, run_after=2022-09-20T00:00:00+00:00
[2022-09-20T14:04:16.583+0000] {processor.py:178} INFO - Processing /home/airflow/.local/lib/python3.7/site-packages/airflow/example_dags/example_bash_operator.py took 2.840 seconds
[2022-09-20T14:06:05.344+0000] {processor.py:156} INFO - Started process (PID=307) to work on /home/airflow/.local/lib/python3.7/site-packages/airflow/example_dags/example_bash_operator.py
[2022-09-20T14:06:05.861+0000] {processor.py:758} INFO - Processing file /home/airflow/.local/lib/python3.7/site-packages/airflow/example_dags/example_bash_operator.py for tasks to queue
[2022-09-20T14:06:05.864+0000] {logging_mixin.py:117} INFO - [2022-09-20T14:06:05.864+0000] {dagbag.py:525} INFO - Filling up the DagBag from /home/airflow/.local/lib/python3.7/site-packages/airflow/example_dags/example_bash_operator.py
[2022-09-20T14:06:05.891+0000] {processor.py:768} INFO - DAG(s) dict_keys(['example_bash_operator']) retrieved from /home/airflow/.local/lib/python3.7/site-packages/airflow/example_dags/example_bash_operator.py
[2022-09-20T14:06:05.939+0000] {logging_mixin.py:117} INFO - [2022-09-20T14:06:05.939+0000] {dag.py:2573} INFO - Sync 1 DAGs
[2022-09-20T14:06:05.968+0000] {logging_mixin.py:117} INFO - [2022-09-20T14:06:05.968+0000] {dag.py:3328} INFO - Setting next_dagrun for example_bash_operator to 2022-09-19T00:00:00+00:00, run_after=2022-09-20T00:00:00+00:00
[2022-09-20T14:06:08.438+0000] {processor.py:178} INFO - Processing /home/airflow/.local/lib/python3.7/site-packages/airflow/example_dags/example_bash_operator.py took 3.098 seconds
[2022-09-20T14:07:18.886+0000] {processor.py:156} INFO - Started process (PID=378) to work on /home/airflow/.local/lib/python3.7/site-packages/airflow/example_dags/example_bash_operator.py
[2022-09-20T14:07:19.110+0000] {processor.py:758} INFO - Processing file /home/airflow/.local/lib/python3.7/site-packages/airflow/example_dags/example_bash_operator.py for tasks to queue
[2022-09-20T14:07:19.113+0000] {logging_mixin.py:117} INFO - [2022-09-20T14:07:19.113+0000] {dagbag.py:525} INFO - Filling up the DagBag from /home/airflow/.local/lib/python3.7/site-packages/airflow/example_dags/example_bash_operator.py
[2022-09-20T14:07:19.169+0000] {processor.py:768} INFO - DAG(s) dict_keys(['example_bash_operator']) retrieved from /home/airflow/.local/lib/python3.7/site-packages/airflow/example_dags/example_bash_operator.py
[2022-09-20T14:07:19.215+0000] {logging_mixin.py:117} INFO - [2022-09-20T14:07:19.215+0000] {dag.py:2573} INFO - Sync 1 DAGs
[2022-09-20T14:07:19.436+0000] {logging_mixin.py:117} INFO - [2022-09-20T14:07:19.436+0000] {dag.py:3328} INFO - Setting next_dagrun for example_bash_operator to 2022-09-19T00:00:00+00:00, run_after=2022-09-20T00:00:00+00:00
[2022-09-20T14:07:21.113+0000] {processor.py:178} INFO - Processing /home/airflow/.local/lib/python3.7/site-packages/airflow/example_dags/example_bash_operator.py took 1.850 seconds
[2022-09-20T14:07:52.296+0000] {processor.py:156} INFO - Started process (PID=422) to work on /home/airflow/.local/lib/python3.7/site-packages/airflow/example_dags/example_bash_operator.py
[2022-09-20T14:07:52.584+0000] {processor.py:758} INFO - Processing file /home/airflow/.local/lib/python3.7/site-packages/airflow/example_dags/example_bash_operator.py for tasks to queue
[2022-09-20T14:07:52.585+0000] {logging_mixin.py:117} INFO - [2022-09-20T14:07:52.585+0000] {dagbag.py:525} INFO - Filling up the DagBag from /home/airflow/.local/lib/python3.7/site-packages/airflow/example_dags/example_bash_operator.py
[2022-09-20T14:07:52.611+0000] {processor.py:768} INFO - DAG(s) dict_keys(['example_bash_operator']) retrieved from /home/airflow/.local/lib/python3.7/site-packages/airflow/example_dags/example_bash_operator.py
[2022-09-20T14:07:52.661+0000] {logging_mixin.py:117} INFO - [2022-09-20T14:07:52.661+0000] {dag.py:2573} INFO - Sync 1 DAGs
[2022-09-20T14:07:52.689+0000] {logging_mixin.py:117} INFO - [2022-09-20T14:07:52.689+0000] {dag.py:3328} INFO - Setting next_dagrun for example_bash_operator to 2022-09-19T00:00:00+00:00, run_after=2022-09-20T00:00:00+00:00
[2022-09-20T14:07:53.154+0000] {processor.py:178} INFO - Processing /home/airflow/.local/lib/python3.7/site-packages/airflow/example_dags/example_bash_operator.py took 0.862 seconds
[2022-09-20T14:08:26.778+0000] {processor.py:156} INFO - Started process (PID=477) to work on /home/airflow/.local/lib/python3.7/site-packages/airflow/example_dags/example_bash_operator.py
[2022-09-20T14:08:26.944+0000] {processor.py:758} INFO - Processing file /home/airflow/.local/lib/python3.7/site-packages/airflow/example_dags/example_bash_operator.py for tasks to queue
[2022-09-20T14:08:26.945+0000] {logging_mixin.py:117} INFO - [2022-09-20T14:08:26.945+0000] {dagbag.py:525} INFO - Filling up the DagBag from /home/airflow/.local/lib/python3.7/site-packages/airflow/example_dags/example_bash_operator.py
[2022-09-20T14:08:26.991+0000] {processor.py:768} INFO - DAG(s) dict_keys(['example_bash_operator']) retrieved from /home/airflow/.local/lib/python3.7/site-packages/airflow/example_dags/example_bash_operator.py
[2022-09-20T14:08:27.089+0000] {logging_mixin.py:117} INFO - [2022-09-20T14:08:27.089+0000] {dag.py:2573} INFO - Sync 1 DAGs
[2022-09-20T14:08:27.157+0000] {logging_mixin.py:117} INFO - [2022-09-20T14:08:27.157+0000] {dag.py:3328} INFO - Setting next_dagrun for example_bash_operator to 2022-09-19T00:00:00+00:00, run_after=2022-09-20T00:00:00+00:00
[2022-09-20T14:08:28.110+0000] {processor.py:178} INFO - Processing /home/airflow/.local/lib/python3.7/site-packages/airflow/example_dags/example_bash_operator.py took 1.338 seconds
[2022-09-20T14:10:22.867+0000] {processor.py:156} INFO - Started process (PID=526) to work on /home/airflow/.local/lib/python3.7/site-packages/airflow/example_dags/example_bash_operator.py
[2022-09-20T14:10:23.158+0000] {processor.py:758} INFO - Processing file /home/airflow/.local/lib/python3.7/site-packages/airflow/example_dags/example_bash_operator.py for tasks to queue
[2022-09-20T14:10:23.160+0000] {logging_mixin.py:117} INFO - [2022-09-20T14:10:23.160+0000] {dagbag.py:525} INFO - Filling up the DagBag from /home/airflow/.local/lib/python3.7/site-packages/airflow/example_dags/example_bash_operator.py
[2022-09-20T14:10:23.197+0000] {processor.py:768} INFO - DAG(s) dict_keys(['example_bash_operator']) retrieved from /home/airflow/.local/lib/python3.7/site-packages/airflow/example_dags/example_bash_operator.py
[2022-09-20T14:10:23.248+0000] {logging_mixin.py:117} INFO - [2022-09-20T14:10:23.248+0000] {dag.py:2573} INFO - Sync 1 DAGs
[2022-09-20T14:10:23.275+0000] {logging_mixin.py:117} INFO - [2022-09-20T14:10:23.275+0000] {dag.py:3328} INFO - Setting next_dagrun for example_bash_operator to 2022-09-19T00:00:00+00:00, run_after=2022-09-20T00:00:00+00:00
[2022-09-20T14:10:23.936+0000] {processor.py:178} INFO - Processing /home/airflow/.local/lib/python3.7/site-packages/airflow/example_dags/example_bash_operator.py took 1.072 seconds
[2022-09-20T14:11:45.662+0000] {processor.py:156} INFO - Started process (PID=586) to work on /home/airflow/.local/lib/python3.7/site-packages/airflow/example_dags/example_bash_operator.py
[2022-09-20T14:11:45.792+0000] {processor.py:758} INFO - Processing file /home/airflow/.local/lib/python3.7/site-packages/airflow/example_dags/example_bash_operator.py for tasks to queue
[2022-09-20T14:11:45.793+0000] {logging_mixin.py:117} INFO - [2022-09-20T14:11:45.793+0000] {dagbag.py:525} INFO - Filling up the DagBag from /home/airflow/.local/lib/python3.7/site-packages/airflow/example_dags/example_bash_operator.py
[2022-09-20T14:11:45.818+0000] {processor.py:768} INFO - DAG(s) dict_keys(['example_bash_operator']) retrieved from /home/airflow/.local/lib/python3.7/site-packages/airflow/example_dags/example_bash_operator.py
[2022-09-20T14:11:45.867+0000] {logging_mixin.py:117} INFO - [2022-09-20T14:11:45.867+0000] {dag.py:2573} INFO - Sync 1 DAGs
[2022-09-20T14:11:45.895+0000] {logging_mixin.py:117} INFO - [2022-09-20T14:11:45.894+0000] {dag.py:3328} INFO - Setting next_dagrun for example_bash_operator to 2022-09-19T00:00:00+00:00, run_after=2022-09-20T00:00:00+00:00
[2022-09-20T14:11:47.320+0000] {processor.py:178} INFO - Processing /home/airflow/.local/lib/python3.7/site-packages/airflow/example_dags/example_bash_operator.py took 1.662 seconds
[2022-09-20T14:14:02.767+0000] {processor.py:156} INFO - Started process (PID=642) to work on /home/airflow/.local/lib/python3.7/site-packages/airflow/example_dags/example_bash_operator.py
[2022-09-20T14:14:03.118+0000] {processor.py:758} INFO - Processing file /home/airflow/.local/lib/python3.7/site-packages/airflow/example_dags/example_bash_operator.py for tasks to queue
[2022-09-20T14:14:03.120+0000] {logging_mixin.py:117} INFO - [2022-09-20T14:14:03.119+0000] {dagbag.py:525} INFO - Filling up the DagBag from /home/airflow/.local/lib/python3.7/site-packages/airflow/example_dags/example_bash_operator.py
[2022-09-20T14:14:03.149+0000] {processor.py:768} INFO - DAG(s) dict_keys(['example_bash_operator']) retrieved from /home/airflow/.local/lib/python3.7/site-packages/airflow/example_dags/example_bash_operator.py
[2022-09-20T14:14:03.196+0000] {logging_mixin.py:117} INFO - [2022-09-20T14:14:03.196+0000] {dag.py:2573} INFO - Sync 1 DAGs
[2022-09-20T14:14:03.220+0000] {logging_mixin.py:117} INFO - [2022-09-20T14:14:03.220+0000] {dag.py:3328} INFO - Setting next_dagrun for example_bash_operator to 2022-09-19T00:00:00+00:00, run_after=2022-09-20T00:00:00+00:00
[2022-09-20T14:14:03.501+0000] {processor.py:178} INFO - Processing /home/airflow/.local/lib/python3.7/site-packages/airflow/example_dags/example_bash_operator.py took 0.740 seconds
[2022-09-20T14:14:54.690+0000] {processor.py:156} INFO - Started process (PID=698) to work on /home/airflow/.local/lib/python3.7/site-packages/airflow/example_dags/example_bash_operator.py
[2022-09-20T14:14:54.982+0000] {processor.py:758} INFO - Processing file /home/airflow/.local/lib/python3.7/site-packages/airflow/example_dags/example_bash_operator.py for tasks to queue
[2022-09-20T14:14:54.985+0000] {logging_mixin.py:117} INFO - [2022-09-20T14:14:54.984+0000] {dagbag.py:525} INFO - Filling up the DagBag from /home/airflow/.local/lib/python3.7/site-packages/airflow/example_dags/example_bash_operator.py
[2022-09-20T14:14:55.024+0000] {processor.py:768} INFO - DAG(s) dict_keys(['example_bash_operator']) retrieved from /home/airflow/.local/lib/python3.7/site-packages/airflow/example_dags/example_bash_operator.py
[2022-09-20T14:14:55.079+0000] {logging_mixin.py:117} INFO - [2022-09-20T14:14:55.079+0000] {dag.py:2573} INFO - Sync 1 DAGs
[2022-09-20T14:14:55.107+0000] {logging_mixin.py:117} INFO - [2022-09-20T14:14:55.107+0000] {dag.py:3328} INFO - Setting next_dagrun for example_bash_operator to 2022-09-19T00:00:00+00:00, run_after=2022-09-20T00:00:00+00:00
[2022-09-20T14:14:55.311+0000] {processor.py:178} INFO - Processing /home/airflow/.local/lib/python3.7/site-packages/airflow/example_dags/example_bash_operator.py took 0.624 seconds
[2022-09-20T14:16:21.988+0000] {processor.py:156} INFO - Started process (PID=778) to work on /home/airflow/.local/lib/python3.7/site-packages/airflow/example_dags/example_bash_operator.py
[2022-09-20T14:16:22.123+0000] {processor.py:758} INFO - Processing file /home/airflow/.local/lib/python3.7/site-packages/airflow/example_dags/example_bash_operator.py for tasks to queue
[2022-09-20T14:16:22.125+0000] {logging_mixin.py:117} INFO - [2022-09-20T14:16:22.124+0000] {dagbag.py:525} INFO - Filling up the DagBag from /home/airflow/.local/lib/python3.7/site-packages/airflow/example_dags/example_bash_operator.py
[2022-09-20T14:16:22.171+0000] {processor.py:768} INFO - DAG(s) dict_keys(['example_bash_operator']) retrieved from /home/airflow/.local/lib/python3.7/site-packages/airflow/example_dags/example_bash_operator.py
[2022-09-20T14:16:22.224+0000] {logging_mixin.py:117} INFO - [2022-09-20T14:16:22.224+0000] {dag.py:2573} INFO - Sync 1 DAGs
[2022-09-20T14:16:22.250+0000] {logging_mixin.py:117} INFO - [2022-09-20T14:16:22.250+0000] {dag.py:3328} INFO - Setting next_dagrun for example_bash_operator to 2022-09-19T00:00:00+00:00, run_after=2022-09-20T00:00:00+00:00
[2022-09-20T14:16:22.576+0000] {processor.py:178} INFO - Processing /home/airflow/.local/lib/python3.7/site-packages/airflow/example_dags/example_bash_operator.py took 0.593 seconds
[2022-09-20T14:17:18.757+0000] {processor.py:156} INFO - Started process (PID=841) to work on /home/airflow/.local/lib/python3.7/site-packages/airflow/example_dags/example_bash_operator.py
[2022-09-20T14:17:19.568+0000] {processor.py:758} INFO - Processing file /home/airflow/.local/lib/python3.7/site-packages/airflow/example_dags/example_bash_operator.py for tasks to queue
[2022-09-20T14:17:19.569+0000] {logging_mixin.py:117} INFO - [2022-09-20T14:17:19.569+0000] {dagbag.py:525} INFO - Filling up the DagBag from /home/airflow/.local/lib/python3.7/site-packages/airflow/example_dags/example_bash_operator.py
[2022-09-20T14:17:19.593+0000] {processor.py:768} INFO - DAG(s) dict_keys(['example_bash_operator']) retrieved from /home/airflow/.local/lib/python3.7/site-packages/airflow/example_dags/example_bash_operator.py
[2022-09-20T14:17:19.643+0000] {logging_mixin.py:117} INFO - [2022-09-20T14:17:19.643+0000] {dag.py:2573} INFO - Sync 1 DAGs
[2022-09-20T14:17:19.670+0000] {logging_mixin.py:117} INFO - [2022-09-20T14:17:19.669+0000] {dag.py:3328} INFO - Setting next_dagrun for example_bash_operator to 2022-09-19T00:00:00+00:00, run_after=2022-09-20T00:00:00+00:00
[2022-09-20T14:17:30.961+0000] {processor.py:178} INFO - Processing /home/airflow/.local/lib/python3.7/site-packages/airflow/example_dags/example_bash_operator.py took 12.207 seconds
[2022-09-20T14:19:05.351+0000] {processor.py:156} INFO - Started process (PID=912) to work on /home/airflow/.local/lib/python3.7/site-packages/airflow/example_dags/example_bash_operator.py
[2022-09-20T14:19:05.847+0000] {processor.py:758} INFO - Processing file /home/airflow/.local/lib/python3.7/site-packages/airflow/example_dags/example_bash_operator.py for tasks to queue
[2022-09-20T14:19:05.849+0000] {logging_mixin.py:117} INFO - [2022-09-20T14:19:05.849+0000] {dagbag.py:525} INFO - Filling up the DagBag from /home/airflow/.local/lib/python3.7/site-packages/airflow/example_dags/example_bash_operator.py
[2022-09-20T14:19:05.882+0000] {processor.py:768} INFO - DAG(s) dict_keys(['example_bash_operator']) retrieved from /home/airflow/.local/lib/python3.7/site-packages/airflow/example_dags/example_bash_operator.py
[2022-09-20T14:19:05.930+0000] {logging_mixin.py:117} INFO - [2022-09-20T14:19:05.930+0000] {dag.py:2573} INFO - Sync 1 DAGs
[2022-09-20T14:19:05.956+0000] {logging_mixin.py:117} INFO - [2022-09-20T14:19:05.956+0000] {dag.py:3328} INFO - Setting next_dagrun for example_bash_operator to 2022-09-19T00:00:00+00:00, run_after=2022-09-20T00:00:00+00:00
[2022-09-20T14:19:07.642+0000] {processor.py:178} INFO - Processing /home/airflow/.local/lib/python3.7/site-packages/airflow/example_dags/example_bash_operator.py took 2.295 seconds
[2022-09-20T14:21:24.441+0000] {processor.py:156} INFO - Started process (PID=960) to work on /home/airflow/.local/lib/python3.7/site-packages/airflow/example_dags/example_bash_operator.py
[2022-09-20T14:21:24.662+0000] {processor.py:758} INFO - Processing file /home/airflow/.local/lib/python3.7/site-packages/airflow/example_dags/example_bash_operator.py for tasks to queue
[2022-09-20T14:21:24.662+0000] {logging_mixin.py:117} INFO - [2022-09-20T14:21:24.662+0000] {dagbag.py:525} INFO - Filling up the DagBag from /home/airflow/.local/lib/python3.7/site-packages/airflow/example_dags/example_bash_operator.py
[2022-09-20T14:21:24.690+0000] {processor.py:768} INFO - DAG(s) dict_keys(['example_bash_operator']) retrieved from /home/airflow/.local/lib/python3.7/site-packages/airflow/example_dags/example_bash_operator.py
[2022-09-20T14:21:24.760+0000] {logging_mixin.py:117} INFO - [2022-09-20T14:21:24.760+0000] {dag.py:2573} INFO - Sync 1 DAGs
[2022-09-20T14:21:24.796+0000] {logging_mixin.py:117} INFO - [2022-09-20T14:21:24.796+0000] {dag.py:3328} INFO - Setting next_dagrun for example_bash_operator to 2022-09-19T00:00:00+00:00, run_after=2022-09-20T00:00:00+00:00
[2022-09-20T14:21:25.782+0000] {processor.py:178} INFO - Processing /home/airflow/.local/lib/python3.7/site-packages/airflow/example_dags/example_bash_operator.py took 1.345 seconds
[2022-09-20T14:24:53.370+0000] {processor.py:156} INFO - Started process (PID=1048) to work on /home/airflow/.local/lib/python3.7/site-packages/airflow/example_dags/example_bash_operator.py
[2022-09-20T14:24:53.419+0000] {processor.py:758} INFO - Processing file /home/airflow/.local/lib/python3.7/site-packages/airflow/example_dags/example_bash_operator.py for tasks to queue
[2022-09-20T14:24:53.420+0000] {logging_mixin.py:117} INFO - [2022-09-20T14:24:53.420+0000] {dagbag.py:525} INFO - Filling up the DagBag from /home/airflow/.local/lib/python3.7/site-packages/airflow/example_dags/example_bash_operator.py
[2022-09-20T14:24:53.463+0000] {processor.py:768} INFO - DAG(s) dict_keys(['example_bash_operator']) retrieved from /home/airflow/.local/lib/python3.7/site-packages/airflow/example_dags/example_bash_operator.py
[2022-09-20T14:24:53.512+0000] {logging_mixin.py:117} INFO - [2022-09-20T14:24:53.512+0000] {dag.py:2573} INFO - Sync 1 DAGs
[2022-09-20T14:24:53.539+0000] {logging_mixin.py:117} INFO - [2022-09-20T14:24:53.539+0000] {dag.py:3328} INFO - Setting next_dagrun for example_bash_operator to 2022-09-19T00:00:00+00:00, run_after=2022-09-20T00:00:00+00:00
[2022-09-20T14:24:53.989+0000] {processor.py:178} INFO - Processing /home/airflow/.local/lib/python3.7/site-packages/airflow/example_dags/example_bash_operator.py took 0.624 seconds
[2022-09-20T14:25:26.592+0000] {processor.py:156} INFO - Started process (PID=1102) to work on /home/airflow/.local/lib/python3.7/site-packages/airflow/example_dags/example_bash_operator.py
[2022-09-20T14:25:27.459+0000] {processor.py:758} INFO - Processing file /home/airflow/.local/lib/python3.7/site-packages/airflow/example_dags/example_bash_operator.py for tasks to queue
[2022-09-20T14:25:27.460+0000] {logging_mixin.py:117} INFO - [2022-09-20T14:25:27.460+0000] {dagbag.py:525} INFO - Filling up the DagBag from /home/airflow/.local/lib/python3.7/site-packages/airflow/example_dags/example_bash_operator.py
[2022-09-20T14:25:27.507+0000] {processor.py:768} INFO - DAG(s) dict_keys(['example_bash_operator']) retrieved from /home/airflow/.local/lib/python3.7/site-packages/airflow/example_dags/example_bash_operator.py
[2022-09-20T14:25:27.999+0000] {logging_mixin.py:117} INFO - [2022-09-20T14:25:27.999+0000] {dag.py:2573} INFO - Sync 1 DAGs
[2022-09-20T14:25:28.028+0000] {logging_mixin.py:117} INFO - [2022-09-20T14:25:28.028+0000] {dag.py:3328} INFO - Setting next_dagrun for example_bash_operator to 2022-09-19T00:00:00+00:00, run_after=2022-09-20T00:00:00+00:00
[2022-09-20T14:25:28.901+0000] {processor.py:178} INFO - Processing /home/airflow/.local/lib/python3.7/site-packages/airflow/example_dags/example_bash_operator.py took 2.765 seconds
[2022-09-20T14:28:16.459+0000] {processor.py:156} INFO - Started process (PID=1179) to work on /home/airflow/.local/lib/python3.7/site-packages/airflow/example_dags/example_bash_operator.py
[2022-09-20T14:28:17.017+0000] {processor.py:758} INFO - Processing file /home/airflow/.local/lib/python3.7/site-packages/airflow/example_dags/example_bash_operator.py for tasks to queue
[2022-09-20T14:28:17.019+0000] {logging_mixin.py:117} INFO - [2022-09-20T14:28:17.019+0000] {dagbag.py:525} INFO - Filling up the DagBag from /home/airflow/.local/lib/python3.7/site-packages/airflow/example_dags/example_bash_operator.py
[2022-09-20T14:28:17.041+0000] {processor.py:768} INFO - DAG(s) dict_keys(['example_bash_operator']) retrieved from /home/airflow/.local/lib/python3.7/site-packages/airflow/example_dags/example_bash_operator.py
[2022-09-20T14:28:19.634+0000] {logging_mixin.py:117} INFO - [2022-09-20T14:28:19.634+0000] {dag.py:2573} INFO - Sync 1 DAGs
[2022-09-20T14:28:19.664+0000] {logging_mixin.py:117} INFO - [2022-09-20T14:28:19.664+0000] {dag.py:3328} INFO - Setting next_dagrun for example_bash_operator to 2022-09-19T00:00:00+00:00, run_after=2022-09-20T00:00:00+00:00
[2022-09-20T14:28:30.530+0000] {processor.py:178} INFO - Processing /home/airflow/.local/lib/python3.7/site-packages/airflow/example_dags/example_bash_operator.py took 14.075 seconds
[2022-09-20T14:31:38.660+0000] {processor.py:156} INFO - Started process (PID=1222) to work on /home/airflow/.local/lib/python3.7/site-packages/airflow/example_dags/example_bash_operator.py
[2022-09-20T14:31:38.783+0000] {processor.py:758} INFO - Processing file /home/airflow/.local/lib/python3.7/site-packages/airflow/example_dags/example_bash_operator.py for tasks to queue
[2022-09-20T14:31:38.785+0000] {logging_mixin.py:117} INFO - [2022-09-20T14:31:38.784+0000] {dagbag.py:525} INFO - Filling up the DagBag from /home/airflow/.local/lib/python3.7/site-packages/airflow/example_dags/example_bash_operator.py
[2022-09-20T14:31:38.819+0000] {processor.py:768} INFO - DAG(s) dict_keys(['example_bash_operator']) retrieved from /home/airflow/.local/lib/python3.7/site-packages/airflow/example_dags/example_bash_operator.py
[2022-09-20T14:31:38.875+0000] {logging_mixin.py:117} INFO - [2022-09-20T14:31:38.875+0000] {dag.py:2573} INFO - Sync 1 DAGs
[2022-09-20T14:31:38.906+0000] {logging_mixin.py:117} INFO - [2022-09-20T14:31:38.906+0000] {dag.py:3328} INFO - Setting next_dagrun for example_bash_operator to 2022-09-19T00:00:00+00:00, run_after=2022-09-20T00:00:00+00:00
[2022-09-20T14:31:40.419+0000] {processor.py:178} INFO - Processing /home/airflow/.local/lib/python3.7/site-packages/airflow/example_dags/example_bash_operator.py took 1.763 seconds
[2022-09-20T14:33:24.077+0000] {processor.py:156} INFO - Started process (PID=1289) to work on /home/airflow/.local/lib/python3.7/site-packages/airflow/example_dags/example_bash_operator.py
[2022-09-20T14:33:24.530+0000] {processor.py:758} INFO - Processing file /home/airflow/.local/lib/python3.7/site-packages/airflow/example_dags/example_bash_operator.py for tasks to queue
[2022-09-20T14:33:24.533+0000] {logging_mixin.py:117} INFO - [2022-09-20T14:33:24.533+0000] {dagbag.py:525} INFO - Filling up the DagBag from /home/airflow/.local/lib/python3.7/site-packages/airflow/example_dags/example_bash_operator.py
[2022-09-20T14:33:24.611+0000] {processor.py:768} INFO - DAG(s) dict_keys(['example_bash_operator']) retrieved from /home/airflow/.local/lib/python3.7/site-packages/airflow/example_dags/example_bash_operator.py
[2022-09-20T14:33:24.659+0000] {logging_mixin.py:117} INFO - [2022-09-20T14:33:24.659+0000] {dag.py:2573} INFO - Sync 1 DAGs
[2022-09-20T14:33:24.684+0000] {logging_mixin.py:117} INFO - [2022-09-20T14:33:24.684+0000] {dag.py:3328} INFO - Setting next_dagrun for example_bash_operator to 2022-09-19T00:00:00+00:00, run_after=2022-09-20T00:00:00+00:00
[2022-09-20T14:33:25.337+0000] {processor.py:178} INFO - Processing /home/airflow/.local/lib/python3.7/site-packages/airflow/example_dags/example_bash_operator.py took 1.265 seconds
[2022-09-20T17:10:51.882+0000] {processor.py:156} INFO - Started process (PID=150) to work on /home/airflow/.local/lib/python3.7/site-packages/airflow/example_dags/example_bash_operator.py
[2022-09-20T17:10:52.029+0000] {processor.py:758} INFO - Processing file /home/airflow/.local/lib/python3.7/site-packages/airflow/example_dags/example_bash_operator.py for tasks to queue
[2022-09-20T17:10:52.031+0000] {logging_mixin.py:117} INFO - [2022-09-20T17:10:52.031+0000] {dagbag.py:525} INFO - Filling up the DagBag from /home/airflow/.local/lib/python3.7/site-packages/airflow/example_dags/example_bash_operator.py
[2022-09-20T17:10:52.167+0000] {processor.py:768} INFO - DAG(s) dict_keys(['example_bash_operator']) retrieved from /home/airflow/.local/lib/python3.7/site-packages/airflow/example_dags/example_bash_operator.py
[2022-09-20T17:10:52.823+0000] {logging_mixin.py:117} INFO - [2022-09-20T17:10:52.823+0000] {dag.py:2573} INFO - Sync 1 DAGs
[2022-09-20T17:10:52.863+0000] {logging_mixin.py:117} INFO - [2022-09-20T17:10:52.863+0000] {dag.py:3328} INFO - Setting next_dagrun for example_bash_operator to 2022-09-19T00:00:00+00:00, run_after=2022-09-20T00:00:00+00:00
[2022-09-20T17:10:53.188+0000] {processor.py:178} INFO - Processing /home/airflow/.local/lib/python3.7/site-packages/airflow/example_dags/example_bash_operator.py took 1.311 seconds
[2022-09-20T17:12:04.255+0000] {processor.py:156} INFO - Started process (PID=229) to work on /home/airflow/.local/lib/python3.7/site-packages/airflow/example_dags/example_bash_operator.py
[2022-09-20T17:12:04.609+0000] {processor.py:758} INFO - Processing file /home/airflow/.local/lib/python3.7/site-packages/airflow/example_dags/example_bash_operator.py for tasks to queue
[2022-09-20T17:12:04.612+0000] {logging_mixin.py:117} INFO - [2022-09-20T17:12:04.611+0000] {dagbag.py:525} INFO - Filling up the DagBag from /home/airflow/.local/lib/python3.7/site-packages/airflow/example_dags/example_bash_operator.py
[2022-09-20T17:12:04.836+0000] {processor.py:768} INFO - DAG(s) dict_keys(['example_bash_operator']) retrieved from /home/airflow/.local/lib/python3.7/site-packages/airflow/example_dags/example_bash_operator.py
[2022-09-20T17:12:04.946+0000] {logging_mixin.py:117} INFO - [2022-09-20T17:12:04.946+0000] {dag.py:2573} INFO - Sync 1 DAGs
[2022-09-20T17:12:04.980+0000] {logging_mixin.py:117} INFO - [2022-09-20T17:12:04.980+0000] {dag.py:3328} INFO - Setting next_dagrun for example_bash_operator to 2022-09-19T00:00:00+00:00, run_after=2022-09-20T00:00:00+00:00
[2022-09-20T17:12:05.667+0000] {processor.py:178} INFO - Processing /home/airflow/.local/lib/python3.7/site-packages/airflow/example_dags/example_bash_operator.py took 1.416 seconds
[2022-09-20T17:12:41.793+0000] {processor.py:156} INFO - Started process (PID=283) to work on /home/airflow/.local/lib/python3.7/site-packages/airflow/example_dags/example_bash_operator.py
[2022-09-20T17:12:42.041+0000] {processor.py:758} INFO - Processing file /home/airflow/.local/lib/python3.7/site-packages/airflow/example_dags/example_bash_operator.py for tasks to queue
[2022-09-20T17:12:42.042+0000] {logging_mixin.py:117} INFO - [2022-09-20T17:12:42.042+0000] {dagbag.py:525} INFO - Filling up the DagBag from /home/airflow/.local/lib/python3.7/site-packages/airflow/example_dags/example_bash_operator.py
[2022-09-20T17:12:42.224+0000] {processor.py:768} INFO - DAG(s) dict_keys(['example_bash_operator']) retrieved from /home/airflow/.local/lib/python3.7/site-packages/airflow/example_dags/example_bash_operator.py
[2022-09-20T17:12:42.278+0000] {logging_mixin.py:117} INFO - [2022-09-20T17:12:42.278+0000] {dag.py:2573} INFO - Sync 1 DAGs
[2022-09-20T17:12:42.320+0000] {logging_mixin.py:117} INFO - [2022-09-20T17:12:42.320+0000] {dag.py:3328} INFO - Setting next_dagrun for example_bash_operator to 2022-09-19T00:00:00+00:00, run_after=2022-09-20T00:00:00+00:00
[2022-09-20T17:12:43.142+0000] {processor.py:178} INFO - Processing /home/airflow/.local/lib/python3.7/site-packages/airflow/example_dags/example_bash_operator.py took 1.353 seconds
[2022-09-20T17:13:30.452+0000] {processor.py:156} INFO - Started process (PID=340) to work on /home/airflow/.local/lib/python3.7/site-packages/airflow/example_dags/example_bash_operator.py
[2022-09-20T17:13:30.766+0000] {processor.py:758} INFO - Processing file /home/airflow/.local/lib/python3.7/site-packages/airflow/example_dags/example_bash_operator.py for tasks to queue
[2022-09-20T17:13:30.768+0000] {logging_mixin.py:117} INFO - [2022-09-20T17:13:30.767+0000] {dagbag.py:525} INFO - Filling up the DagBag from /home/airflow/.local/lib/python3.7/site-packages/airflow/example_dags/example_bash_operator.py
[2022-09-20T17:13:30.836+0000] {processor.py:768} INFO - DAG(s) dict_keys(['example_bash_operator']) retrieved from /home/airflow/.local/lib/python3.7/site-packages/airflow/example_dags/example_bash_operator.py
[2022-09-20T17:13:30.945+0000] {logging_mixin.py:117} INFO - [2022-09-20T17:13:30.945+0000] {dag.py:2573} INFO - Sync 1 DAGs
[2022-09-20T17:13:31.027+0000] {logging_mixin.py:117} INFO - [2022-09-20T17:13:31.026+0000] {dag.py:3328} INFO - Setting next_dagrun for example_bash_operator to 2022-09-19T00:00:00+00:00, run_after=2022-09-20T00:00:00+00:00
[2022-09-20T17:13:32.413+0000] {processor.py:178} INFO - Processing /home/airflow/.local/lib/python3.7/site-packages/airflow/example_dags/example_bash_operator.py took 1.967 seconds
[2022-09-20T17:14:02.570+0000] {processor.py:156} INFO - Started process (PID=385) to work on /home/airflow/.local/lib/python3.7/site-packages/airflow/example_dags/example_bash_operator.py
[2022-09-20T17:14:02.574+0000] {processor.py:758} INFO - Processing file /home/airflow/.local/lib/python3.7/site-packages/airflow/example_dags/example_bash_operator.py for tasks to queue
[2022-09-20T17:14:02.604+0000] {logging_mixin.py:117} INFO - [2022-09-20T17:14:02.603+0000] {dagbag.py:525} INFO - Filling up the DagBag from /home/airflow/.local/lib/python3.7/site-packages/airflow/example_dags/example_bash_operator.py
[2022-09-20T17:14:02.696+0000] {processor.py:768} INFO - DAG(s) dict_keys(['example_bash_operator']) retrieved from /home/airflow/.local/lib/python3.7/site-packages/airflow/example_dags/example_bash_operator.py
[2022-09-20T17:14:02.945+0000] {logging_mixin.py:117} INFO - [2022-09-20T17:14:02.945+0000] {dag.py:2573} INFO - Sync 1 DAGs
[2022-09-20T17:14:03.028+0000] {logging_mixin.py:117} INFO - [2022-09-20T17:14:03.027+0000] {dag.py:3328} INFO - Setting next_dagrun for example_bash_operator to 2022-09-19T00:00:00+00:00, run_after=2022-09-20T00:00:00+00:00
[2022-09-20T17:14:04.238+0000] {processor.py:178} INFO - Processing /home/airflow/.local/lib/python3.7/site-packages/airflow/example_dags/example_bash_operator.py took 1.685 seconds
[2022-09-20T17:14:48.590+0000] {processor.py:156} INFO - Started process (PID=440) to work on /home/airflow/.local/lib/python3.7/site-packages/airflow/example_dags/example_bash_operator.py
[2022-09-20T17:14:48.646+0000] {processor.py:758} INFO - Processing file /home/airflow/.local/lib/python3.7/site-packages/airflow/example_dags/example_bash_operator.py for tasks to queue
[2022-09-20T17:14:48.647+0000] {logging_mixin.py:117} INFO - [2022-09-20T17:14:48.646+0000] {dagbag.py:525} INFO - Filling up the DagBag from /home/airflow/.local/lib/python3.7/site-packages/airflow/example_dags/example_bash_operator.py
[2022-09-20T17:14:48.678+0000] {processor.py:768} INFO - DAG(s) dict_keys(['example_bash_operator']) retrieved from /home/airflow/.local/lib/python3.7/site-packages/airflow/example_dags/example_bash_operator.py
[2022-09-20T17:14:48.751+0000] {logging_mixin.py:117} INFO - [2022-09-20T17:14:48.751+0000] {dag.py:2573} INFO - Sync 1 DAGs
[2022-09-20T17:14:48.806+0000] {logging_mixin.py:117} INFO - [2022-09-20T17:14:48.806+0000] {dag.py:3328} INFO - Setting next_dagrun for example_bash_operator to 2022-09-19T00:00:00+00:00, run_after=2022-09-20T00:00:00+00:00
[2022-09-20T17:14:49.364+0000] {processor.py:178} INFO - Processing /home/airflow/.local/lib/python3.7/site-packages/airflow/example_dags/example_bash_operator.py took 0.779 seconds
[2022-09-20T17:15:22.029+0000] {processor.py:156} INFO - Started process (PID=494) to work on /home/airflow/.local/lib/python3.7/site-packages/airflow/example_dags/example_bash_operator.py
[2022-09-20T17:15:22.040+0000] {processor.py:758} INFO - Processing file /home/airflow/.local/lib/python3.7/site-packages/airflow/example_dags/example_bash_operator.py for tasks to queue
[2022-09-20T17:15:22.041+0000] {logging_mixin.py:117} INFO - [2022-09-20T17:15:22.041+0000] {dagbag.py:525} INFO - Filling up the DagBag from /home/airflow/.local/lib/python3.7/site-packages/airflow/example_dags/example_bash_operator.py
[2022-09-20T17:15:22.094+0000] {processor.py:768} INFO - DAG(s) dict_keys(['example_bash_operator']) retrieved from /home/airflow/.local/lib/python3.7/site-packages/airflow/example_dags/example_bash_operator.py
[2022-09-20T17:15:22.160+0000] {logging_mixin.py:117} INFO - [2022-09-20T17:15:22.160+0000] {dag.py:2573} INFO - Sync 1 DAGs
[2022-09-20T17:15:22.198+0000] {logging_mixin.py:117} INFO - [2022-09-20T17:15:22.198+0000] {dag.py:3328} INFO - Setting next_dagrun for example_bash_operator to 2022-09-19T00:00:00+00:00, run_after=2022-09-20T00:00:00+00:00
[2022-09-20T17:15:23.078+0000] {processor.py:178} INFO - Processing /home/airflow/.local/lib/python3.7/site-packages/airflow/example_dags/example_bash_operator.py took 1.057 seconds
[2022-09-20T17:15:57.110+0000] {processor.py:156} INFO - Started process (PID=550) to work on /home/airflow/.local/lib/python3.7/site-packages/airflow/example_dags/example_bash_operator.py
[2022-09-20T17:15:57.879+0000] {processor.py:758} INFO - Processing file /home/airflow/.local/lib/python3.7/site-packages/airflow/example_dags/example_bash_operator.py for tasks to queue
[2022-09-20T17:15:57.880+0000] {logging_mixin.py:117} INFO - [2022-09-20T17:15:57.880+0000] {dagbag.py:525} INFO - Filling up the DagBag from /home/airflow/.local/lib/python3.7/site-packages/airflow/example_dags/example_bash_operator.py
[2022-09-20T17:15:57.910+0000] {processor.py:768} INFO - DAG(s) dict_keys(['example_bash_operator']) retrieved from /home/airflow/.local/lib/python3.7/site-packages/airflow/example_dags/example_bash_operator.py
[2022-09-20T17:15:57.972+0000] {logging_mixin.py:117} INFO - [2022-09-20T17:15:57.972+0000] {dag.py:2573} INFO - Sync 1 DAGs
[2022-09-20T17:15:58.006+0000] {logging_mixin.py:117} INFO - [2022-09-20T17:15:58.006+0000] {dag.py:3328} INFO - Setting next_dagrun for example_bash_operator to 2022-09-19T00:00:00+00:00, run_after=2022-09-20T00:00:00+00:00
[2022-09-20T17:15:58.889+0000] {processor.py:178} INFO - Processing /home/airflow/.local/lib/python3.7/site-packages/airflow/example_dags/example_bash_operator.py took 1.783 seconds
[2022-09-20T17:16:33.249+0000] {processor.py:156} INFO - Started process (PID=604) to work on /home/airflow/.local/lib/python3.7/site-packages/airflow/example_dags/example_bash_operator.py
[2022-09-20T17:16:33.367+0000] {processor.py:758} INFO - Processing file /home/airflow/.local/lib/python3.7/site-packages/airflow/example_dags/example_bash_operator.py for tasks to queue
[2022-09-20T17:16:33.368+0000] {logging_mixin.py:117} INFO - [2022-09-20T17:16:33.368+0000] {dagbag.py:525} INFO - Filling up the DagBag from /home/airflow/.local/lib/python3.7/site-packages/airflow/example_dags/example_bash_operator.py
[2022-09-20T17:16:33.397+0000] {processor.py:768} INFO - DAG(s) dict_keys(['example_bash_operator']) retrieved from /home/airflow/.local/lib/python3.7/site-packages/airflow/example_dags/example_bash_operator.py
[2022-09-20T17:16:33.469+0000] {logging_mixin.py:117} INFO - [2022-09-20T17:16:33.468+0000] {dag.py:2573} INFO - Sync 1 DAGs
[2022-09-20T17:16:33.505+0000] {logging_mixin.py:117} INFO - [2022-09-20T17:16:33.505+0000] {dag.py:3328} INFO - Setting next_dagrun for example_bash_operator to 2022-09-19T00:00:00+00:00, run_after=2022-09-20T00:00:00+00:00
[2022-09-20T17:16:34.674+0000] {processor.py:178} INFO - Processing /home/airflow/.local/lib/python3.7/site-packages/airflow/example_dags/example_bash_operator.py took 1.429 seconds
[2022-09-20T17:17:07.260+0000] {processor.py:156} INFO - Started process (PID=649) to work on /home/airflow/.local/lib/python3.7/site-packages/airflow/example_dags/example_bash_operator.py
[2022-09-20T17:17:07.412+0000] {processor.py:758} INFO - Processing file /home/airflow/.local/lib/python3.7/site-packages/airflow/example_dags/example_bash_operator.py for tasks to queue
[2022-09-20T17:17:07.413+0000] {logging_mixin.py:117} INFO - [2022-09-20T17:17:07.413+0000] {dagbag.py:525} INFO - Filling up the DagBag from /home/airflow/.local/lib/python3.7/site-packages/airflow/example_dags/example_bash_operator.py
[2022-09-20T17:17:07.445+0000] {processor.py:768} INFO - DAG(s) dict_keys(['example_bash_operator']) retrieved from /home/airflow/.local/lib/python3.7/site-packages/airflow/example_dags/example_bash_operator.py
[2022-09-20T17:17:07.547+0000] {logging_mixin.py:117} INFO - [2022-09-20T17:17:07.547+0000] {dag.py:2573} INFO - Sync 1 DAGs
[2022-09-20T17:17:07.611+0000] {logging_mixin.py:117} INFO - [2022-09-20T17:17:07.611+0000] {dag.py:3328} INFO - Setting next_dagrun for example_bash_operator to 2022-09-19T00:00:00+00:00, run_after=2022-09-20T00:00:00+00:00
[2022-09-20T17:17:08.143+0000] {processor.py:178} INFO - Processing /home/airflow/.local/lib/python3.7/site-packages/airflow/example_dags/example_bash_operator.py took 0.890 seconds
[2022-09-20T17:17:38.306+0000] {processor.py:156} INFO - Started process (PID=703) to work on /home/airflow/.local/lib/python3.7/site-packages/airflow/example_dags/example_bash_operator.py
[2022-09-20T17:17:38.353+0000] {processor.py:758} INFO - Processing file /home/airflow/.local/lib/python3.7/site-packages/airflow/example_dags/example_bash_operator.py for tasks to queue
[2022-09-20T17:17:38.355+0000] {logging_mixin.py:117} INFO - [2022-09-20T17:17:38.354+0000] {dagbag.py:525} INFO - Filling up the DagBag from /home/airflow/.local/lib/python3.7/site-packages/airflow/example_dags/example_bash_operator.py
[2022-09-20T17:17:38.424+0000] {processor.py:768} INFO - DAG(s) dict_keys(['example_bash_operator']) retrieved from /home/airflow/.local/lib/python3.7/site-packages/airflow/example_dags/example_bash_operator.py
[2022-09-20T17:17:38.556+0000] {logging_mixin.py:117} INFO - [2022-09-20T17:17:38.556+0000] {dag.py:2573} INFO - Sync 1 DAGs
[2022-09-20T17:17:38.651+0000] {logging_mixin.py:117} INFO - [2022-09-20T17:17:38.651+0000] {dag.py:3328} INFO - Setting next_dagrun for example_bash_operator to 2022-09-19T00:00:00+00:00, run_after=2022-09-20T00:00:00+00:00
[2022-09-20T17:17:38.803+0000] {processor.py:178} INFO - Processing /home/airflow/.local/lib/python3.7/site-packages/airflow/example_dags/example_bash_operator.py took 0.509 seconds
[2022-09-20T17:18:14.063+0000] {processor.py:156} INFO - Started process (PID=752) to work on /home/airflow/.local/lib/python3.7/site-packages/airflow/example_dags/example_bash_operator.py
[2022-09-20T17:18:14.250+0000] {processor.py:758} INFO - Processing file /home/airflow/.local/lib/python3.7/site-packages/airflow/example_dags/example_bash_operator.py for tasks to queue
[2022-09-20T17:18:14.251+0000] {logging_mixin.py:117} INFO - [2022-09-20T17:18:14.251+0000] {dagbag.py:525} INFO - Filling up the DagBag from /home/airflow/.local/lib/python3.7/site-packages/airflow/example_dags/example_bash_operator.py
[2022-09-20T17:18:14.322+0000] {processor.py:768} INFO - DAG(s) dict_keys(['example_bash_operator']) retrieved from /home/airflow/.local/lib/python3.7/site-packages/airflow/example_dags/example_bash_operator.py
[2022-09-20T17:18:14.429+0000] {logging_mixin.py:117} INFO - [2022-09-20T17:18:14.428+0000] {dag.py:2573} INFO - Sync 1 DAGs
[2022-09-20T17:18:14.462+0000] {logging_mixin.py:117} INFO - [2022-09-20T17:18:14.462+0000] {dag.py:3328} INFO - Setting next_dagrun for example_bash_operator to 2022-09-19T00:00:00+00:00, run_after=2022-09-20T00:00:00+00:00
[2022-09-20T17:18:14.900+0000] {processor.py:178} INFO - Processing /home/airflow/.local/lib/python3.7/site-packages/airflow/example_dags/example_bash_operator.py took 0.841 seconds
[2022-09-20T17:18:51.343+0000] {processor.py:156} INFO - Started process (PID=806) to work on /home/airflow/.local/lib/python3.7/site-packages/airflow/example_dags/example_bash_operator.py
[2022-09-20T17:18:51.398+0000] {processor.py:758} INFO - Processing file /home/airflow/.local/lib/python3.7/site-packages/airflow/example_dags/example_bash_operator.py for tasks to queue
[2022-09-20T17:18:51.399+0000] {logging_mixin.py:117} INFO - [2022-09-20T17:18:51.398+0000] {dagbag.py:525} INFO - Filling up the DagBag from /home/airflow/.local/lib/python3.7/site-packages/airflow/example_dags/example_bash_operator.py
[2022-09-20T17:18:51.438+0000] {processor.py:768} INFO - DAG(s) dict_keys(['example_bash_operator']) retrieved from /home/airflow/.local/lib/python3.7/site-packages/airflow/example_dags/example_bash_operator.py
[2022-09-20T17:18:51.497+0000] {logging_mixin.py:117} INFO - [2022-09-20T17:18:51.497+0000] {dag.py:2573} INFO - Sync 1 DAGs
[2022-09-20T17:18:51.552+0000] {logging_mixin.py:117} INFO - [2022-09-20T17:18:51.552+0000] {dag.py:3328} INFO - Setting next_dagrun for example_bash_operator to 2022-09-19T00:00:00+00:00, run_after=2022-09-20T00:00:00+00:00
[2022-09-20T17:18:52.034+0000] {processor.py:178} INFO - Processing /home/airflow/.local/lib/python3.7/site-packages/airflow/example_dags/example_bash_operator.py took 0.703 seconds
[2022-09-20T17:19:23.514+0000] {processor.py:156} INFO - Started process (PID=860) to work on /home/airflow/.local/lib/python3.7/site-packages/airflow/example_dags/example_bash_operator.py
[2022-09-20T17:19:23.619+0000] {processor.py:758} INFO - Processing file /home/airflow/.local/lib/python3.7/site-packages/airflow/example_dags/example_bash_operator.py for tasks to queue
[2022-09-20T17:19:23.621+0000] {logging_mixin.py:117} INFO - [2022-09-20T17:19:23.620+0000] {dagbag.py:525} INFO - Filling up the DagBag from /home/airflow/.local/lib/python3.7/site-packages/airflow/example_dags/example_bash_operator.py
[2022-09-20T17:19:23.699+0000] {processor.py:768} INFO - DAG(s) dict_keys(['example_bash_operator']) retrieved from /home/airflow/.local/lib/python3.7/site-packages/airflow/example_dags/example_bash_operator.py
[2022-09-20T17:19:23.829+0000] {logging_mixin.py:117} INFO - [2022-09-20T17:19:23.829+0000] {dag.py:2573} INFO - Sync 1 DAGs
[2022-09-20T17:19:23.933+0000] {logging_mixin.py:117} INFO - [2022-09-20T17:19:23.932+0000] {dag.py:3328} INFO - Setting next_dagrun for example_bash_operator to 2022-09-19T00:00:00+00:00, run_after=2022-09-20T00:00:00+00:00
[2022-09-20T17:19:24.415+0000] {processor.py:178} INFO - Processing /home/airflow/.local/lib/python3.7/site-packages/airflow/example_dags/example_bash_operator.py took 0.910 seconds
