[2022-09-20T13:46:57.724+0000] {processor.py:156} INFO - Started process (PID=88) to work on /home/airflow/.local/lib/python3.7/site-packages/airflow/example_dags/example_skip_dag.py
[2022-09-20T13:46:57.725+0000] {processor.py:758} INFO - Processing file /home/airflow/.local/lib/python3.7/site-packages/airflow/example_dags/example_skip_dag.py for tasks to queue
[2022-09-20T13:46:57.727+0000] {logging_mixin.py:117} INFO - [2022-09-20T13:46:57.727+0000] {dagbag.py:525} INFO - Filling up the DagBag from /home/airflow/.local/lib/python3.7/site-packages/airflow/example_dags/example_skip_dag.py
[2022-09-20T13:46:57.768+0000] {processor.py:768} INFO - DAG(s) dict_keys(['example_skip_dag']) retrieved from /home/airflow/.local/lib/python3.7/site-packages/airflow/example_dags/example_skip_dag.py
[2022-09-20T13:47:03.225+0000] {logging_mixin.py:117} INFO - [2022-09-20T13:47:03.224+0000] {manager.py:508} INFO - Created Permission View: can delete on DAG:example_skip_dag
[2022-09-20T13:47:04.095+0000] {logging_mixin.py:117} INFO - [2022-09-20T13:47:04.094+0000] {manager.py:508} INFO - Created Permission View: can read on DAG:example_skip_dag
[2022-09-20T13:47:05.561+0000] {logging_mixin.py:117} INFO - [2022-09-20T13:47:05.560+0000] {manager.py:508} INFO - Created Permission View: can edit on DAG:example_skip_dag
[2022-09-20T13:47:05.562+0000] {logging_mixin.py:117} INFO - [2022-09-20T13:47:05.562+0000] {dag.py:2573} INFO - Sync 1 DAGs
[2022-09-20T13:47:05.616+0000] {logging_mixin.py:117} INFO - [2022-09-20T13:47:05.616+0000] {dag.py:2594} INFO - Creating ORM DAG for example_skip_dag
[2022-09-20T13:47:05.637+0000] {logging_mixin.py:117} INFO - [2022-09-20T13:47:05.637+0000] {dag.py:3328} INFO - Setting next_dagrun for example_skip_dag to 2022-09-19T13:47:05.636958+00:00, run_after=2022-09-20T13:47:05.636958+00:00
[2022-09-20T13:47:07.188+0000] {processor.py:178} INFO - Processing /home/airflow/.local/lib/python3.7/site-packages/airflow/example_dags/example_skip_dag.py took 9.478 seconds
[2022-09-20T13:55:54.193+0000] {processor.py:156} INFO - Started process (PID=144) to work on /home/airflow/.local/lib/python3.7/site-packages/airflow/example_dags/example_skip_dag.py
[2022-09-20T13:55:54.354+0000] {processor.py:758} INFO - Processing file /home/airflow/.local/lib/python3.7/site-packages/airflow/example_dags/example_skip_dag.py for tasks to queue
[2022-09-20T13:55:54.358+0000] {logging_mixin.py:117} INFO - [2022-09-20T13:55:54.357+0000] {dagbag.py:525} INFO - Filling up the DagBag from /home/airflow/.local/lib/python3.7/site-packages/airflow/example_dags/example_skip_dag.py
[2022-09-20T13:55:54.421+0000] {processor.py:768} INFO - DAG(s) dict_keys(['example_skip_dag']) retrieved from /home/airflow/.local/lib/python3.7/site-packages/airflow/example_dags/example_skip_dag.py
[2022-09-20T13:55:54.596+0000] {logging_mixin.py:117} INFO - [2022-09-20T13:55:54.596+0000] {dag.py:2573} INFO - Sync 1 DAGs
[2022-09-20T13:55:56.999+0000] {logging_mixin.py:117} INFO - [2022-09-20T13:55:56.998+0000] {dag.py:3328} INFO - Setting next_dagrun for example_skip_dag to 2022-09-19T13:55:56.998057+00:00, run_after=2022-09-20T13:55:56.998057+00:00
[2022-09-20T13:55:58.263+0000] {processor.py:178} INFO - Processing /home/airflow/.local/lib/python3.7/site-packages/airflow/example_dags/example_skip_dag.py took 4.202 seconds
[2022-09-20T14:03:37.515+0000] {processor.py:156} INFO - Started process (PID=214) to work on /home/airflow/.local/lib/python3.7/site-packages/airflow/example_dags/example_skip_dag.py
[2022-09-20T14:03:41.150+0000] {processor.py:758} INFO - Processing file /home/airflow/.local/lib/python3.7/site-packages/airflow/example_dags/example_skip_dag.py for tasks to queue
[2022-09-20T14:03:41.153+0000] {logging_mixin.py:117} INFO - [2022-09-20T14:03:41.153+0000] {dagbag.py:525} INFO - Filling up the DagBag from /home/airflow/.local/lib/python3.7/site-packages/airflow/example_dags/example_skip_dag.py
[2022-09-20T14:03:41.229+0000] {processor.py:768} INFO - DAG(s) dict_keys(['example_skip_dag']) retrieved from /home/airflow/.local/lib/python3.7/site-packages/airflow/example_dags/example_skip_dag.py
[2022-09-20T14:03:41.307+0000] {logging_mixin.py:117} INFO - [2022-09-20T14:03:41.307+0000] {dag.py:2573} INFO - Sync 1 DAGs
[2022-09-20T14:03:41.338+0000] {logging_mixin.py:117} INFO - [2022-09-20T14:03:41.338+0000] {dag.py:3328} INFO - Setting next_dagrun for example_skip_dag to 2022-09-19T14:03:41.338390+00:00, run_after=2022-09-20T14:03:41.338390+00:00
[2022-09-20T14:03:46.542+0000] {processor.py:178} INFO - Processing /home/airflow/.local/lib/python3.7/site-packages/airflow/example_dags/example_skip_dag.py took 9.044 seconds
[2022-09-20T14:05:20.386+0000] {processor.py:156} INFO - Started process (PID=267) to work on /home/airflow/.local/lib/python3.7/site-packages/airflow/example_dags/example_skip_dag.py
[2022-09-20T14:05:20.808+0000] {processor.py:758} INFO - Processing file /home/airflow/.local/lib/python3.7/site-packages/airflow/example_dags/example_skip_dag.py for tasks to queue
[2022-09-20T14:05:21.766+0000] {logging_mixin.py:117} INFO - [2022-09-20T14:05:21.765+0000] {dagbag.py:525} INFO - Filling up the DagBag from /home/airflow/.local/lib/python3.7/site-packages/airflow/example_dags/example_skip_dag.py
[2022-09-20T14:05:21.780+0000] {processor.py:768} INFO - DAG(s) dict_keys(['example_skip_dag']) retrieved from /home/airflow/.local/lib/python3.7/site-packages/airflow/example_dags/example_skip_dag.py
[2022-09-20T14:05:21.826+0000] {logging_mixin.py:117} INFO - [2022-09-20T14:05:21.826+0000] {dag.py:2573} INFO - Sync 1 DAGs
[2022-09-20T14:05:21.862+0000] {logging_mixin.py:117} INFO - [2022-09-20T14:05:21.862+0000] {dag.py:3328} INFO - Setting next_dagrun for example_skip_dag to 2022-09-19T14:05:21.861994+00:00, run_after=2022-09-20T14:05:21.861994+00:00
[2022-09-20T14:05:27.272+0000] {processor.py:178} INFO - Processing /home/airflow/.local/lib/python3.7/site-packages/airflow/example_dags/example_skip_dag.py took 6.890 seconds
[2022-09-20T14:06:23.072+0000] {processor.py:156} INFO - Started process (PID=330) to work on /home/airflow/.local/lib/python3.7/site-packages/airflow/example_dags/example_skip_dag.py
[2022-09-20T14:06:23.947+0000] {processor.py:758} INFO - Processing file /home/airflow/.local/lib/python3.7/site-packages/airflow/example_dags/example_skip_dag.py for tasks to queue
[2022-09-20T14:06:23.950+0000] {logging_mixin.py:117} INFO - [2022-09-20T14:06:23.950+0000] {dagbag.py:525} INFO - Filling up the DagBag from /home/airflow/.local/lib/python3.7/site-packages/airflow/example_dags/example_skip_dag.py
[2022-09-20T14:06:23.999+0000] {processor.py:768} INFO - DAG(s) dict_keys(['example_skip_dag']) retrieved from /home/airflow/.local/lib/python3.7/site-packages/airflow/example_dags/example_skip_dag.py
[2022-09-20T14:06:24.042+0000] {logging_mixin.py:117} INFO - [2022-09-20T14:06:24.042+0000] {dag.py:2573} INFO - Sync 1 DAGs
[2022-09-20T14:06:24.068+0000] {logging_mixin.py:117} INFO - [2022-09-20T14:06:24.068+0000] {dag.py:3328} INFO - Setting next_dagrun for example_skip_dag to 2022-09-19T14:06:24.068255+00:00, run_after=2022-09-20T14:06:24.068255+00:00
[2022-09-20T14:06:25.070+0000] {processor.py:178} INFO - Processing /home/airflow/.local/lib/python3.7/site-packages/airflow/example_dags/example_skip_dag.py took 2.006 seconds
[2022-09-20T14:07:04.743+0000] {processor.py:156} INFO - Started process (PID=362) to work on /home/airflow/.local/lib/python3.7/site-packages/airflow/example_dags/example_skip_dag.py
[2022-09-20T14:07:05.138+0000] {processor.py:758} INFO - Processing file /home/airflow/.local/lib/python3.7/site-packages/airflow/example_dags/example_skip_dag.py for tasks to queue
[2022-09-20T14:07:06.096+0000] {logging_mixin.py:117} INFO - [2022-09-20T14:07:06.096+0000] {dagbag.py:525} INFO - Filling up the DagBag from /home/airflow/.local/lib/python3.7/site-packages/airflow/example_dags/example_skip_dag.py
[2022-09-20T14:07:06.111+0000] {processor.py:768} INFO - DAG(s) dict_keys(['example_skip_dag']) retrieved from /home/airflow/.local/lib/python3.7/site-packages/airflow/example_dags/example_skip_dag.py
[2022-09-20T14:07:06.150+0000] {logging_mixin.py:117} INFO - [2022-09-20T14:07:06.149+0000] {dag.py:2573} INFO - Sync 1 DAGs
[2022-09-20T14:07:06.173+0000] {logging_mixin.py:117} INFO - [2022-09-20T14:07:06.173+0000] {dag.py:3328} INFO - Setting next_dagrun for example_skip_dag to 2022-09-19T14:07:06.173405+00:00, run_after=2022-09-20T14:07:06.173405+00:00
[2022-09-20T14:07:07.305+0000] {processor.py:178} INFO - Processing /home/airflow/.local/lib/python3.7/site-packages/airflow/example_dags/example_skip_dag.py took 2.568 seconds
[2022-09-20T14:07:47.086+0000] {processor.py:156} INFO - Started process (PID=415) to work on /home/airflow/.local/lib/python3.7/site-packages/airflow/example_dags/example_skip_dag.py
[2022-09-20T14:07:47.226+0000] {processor.py:758} INFO - Processing file /home/airflow/.local/lib/python3.7/site-packages/airflow/example_dags/example_skip_dag.py for tasks to queue
[2022-09-20T14:07:47.226+0000] {logging_mixin.py:117} INFO - [2022-09-20T14:07:47.226+0000] {dagbag.py:525} INFO - Filling up the DagBag from /home/airflow/.local/lib/python3.7/site-packages/airflow/example_dags/example_skip_dag.py
[2022-09-20T14:07:47.240+0000] {processor.py:768} INFO - DAG(s) dict_keys(['example_skip_dag']) retrieved from /home/airflow/.local/lib/python3.7/site-packages/airflow/example_dags/example_skip_dag.py
[2022-09-20T14:07:47.278+0000] {logging_mixin.py:117} INFO - [2022-09-20T14:07:47.278+0000] {dag.py:2573} INFO - Sync 1 DAGs
[2022-09-20T14:07:47.301+0000] {logging_mixin.py:117} INFO - [2022-09-20T14:07:47.301+0000] {dag.py:3328} INFO - Setting next_dagrun for example_skip_dag to 2022-09-19T14:07:47.301293+00:00, run_after=2022-09-20T14:07:47.301293+00:00
[2022-09-20T14:07:48.003+0000] {processor.py:178} INFO - Processing /home/airflow/.local/lib/python3.7/site-packages/airflow/example_dags/example_skip_dag.py took 0.925 seconds
[2022-09-20T14:08:20.429+0000] {processor.py:156} INFO - Started process (PID=467) to work on /home/airflow/.local/lib/python3.7/site-packages/airflow/example_dags/example_skip_dag.py
[2022-09-20T14:08:20.431+0000] {processor.py:758} INFO - Processing file /home/airflow/.local/lib/python3.7/site-packages/airflow/example_dags/example_skip_dag.py for tasks to queue
[2022-09-20T14:08:20.432+0000] {logging_mixin.py:117} INFO - [2022-09-20T14:08:20.432+0000] {dagbag.py:525} INFO - Filling up the DagBag from /home/airflow/.local/lib/python3.7/site-packages/airflow/example_dags/example_skip_dag.py
[2022-09-20T14:08:20.456+0000] {processor.py:768} INFO - DAG(s) dict_keys(['example_skip_dag']) retrieved from /home/airflow/.local/lib/python3.7/site-packages/airflow/example_dags/example_skip_dag.py
[2022-09-20T14:08:20.518+0000] {logging_mixin.py:117} INFO - [2022-09-20T14:08:20.518+0000] {dag.py:2573} INFO - Sync 1 DAGs
[2022-09-20T14:08:20.547+0000] {logging_mixin.py:117} INFO - [2022-09-20T14:08:20.547+0000] {dag.py:3328} INFO - Setting next_dagrun for example_skip_dag to 2022-09-19T14:08:20.547185+00:00, run_after=2022-09-20T14:08:20.547185+00:00
[2022-09-20T14:08:21.575+0000] {processor.py:178} INFO - Processing /home/airflow/.local/lib/python3.7/site-packages/airflow/example_dags/example_skip_dag.py took 1.152 seconds
[2022-09-20T14:09:51.266+0000] {processor.py:156} INFO - Started process (PID=504) to work on /home/airflow/.local/lib/python3.7/site-packages/airflow/example_dags/example_skip_dag.py
[2022-09-20T14:09:53.388+0000] {processor.py:758} INFO - Processing file /home/airflow/.local/lib/python3.7/site-packages/airflow/example_dags/example_skip_dag.py for tasks to queue
[2022-09-20T14:09:56.970+0000] {logging_mixin.py:117} INFO - [2022-09-20T14:09:56.970+0000] {dagbag.py:525} INFO - Filling up the DagBag from /home/airflow/.local/lib/python3.7/site-packages/airflow/example_dags/example_skip_dag.py
[2022-09-20T14:09:57.008+0000] {processor.py:768} INFO - DAG(s) dict_keys(['example_skip_dag']) retrieved from /home/airflow/.local/lib/python3.7/site-packages/airflow/example_dags/example_skip_dag.py
[2022-09-20T14:09:57.103+0000] {logging_mixin.py:117} INFO - [2022-09-20T14:09:57.103+0000] {dag.py:2573} INFO - Sync 1 DAGs
[2022-09-20T14:09:57.158+0000] {logging_mixin.py:117} INFO - [2022-09-20T14:09:57.158+0000] {dag.py:3328} INFO - Setting next_dagrun for example_skip_dag to 2022-09-19T14:09:57.157643+00:00, run_after=2022-09-20T14:09:57.157643+00:00
[2022-09-20T14:10:03.718+0000] {processor.py:178} INFO - Processing /home/airflow/.local/lib/python3.7/site-packages/airflow/example_dags/example_skip_dag.py took 12.458 seconds
[2022-09-20T14:11:31.441+0000] {processor.py:156} INFO - Started process (PID=565) to work on /home/airflow/.local/lib/python3.7/site-packages/airflow/example_dags/example_skip_dag.py
[2022-09-20T14:11:31.768+0000] {processor.py:758} INFO - Processing file /home/airflow/.local/lib/python3.7/site-packages/airflow/example_dags/example_skip_dag.py for tasks to queue
[2022-09-20T14:11:31.769+0000] {logging_mixin.py:117} INFO - [2022-09-20T14:11:31.769+0000] {dagbag.py:525} INFO - Filling up the DagBag from /home/airflow/.local/lib/python3.7/site-packages/airflow/example_dags/example_skip_dag.py
[2022-09-20T14:11:31.790+0000] {processor.py:768} INFO - DAG(s) dict_keys(['example_skip_dag']) retrieved from /home/airflow/.local/lib/python3.7/site-packages/airflow/example_dags/example_skip_dag.py
[2022-09-20T14:11:31.840+0000] {logging_mixin.py:117} INFO - [2022-09-20T14:11:31.840+0000] {dag.py:2573} INFO - Sync 1 DAGs
[2022-09-20T14:11:31.875+0000] {logging_mixin.py:117} INFO - [2022-09-20T14:11:31.875+0000] {dag.py:3328} INFO - Setting next_dagrun for example_skip_dag to 2022-09-19T14:11:31.874994+00:00, run_after=2022-09-20T14:11:31.874994+00:00
[2022-09-20T14:11:34.887+0000] {processor.py:178} INFO - Processing /home/airflow/.local/lib/python3.7/site-packages/airflow/example_dags/example_skip_dag.py took 3.451 seconds
[2022-09-20T14:12:29.855+0000] {processor.py:156} INFO - Started process (PID=611) to work on /home/airflow/.local/lib/python3.7/site-packages/airflow/example_dags/example_skip_dag.py
[2022-09-20T14:12:29.961+0000] {processor.py:758} INFO - Processing file /home/airflow/.local/lib/python3.7/site-packages/airflow/example_dags/example_skip_dag.py for tasks to queue
[2022-09-20T14:12:29.961+0000] {logging_mixin.py:117} INFO - [2022-09-20T14:12:29.961+0000] {dagbag.py:525} INFO - Filling up the DagBag from /home/airflow/.local/lib/python3.7/site-packages/airflow/example_dags/example_skip_dag.py
[2022-09-20T14:12:29.975+0000] {processor.py:768} INFO - DAG(s) dict_keys(['example_skip_dag']) retrieved from /home/airflow/.local/lib/python3.7/site-packages/airflow/example_dags/example_skip_dag.py
[2022-09-20T14:12:30.015+0000] {logging_mixin.py:117} INFO - [2022-09-20T14:12:30.015+0000] {dag.py:2573} INFO - Sync 1 DAGs
[2022-09-20T14:12:30.040+0000] {logging_mixin.py:117} INFO - [2022-09-20T14:12:30.040+0000] {dag.py:3328} INFO - Setting next_dagrun for example_skip_dag to 2022-09-19T14:12:30.040260+00:00, run_after=2022-09-20T14:12:30.040260+00:00
[2022-09-20T14:12:31.128+0000] {processor.py:178} INFO - Processing /home/airflow/.local/lib/python3.7/site-packages/airflow/example_dags/example_skip_dag.py took 1.276 seconds
[2022-09-20T14:14:13.889+0000] {processor.py:156} INFO - Started process (PID=667) to work on /home/airflow/.local/lib/python3.7/site-packages/airflow/example_dags/example_skip_dag.py
[2022-09-20T14:14:14.055+0000] {processor.py:758} INFO - Processing file /home/airflow/.local/lib/python3.7/site-packages/airflow/example_dags/example_skip_dag.py for tasks to queue
[2022-09-20T14:14:14.058+0000] {logging_mixin.py:117} INFO - [2022-09-20T14:14:14.057+0000] {dagbag.py:525} INFO - Filling up the DagBag from /home/airflow/.local/lib/python3.7/site-packages/airflow/example_dags/example_skip_dag.py
[2022-09-20T14:14:14.118+0000] {processor.py:768} INFO - DAG(s) dict_keys(['example_skip_dag']) retrieved from /home/airflow/.local/lib/python3.7/site-packages/airflow/example_dags/example_skip_dag.py
[2022-09-20T14:14:14.164+0000] {logging_mixin.py:117} INFO - [2022-09-20T14:14:14.164+0000] {dag.py:2573} INFO - Sync 1 DAGs
[2022-09-20T14:14:14.187+0000] {logging_mixin.py:117} INFO - [2022-09-20T14:14:14.187+0000] {dag.py:3328} INFO - Setting next_dagrun for example_skip_dag to 2022-09-19T14:14:14.187358+00:00, run_after=2022-09-20T14:14:14.187358+00:00
[2022-09-20T14:14:14.553+0000] {processor.py:178} INFO - Processing /home/airflow/.local/lib/python3.7/site-packages/airflow/example_dags/example_skip_dag.py took 0.669 seconds
[2022-09-20T14:14:58.500+0000] {processor.py:156} INFO - Started process (PID=712) to work on /home/airflow/.local/lib/python3.7/site-packages/airflow/example_dags/example_skip_dag.py
[2022-09-20T14:14:58.620+0000] {processor.py:758} INFO - Processing file /home/airflow/.local/lib/python3.7/site-packages/airflow/example_dags/example_skip_dag.py for tasks to queue
[2022-09-20T14:14:58.622+0000] {logging_mixin.py:117} INFO - [2022-09-20T14:14:58.621+0000] {dagbag.py:525} INFO - Filling up the DagBag from /home/airflow/.local/lib/python3.7/site-packages/airflow/example_dags/example_skip_dag.py
[2022-09-20T14:14:58.661+0000] {processor.py:768} INFO - DAG(s) dict_keys(['example_skip_dag']) retrieved from /home/airflow/.local/lib/python3.7/site-packages/airflow/example_dags/example_skip_dag.py
[2022-09-20T14:14:58.703+0000] {logging_mixin.py:117} INFO - [2022-09-20T14:14:58.703+0000] {dag.py:2573} INFO - Sync 1 DAGs
[2022-09-20T14:14:58.727+0000] {logging_mixin.py:117} INFO - [2022-09-20T14:14:58.727+0000] {dag.py:3328} INFO - Setting next_dagrun for example_skip_dag to 2022-09-19T14:14:58.727228+00:00, run_after=2022-09-20T14:14:58.727228+00:00
[2022-09-20T14:14:58.947+0000] {processor.py:178} INFO - Processing /home/airflow/.local/lib/python3.7/site-packages/airflow/example_dags/example_skip_dag.py took 0.450 seconds
[2022-09-20T14:16:18.659+0000] {processor.py:156} INFO - Started process (PID=769) to work on /home/airflow/.local/lib/python3.7/site-packages/airflow/example_dags/example_skip_dag.py
[2022-09-20T14:16:18.901+0000] {processor.py:758} INFO - Processing file /home/airflow/.local/lib/python3.7/site-packages/airflow/example_dags/example_skip_dag.py for tasks to queue
[2022-09-20T14:16:18.902+0000] {logging_mixin.py:117} INFO - [2022-09-20T14:16:18.902+0000] {dagbag.py:525} INFO - Filling up the DagBag from /home/airflow/.local/lib/python3.7/site-packages/airflow/example_dags/example_skip_dag.py
[2022-09-20T14:16:18.929+0000] {processor.py:768} INFO - DAG(s) dict_keys(['example_skip_dag']) retrieved from /home/airflow/.local/lib/python3.7/site-packages/airflow/example_dags/example_skip_dag.py
[2022-09-20T14:16:19.158+0000] {logging_mixin.py:117} INFO - [2022-09-20T14:16:19.158+0000] {dag.py:2573} INFO - Sync 1 DAGs
[2022-09-20T14:16:19.190+0000] {logging_mixin.py:117} INFO - [2022-09-20T14:16:19.190+0000] {dag.py:3328} INFO - Setting next_dagrun for example_skip_dag to 2022-09-19T14:16:19.190147+00:00, run_after=2022-09-20T14:16:19.190147+00:00
[2022-09-20T14:16:19.617+0000] {processor.py:178} INFO - Processing /home/airflow/.local/lib/python3.7/site-packages/airflow/example_dags/example_skip_dag.py took 0.966 seconds
[2022-09-20T14:16:53.639+0000] {processor.py:156} INFO - Started process (PID=823) to work on /home/airflow/.local/lib/python3.7/site-packages/airflow/example_dags/example_skip_dag.py
[2022-09-20T14:16:53.955+0000] {processor.py:758} INFO - Processing file /home/airflow/.local/lib/python3.7/site-packages/airflow/example_dags/example_skip_dag.py for tasks to queue
[2022-09-20T14:16:53.958+0000] {logging_mixin.py:117} INFO - [2022-09-20T14:16:53.957+0000] {dagbag.py:525} INFO - Filling up the DagBag from /home/airflow/.local/lib/python3.7/site-packages/airflow/example_dags/example_skip_dag.py
[2022-09-20T14:16:54.002+0000] {processor.py:768} INFO - DAG(s) dict_keys(['example_skip_dag']) retrieved from /home/airflow/.local/lib/python3.7/site-packages/airflow/example_dags/example_skip_dag.py
[2022-09-20T14:16:54.045+0000] {logging_mixin.py:117} INFO - [2022-09-20T14:16:54.045+0000] {dag.py:2573} INFO - Sync 1 DAGs
[2022-09-20T14:16:54.068+0000] {logging_mixin.py:117} INFO - [2022-09-20T14:16:54.068+0000] {dag.py:3328} INFO - Setting next_dagrun for example_skip_dag to 2022-09-19T14:16:54.068587+00:00, run_after=2022-09-20T14:16:54.068587+00:00
[2022-09-20T14:16:54.419+0000] {processor.py:178} INFO - Processing /home/airflow/.local/lib/python3.7/site-packages/airflow/example_dags/example_skip_dag.py took 0.790 seconds
[2022-09-20T14:17:52.236+0000] {processor.py:156} INFO - Started process (PID=863) to work on /home/airflow/.local/lib/python3.7/site-packages/airflow/example_dags/example_skip_dag.py
[2022-09-20T14:17:52.352+0000] {processor.py:758} INFO - Processing file /home/airflow/.local/lib/python3.7/site-packages/airflow/example_dags/example_skip_dag.py for tasks to queue
[2022-09-20T14:17:52.353+0000] {logging_mixin.py:117} INFO - [2022-09-20T14:17:52.352+0000] {dagbag.py:525} INFO - Filling up the DagBag from /home/airflow/.local/lib/python3.7/site-packages/airflow/example_dags/example_skip_dag.py
[2022-09-20T14:17:52.366+0000] {processor.py:768} INFO - DAG(s) dict_keys(['example_skip_dag']) retrieved from /home/airflow/.local/lib/python3.7/site-packages/airflow/example_dags/example_skip_dag.py
[2022-09-20T14:17:52.406+0000] {logging_mixin.py:117} INFO - [2022-09-20T14:17:52.406+0000] {dag.py:2573} INFO - Sync 1 DAGs
[2022-09-20T14:17:52.432+0000] {logging_mixin.py:117} INFO - [2022-09-20T14:17:52.432+0000] {dag.py:3328} INFO - Setting next_dagrun for example_skip_dag to 2022-09-19T14:17:52.431789+00:00, run_after=2022-09-20T14:17:52.431789+00:00
[2022-09-20T14:17:53.067+0000] {processor.py:178} INFO - Processing /home/airflow/.local/lib/python3.7/site-packages/airflow/example_dags/example_skip_dag.py took 0.839 seconds
[2022-09-20T14:18:51.110+0000] {processor.py:156} INFO - Started process (PID=890) to work on /home/airflow/.local/lib/python3.7/site-packages/airflow/example_dags/example_skip_dag.py
[2022-09-20T14:18:51.412+0000] {processor.py:758} INFO - Processing file /home/airflow/.local/lib/python3.7/site-packages/airflow/example_dags/example_skip_dag.py for tasks to queue
[2022-09-20T14:18:51.414+0000] {logging_mixin.py:117} INFO - [2022-09-20T14:18:51.414+0000] {dagbag.py:525} INFO - Filling up the DagBag from /home/airflow/.local/lib/python3.7/site-packages/airflow/example_dags/example_skip_dag.py
[2022-09-20T14:18:51.456+0000] {processor.py:768} INFO - DAG(s) dict_keys(['example_skip_dag']) retrieved from /home/airflow/.local/lib/python3.7/site-packages/airflow/example_dags/example_skip_dag.py
[2022-09-20T14:18:51.511+0000] {logging_mixin.py:117} INFO - [2022-09-20T14:18:51.510+0000] {dag.py:2573} INFO - Sync 1 DAGs
[2022-09-20T14:18:51.552+0000] {logging_mixin.py:117} INFO - [2022-09-20T14:18:51.552+0000] {dag.py:3328} INFO - Setting next_dagrun for example_skip_dag to 2022-09-19T14:18:51.552238+00:00, run_after=2022-09-20T14:18:51.552238+00:00
[2022-09-20T14:18:54.568+0000] {processor.py:178} INFO - Processing /home/airflow/.local/lib/python3.7/site-packages/airflow/example_dags/example_skip_dag.py took 3.461 seconds
[2022-09-20T14:20:06.881+0000] {processor.py:156} INFO - Started process (PID=939) to work on /home/airflow/.local/lib/python3.7/site-packages/airflow/example_dags/example_skip_dag.py
[2022-09-20T14:20:07.238+0000] {processor.py:758} INFO - Processing file /home/airflow/.local/lib/python3.7/site-packages/airflow/example_dags/example_skip_dag.py for tasks to queue
[2022-09-20T14:20:07.241+0000] {logging_mixin.py:117} INFO - [2022-09-20T14:20:07.240+0000] {dagbag.py:525} INFO - Filling up the DagBag from /home/airflow/.local/lib/python3.7/site-packages/airflow/example_dags/example_skip_dag.py
[2022-09-20T14:20:07.277+0000] {processor.py:768} INFO - DAG(s) dict_keys(['example_skip_dag']) retrieved from /home/airflow/.local/lib/python3.7/site-packages/airflow/example_dags/example_skip_dag.py
[2022-09-20T14:20:07.316+0000] {logging_mixin.py:117} INFO - [2022-09-20T14:20:07.316+0000] {dag.py:2573} INFO - Sync 1 DAGs
[2022-09-20T14:20:07.339+0000] {logging_mixin.py:117} INFO - [2022-09-20T14:20:07.339+0000] {dag.py:3328} INFO - Setting next_dagrun for example_skip_dag to 2022-09-19T14:20:07.339554+00:00, run_after=2022-09-20T14:20:07.339554+00:00
[2022-09-20T14:20:07.969+0000] {processor.py:178} INFO - Processing /home/airflow/.local/lib/python3.7/site-packages/airflow/example_dags/example_skip_dag.py took 1.091 seconds
[2022-09-20T14:21:53.561+0000] {processor.py:156} INFO - Started process (PID=998) to work on /home/airflow/.local/lib/python3.7/site-packages/airflow/example_dags/example_skip_dag.py
[2022-09-20T14:21:53.735+0000] {processor.py:758} INFO - Processing file /home/airflow/.local/lib/python3.7/site-packages/airflow/example_dags/example_skip_dag.py for tasks to queue
[2022-09-20T14:21:53.737+0000] {logging_mixin.py:117} INFO - [2022-09-20T14:21:53.737+0000] {dagbag.py:525} INFO - Filling up the DagBag from /home/airflow/.local/lib/python3.7/site-packages/airflow/example_dags/example_skip_dag.py
[2022-09-20T14:21:53.782+0000] {processor.py:768} INFO - DAG(s) dict_keys(['example_skip_dag']) retrieved from /home/airflow/.local/lib/python3.7/site-packages/airflow/example_dags/example_skip_dag.py
[2022-09-20T14:21:53.822+0000] {logging_mixin.py:117} INFO - [2022-09-20T14:21:53.822+0000] {dag.py:2573} INFO - Sync 1 DAGs
[2022-09-20T14:21:53.848+0000] {logging_mixin.py:117} INFO - [2022-09-20T14:21:53.847+0000] {dag.py:3328} INFO - Setting next_dagrun for example_skip_dag to 2022-09-19T14:21:53.847764+00:00, run_after=2022-09-20T14:21:53.847764+00:00
[2022-09-20T14:21:54.504+0000] {processor.py:178} INFO - Processing /home/airflow/.local/lib/python3.7/site-packages/airflow/example_dags/example_skip_dag.py took 0.946 seconds
[2022-09-20T14:23:35.825+0000] {processor.py:156} INFO - Started process (PID=1030) to work on /home/airflow/.local/lib/python3.7/site-packages/airflow/example_dags/example_skip_dag.py
[2022-09-20T14:23:35.997+0000] {processor.py:758} INFO - Processing file /home/airflow/.local/lib/python3.7/site-packages/airflow/example_dags/example_skip_dag.py for tasks to queue
[2022-09-20T14:23:36.000+0000] {logging_mixin.py:117} INFO - [2022-09-20T14:23:35.999+0000] {dagbag.py:525} INFO - Filling up the DagBag from /home/airflow/.local/lib/python3.7/site-packages/airflow/example_dags/example_skip_dag.py
[2022-09-20T14:23:36.035+0000] {processor.py:768} INFO - DAG(s) dict_keys(['example_skip_dag']) retrieved from /home/airflow/.local/lib/python3.7/site-packages/airflow/example_dags/example_skip_dag.py
[2022-09-20T14:23:36.078+0000] {logging_mixin.py:117} INFO - [2022-09-20T14:23:36.077+0000] {dag.py:2573} INFO - Sync 1 DAGs
[2022-09-20T14:23:36.101+0000] {logging_mixin.py:117} INFO - [2022-09-20T14:23:36.101+0000] {dag.py:3328} INFO - Setting next_dagrun for example_skip_dag to 2022-09-19T14:23:36.101273+00:00, run_after=2022-09-20T14:23:36.101273+00:00
[2022-09-20T14:23:39.187+0000] {processor.py:178} INFO - Processing /home/airflow/.local/lib/python3.7/site-packages/airflow/example_dags/example_skip_dag.py took 3.366 seconds
[2022-09-20T14:25:10.116+0000] {processor.py:156} INFO - Started process (PID=1077) to work on /home/airflow/.local/lib/python3.7/site-packages/airflow/example_dags/example_skip_dag.py
[2022-09-20T14:25:10.408+0000] {processor.py:758} INFO - Processing file /home/airflow/.local/lib/python3.7/site-packages/airflow/example_dags/example_skip_dag.py for tasks to queue
[2022-09-20T14:25:10.410+0000] {logging_mixin.py:117} INFO - [2022-09-20T14:25:10.409+0000] {dagbag.py:525} INFO - Filling up the DagBag from /home/airflow/.local/lib/python3.7/site-packages/airflow/example_dags/example_skip_dag.py
[2022-09-20T14:25:10.435+0000] {processor.py:768} INFO - DAG(s) dict_keys(['example_skip_dag']) retrieved from /home/airflow/.local/lib/python3.7/site-packages/airflow/example_dags/example_skip_dag.py
[2022-09-20T14:25:10.886+0000] {logging_mixin.py:117} INFO - [2022-09-20T14:25:10.886+0000] {dag.py:2573} INFO - Sync 1 DAGs
[2022-09-20T14:25:10.911+0000] {logging_mixin.py:117} INFO - [2022-09-20T14:25:10.911+0000] {dag.py:3328} INFO - Setting next_dagrun for example_skip_dag to 2022-09-19T14:25:10.911617+00:00, run_after=2022-09-20T14:25:10.911617+00:00
[2022-09-20T14:25:12.647+0000] {processor.py:178} INFO - Processing /home/airflow/.local/lib/python3.7/site-packages/airflow/example_dags/example_skip_dag.py took 2.533 seconds
[2022-09-20T14:25:52.254+0000] {processor.py:156} INFO - Started process (PID=1131) to work on /home/airflow/.local/lib/python3.7/site-packages/airflow/example_dags/example_skip_dag.py
[2022-09-20T14:25:52.443+0000] {processor.py:758} INFO - Processing file /home/airflow/.local/lib/python3.7/site-packages/airflow/example_dags/example_skip_dag.py for tasks to queue
[2022-09-20T14:25:52.445+0000] {logging_mixin.py:117} INFO - [2022-09-20T14:25:52.445+0000] {dagbag.py:525} INFO - Filling up the DagBag from /home/airflow/.local/lib/python3.7/site-packages/airflow/example_dags/example_skip_dag.py
[2022-09-20T14:25:52.492+0000] {processor.py:768} INFO - DAG(s) dict_keys(['example_skip_dag']) retrieved from /home/airflow/.local/lib/python3.7/site-packages/airflow/example_dags/example_skip_dag.py
[2022-09-20T14:25:52.535+0000] {logging_mixin.py:117} INFO - [2022-09-20T14:25:52.534+0000] {dag.py:2573} INFO - Sync 1 DAGs
[2022-09-20T14:25:52.558+0000] {logging_mixin.py:117} INFO - [2022-09-20T14:25:52.558+0000] {dag.py:3328} INFO - Setting next_dagrun for example_skip_dag to 2022-09-19T14:25:52.557980+00:00, run_after=2022-09-20T14:25:52.557980+00:00
[2022-09-20T14:25:53.288+0000] {processor.py:178} INFO - Processing /home/airflow/.local/lib/python3.7/site-packages/airflow/example_dags/example_skip_dag.py took 1.037 seconds
[2022-09-20T14:27:49.259+0000] {processor.py:156} INFO - Started process (PID=1159) to work on /home/airflow/.local/lib/python3.7/site-packages/airflow/example_dags/example_skip_dag.py
[2022-09-20T14:27:50.043+0000] {processor.py:758} INFO - Processing file /home/airflow/.local/lib/python3.7/site-packages/airflow/example_dags/example_skip_dag.py for tasks to queue
[2022-09-20T14:27:50.045+0000] {logging_mixin.py:117} INFO - [2022-09-20T14:27:50.045+0000] {dagbag.py:525} INFO - Filling up the DagBag from /home/airflow/.local/lib/python3.7/site-packages/airflow/example_dags/example_skip_dag.py
[2022-09-20T14:27:50.086+0000] {processor.py:768} INFO - DAG(s) dict_keys(['example_skip_dag']) retrieved from /home/airflow/.local/lib/python3.7/site-packages/airflow/example_dags/example_skip_dag.py
[2022-09-20T14:27:50.131+0000] {logging_mixin.py:117} INFO - [2022-09-20T14:27:50.131+0000] {dag.py:2573} INFO - Sync 1 DAGs
[2022-09-20T14:27:50.154+0000] {logging_mixin.py:117} INFO - [2022-09-20T14:27:50.154+0000] {dag.py:3328} INFO - Setting next_dagrun for example_skip_dag to 2022-09-19T14:27:50.154049+00:00, run_after=2022-09-20T14:27:50.154049+00:00
[2022-09-20T14:27:51.070+0000] {processor.py:178} INFO - Processing /home/airflow/.local/lib/python3.7/site-packages/airflow/example_dags/example_skip_dag.py took 1.815 seconds
[2022-09-20T14:31:25.086+0000] {processor.py:156} INFO - Started process (PID=1203) to work on /home/airflow/.local/lib/python3.7/site-packages/airflow/example_dags/example_skip_dag.py
[2022-09-20T14:31:25.403+0000] {processor.py:758} INFO - Processing file /home/airflow/.local/lib/python3.7/site-packages/airflow/example_dags/example_skip_dag.py for tasks to queue
[2022-09-20T14:31:25.406+0000] {logging_mixin.py:117} INFO - [2022-09-20T14:31:25.405+0000] {dagbag.py:525} INFO - Filling up the DagBag from /home/airflow/.local/lib/python3.7/site-packages/airflow/example_dags/example_skip_dag.py
[2022-09-20T14:31:25.434+0000] {processor.py:768} INFO - DAG(s) dict_keys(['example_skip_dag']) retrieved from /home/airflow/.local/lib/python3.7/site-packages/airflow/example_dags/example_skip_dag.py
[2022-09-20T14:31:25.474+0000] {logging_mixin.py:117} INFO - [2022-09-20T14:31:25.474+0000] {dag.py:2573} INFO - Sync 1 DAGs
[2022-09-20T14:31:25.498+0000] {logging_mixin.py:117} INFO - [2022-09-20T14:31:25.498+0000] {dag.py:3328} INFO - Setting next_dagrun for example_skip_dag to 2022-09-19T14:31:25.498607+00:00, run_after=2022-09-20T14:31:25.498607+00:00
[2022-09-20T14:31:25.971+0000] {processor.py:178} INFO - Processing /home/airflow/.local/lib/python3.7/site-packages/airflow/example_dags/example_skip_dag.py took 0.888 seconds
[2022-09-20T14:32:31.428+0000] {processor.py:156} INFO - Started process (PID=1258) to work on /home/airflow/.local/lib/python3.7/site-packages/airflow/example_dags/example_skip_dag.py
[2022-09-20T14:32:31.867+0000] {processor.py:758} INFO - Processing file /home/airflow/.local/lib/python3.7/site-packages/airflow/example_dags/example_skip_dag.py for tasks to queue
[2022-09-20T14:32:31.869+0000] {logging_mixin.py:117} INFO - [2022-09-20T14:32:31.868+0000] {dagbag.py:525} INFO - Filling up the DagBag from /home/airflow/.local/lib/python3.7/site-packages/airflow/example_dags/example_skip_dag.py
[2022-09-20T14:32:31.893+0000] {processor.py:768} INFO - DAG(s) dict_keys(['example_skip_dag']) retrieved from /home/airflow/.local/lib/python3.7/site-packages/airflow/example_dags/example_skip_dag.py
[2022-09-20T14:32:31.934+0000] {logging_mixin.py:117} INFO - [2022-09-20T14:32:31.934+0000] {dag.py:2573} INFO - Sync 1 DAGs
[2022-09-20T14:32:31.958+0000] {logging_mixin.py:117} INFO - [2022-09-20T14:32:31.957+0000] {dag.py:3328} INFO - Setting next_dagrun for example_skip_dag to 2022-09-19T14:32:31.957771+00:00, run_after=2022-09-20T14:32:31.957771+00:00
[2022-09-20T14:32:49.436+0000] {processor.py:178} INFO - Processing /home/airflow/.local/lib/python3.7/site-packages/airflow/example_dags/example_skip_dag.py took 18.011 seconds
[2022-09-20T14:33:43.272+0000] {processor.py:156} INFO - Started process (PID=1313) to work on /home/airflow/.local/lib/python3.7/site-packages/airflow/example_dags/example_skip_dag.py
[2022-09-20T14:33:43.872+0000] {processor.py:758} INFO - Processing file /home/airflow/.local/lib/python3.7/site-packages/airflow/example_dags/example_skip_dag.py for tasks to queue
[2022-09-20T14:33:43.875+0000] {logging_mixin.py:117} INFO - [2022-09-20T14:33:43.874+0000] {dagbag.py:525} INFO - Filling up the DagBag from /home/airflow/.local/lib/python3.7/site-packages/airflow/example_dags/example_skip_dag.py
[2022-09-20T14:33:43.901+0000] {processor.py:768} INFO - DAG(s) dict_keys(['example_skip_dag']) retrieved from /home/airflow/.local/lib/python3.7/site-packages/airflow/example_dags/example_skip_dag.py
[2022-09-20T14:33:44.324+0000] {logging_mixin.py:117} INFO - [2022-09-20T14:33:44.324+0000] {dag.py:2573} INFO - Sync 1 DAGs
[2022-09-20T14:33:45.137+0000] {logging_mixin.py:117} INFO - [2022-09-20T14:33:45.136+0000] {dag.py:3328} INFO - Setting next_dagrun for example_skip_dag to 2022-09-19T14:33:45.136699+00:00, run_after=2022-09-20T14:33:45.136699+00:00
[2022-09-20T14:33:46.329+0000] {processor.py:178} INFO - Processing /home/airflow/.local/lib/python3.7/site-packages/airflow/example_dags/example_skip_dag.py took 3.061 seconds
[2022-09-20T17:10:45.393+0000] {processor.py:156} INFO - Started process (PID=138) to work on /home/airflow/.local/lib/python3.7/site-packages/airflow/example_dags/example_skip_dag.py
[2022-09-20T17:10:45.413+0000] {processor.py:758} INFO - Processing file /home/airflow/.local/lib/python3.7/site-packages/airflow/example_dags/example_skip_dag.py for tasks to queue
[2022-09-20T17:10:45.414+0000] {logging_mixin.py:117} INFO - [2022-09-20T17:10:45.414+0000] {dagbag.py:525} INFO - Filling up the DagBag from /home/airflow/.local/lib/python3.7/site-packages/airflow/example_dags/example_skip_dag.py
[2022-09-20T17:10:45.445+0000] {processor.py:768} INFO - DAG(s) dict_keys(['example_skip_dag']) retrieved from /home/airflow/.local/lib/python3.7/site-packages/airflow/example_dags/example_skip_dag.py
[2022-09-20T17:10:45.728+0000] {logging_mixin.py:117} INFO - [2022-09-20T17:10:45.727+0000] {dag.py:2573} INFO - Sync 1 DAGs
[2022-09-20T17:10:45.795+0000] {logging_mixin.py:117} INFO - [2022-09-20T17:10:45.795+0000] {dag.py:3328} INFO - Setting next_dagrun for example_skip_dag to 2022-09-19T17:10:45.794756+00:00, run_after=2022-09-20T17:10:45.794756+00:00
[2022-09-20T17:10:46.219+0000] {processor.py:178} INFO - Processing /home/airflow/.local/lib/python3.7/site-packages/airflow/example_dags/example_skip_dag.py took 0.835 seconds
[2022-09-20T17:11:56.113+0000] {processor.py:156} INFO - Started process (PID=210) to work on /home/airflow/.local/lib/python3.7/site-packages/airflow/example_dags/example_skip_dag.py
[2022-09-20T17:11:56.369+0000] {processor.py:758} INFO - Processing file /home/airflow/.local/lib/python3.7/site-packages/airflow/example_dags/example_skip_dag.py for tasks to queue
[2022-09-20T17:11:56.370+0000] {logging_mixin.py:117} INFO - [2022-09-20T17:11:56.369+0000] {dagbag.py:525} INFO - Filling up the DagBag from /home/airflow/.local/lib/python3.7/site-packages/airflow/example_dags/example_skip_dag.py
[2022-09-20T17:11:56.402+0000] {processor.py:768} INFO - DAG(s) dict_keys(['example_skip_dag']) retrieved from /home/airflow/.local/lib/python3.7/site-packages/airflow/example_dags/example_skip_dag.py
[2022-09-20T17:11:56.629+0000] {logging_mixin.py:117} INFO - [2022-09-20T17:11:56.628+0000] {dag.py:2573} INFO - Sync 1 DAGs
[2022-09-20T17:11:56.680+0000] {logging_mixin.py:117} INFO - [2022-09-20T17:11:56.679+0000] {dag.py:3328} INFO - Setting next_dagrun for example_skip_dag to 2022-09-19T17:11:56.679017+00:00, run_after=2022-09-20T17:11:56.679017+00:00
[2022-09-20T17:11:56.894+0000] {processor.py:178} INFO - Processing /home/airflow/.local/lib/python3.7/site-packages/airflow/example_dags/example_skip_dag.py took 0.793 seconds
[2022-09-20T17:12:27.627+0000] {processor.py:156} INFO - Started process (PID=262) to work on /home/airflow/.local/lib/python3.7/site-packages/airflow/example_dags/example_skip_dag.py
[2022-09-20T17:12:27.898+0000] {processor.py:758} INFO - Processing file /home/airflow/.local/lib/python3.7/site-packages/airflow/example_dags/example_skip_dag.py for tasks to queue
[2022-09-20T17:12:27.899+0000] {logging_mixin.py:117} INFO - [2022-09-20T17:12:27.899+0000] {dagbag.py:525} INFO - Filling up the DagBag from /home/airflow/.local/lib/python3.7/site-packages/airflow/example_dags/example_skip_dag.py
[2022-09-20T17:12:28.177+0000] {processor.py:768} INFO - DAG(s) dict_keys(['example_skip_dag']) retrieved from /home/airflow/.local/lib/python3.7/site-packages/airflow/example_dags/example_skip_dag.py
[2022-09-20T17:12:28.265+0000] {logging_mixin.py:117} INFO - [2022-09-20T17:12:28.265+0000] {dag.py:2573} INFO - Sync 1 DAGs
[2022-09-20T17:12:28.308+0000] {logging_mixin.py:117} INFO - [2022-09-20T17:12:28.307+0000] {dag.py:3328} INFO - Setting next_dagrun for example_skip_dag to 2022-09-19T17:12:28.307681+00:00, run_after=2022-09-20T17:12:28.307681+00:00
[2022-09-20T17:12:29.812+0000] {processor.py:178} INFO - Processing /home/airflow/.local/lib/python3.7/site-packages/airflow/example_dags/example_skip_dag.py took 2.193 seconds
[2022-09-20T17:13:09.936+0000] {processor.py:156} INFO - Started process (PID=316) to work on /home/airflow/.local/lib/python3.7/site-packages/airflow/example_dags/example_skip_dag.py
[2022-09-20T17:13:10.010+0000] {processor.py:758} INFO - Processing file /home/airflow/.local/lib/python3.7/site-packages/airflow/example_dags/example_skip_dag.py for tasks to queue
[2022-09-20T17:13:10.013+0000] {logging_mixin.py:117} INFO - [2022-09-20T17:13:10.013+0000] {dagbag.py:525} INFO - Filling up the DagBag from /home/airflow/.local/lib/python3.7/site-packages/airflow/example_dags/example_skip_dag.py
[2022-09-20T17:13:10.064+0000] {processor.py:768} INFO - DAG(s) dict_keys(['example_skip_dag']) retrieved from /home/airflow/.local/lib/python3.7/site-packages/airflow/example_dags/example_skip_dag.py
[2022-09-20T17:13:10.144+0000] {logging_mixin.py:117} INFO - [2022-09-20T17:13:10.144+0000] {dag.py:2573} INFO - Sync 1 DAGs
[2022-09-20T17:13:10.261+0000] {logging_mixin.py:117} INFO - [2022-09-20T17:13:10.260+0000] {dag.py:3328} INFO - Setting next_dagrun for example_skip_dag to 2022-09-19T17:13:10.259421+00:00, run_after=2022-09-20T17:13:10.259421+00:00
[2022-09-20T17:13:11.374+0000] {processor.py:178} INFO - Processing /home/airflow/.local/lib/python3.7/site-packages/airflow/example_dags/example_skip_dag.py took 1.445 seconds
[2022-09-20T17:13:51.985+0000] {processor.py:156} INFO - Started process (PID=370) to work on /home/airflow/.local/lib/python3.7/site-packages/airflow/example_dags/example_skip_dag.py
[2022-09-20T17:13:52.284+0000] {processor.py:758} INFO - Processing file /home/airflow/.local/lib/python3.7/site-packages/airflow/example_dags/example_skip_dag.py for tasks to queue
[2022-09-20T17:13:52.793+0000] {logging_mixin.py:117} INFO - [2022-09-20T17:13:52.793+0000] {dagbag.py:525} INFO - Filling up the DagBag from /home/airflow/.local/lib/python3.7/site-packages/airflow/example_dags/example_skip_dag.py
[2022-09-20T17:13:52.823+0000] {processor.py:768} INFO - DAG(s) dict_keys(['example_skip_dag']) retrieved from /home/airflow/.local/lib/python3.7/site-packages/airflow/example_dags/example_skip_dag.py
[2022-09-20T17:13:52.891+0000] {logging_mixin.py:117} INFO - [2022-09-20T17:13:52.891+0000] {dag.py:2573} INFO - Sync 1 DAGs
[2022-09-20T17:13:52.930+0000] {logging_mixin.py:117} INFO - [2022-09-20T17:13:52.930+0000] {dag.py:3328} INFO - Setting next_dagrun for example_skip_dag to 2022-09-19T17:13:52.930460+00:00, run_after=2022-09-20T17:13:52.930460+00:00
[2022-09-20T17:13:54.567+0000] {processor.py:178} INFO - Processing /home/airflow/.local/lib/python3.7/site-packages/airflow/example_dags/example_skip_dag.py took 2.592 seconds
[2022-09-20T17:14:26.976+0000] {processor.py:156} INFO - Started process (PID=416) to work on /home/airflow/.local/lib/python3.7/site-packages/airflow/example_dags/example_skip_dag.py
[2022-09-20T17:14:27.032+0000] {processor.py:758} INFO - Processing file /home/airflow/.local/lib/python3.7/site-packages/airflow/example_dags/example_skip_dag.py for tasks to queue
[2022-09-20T17:14:27.034+0000] {logging_mixin.py:117} INFO - [2022-09-20T17:14:27.034+0000] {dagbag.py:525} INFO - Filling up the DagBag from /home/airflow/.local/lib/python3.7/site-packages/airflow/example_dags/example_skip_dag.py
[2022-09-20T17:14:27.065+0000] {processor.py:768} INFO - DAG(s) dict_keys(['example_skip_dag']) retrieved from /home/airflow/.local/lib/python3.7/site-packages/airflow/example_dags/example_skip_dag.py
[2022-09-20T17:14:27.126+0000] {logging_mixin.py:117} INFO - [2022-09-20T17:14:27.125+0000] {dag.py:2573} INFO - Sync 1 DAGs
[2022-09-20T17:14:27.163+0000] {logging_mixin.py:117} INFO - [2022-09-20T17:14:27.163+0000] {dag.py:3328} INFO - Setting next_dagrun for example_skip_dag to 2022-09-19T17:14:27.162975+00:00, run_after=2022-09-20T17:14:27.162975+00:00
[2022-09-20T17:14:28.802+0000] {processor.py:178} INFO - Processing /home/airflow/.local/lib/python3.7/site-packages/airflow/example_dags/example_skip_dag.py took 1.832 seconds
[2022-09-20T17:15:06.244+0000] {processor.py:156} INFO - Started process (PID=467) to work on /home/airflow/.local/lib/python3.7/site-packages/airflow/example_dags/example_skip_dag.py
[2022-09-20T17:15:06.425+0000] {processor.py:758} INFO - Processing file /home/airflow/.local/lib/python3.7/site-packages/airflow/example_dags/example_skip_dag.py for tasks to queue
[2022-09-20T17:15:06.457+0000] {logging_mixin.py:117} INFO - [2022-09-20T17:15:06.457+0000] {dagbag.py:525} INFO - Filling up the DagBag from /home/airflow/.local/lib/python3.7/site-packages/airflow/example_dags/example_skip_dag.py
[2022-09-20T17:15:06.776+0000] {processor.py:768} INFO - DAG(s) dict_keys(['example_skip_dag']) retrieved from /home/airflow/.local/lib/python3.7/site-packages/airflow/example_dags/example_skip_dag.py
[2022-09-20T17:15:07.653+0000] {logging_mixin.py:117} INFO - [2022-09-20T17:15:07.653+0000] {dag.py:2573} INFO - Sync 1 DAGs
[2022-09-20T17:15:07.681+0000] {logging_mixin.py:117} INFO - [2022-09-20T17:15:07.680+0000] {dag.py:3328} INFO - Setting next_dagrun for example_skip_dag to 2022-09-19T17:15:07.680686+00:00, run_after=2022-09-20T17:15:07.680686+00:00
[2022-09-20T17:15:09.294+0000] {processor.py:178} INFO - Processing /home/airflow/.local/lib/python3.7/site-packages/airflow/example_dags/example_skip_dag.py took 3.058 seconds
[2022-09-20T17:15:41.046+0000] {processor.py:156} INFO - Started process (PID=522) to work on /home/airflow/.local/lib/python3.7/site-packages/airflow/example_dags/example_skip_dag.py
[2022-09-20T17:15:41.604+0000] {processor.py:758} INFO - Processing file /home/airflow/.local/lib/python3.7/site-packages/airflow/example_dags/example_skip_dag.py for tasks to queue
[2022-09-20T17:15:41.605+0000] {logging_mixin.py:117} INFO - [2022-09-20T17:15:41.604+0000] {dagbag.py:525} INFO - Filling up the DagBag from /home/airflow/.local/lib/python3.7/site-packages/airflow/example_dags/example_skip_dag.py
[2022-09-20T17:15:41.620+0000] {processor.py:768} INFO - DAG(s) dict_keys(['example_skip_dag']) retrieved from /home/airflow/.local/lib/python3.7/site-packages/airflow/example_dags/example_skip_dag.py
[2022-09-20T17:15:41.999+0000] {logging_mixin.py:117} INFO - [2022-09-20T17:15:41.999+0000] {dag.py:2573} INFO - Sync 1 DAGs
[2022-09-20T17:15:42.032+0000] {logging_mixin.py:117} INFO - [2022-09-20T17:15:42.032+0000] {dag.py:3328} INFO - Setting next_dagrun for example_skip_dag to 2022-09-19T17:15:42.032104+00:00, run_after=2022-09-20T17:15:42.032104+00:00
[2022-09-20T17:15:42.757+0000] {processor.py:178} INFO - Processing /home/airflow/.local/lib/python3.7/site-packages/airflow/example_dags/example_skip_dag.py took 1.723 seconds
[2022-09-20T17:16:22.756+0000] {processor.py:156} INFO - Started process (PID=577) to work on /home/airflow/.local/lib/python3.7/site-packages/airflow/example_dags/example_skip_dag.py
[2022-09-20T17:16:22.950+0000] {processor.py:758} INFO - Processing file /home/airflow/.local/lib/python3.7/site-packages/airflow/example_dags/example_skip_dag.py for tasks to queue
[2022-09-20T17:16:22.951+0000] {logging_mixin.py:117} INFO - [2022-09-20T17:16:22.951+0000] {dagbag.py:525} INFO - Filling up the DagBag from /home/airflow/.local/lib/python3.7/site-packages/airflow/example_dags/example_skip_dag.py
[2022-09-20T17:16:22.967+0000] {processor.py:768} INFO - DAG(s) dict_keys(['example_skip_dag']) retrieved from /home/airflow/.local/lib/python3.7/site-packages/airflow/example_dags/example_skip_dag.py
[2022-09-20T17:16:23.010+0000] {logging_mixin.py:117} INFO - [2022-09-20T17:16:23.010+0000] {dag.py:2573} INFO - Sync 1 DAGs
[2022-09-20T17:16:23.041+0000] {logging_mixin.py:117} INFO - [2022-09-20T17:16:23.041+0000] {dag.py:3328} INFO - Setting next_dagrun for example_skip_dag to 2022-09-19T17:16:23.041064+00:00, run_after=2022-09-20T17:16:23.041064+00:00
[2022-09-20T17:16:23.273+0000] {processor.py:178} INFO - Processing /home/airflow/.local/lib/python3.7/site-packages/airflow/example_dags/example_skip_dag.py took 0.521 seconds
[2022-09-20T17:17:00.070+0000] {processor.py:156} INFO - Started process (PID=631) to work on /home/airflow/.local/lib/python3.7/site-packages/airflow/example_dags/example_skip_dag.py
[2022-09-20T17:17:00.126+0000] {processor.py:758} INFO - Processing file /home/airflow/.local/lib/python3.7/site-packages/airflow/example_dags/example_skip_dag.py for tasks to queue
[2022-09-20T17:17:00.127+0000] {logging_mixin.py:117} INFO - [2022-09-20T17:17:00.127+0000] {dagbag.py:525} INFO - Filling up the DagBag from /home/airflow/.local/lib/python3.7/site-packages/airflow/example_dags/example_skip_dag.py
[2022-09-20T17:17:00.149+0000] {processor.py:768} INFO - DAG(s) dict_keys(['example_skip_dag']) retrieved from /home/airflow/.local/lib/python3.7/site-packages/airflow/example_dags/example_skip_dag.py
[2022-09-20T17:17:00.239+0000] {logging_mixin.py:117} INFO - [2022-09-20T17:17:00.239+0000] {dag.py:2573} INFO - Sync 1 DAGs
[2022-09-20T17:17:00.298+0000] {logging_mixin.py:117} INFO - [2022-09-20T17:17:00.297+0000] {dag.py:3328} INFO - Setting next_dagrun for example_skip_dag to 2022-09-19T17:17:00.297580+00:00, run_after=2022-09-20T17:17:00.297580+00:00
[2022-09-20T17:17:00.482+0000] {processor.py:178} INFO - Processing /home/airflow/.local/lib/python3.7/site-packages/airflow/example_dags/example_skip_dag.py took 0.416 seconds
[2022-09-20T17:17:30.797+0000] {processor.py:156} INFO - Started process (PID=685) to work on /home/airflow/.local/lib/python3.7/site-packages/airflow/example_dags/example_skip_dag.py
[2022-09-20T17:17:30.825+0000] {processor.py:758} INFO - Processing file /home/airflow/.local/lib/python3.7/site-packages/airflow/example_dags/example_skip_dag.py for tasks to queue
[2022-09-20T17:17:30.826+0000] {logging_mixin.py:117} INFO - [2022-09-20T17:17:30.825+0000] {dagbag.py:525} INFO - Filling up the DagBag from /home/airflow/.local/lib/python3.7/site-packages/airflow/example_dags/example_skip_dag.py
[2022-09-20T17:17:30.859+0000] {processor.py:768} INFO - DAG(s) dict_keys(['example_skip_dag']) retrieved from /home/airflow/.local/lib/python3.7/site-packages/airflow/example_dags/example_skip_dag.py
[2022-09-20T17:17:30.962+0000] {logging_mixin.py:117} INFO - [2022-09-20T17:17:30.962+0000] {dag.py:2573} INFO - Sync 1 DAGs
[2022-09-20T17:17:31.015+0000] {logging_mixin.py:117} INFO - [2022-09-20T17:17:31.015+0000] {dag.py:3328} INFO - Setting next_dagrun for example_skip_dag to 2022-09-19T17:17:31.014705+00:00, run_after=2022-09-20T17:17:31.014705+00:00
[2022-09-20T17:17:31.189+0000] {processor.py:178} INFO - Processing /home/airflow/.local/lib/python3.7/site-packages/airflow/example_dags/example_skip_dag.py took 0.397 seconds
[2022-09-20T17:18:04.921+0000] {processor.py:156} INFO - Started process (PID=739) to work on /home/airflow/.local/lib/python3.7/site-packages/airflow/example_dags/example_skip_dag.py
[2022-09-20T17:18:05.104+0000] {processor.py:758} INFO - Processing file /home/airflow/.local/lib/python3.7/site-packages/airflow/example_dags/example_skip_dag.py for tasks to queue
[2022-09-20T17:18:05.104+0000] {logging_mixin.py:117} INFO - [2022-09-20T17:18:05.104+0000] {dagbag.py:525} INFO - Filling up the DagBag from /home/airflow/.local/lib/python3.7/site-packages/airflow/example_dags/example_skip_dag.py
[2022-09-20T17:18:05.121+0000] {processor.py:768} INFO - DAG(s) dict_keys(['example_skip_dag']) retrieved from /home/airflow/.local/lib/python3.7/site-packages/airflow/example_dags/example_skip_dag.py
[2022-09-20T17:18:05.167+0000] {logging_mixin.py:117} INFO - [2022-09-20T17:18:05.167+0000] {dag.py:2573} INFO - Sync 1 DAGs
[2022-09-20T17:18:05.199+0000] {logging_mixin.py:117} INFO - [2022-09-20T17:18:05.199+0000] {dag.py:3328} INFO - Setting next_dagrun for example_skip_dag to 2022-09-19T17:18:05.198692+00:00, run_after=2022-09-20T17:18:05.198692+00:00
[2022-09-20T17:18:06.736+0000] {processor.py:178} INFO - Processing /home/airflow/.local/lib/python3.7/site-packages/airflow/example_dags/example_skip_dag.py took 1.828 seconds
[2022-09-20T17:18:37.550+0000] {processor.py:156} INFO - Started process (PID=793) to work on /home/airflow/.local/lib/python3.7/site-packages/airflow/example_dags/example_skip_dag.py
[2022-09-20T17:18:37.697+0000] {processor.py:758} INFO - Processing file /home/airflow/.local/lib/python3.7/site-packages/airflow/example_dags/example_skip_dag.py for tasks to queue
[2022-09-20T17:18:37.705+0000] {logging_mixin.py:117} INFO - [2022-09-20T17:18:37.704+0000] {dagbag.py:525} INFO - Filling up the DagBag from /home/airflow/.local/lib/python3.7/site-packages/airflow/example_dags/example_skip_dag.py
[2022-09-20T17:18:37.818+0000] {processor.py:768} INFO - DAG(s) dict_keys(['example_skip_dag']) retrieved from /home/airflow/.local/lib/python3.7/site-packages/airflow/example_dags/example_skip_dag.py
[2022-09-20T17:18:37.891+0000] {logging_mixin.py:117} INFO - [2022-09-20T17:18:37.891+0000] {dag.py:2573} INFO - Sync 1 DAGs
[2022-09-20T17:18:42.775+0000] {logging_mixin.py:117} INFO - [2022-09-20T17:18:42.775+0000] {dag.py:3328} INFO - Setting next_dagrun for example_skip_dag to 2022-09-19T17:18:42.774958+00:00, run_after=2022-09-20T17:18:42.774958+00:00
[2022-09-20T17:18:43.607+0000] {processor.py:178} INFO - Processing /home/airflow/.local/lib/python3.7/site-packages/airflow/example_dags/example_skip_dag.py took 6.093 seconds
[2022-09-20T17:19:13.795+0000] {processor.py:156} INFO - Started process (PID=838) to work on /home/airflow/.local/lib/python3.7/site-packages/airflow/example_dags/example_skip_dag.py
[2022-09-20T17:19:14.063+0000] {processor.py:758} INFO - Processing file /home/airflow/.local/lib/python3.7/site-packages/airflow/example_dags/example_skip_dag.py for tasks to queue
[2022-09-20T17:19:14.064+0000] {logging_mixin.py:117} INFO - [2022-09-20T17:19:14.064+0000] {dagbag.py:525} INFO - Filling up the DagBag from /home/airflow/.local/lib/python3.7/site-packages/airflow/example_dags/example_skip_dag.py
[2022-09-20T17:19:14.121+0000] {processor.py:768} INFO - DAG(s) dict_keys(['example_skip_dag']) retrieved from /home/airflow/.local/lib/python3.7/site-packages/airflow/example_dags/example_skip_dag.py
[2022-09-20T17:19:14.263+0000] {logging_mixin.py:117} INFO - [2022-09-20T17:19:14.262+0000] {dag.py:2573} INFO - Sync 1 DAGs
[2022-09-20T17:19:14.421+0000] {logging_mixin.py:117} INFO - [2022-09-20T17:19:14.420+0000] {dag.py:3328} INFO - Setting next_dagrun for example_skip_dag to 2022-09-19T17:19:14.419907+00:00, run_after=2022-09-20T17:19:14.419907+00:00
[2022-09-20T17:19:14.831+0000] {processor.py:178} INFO - Processing /home/airflow/.local/lib/python3.7/site-packages/airflow/example_dags/example_skip_dag.py took 1.044 seconds
