[2022-09-20T13:49:38.490+0000] {processor.py:156} INFO - Started process (PID=108) to work on /home/airflow/.local/lib/python3.7/site-packages/airflow/example_dags/example_nested_branch_dag.py
[2022-09-20T13:49:38.492+0000] {processor.py:758} INFO - Processing file /home/airflow/.local/lib/python3.7/site-packages/airflow/example_dags/example_nested_branch_dag.py for tasks to queue
[2022-09-20T13:49:38.493+0000] {logging_mixin.py:117} INFO - [2022-09-20T13:49:38.493+0000] {dagbag.py:525} INFO - Filling up the DagBag from /home/airflow/.local/lib/python3.7/site-packages/airflow/example_dags/example_nested_branch_dag.py
[2022-09-20T13:49:38.756+0000] {processor.py:768} INFO - DAG(s) dict_keys(['example_nested_branch_dag']) retrieved from /home/airflow/.local/lib/python3.7/site-packages/airflow/example_dags/example_nested_branch_dag.py
[2022-09-20T13:49:49.832+0000] {logging_mixin.py:117} INFO - [2022-09-20T13:49:49.832+0000] {manager.py:508} INFO - Created Permission View: can delete on DAG:example_nested_branch_dag
[2022-09-20T13:50:00.630+0000] {logging_mixin.py:117} INFO - [2022-09-20T13:50:00.630+0000] {manager.py:508} INFO - Created Permission View: can read on DAG:example_nested_branch_dag
[2022-09-20T13:58:21.890+0000] {processor.py:156} INFO - Started process (PID=163) to work on /home/airflow/.local/lib/python3.7/site-packages/airflow/example_dags/example_nested_branch_dag.py
[2022-09-20T13:58:22.997+0000] {processor.py:758} INFO - Processing file /home/airflow/.local/lib/python3.7/site-packages/airflow/example_dags/example_nested_branch_dag.py for tasks to queue
[2022-09-20T13:58:23.000+0000] {logging_mixin.py:117} INFO - [2022-09-20T13:58:23.000+0000] {dagbag.py:525} INFO - Filling up the DagBag from /home/airflow/.local/lib/python3.7/site-packages/airflow/example_dags/example_nested_branch_dag.py
[2022-09-20T13:58:23.748+0000] {processor.py:768} INFO - DAG(s) dict_keys(['example_nested_branch_dag']) retrieved from /home/airflow/.local/lib/python3.7/site-packages/airflow/example_dags/example_nested_branch_dag.py
[2022-09-20T13:58:24.749+0000] {logging_mixin.py:117} INFO - [2022-09-20T13:58:24.749+0000] {dag.py:2573} INFO - Sync 1 DAGs
[2022-09-20T13:58:24.768+0000] {logging_mixin.py:117} INFO - [2022-09-20T13:58:24.767+0000] {dag.py:2594} INFO - Creating ORM DAG for example_nested_branch_dag
[2022-09-20T13:58:24.786+0000] {logging_mixin.py:117} INFO - [2022-09-20T13:58:24.786+0000] {dag.py:3328} INFO - Setting next_dagrun for example_nested_branch_dag to 2022-09-19T00:00:00+00:00, run_after=2022-09-20T00:00:00+00:00
[2022-09-20T13:59:02.418+0000] {processor.py:178} INFO - Processing /home/airflow/.local/lib/python3.7/site-packages/airflow/example_dags/example_nested_branch_dag.py took 40.534 seconds
[2022-09-20T14:04:12.389+0000] {processor.py:156} INFO - Started process (PID=234) to work on /home/airflow/.local/lib/python3.7/site-packages/airflow/example_dags/example_nested_branch_dag.py
[2022-09-20T14:04:12.534+0000] {processor.py:758} INFO - Processing file /home/airflow/.local/lib/python3.7/site-packages/airflow/example_dags/example_nested_branch_dag.py for tasks to queue
[2022-09-20T14:04:12.537+0000] {logging_mixin.py:117} INFO - [2022-09-20T14:04:12.536+0000] {dagbag.py:525} INFO - Filling up the DagBag from /home/airflow/.local/lib/python3.7/site-packages/airflow/example_dags/example_nested_branch_dag.py
[2022-09-20T14:04:12.614+0000] {processor.py:768} INFO - DAG(s) dict_keys(['example_nested_branch_dag']) retrieved from /home/airflow/.local/lib/python3.7/site-packages/airflow/example_dags/example_nested_branch_dag.py
[2022-09-20T14:04:12.667+0000] {logging_mixin.py:117} INFO - [2022-09-20T14:04:12.666+0000] {dag.py:2573} INFO - Sync 1 DAGs
[2022-09-20T14:04:12.699+0000] {logging_mixin.py:117} INFO - [2022-09-20T14:04:12.699+0000] {dag.py:3328} INFO - Setting next_dagrun for example_nested_branch_dag to 2022-09-19T00:00:00+00:00, run_after=2022-09-20T00:00:00+00:00
[2022-09-20T14:04:13.723+0000] {processor.py:178} INFO - Processing /home/airflow/.local/lib/python3.7/site-packages/airflow/example_dags/example_nested_branch_dag.py took 1.353 seconds
[2022-09-20T14:05:59.930+0000] {processor.py:156} INFO - Started process (PID=305) to work on /home/airflow/.local/lib/python3.7/site-packages/airflow/example_dags/example_nested_branch_dag.py
[2022-09-20T14:06:01.161+0000] {processor.py:758} INFO - Processing file /home/airflow/.local/lib/python3.7/site-packages/airflow/example_dags/example_nested_branch_dag.py for tasks to queue
[2022-09-20T14:06:01.162+0000] {logging_mixin.py:117} INFO - [2022-09-20T14:06:01.162+0000] {dagbag.py:525} INFO - Filling up the DagBag from /home/airflow/.local/lib/python3.7/site-packages/airflow/example_dags/example_nested_branch_dag.py
[2022-09-20T14:06:01.190+0000] {processor.py:768} INFO - DAG(s) dict_keys(['example_nested_branch_dag']) retrieved from /home/airflow/.local/lib/python3.7/site-packages/airflow/example_dags/example_nested_branch_dag.py
[2022-09-20T14:06:01.233+0000] {logging_mixin.py:117} INFO - [2022-09-20T14:06:01.233+0000] {dag.py:2573} INFO - Sync 1 DAGs
[2022-09-20T14:06:01.260+0000] {logging_mixin.py:117} INFO - [2022-09-20T14:06:01.260+0000] {dag.py:3328} INFO - Setting next_dagrun for example_nested_branch_dag to 2022-09-19T00:00:00+00:00, run_after=2022-09-20T00:00:00+00:00
[2022-09-20T14:06:05.312+0000] {processor.py:178} INFO - Processing /home/airflow/.local/lib/python3.7/site-packages/airflow/example_dags/example_nested_branch_dag.py took 5.101 seconds
[2022-09-20T14:07:10.433+0000] {processor.py:156} INFO - Started process (PID=366) to work on /home/airflow/.local/lib/python3.7/site-packages/airflow/example_dags/example_nested_branch_dag.py
[2022-09-20T14:07:12.822+0000] {processor.py:758} INFO - Processing file /home/airflow/.local/lib/python3.7/site-packages/airflow/example_dags/example_nested_branch_dag.py for tasks to queue
[2022-09-20T14:07:12.826+0000] {logging_mixin.py:117} INFO - [2022-09-20T14:07:12.825+0000] {dagbag.py:525} INFO - Filling up the DagBag from /home/airflow/.local/lib/python3.7/site-packages/airflow/example_dags/example_nested_branch_dag.py
[2022-09-20T14:07:12.876+0000] {processor.py:768} INFO - DAG(s) dict_keys(['example_nested_branch_dag']) retrieved from /home/airflow/.local/lib/python3.7/site-packages/airflow/example_dags/example_nested_branch_dag.py
[2022-09-20T14:07:13.786+0000] {logging_mixin.py:117} INFO - [2022-09-20T14:07:13.786+0000] {dag.py:2573} INFO - Sync 1 DAGs
[2022-09-20T14:07:13.816+0000] {logging_mixin.py:117} INFO - [2022-09-20T14:07:13.816+0000] {dag.py:3328} INFO - Setting next_dagrun for example_nested_branch_dag to 2022-09-19T00:00:00+00:00, run_after=2022-09-20T00:00:00+00:00
[2022-09-20T14:07:14.870+0000] {processor.py:178} INFO - Processing /home/airflow/.local/lib/python3.7/site-packages/airflow/example_dags/example_nested_branch_dag.py took 4.440 seconds
[2022-09-20T14:07:50.898+0000] {processor.py:156} INFO - Started process (PID=420) to work on /home/airflow/.local/lib/python3.7/site-packages/airflow/example_dags/example_nested_branch_dag.py
[2022-09-20T14:07:51.227+0000] {processor.py:758} INFO - Processing file /home/airflow/.local/lib/python3.7/site-packages/airflow/example_dags/example_nested_branch_dag.py for tasks to queue
[2022-09-20T14:07:51.227+0000] {logging_mixin.py:117} INFO - [2022-09-20T14:07:51.227+0000] {dagbag.py:525} INFO - Filling up the DagBag from /home/airflow/.local/lib/python3.7/site-packages/airflow/example_dags/example_nested_branch_dag.py
[2022-09-20T14:07:51.251+0000] {processor.py:768} INFO - DAG(s) dict_keys(['example_nested_branch_dag']) retrieved from /home/airflow/.local/lib/python3.7/site-packages/airflow/example_dags/example_nested_branch_dag.py
[2022-09-20T14:07:51.290+0000] {logging_mixin.py:117} INFO - [2022-09-20T14:07:51.290+0000] {dag.py:2573} INFO - Sync 1 DAGs
[2022-09-20T14:07:51.315+0000] {logging_mixin.py:117} INFO - [2022-09-20T14:07:51.315+0000] {dag.py:3328} INFO - Setting next_dagrun for example_nested_branch_dag to 2022-09-19T00:00:00+00:00, run_after=2022-09-20T00:00:00+00:00
[2022-09-20T14:07:52.258+0000] {processor.py:178} INFO - Processing /home/airflow/.local/lib/python3.7/site-packages/airflow/example_dags/example_nested_branch_dag.py took 1.363 seconds
[2022-09-20T14:08:25.597+0000] {processor.py:156} INFO - Started process (PID=475) to work on /home/airflow/.local/lib/python3.7/site-packages/airflow/example_dags/example_nested_branch_dag.py
[2022-09-20T14:08:26.050+0000] {processor.py:758} INFO - Processing file /home/airflow/.local/lib/python3.7/site-packages/airflow/example_dags/example_nested_branch_dag.py for tasks to queue
[2022-09-20T14:08:26.050+0000] {logging_mixin.py:117} INFO - [2022-09-20T14:08:26.050+0000] {dagbag.py:525} INFO - Filling up the DagBag from /home/airflow/.local/lib/python3.7/site-packages/airflow/example_dags/example_nested_branch_dag.py
[2022-09-20T14:08:26.106+0000] {processor.py:768} INFO - DAG(s) dict_keys(['example_nested_branch_dag']) retrieved from /home/airflow/.local/lib/python3.7/site-packages/airflow/example_dags/example_nested_branch_dag.py
[2022-09-20T14:08:26.190+0000] {logging_mixin.py:117} INFO - [2022-09-20T14:08:26.189+0000] {dag.py:2573} INFO - Sync 1 DAGs
[2022-09-20T14:08:26.245+0000] {logging_mixin.py:117} INFO - [2022-09-20T14:08:26.245+0000] {dag.py:3328} INFO - Setting next_dagrun for example_nested_branch_dag to 2022-09-19T00:00:00+00:00, run_after=2022-09-20T00:00:00+00:00
[2022-09-20T14:08:26.747+0000] {processor.py:178} INFO - Processing /home/airflow/.local/lib/python3.7/site-packages/airflow/example_dags/example_nested_branch_dag.py took 1.153 seconds
[2022-09-20T14:10:21.728+0000] {processor.py:156} INFO - Started process (PID=524) to work on /home/airflow/.local/lib/python3.7/site-packages/airflow/example_dags/example_nested_branch_dag.py
[2022-09-20T14:10:22.138+0000] {processor.py:758} INFO - Processing file /home/airflow/.local/lib/python3.7/site-packages/airflow/example_dags/example_nested_branch_dag.py for tasks to queue
[2022-09-20T14:10:22.141+0000] {logging_mixin.py:117} INFO - [2022-09-20T14:10:22.140+0000] {dagbag.py:525} INFO - Filling up the DagBag from /home/airflow/.local/lib/python3.7/site-packages/airflow/example_dags/example_nested_branch_dag.py
[2022-09-20T14:10:22.197+0000] {processor.py:768} INFO - DAG(s) dict_keys(['example_nested_branch_dag']) retrieved from /home/airflow/.local/lib/python3.7/site-packages/airflow/example_dags/example_nested_branch_dag.py
[2022-09-20T14:10:22.235+0000] {logging_mixin.py:117} INFO - [2022-09-20T14:10:22.235+0000] {dag.py:2573} INFO - Sync 1 DAGs
[2022-09-20T14:10:22.260+0000] {logging_mixin.py:117} INFO - [2022-09-20T14:10:22.259+0000] {dag.py:3328} INFO - Setting next_dagrun for example_nested_branch_dag to 2022-09-19T00:00:00+00:00, run_after=2022-09-20T00:00:00+00:00
[2022-09-20T14:10:22.847+0000] {processor.py:178} INFO - Processing /home/airflow/.local/lib/python3.7/site-packages/airflow/example_dags/example_nested_branch_dag.py took 1.122 seconds
[2022-09-20T14:11:44.250+0000] {processor.py:156} INFO - Started process (PID=584) to work on /home/airflow/.local/lib/python3.7/site-packages/airflow/example_dags/example_nested_branch_dag.py
[2022-09-20T14:11:44.525+0000] {processor.py:758} INFO - Processing file /home/airflow/.local/lib/python3.7/site-packages/airflow/example_dags/example_nested_branch_dag.py for tasks to queue
[2022-09-20T14:11:44.772+0000] {logging_mixin.py:117} INFO - [2022-09-20T14:11:44.772+0000] {dagbag.py:525} INFO - Filling up the DagBag from /home/airflow/.local/lib/python3.7/site-packages/airflow/example_dags/example_nested_branch_dag.py
[2022-09-20T14:11:44.796+0000] {processor.py:768} INFO - DAG(s) dict_keys(['example_nested_branch_dag']) retrieved from /home/airflow/.local/lib/python3.7/site-packages/airflow/example_dags/example_nested_branch_dag.py
[2022-09-20T14:11:44.838+0000] {logging_mixin.py:117} INFO - [2022-09-20T14:11:44.838+0000] {dag.py:2573} INFO - Sync 1 DAGs
[2022-09-20T14:11:44.870+0000] {logging_mixin.py:117} INFO - [2022-09-20T14:11:44.870+0000] {dag.py:3328} INFO - Setting next_dagrun for example_nested_branch_dag to 2022-09-19T00:00:00+00:00, run_after=2022-09-20T00:00:00+00:00
[2022-09-20T14:11:45.214+0000] {processor.py:178} INFO - Processing /home/airflow/.local/lib/python3.7/site-packages/airflow/example_dags/example_nested_branch_dag.py took 0.967 seconds
[2022-09-20T14:14:01.946+0000] {processor.py:156} INFO - Started process (PID=640) to work on /home/airflow/.local/lib/python3.7/site-packages/airflow/example_dags/example_nested_branch_dag.py
[2022-09-20T14:14:02.241+0000] {processor.py:758} INFO - Processing file /home/airflow/.local/lib/python3.7/site-packages/airflow/example_dags/example_nested_branch_dag.py for tasks to queue
[2022-09-20T14:14:02.244+0000] {logging_mixin.py:117} INFO - [2022-09-20T14:14:02.243+0000] {dagbag.py:525} INFO - Filling up the DagBag from /home/airflow/.local/lib/python3.7/site-packages/airflow/example_dags/example_nested_branch_dag.py
[2022-09-20T14:14:02.285+0000] {processor.py:768} INFO - DAG(s) dict_keys(['example_nested_branch_dag']) retrieved from /home/airflow/.local/lib/python3.7/site-packages/airflow/example_dags/example_nested_branch_dag.py
[2022-09-20T14:14:02.326+0000] {logging_mixin.py:117} INFO - [2022-09-20T14:14:02.326+0000] {dag.py:2573} INFO - Sync 1 DAGs
[2022-09-20T14:14:02.356+0000] {logging_mixin.py:117} INFO - [2022-09-20T14:14:02.356+0000] {dag.py:3328} INFO - Setting next_dagrun for example_nested_branch_dag to 2022-09-19T00:00:00+00:00, run_after=2022-09-20T00:00:00+00:00
[2022-09-20T14:14:02.730+0000] {processor.py:178} INFO - Processing /home/airflow/.local/lib/python3.7/site-packages/airflow/example_dags/example_nested_branch_dag.py took 0.788 seconds
[2022-09-20T14:14:53.960+0000] {processor.py:156} INFO - Started process (PID=696) to work on /home/airflow/.local/lib/python3.7/site-packages/airflow/example_dags/example_nested_branch_dag.py
[2022-09-20T14:14:54.115+0000] {processor.py:758} INFO - Processing file /home/airflow/.local/lib/python3.7/site-packages/airflow/example_dags/example_nested_branch_dag.py for tasks to queue
[2022-09-20T14:14:54.118+0000] {logging_mixin.py:117} INFO - [2022-09-20T14:14:54.118+0000] {dagbag.py:525} INFO - Filling up the DagBag from /home/airflow/.local/lib/python3.7/site-packages/airflow/example_dags/example_nested_branch_dag.py
[2022-09-20T14:14:54.168+0000] {processor.py:768} INFO - DAG(s) dict_keys(['example_nested_branch_dag']) retrieved from /home/airflow/.local/lib/python3.7/site-packages/airflow/example_dags/example_nested_branch_dag.py
[2022-09-20T14:14:54.206+0000] {logging_mixin.py:117} INFO - [2022-09-20T14:14:54.206+0000] {dag.py:2573} INFO - Sync 1 DAGs
[2022-09-20T14:14:54.232+0000] {logging_mixin.py:117} INFO - [2022-09-20T14:14:54.232+0000] {dag.py:3328} INFO - Setting next_dagrun for example_nested_branch_dag to 2022-09-19T00:00:00+00:00, run_after=2022-09-20T00:00:00+00:00
[2022-09-20T14:14:54.655+0000] {processor.py:178} INFO - Processing /home/airflow/.local/lib/python3.7/site-packages/airflow/example_dags/example_nested_branch_dag.py took 0.698 seconds
[2022-09-20T14:16:20.854+0000] {processor.py:156} INFO - Started process (PID=776) to work on /home/airflow/.local/lib/python3.7/site-packages/airflow/example_dags/example_nested_branch_dag.py
[2022-09-20T14:16:21.132+0000] {processor.py:758} INFO - Processing file /home/airflow/.local/lib/python3.7/site-packages/airflow/example_dags/example_nested_branch_dag.py for tasks to queue
[2022-09-20T14:16:21.134+0000] {logging_mixin.py:117} INFO - [2022-09-20T14:16:21.133+0000] {dagbag.py:525} INFO - Filling up the DagBag from /home/airflow/.local/lib/python3.7/site-packages/airflow/example_dags/example_nested_branch_dag.py
[2022-09-20T14:16:21.159+0000] {processor.py:768} INFO - DAG(s) dict_keys(['example_nested_branch_dag']) retrieved from /home/airflow/.local/lib/python3.7/site-packages/airflow/example_dags/example_nested_branch_dag.py
[2022-09-20T14:16:21.197+0000] {logging_mixin.py:117} INFO - [2022-09-20T14:16:21.197+0000] {dag.py:2573} INFO - Sync 1 DAGs
[2022-09-20T14:16:21.226+0000] {logging_mixin.py:117} INFO - [2022-09-20T14:16:21.225+0000] {dag.py:3328} INFO - Setting next_dagrun for example_nested_branch_dag to 2022-09-19T00:00:00+00:00, run_after=2022-09-20T00:00:00+00:00
[2022-09-20T14:16:21.863+0000] {processor.py:178} INFO - Processing /home/airflow/.local/lib/python3.7/site-packages/airflow/example_dags/example_nested_branch_dag.py took 1.012 seconds
[2022-09-20T14:17:09.984+0000] {processor.py:156} INFO - Started process (PID=839) to work on /home/airflow/.local/lib/python3.7/site-packages/airflow/example_dags/example_nested_branch_dag.py
[2022-09-20T14:17:10.901+0000] {processor.py:758} INFO - Processing file /home/airflow/.local/lib/python3.7/site-packages/airflow/example_dags/example_nested_branch_dag.py for tasks to queue
[2022-09-20T14:17:10.901+0000] {logging_mixin.py:117} INFO - [2022-09-20T14:17:10.901+0000] {dagbag.py:525} INFO - Filling up the DagBag from /home/airflow/.local/lib/python3.7/site-packages/airflow/example_dags/example_nested_branch_dag.py
[2022-09-20T14:17:10.928+0000] {processor.py:768} INFO - DAG(s) dict_keys(['example_nested_branch_dag']) retrieved from /home/airflow/.local/lib/python3.7/site-packages/airflow/example_dags/example_nested_branch_dag.py
[2022-09-20T14:17:10.968+0000] {logging_mixin.py:117} INFO - [2022-09-20T14:17:10.968+0000] {dag.py:2573} INFO - Sync 1 DAGs
[2022-09-20T14:17:10.996+0000] {logging_mixin.py:117} INFO - [2022-09-20T14:17:10.996+0000] {dag.py:3328} INFO - Setting next_dagrun for example_nested_branch_dag to 2022-09-19T00:00:00+00:00, run_after=2022-09-20T00:00:00+00:00
[2022-09-20T14:17:18.736+0000] {processor.py:178} INFO - Processing /home/airflow/.local/lib/python3.7/site-packages/airflow/example_dags/example_nested_branch_dag.py took 8.755 seconds
[2022-09-20T14:18:58.356+0000] {processor.py:156} INFO - Started process (PID=900) to work on /home/airflow/.local/lib/python3.7/site-packages/airflow/example_dags/example_nested_branch_dag.py
[2022-09-20T14:18:58.539+0000] {processor.py:758} INFO - Processing file /home/airflow/.local/lib/python3.7/site-packages/airflow/example_dags/example_nested_branch_dag.py for tasks to queue
[2022-09-20T14:18:58.540+0000] {logging_mixin.py:117} INFO - [2022-09-20T14:18:58.540+0000] {dagbag.py:525} INFO - Filling up the DagBag from /home/airflow/.local/lib/python3.7/site-packages/airflow/example_dags/example_nested_branch_dag.py
[2022-09-20T14:18:58.570+0000] {processor.py:768} INFO - DAG(s) dict_keys(['example_nested_branch_dag']) retrieved from /home/airflow/.local/lib/python3.7/site-packages/airflow/example_dags/example_nested_branch_dag.py
[2022-09-20T14:18:58.617+0000] {logging_mixin.py:117} INFO - [2022-09-20T14:18:58.617+0000] {dag.py:2573} INFO - Sync 1 DAGs
[2022-09-20T14:18:58.651+0000] {logging_mixin.py:117} INFO - [2022-09-20T14:18:58.651+0000] {dag.py:3328} INFO - Setting next_dagrun for example_nested_branch_dag to 2022-09-19T00:00:00+00:00, run_after=2022-09-20T00:00:00+00:00
[2022-09-20T14:19:04.239+0000] {processor.py:178} INFO - Processing /home/airflow/.local/lib/python3.7/site-packages/airflow/example_dags/example_nested_branch_dag.py took 5.887 seconds
[2022-09-20T14:20:12.710+0000] {processor.py:156} INFO - Started process (PID=958) to work on /home/airflow/.local/lib/python3.7/site-packages/airflow/example_dags/example_nested_branch_dag.py
[2022-09-20T14:20:19.997+0000] {processor.py:758} INFO - Processing file /home/airflow/.local/lib/python3.7/site-packages/airflow/example_dags/example_nested_branch_dag.py for tasks to queue
[2022-09-20T14:20:25.776+0000] {logging_mixin.py:117} INFO - [2022-09-20T14:20:25.776+0000] {dagbag.py:525} INFO - Filling up the DagBag from /home/airflow/.local/lib/python3.7/site-packages/airflow/example_dags/example_nested_branch_dag.py
[2022-09-20T14:20:25.801+0000] {processor.py:768} INFO - DAG(s) dict_keys(['example_nested_branch_dag']) retrieved from /home/airflow/.local/lib/python3.7/site-packages/airflow/example_dags/example_nested_branch_dag.py
[2022-09-20T14:21:58.124+0000] {processor.py:156} INFO - Started process (PID=1008) to work on /home/airflow/.local/lib/python3.7/site-packages/airflow/example_dags/example_nested_branch_dag.py
[2022-09-20T14:21:58.431+0000] {processor.py:758} INFO - Processing file /home/airflow/.local/lib/python3.7/site-packages/airflow/example_dags/example_nested_branch_dag.py for tasks to queue
[2022-09-20T14:21:58.434+0000] {logging_mixin.py:117} INFO - [2022-09-20T14:21:58.433+0000] {dagbag.py:525} INFO - Filling up the DagBag from /home/airflow/.local/lib/python3.7/site-packages/airflow/example_dags/example_nested_branch_dag.py
[2022-09-20T14:21:58.484+0000] {processor.py:768} INFO - DAG(s) dict_keys(['example_nested_branch_dag']) retrieved from /home/airflow/.local/lib/python3.7/site-packages/airflow/example_dags/example_nested_branch_dag.py
[2022-09-20T14:21:58.524+0000] {logging_mixin.py:117} INFO - [2022-09-20T14:21:58.523+0000] {dag.py:2573} INFO - Sync 1 DAGs
[2022-09-20T14:21:58.548+0000] {logging_mixin.py:117} INFO - [2022-09-20T14:21:58.548+0000] {dag.py:3328} INFO - Setting next_dagrun for example_nested_branch_dag to 2022-09-19T00:00:00+00:00, run_after=2022-09-20T00:00:00+00:00
[2022-09-20T14:22:14.681+0000] {processor.py:178} INFO - Processing /home/airflow/.local/lib/python3.7/site-packages/airflow/example_dags/example_nested_branch_dag.py took 17.398 seconds
[2022-09-20T14:24:41.357+0000] {processor.py:156} INFO - Started process (PID=1046) to work on /home/airflow/.local/lib/python3.7/site-packages/airflow/example_dags/example_nested_branch_dag.py
[2022-09-20T14:24:41.736+0000] {processor.py:758} INFO - Processing file /home/airflow/.local/lib/python3.7/site-packages/airflow/example_dags/example_nested_branch_dag.py for tasks to queue
[2022-09-20T14:24:41.738+0000] {logging_mixin.py:117} INFO - [2022-09-20T14:24:41.737+0000] {dagbag.py:525} INFO - Filling up the DagBag from /home/airflow/.local/lib/python3.7/site-packages/airflow/example_dags/example_nested_branch_dag.py
[2022-09-20T14:24:41.782+0000] {processor.py:768} INFO - DAG(s) dict_keys(['example_nested_branch_dag']) retrieved from /home/airflow/.local/lib/python3.7/site-packages/airflow/example_dags/example_nested_branch_dag.py
[2022-09-20T14:24:41.824+0000] {logging_mixin.py:117} INFO - [2022-09-20T14:24:41.824+0000] {dag.py:2573} INFO - Sync 1 DAGs
[2022-09-20T14:24:41.852+0000] {logging_mixin.py:117} INFO - [2022-09-20T14:24:41.852+0000] {dag.py:3328} INFO - Setting next_dagrun for example_nested_branch_dag to 2022-09-19T00:00:00+00:00, run_after=2022-09-20T00:00:00+00:00
[2022-09-20T14:24:52.517+0000] {processor.py:178} INFO - Processing /home/airflow/.local/lib/python3.7/site-packages/airflow/example_dags/example_nested_branch_dag.py took 11.164 seconds
[2022-09-20T14:25:22.994+0000] {processor.py:156} INFO - Started process (PID=1097) to work on /home/airflow/.local/lib/python3.7/site-packages/airflow/example_dags/example_nested_branch_dag.py
[2022-09-20T14:25:23.373+0000] {processor.py:758} INFO - Processing file /home/airflow/.local/lib/python3.7/site-packages/airflow/example_dags/example_nested_branch_dag.py for tasks to queue
[2022-09-20T14:25:23.375+0000] {logging_mixin.py:117} INFO - [2022-09-20T14:25:23.375+0000] {dagbag.py:525} INFO - Filling up the DagBag from /home/airflow/.local/lib/python3.7/site-packages/airflow/example_dags/example_nested_branch_dag.py
[2022-09-20T14:25:23.449+0000] {processor.py:768} INFO - DAG(s) dict_keys(['example_nested_branch_dag']) retrieved from /home/airflow/.local/lib/python3.7/site-packages/airflow/example_dags/example_nested_branch_dag.py
[2022-09-20T14:25:23.565+0000] {logging_mixin.py:117} INFO - [2022-09-20T14:25:23.564+0000] {dag.py:2573} INFO - Sync 1 DAGs
[2022-09-20T14:25:23.647+0000] {logging_mixin.py:117} INFO - [2022-09-20T14:25:23.646+0000] {dag.py:3328} INFO - Setting next_dagrun for example_nested_branch_dag to 2022-09-19T00:00:00+00:00, run_after=2022-09-20T00:00:00+00:00
[2022-09-20T14:25:25.364+0000] {processor.py:178} INFO - Processing /home/airflow/.local/lib/python3.7/site-packages/airflow/example_dags/example_nested_branch_dag.py took 2.373 seconds
[2022-09-20T14:25:58.531+0000] {processor.py:156} INFO - Started process (PID=1145) to work on /home/airflow/.local/lib/python3.7/site-packages/airflow/example_dags/example_nested_branch_dag.py
[2022-09-20T14:26:01.307+0000] {processor.py:758} INFO - Processing file /home/airflow/.local/lib/python3.7/site-packages/airflow/example_dags/example_nested_branch_dag.py for tasks to queue
[2022-09-20T14:26:01.358+0000] {logging_mixin.py:117} INFO - [2022-09-20T14:26:01.358+0000] {dagbag.py:525} INFO - Filling up the DagBag from /home/airflow/.local/lib/python3.7/site-packages/airflow/example_dags/example_nested_branch_dag.py
[2022-09-20T14:26:01.383+0000] {processor.py:768} INFO - DAG(s) dict_keys(['example_nested_branch_dag']) retrieved from /home/airflow/.local/lib/python3.7/site-packages/airflow/example_dags/example_nested_branch_dag.py
[2022-09-20T14:26:47.399+0000] {logging_mixin.py:117} INFO - [2022-09-20T14:26:47.399+0000] {dag.py:2573} INFO - Sync 1 DAGs
[2022-09-20T14:26:47.461+0000] {logging_mixin.py:117} INFO - [2022-09-20T14:26:47.461+0000] {dag.py:3328} INFO - Setting next_dagrun for example_nested_branch_dag to 2022-09-19T00:00:00+00:00, run_after=2022-09-20T00:00:00+00:00
[2022-09-20T14:28:12.830+0000] {processor.py:156} INFO - Started process (PID=1178) to work on /home/airflow/.local/lib/python3.7/site-packages/airflow/example_dags/example_nested_branch_dag.py
[2022-09-20T14:28:13.547+0000] {processor.py:758} INFO - Processing file /home/airflow/.local/lib/python3.7/site-packages/airflow/example_dags/example_nested_branch_dag.py for tasks to queue
[2022-09-20T14:28:13.548+0000] {logging_mixin.py:117} INFO - [2022-09-20T14:28:13.548+0000] {dagbag.py:525} INFO - Filling up the DagBag from /home/airflow/.local/lib/python3.7/site-packages/airflow/example_dags/example_nested_branch_dag.py
[2022-09-20T14:28:13.574+0000] {processor.py:768} INFO - DAG(s) dict_keys(['example_nested_branch_dag']) retrieved from /home/airflow/.local/lib/python3.7/site-packages/airflow/example_dags/example_nested_branch_dag.py
[2022-09-20T14:28:14.487+0000] {logging_mixin.py:117} INFO - [2022-09-20T14:28:14.486+0000] {dag.py:2573} INFO - Sync 1 DAGs
[2022-09-20T14:28:14.513+0000] {logging_mixin.py:117} INFO - [2022-09-20T14:28:14.513+0000] {dag.py:3328} INFO - Setting next_dagrun for example_nested_branch_dag to 2022-09-19T00:00:00+00:00, run_after=2022-09-20T00:00:00+00:00
[2022-09-20T14:28:17.625+0000] {processor.py:178} INFO - Processing /home/airflow/.local/lib/python3.7/site-packages/airflow/example_dags/example_nested_branch_dag.py took 4.803 seconds
[2022-09-20T14:31:36.373+0000] {processor.py:156} INFO - Started process (PID=1213) to work on /home/airflow/.local/lib/python3.7/site-packages/airflow/example_dags/example_nested_branch_dag.py
[2022-09-20T14:31:36.651+0000] {processor.py:758} INFO - Processing file /home/airflow/.local/lib/python3.7/site-packages/airflow/example_dags/example_nested_branch_dag.py for tasks to queue
[2022-09-20T14:31:36.654+0000] {logging_mixin.py:117} INFO - [2022-09-20T14:31:36.653+0000] {dagbag.py:525} INFO - Filling up the DagBag from /home/airflow/.local/lib/python3.7/site-packages/airflow/example_dags/example_nested_branch_dag.py
[2022-09-20T14:31:36.702+0000] {processor.py:768} INFO - DAG(s) dict_keys(['example_nested_branch_dag']) retrieved from /home/airflow/.local/lib/python3.7/site-packages/airflow/example_dags/example_nested_branch_dag.py
[2022-09-20T14:31:36.742+0000] {logging_mixin.py:117} INFO - [2022-09-20T14:31:36.742+0000] {dag.py:2573} INFO - Sync 1 DAGs
[2022-09-20T14:31:36.768+0000] {logging_mixin.py:117} INFO - [2022-09-20T14:31:36.768+0000] {dag.py:3328} INFO - Setting next_dagrun for example_nested_branch_dag to 2022-09-19T00:00:00+00:00, run_after=2022-09-20T00:00:00+00:00
[2022-09-20T14:31:37.949+0000] {processor.py:178} INFO - Processing /home/airflow/.local/lib/python3.7/site-packages/airflow/example_dags/example_nested_branch_dag.py took 1.584 seconds
[2022-09-20T14:33:21.884+0000] {processor.py:156} INFO - Started process (PID=1287) to work on /home/airflow/.local/lib/python3.7/site-packages/airflow/example_dags/example_nested_branch_dag.py
[2022-09-20T14:33:22.467+0000] {processor.py:758} INFO - Processing file /home/airflow/.local/lib/python3.7/site-packages/airflow/example_dags/example_nested_branch_dag.py for tasks to queue
[2022-09-20T14:33:22.469+0000] {logging_mixin.py:117} INFO - [2022-09-20T14:33:22.469+0000] {dagbag.py:525} INFO - Filling up the DagBag from /home/airflow/.local/lib/python3.7/site-packages/airflow/example_dags/example_nested_branch_dag.py
[2022-09-20T14:33:22.500+0000] {processor.py:768} INFO - DAG(s) dict_keys(['example_nested_branch_dag']) retrieved from /home/airflow/.local/lib/python3.7/site-packages/airflow/example_dags/example_nested_branch_dag.py
[2022-09-20T14:33:22.540+0000] {logging_mixin.py:117} INFO - [2022-09-20T14:33:22.540+0000] {dag.py:2573} INFO - Sync 1 DAGs
[2022-09-20T14:33:22.566+0000] {logging_mixin.py:117} INFO - [2022-09-20T14:33:22.566+0000] {dag.py:3328} INFO - Setting next_dagrun for example_nested_branch_dag to 2022-09-19T00:00:00+00:00, run_after=2022-09-20T00:00:00+00:00
[2022-09-20T14:33:24.049+0000] {processor.py:178} INFO - Processing /home/airflow/.local/lib/python3.7/site-packages/airflow/example_dags/example_nested_branch_dag.py took 2.171 seconds
[2022-09-20T17:10:50.855+0000] {processor.py:156} INFO - Started process (PID=148) to work on /home/airflow/.local/lib/python3.7/site-packages/airflow/example_dags/example_nested_branch_dag.py
[2022-09-20T17:10:50.861+0000] {processor.py:758} INFO - Processing file /home/airflow/.local/lib/python3.7/site-packages/airflow/example_dags/example_nested_branch_dag.py for tasks to queue
[2022-09-20T17:10:50.863+0000] {logging_mixin.py:117} INFO - [2022-09-20T17:10:50.862+0000] {dagbag.py:525} INFO - Filling up the DagBag from /home/airflow/.local/lib/python3.7/site-packages/airflow/example_dags/example_nested_branch_dag.py
[2022-09-20T17:10:50.923+0000] {processor.py:768} INFO - DAG(s) dict_keys(['example_nested_branch_dag']) retrieved from /home/airflow/.local/lib/python3.7/site-packages/airflow/example_dags/example_nested_branch_dag.py
[2022-09-20T17:10:51.197+0000] {logging_mixin.py:117} INFO - [2022-09-20T17:10:51.196+0000] {dag.py:2573} INFO - Sync 1 DAGs
[2022-09-20T17:10:51.231+0000] {logging_mixin.py:117} INFO - [2022-09-20T17:10:51.231+0000] {dag.py:3328} INFO - Setting next_dagrun for example_nested_branch_dag to 2022-09-19T00:00:00+00:00, run_after=2022-09-20T00:00:00+00:00
[2022-09-20T17:10:51.466+0000] {processor.py:178} INFO - Processing /home/airflow/.local/lib/python3.7/site-packages/airflow/example_dags/example_nested_branch_dag.py took 0.616 seconds
[2022-09-20T17:12:03.847+0000] {processor.py:156} INFO - Started process (PID=228) to work on /home/airflow/.local/lib/python3.7/site-packages/airflow/example_dags/example_nested_branch_dag.py
[2022-09-20T17:12:04.001+0000] {processor.py:758} INFO - Processing file /home/airflow/.local/lib/python3.7/site-packages/airflow/example_dags/example_nested_branch_dag.py for tasks to queue
[2022-09-20T17:12:04.002+0000] {logging_mixin.py:117} INFO - [2022-09-20T17:12:04.002+0000] {dagbag.py:525} INFO - Filling up the DagBag from /home/airflow/.local/lib/python3.7/site-packages/airflow/example_dags/example_nested_branch_dag.py
[2022-09-20T17:12:04.215+0000] {processor.py:768} INFO - DAG(s) dict_keys(['example_nested_branch_dag']) retrieved from /home/airflow/.local/lib/python3.7/site-packages/airflow/example_dags/example_nested_branch_dag.py
[2022-09-20T17:12:04.266+0000] {logging_mixin.py:117} INFO - [2022-09-20T17:12:04.266+0000] {dag.py:2573} INFO - Sync 1 DAGs
[2022-09-20T17:12:04.303+0000] {logging_mixin.py:117} INFO - [2022-09-20T17:12:04.303+0000] {dag.py:3328} INFO - Setting next_dagrun for example_nested_branch_dag to 2022-09-19T00:00:00+00:00, run_after=2022-09-20T00:00:00+00:00
[2022-09-20T17:12:04.893+0000] {processor.py:178} INFO - Processing /home/airflow/.local/lib/python3.7/site-packages/airflow/example_dags/example_nested_branch_dag.py took 1.054 seconds
[2022-09-20T17:12:40.353+0000] {processor.py:156} INFO - Started process (PID=282) to work on /home/airflow/.local/lib/python3.7/site-packages/airflow/example_dags/example_nested_branch_dag.py
[2022-09-20T17:12:40.981+0000] {processor.py:758} INFO - Processing file /home/airflow/.local/lib/python3.7/site-packages/airflow/example_dags/example_nested_branch_dag.py for tasks to queue
[2022-09-20T17:12:40.986+0000] {logging_mixin.py:117} INFO - [2022-09-20T17:12:40.985+0000] {dagbag.py:525} INFO - Filling up the DagBag from /home/airflow/.local/lib/python3.7/site-packages/airflow/example_dags/example_nested_branch_dag.py
[2022-09-20T17:12:41.224+0000] {processor.py:768} INFO - DAG(s) dict_keys(['example_nested_branch_dag']) retrieved from /home/airflow/.local/lib/python3.7/site-packages/airflow/example_dags/example_nested_branch_dag.py
[2022-09-20T17:12:41.287+0000] {logging_mixin.py:117} INFO - [2022-09-20T17:12:41.287+0000] {dag.py:2573} INFO - Sync 1 DAGs
[2022-09-20T17:12:41.326+0000] {logging_mixin.py:117} INFO - [2022-09-20T17:12:41.326+0000] {dag.py:3328} INFO - Setting next_dagrun for example_nested_branch_dag to 2022-09-19T00:00:00+00:00, run_after=2022-09-20T00:00:00+00:00
[2022-09-20T17:12:42.039+0000] {processor.py:178} INFO - Processing /home/airflow/.local/lib/python3.7/site-packages/airflow/example_dags/example_nested_branch_dag.py took 1.693 seconds
[2022-09-20T17:13:26.392+0000] {processor.py:156} INFO - Started process (PID=337) to work on /home/airflow/.local/lib/python3.7/site-packages/airflow/example_dags/example_nested_branch_dag.py
[2022-09-20T17:13:27.929+0000] {processor.py:758} INFO - Processing file /home/airflow/.local/lib/python3.7/site-packages/airflow/example_dags/example_nested_branch_dag.py for tasks to queue
[2022-09-20T17:13:27.931+0000] {logging_mixin.py:117} INFO - [2022-09-20T17:13:27.930+0000] {dagbag.py:525} INFO - Filling up the DagBag from /home/airflow/.local/lib/python3.7/site-packages/airflow/example_dags/example_nested_branch_dag.py
[2022-09-20T17:13:27.966+0000] {processor.py:768} INFO - DAG(s) dict_keys(['example_nested_branch_dag']) retrieved from /home/airflow/.local/lib/python3.7/site-packages/airflow/example_dags/example_nested_branch_dag.py
[2022-09-20T17:13:28.025+0000] {logging_mixin.py:117} INFO - [2022-09-20T17:13:28.025+0000] {dag.py:2573} INFO - Sync 1 DAGs
[2022-09-20T17:13:28.067+0000] {logging_mixin.py:117} INFO - [2022-09-20T17:13:28.066+0000] {dag.py:3328} INFO - Setting next_dagrun for example_nested_branch_dag to 2022-09-19T00:00:00+00:00, run_after=2022-09-20T00:00:00+00:00
[2022-09-20T17:13:29.353+0000] {processor.py:178} INFO - Processing /home/airflow/.local/lib/python3.7/site-packages/airflow/example_dags/example_nested_branch_dag.py took 2.965 seconds
[2022-09-20T17:13:59.603+0000] {processor.py:156} INFO - Started process (PID=382) to work on /home/airflow/.local/lib/python3.7/site-packages/airflow/example_dags/example_nested_branch_dag.py
[2022-09-20T17:13:59.605+0000] {processor.py:758} INFO - Processing file /home/airflow/.local/lib/python3.7/site-packages/airflow/example_dags/example_nested_branch_dag.py for tasks to queue
[2022-09-20T17:13:59.607+0000] {logging_mixin.py:117} INFO - [2022-09-20T17:13:59.606+0000] {dagbag.py:525} INFO - Filling up the DagBag from /home/airflow/.local/lib/python3.7/site-packages/airflow/example_dags/example_nested_branch_dag.py
[2022-09-20T17:13:59.664+0000] {processor.py:768} INFO - DAG(s) dict_keys(['example_nested_branch_dag']) retrieved from /home/airflow/.local/lib/python3.7/site-packages/airflow/example_dags/example_nested_branch_dag.py
[2022-09-20T17:13:59.740+0000] {logging_mixin.py:117} INFO - [2022-09-20T17:13:59.740+0000] {dag.py:2573} INFO - Sync 1 DAGs
[2022-09-20T17:13:59.778+0000] {logging_mixin.py:117} INFO - [2022-09-20T17:13:59.777+0000] {dag.py:3328} INFO - Setting next_dagrun for example_nested_branch_dag to 2022-09-19T00:00:00+00:00, run_after=2022-09-20T00:00:00+00:00
[2022-09-20T17:14:00.674+0000] {processor.py:178} INFO - Processing /home/airflow/.local/lib/python3.7/site-packages/airflow/example_dags/example_nested_branch_dag.py took 1.078 seconds
[2022-09-20T17:14:47.901+0000] {processor.py:156} INFO - Started process (PID=439) to work on /home/airflow/.local/lib/python3.7/site-packages/airflow/example_dags/example_nested_branch_dag.py
[2022-09-20T17:14:48.146+0000] {processor.py:758} INFO - Processing file /home/airflow/.local/lib/python3.7/site-packages/airflow/example_dags/example_nested_branch_dag.py for tasks to queue
[2022-09-20T17:14:48.147+0000] {logging_mixin.py:117} INFO - [2022-09-20T17:14:48.147+0000] {dagbag.py:525} INFO - Filling up the DagBag from /home/airflow/.local/lib/python3.7/site-packages/airflow/example_dags/example_nested_branch_dag.py
[2022-09-20T17:14:48.174+0000] {processor.py:768} INFO - DAG(s) dict_keys(['example_nested_branch_dag']) retrieved from /home/airflow/.local/lib/python3.7/site-packages/airflow/example_dags/example_nested_branch_dag.py
[2022-09-20T17:14:48.226+0000] {logging_mixin.py:117} INFO - [2022-09-20T17:14:48.226+0000] {dag.py:2573} INFO - Sync 1 DAGs
[2022-09-20T17:14:48.263+0000] {logging_mixin.py:117} INFO - [2022-09-20T17:14:48.262+0000] {dag.py:3328} INFO - Setting next_dagrun for example_nested_branch_dag to 2022-09-19T00:00:00+00:00, run_after=2022-09-20T00:00:00+00:00
[2022-09-20T17:14:48.928+0000] {processor.py:178} INFO - Processing /home/airflow/.local/lib/python3.7/site-packages/airflow/example_dags/example_nested_branch_dag.py took 1.031 seconds
[2022-09-20T17:15:21.667+0000] {processor.py:156} INFO - Started process (PID=493) to work on /home/airflow/.local/lib/python3.7/site-packages/airflow/example_dags/example_nested_branch_dag.py
[2022-09-20T17:15:21.668+0000] {processor.py:758} INFO - Processing file /home/airflow/.local/lib/python3.7/site-packages/airflow/example_dags/example_nested_branch_dag.py for tasks to queue
[2022-09-20T17:15:21.669+0000] {logging_mixin.py:117} INFO - [2022-09-20T17:15:21.669+0000] {dagbag.py:525} INFO - Filling up the DagBag from /home/airflow/.local/lib/python3.7/site-packages/airflow/example_dags/example_nested_branch_dag.py
[2022-09-20T17:15:21.706+0000] {processor.py:768} INFO - DAG(s) dict_keys(['example_nested_branch_dag']) retrieved from /home/airflow/.local/lib/python3.7/site-packages/airflow/example_dags/example_nested_branch_dag.py
[2022-09-20T17:15:21.993+0000] {logging_mixin.py:117} INFO - [2022-09-20T17:15:21.993+0000] {dag.py:2573} INFO - Sync 1 DAGs
[2022-09-20T17:15:22.047+0000] {logging_mixin.py:117} INFO - [2022-09-20T17:15:22.046+0000] {dag.py:3328} INFO - Setting next_dagrun for example_nested_branch_dag to 2022-09-19T00:00:00+00:00, run_after=2022-09-20T00:00:00+00:00
[2022-09-20T17:15:22.671+0000] {processor.py:178} INFO - Processing /home/airflow/.local/lib/python3.7/site-packages/airflow/example_dags/example_nested_branch_dag.py took 1.008 seconds
[2022-09-20T17:15:55.582+0000] {processor.py:156} INFO - Started process (PID=549) to work on /home/airflow/.local/lib/python3.7/site-packages/airflow/example_dags/example_nested_branch_dag.py
[2022-09-20T17:15:56.172+0000] {processor.py:758} INFO - Processing file /home/airflow/.local/lib/python3.7/site-packages/airflow/example_dags/example_nested_branch_dag.py for tasks to queue
[2022-09-20T17:15:56.174+0000] {logging_mixin.py:117} INFO - [2022-09-20T17:15:56.174+0000] {dagbag.py:525} INFO - Filling up the DagBag from /home/airflow/.local/lib/python3.7/site-packages/airflow/example_dags/example_nested_branch_dag.py
[2022-09-20T17:15:56.223+0000] {processor.py:768} INFO - DAG(s) dict_keys(['example_nested_branch_dag']) retrieved from /home/airflow/.local/lib/python3.7/site-packages/airflow/example_dags/example_nested_branch_dag.py
[2022-09-20T17:15:56.488+0000] {logging_mixin.py:117} INFO - [2022-09-20T17:15:56.487+0000] {dag.py:2573} INFO - Sync 1 DAGs
[2022-09-20T17:15:56.522+0000] {logging_mixin.py:117} INFO - [2022-09-20T17:15:56.522+0000] {dag.py:3328} INFO - Setting next_dagrun for example_nested_branch_dag to 2022-09-19T00:00:00+00:00, run_after=2022-09-20T00:00:00+00:00
[2022-09-20T17:15:57.876+0000] {processor.py:178} INFO - Processing /home/airflow/.local/lib/python3.7/site-packages/airflow/example_dags/example_nested_branch_dag.py took 2.299 seconds
[2022-09-20T17:16:32.897+0000] {processor.py:156} INFO - Started process (PID=601) to work on /home/airflow/.local/lib/python3.7/site-packages/airflow/example_dags/example_nested_branch_dag.py
[2022-09-20T17:16:33.048+0000] {processor.py:758} INFO - Processing file /home/airflow/.local/lib/python3.7/site-packages/airflow/example_dags/example_nested_branch_dag.py for tasks to queue
[2022-09-20T17:16:33.049+0000] {logging_mixin.py:117} INFO - [2022-09-20T17:16:33.049+0000] {dagbag.py:525} INFO - Filling up the DagBag from /home/airflow/.local/lib/python3.7/site-packages/airflow/example_dags/example_nested_branch_dag.py
[2022-09-20T17:16:33.098+0000] {processor.py:768} INFO - DAG(s) dict_keys(['example_nested_branch_dag']) retrieved from /home/airflow/.local/lib/python3.7/site-packages/airflow/example_dags/example_nested_branch_dag.py
[2022-09-20T17:16:33.163+0000] {logging_mixin.py:117} INFO - [2022-09-20T17:16:33.162+0000] {dag.py:2573} INFO - Sync 1 DAGs
[2022-09-20T17:16:33.206+0000] {logging_mixin.py:117} INFO - [2022-09-20T17:16:33.206+0000] {dag.py:3328} INFO - Setting next_dagrun for example_nested_branch_dag to 2022-09-19T00:00:00+00:00, run_after=2022-09-20T00:00:00+00:00
[2022-09-20T17:16:33.973+0000] {processor.py:178} INFO - Processing /home/airflow/.local/lib/python3.7/site-packages/airflow/example_dags/example_nested_branch_dag.py took 1.081 seconds
[2022-09-20T17:17:05.001+0000] {processor.py:156} INFO - Started process (PID=645) to work on /home/airflow/.local/lib/python3.7/site-packages/airflow/example_dags/example_nested_branch_dag.py
[2022-09-20T17:17:05.103+0000] {processor.py:758} INFO - Processing file /home/airflow/.local/lib/python3.7/site-packages/airflow/example_dags/example_nested_branch_dag.py for tasks to queue
[2022-09-20T17:17:05.105+0000] {logging_mixin.py:117} INFO - [2022-09-20T17:17:05.105+0000] {dagbag.py:525} INFO - Filling up the DagBag from /home/airflow/.local/lib/python3.7/site-packages/airflow/example_dags/example_nested_branch_dag.py
[2022-09-20T17:17:05.173+0000] {processor.py:768} INFO - DAG(s) dict_keys(['example_nested_branch_dag']) retrieved from /home/airflow/.local/lib/python3.7/site-packages/airflow/example_dags/example_nested_branch_dag.py
[2022-09-20T17:17:05.236+0000] {logging_mixin.py:117} INFO - [2022-09-20T17:17:05.236+0000] {dag.py:2573} INFO - Sync 1 DAGs
[2022-09-20T17:17:05.274+0000] {logging_mixin.py:117} INFO - [2022-09-20T17:17:05.273+0000] {dag.py:3328} INFO - Setting next_dagrun for example_nested_branch_dag to 2022-09-19T00:00:00+00:00, run_after=2022-09-20T00:00:00+00:00
[2022-09-20T17:17:05.611+0000] {processor.py:178} INFO - Processing /home/airflow/.local/lib/python3.7/site-packages/airflow/example_dags/example_nested_branch_dag.py took 0.615 seconds
[2022-09-20T17:17:35.946+0000] {processor.py:156} INFO - Started process (PID=699) to work on /home/airflow/.local/lib/python3.7/site-packages/airflow/example_dags/example_nested_branch_dag.py
[2022-09-20T17:17:35.968+0000] {processor.py:758} INFO - Processing file /home/airflow/.local/lib/python3.7/site-packages/airflow/example_dags/example_nested_branch_dag.py for tasks to queue
[2022-09-20T17:17:35.969+0000] {logging_mixin.py:117} INFO - [2022-09-20T17:17:35.969+0000] {dagbag.py:525} INFO - Filling up the DagBag from /home/airflow/.local/lib/python3.7/site-packages/airflow/example_dags/example_nested_branch_dag.py
[2022-09-20T17:17:36.037+0000] {processor.py:768} INFO - DAG(s) dict_keys(['example_nested_branch_dag']) retrieved from /home/airflow/.local/lib/python3.7/site-packages/airflow/example_dags/example_nested_branch_dag.py
[2022-09-20T17:17:36.139+0000] {logging_mixin.py:117} INFO - [2022-09-20T17:17:36.139+0000] {dag.py:2573} INFO - Sync 1 DAGs
[2022-09-20T17:17:36.226+0000] {logging_mixin.py:117} INFO - [2022-09-20T17:17:36.226+0000] {dag.py:3328} INFO - Setting next_dagrun for example_nested_branch_dag to 2022-09-19T00:00:00+00:00, run_after=2022-09-20T00:00:00+00:00
[2022-09-20T17:17:36.400+0000] {processor.py:178} INFO - Processing /home/airflow/.local/lib/python3.7/site-packages/airflow/example_dags/example_nested_branch_dag.py took 0.460 seconds
[2022-09-20T17:18:12.328+0000] {processor.py:156} INFO - Started process (PID=750) to work on /home/airflow/.local/lib/python3.7/site-packages/airflow/example_dags/example_nested_branch_dag.py
[2022-09-20T17:18:12.464+0000] {processor.py:758} INFO - Processing file /home/airflow/.local/lib/python3.7/site-packages/airflow/example_dags/example_nested_branch_dag.py for tasks to queue
[2022-09-20T17:18:12.466+0000] {logging_mixin.py:117} INFO - [2022-09-20T17:18:12.466+0000] {dagbag.py:525} INFO - Filling up the DagBag from /home/airflow/.local/lib/python3.7/site-packages/airflow/example_dags/example_nested_branch_dag.py
[2022-09-20T17:18:12.584+0000] {processor.py:768} INFO - DAG(s) dict_keys(['example_nested_branch_dag']) retrieved from /home/airflow/.local/lib/python3.7/site-packages/airflow/example_dags/example_nested_branch_dag.py
[2022-09-20T17:18:12.668+0000] {logging_mixin.py:117} INFO - [2022-09-20T17:18:12.668+0000] {dag.py:2573} INFO - Sync 1 DAGs
[2022-09-20T17:18:12.700+0000] {logging_mixin.py:117} INFO - [2022-09-20T17:18:12.700+0000] {dag.py:3328} INFO - Setting next_dagrun for example_nested_branch_dag to 2022-09-19T00:00:00+00:00, run_after=2022-09-20T00:00:00+00:00
[2022-09-20T17:18:14.037+0000] {processor.py:178} INFO - Processing /home/airflow/.local/lib/python3.7/site-packages/airflow/example_dags/example_nested_branch_dag.py took 1.715 seconds
[2022-09-20T17:18:50.207+0000] {processor.py:156} INFO - Started process (PID=804) to work on /home/airflow/.local/lib/python3.7/site-packages/airflow/example_dags/example_nested_branch_dag.py
[2022-09-20T17:18:50.529+0000] {processor.py:758} INFO - Processing file /home/airflow/.local/lib/python3.7/site-packages/airflow/example_dags/example_nested_branch_dag.py for tasks to queue
[2022-09-20T17:18:50.530+0000] {logging_mixin.py:117} INFO - [2022-09-20T17:18:50.530+0000] {dagbag.py:525} INFO - Filling up the DagBag from /home/airflow/.local/lib/python3.7/site-packages/airflow/example_dags/example_nested_branch_dag.py
[2022-09-20T17:18:50.570+0000] {processor.py:768} INFO - DAG(s) dict_keys(['example_nested_branch_dag']) retrieved from /home/airflow/.local/lib/python3.7/site-packages/airflow/example_dags/example_nested_branch_dag.py
[2022-09-20T17:18:50.604+0000] {logging_mixin.py:117} INFO - [2022-09-20T17:18:50.603+0000] {dag.py:2573} INFO - Sync 1 DAGs
[2022-09-20T17:18:50.644+0000] {logging_mixin.py:117} INFO - [2022-09-20T17:18:50.644+0000] {dag.py:3328} INFO - Setting next_dagrun for example_nested_branch_dag to 2022-09-19T00:00:00+00:00, run_after=2022-09-20T00:00:00+00:00
[2022-09-20T17:18:51.254+0000] {processor.py:178} INFO - Processing /home/airflow/.local/lib/python3.7/site-packages/airflow/example_dags/example_nested_branch_dag.py took 1.050 seconds
[2022-09-20T17:19:22.729+0000] {processor.py:156} INFO - Started process (PID=858) to work on /home/airflow/.local/lib/python3.7/site-packages/airflow/example_dags/example_nested_branch_dag.py
[2022-09-20T17:19:22.799+0000] {processor.py:758} INFO - Processing file /home/airflow/.local/lib/python3.7/site-packages/airflow/example_dags/example_nested_branch_dag.py for tasks to queue
[2022-09-20T17:19:22.800+0000] {logging_mixin.py:117} INFO - [2022-09-20T17:19:22.800+0000] {dagbag.py:525} INFO - Filling up the DagBag from /home/airflow/.local/lib/python3.7/site-packages/airflow/example_dags/example_nested_branch_dag.py
[2022-09-20T17:19:22.859+0000] {processor.py:768} INFO - DAG(s) dict_keys(['example_nested_branch_dag']) retrieved from /home/airflow/.local/lib/python3.7/site-packages/airflow/example_dags/example_nested_branch_dag.py
[2022-09-20T17:19:22.965+0000] {logging_mixin.py:117} INFO - [2022-09-20T17:19:22.964+0000] {dag.py:2573} INFO - Sync 1 DAGs
[2022-09-20T17:19:23.067+0000] {logging_mixin.py:117} INFO - [2022-09-20T17:19:23.067+0000] {dag.py:3328} INFO - Setting next_dagrun for example_nested_branch_dag to 2022-09-19T00:00:00+00:00, run_after=2022-09-20T00:00:00+00:00
[2022-09-20T17:19:23.331+0000] {processor.py:178} INFO - Processing /home/airflow/.local/lib/python3.7/site-packages/airflow/example_dags/example_nested_branch_dag.py took 0.609 seconds
