[2022-09-20T13:54:57.173+0000] {processor.py:156} INFO - Started process (PID=130) to work on /home/airflow/.local/lib/python3.7/site-packages/airflow/example_dags/example_xcomargs.py
[2022-09-20T13:54:57.176+0000] {processor.py:758} INFO - Processing file /home/airflow/.local/lib/python3.7/site-packages/airflow/example_dags/example_xcomargs.py for tasks to queue
[2022-09-20T13:54:57.179+0000] {logging_mixin.py:117} INFO - [2022-09-20T13:54:57.178+0000] {dagbag.py:525} INFO - Filling up the DagBag from /home/airflow/.local/lib/python3.7/site-packages/airflow/example_dags/example_xcomargs.py
[2022-09-20T13:54:57.252+0000] {processor.py:768} INFO - DAG(s) dict_keys(['example_xcom_args_with_operators', 'example_xcom_args']) retrieved from /home/airflow/.local/lib/python3.7/site-packages/airflow/example_dags/example_xcomargs.py
[2022-09-20T14:02:01.410+0000] {processor.py:156} INFO - Started process (PID=184) to work on /home/airflow/.local/lib/python3.7/site-packages/airflow/example_dags/example_xcomargs.py
[2022-09-20T14:02:02.233+0000] {processor.py:758} INFO - Processing file /home/airflow/.local/lib/python3.7/site-packages/airflow/example_dags/example_xcomargs.py for tasks to queue
[2022-09-20T14:02:02.234+0000] {logging_mixin.py:117} INFO - [2022-09-20T14:02:02.234+0000] {dagbag.py:525} INFO - Filling up the DagBag from /home/airflow/.local/lib/python3.7/site-packages/airflow/example_dags/example_xcomargs.py
[2022-09-20T14:02:02.266+0000] {processor.py:768} INFO - DAG(s) dict_keys(['example_xcom_args_with_operators', 'example_xcom_args']) retrieved from /home/airflow/.local/lib/python3.7/site-packages/airflow/example_dags/example_xcomargs.py
[2022-09-20T14:02:16.460+0000] {logging_mixin.py:117} INFO - [2022-09-20T14:02:16.460+0000] {manager.py:508} INFO - Created Permission View: can delete on DAG:example_xcom_args_with_operators
[2022-09-20T14:02:21.072+0000] {logging_mixin.py:117} INFO - [2022-09-20T14:02:21.071+0000] {manager.py:508} INFO - Created Permission View: can read on DAG:example_xcom_args_with_operators
[2022-09-20T14:02:34.082+0000] {logging_mixin.py:117} INFO - [2022-09-20T14:02:34.081+0000] {manager.py:508} INFO - Created Permission View: can edit on DAG:example_xcom_args_with_operators
[2022-09-20T14:02:45.087+0000] {logging_mixin.py:117} INFO - [2022-09-20T14:02:45.087+0000] {manager.py:508} INFO - Created Permission View: can delete on DAG:example_xcom_args
[2022-09-20T14:05:45.596+0000] {processor.py:156} INFO - Started process (PID=285) to work on /home/airflow/.local/lib/python3.7/site-packages/airflow/example_dags/example_xcomargs.py
[2022-09-20T14:05:46.021+0000] {processor.py:758} INFO - Processing file /home/airflow/.local/lib/python3.7/site-packages/airflow/example_dags/example_xcomargs.py for tasks to queue
[2022-09-20T14:05:46.022+0000] {logging_mixin.py:117} INFO - [2022-09-20T14:05:46.022+0000] {dagbag.py:525} INFO - Filling up the DagBag from /home/airflow/.local/lib/python3.7/site-packages/airflow/example_dags/example_xcomargs.py
[2022-09-20T14:05:46.061+0000] {processor.py:768} INFO - DAG(s) dict_keys(['example_xcom_args', 'example_xcom_args_with_operators']) retrieved from /home/airflow/.local/lib/python3.7/site-packages/airflow/example_dags/example_xcomargs.py
[2022-09-20T14:05:46.115+0000] {logging_mixin.py:117} INFO - [2022-09-20T14:05:46.115+0000] {dag.py:2573} INFO - Sync 2 DAGs
[2022-09-20T14:05:46.134+0000] {logging_mixin.py:117} INFO - [2022-09-20T14:05:46.134+0000] {dag.py:2594} INFO - Creating ORM DAG for example_xcom_args_with_operators
[2022-09-20T14:05:46.135+0000] {logging_mixin.py:117} INFO - [2022-09-20T14:05:46.135+0000] {dag.py:2594} INFO - Creating ORM DAG for example_xcom_args
[2022-09-20T14:05:46.152+0000] {logging_mixin.py:117} INFO - [2022-09-20T14:05:46.152+0000] {dag.py:3328} INFO - Setting next_dagrun for example_xcom_args to None, run_after=None
[2022-09-20T14:05:46.152+0000] {logging_mixin.py:117} INFO - [2022-09-20T14:05:46.152+0000] {dag.py:3328} INFO - Setting next_dagrun for example_xcom_args_with_operators to None, run_after=None
[2022-09-20T14:05:47.186+0000] {processor.py:178} INFO - Processing /home/airflow/.local/lib/python3.7/site-packages/airflow/example_dags/example_xcomargs.py took 1.593 seconds
[2022-09-20T14:06:33.446+0000] {processor.py:156} INFO - Started process (PID=338) to work on /home/airflow/.local/lib/python3.7/site-packages/airflow/example_dags/example_xcomargs.py
[2022-09-20T14:06:33.839+0000] {processor.py:758} INFO - Processing file /home/airflow/.local/lib/python3.7/site-packages/airflow/example_dags/example_xcomargs.py for tasks to queue
[2022-09-20T14:06:33.839+0000] {logging_mixin.py:117} INFO - [2022-09-20T14:06:33.839+0000] {dagbag.py:525} INFO - Filling up the DagBag from /home/airflow/.local/lib/python3.7/site-packages/airflow/example_dags/example_xcomargs.py
[2022-09-20T14:06:33.863+0000] {processor.py:768} INFO - DAG(s) dict_keys(['example_xcom_args_with_operators', 'example_xcom_args']) retrieved from /home/airflow/.local/lib/python3.7/site-packages/airflow/example_dags/example_xcomargs.py
[2022-09-20T14:06:33.904+0000] {logging_mixin.py:117} INFO - [2022-09-20T14:06:33.904+0000] {dag.py:2573} INFO - Sync 2 DAGs
[2022-09-20T14:06:33.927+0000] {logging_mixin.py:117} INFO - [2022-09-20T14:06:33.927+0000] {dag.py:3328} INFO - Setting next_dagrun for example_xcom_args to None, run_after=None
[2022-09-20T14:06:33.930+0000] {logging_mixin.py:117} INFO - [2022-09-20T14:06:33.930+0000] {dag.py:3328} INFO - Setting next_dagrun for example_xcom_args_with_operators to None, run_after=None
[2022-09-20T14:06:35.632+0000] {processor.py:178} INFO - Processing /home/airflow/.local/lib/python3.7/site-packages/airflow/example_dags/example_xcomargs.py took 2.189 seconds
[2022-09-20T14:07:42.965+0000] {processor.py:156} INFO - Started process (PID=411) to work on /home/airflow/.local/lib/python3.7/site-packages/airflow/example_dags/example_xcomargs.py
[2022-09-20T14:07:43.467+0000] {processor.py:758} INFO - Processing file /home/airflow/.local/lib/python3.7/site-packages/airflow/example_dags/example_xcomargs.py for tasks to queue
[2022-09-20T14:07:43.469+0000] {logging_mixin.py:117} INFO - [2022-09-20T14:07:43.469+0000] {dagbag.py:525} INFO - Filling up the DagBag from /home/airflow/.local/lib/python3.7/site-packages/airflow/example_dags/example_xcomargs.py
[2022-09-20T14:07:43.523+0000] {processor.py:768} INFO - DAG(s) dict_keys(['example_xcom_args_with_operators', 'example_xcom_args']) retrieved from /home/airflow/.local/lib/python3.7/site-packages/airflow/example_dags/example_xcomargs.py
[2022-09-20T14:07:43.604+0000] {logging_mixin.py:117} INFO - [2022-09-20T14:07:43.604+0000] {dag.py:2573} INFO - Sync 2 DAGs
[2022-09-20T14:07:43.656+0000] {logging_mixin.py:117} INFO - [2022-09-20T14:07:43.656+0000] {dag.py:3328} INFO - Setting next_dagrun for example_xcom_args to None, run_after=None
[2022-09-20T14:07:43.664+0000] {logging_mixin.py:117} INFO - [2022-09-20T14:07:43.663+0000] {dag.py:3328} INFO - Setting next_dagrun for example_xcom_args_with_operators to None, run_after=None
[2022-09-20T14:07:44.257+0000] {processor.py:178} INFO - Processing /home/airflow/.local/lib/python3.7/site-packages/airflow/example_dags/example_xcomargs.py took 1.295 seconds
[2022-09-20T14:08:19.144+0000] {processor.py:156} INFO - Started process (PID=458) to work on /home/airflow/.local/lib/python3.7/site-packages/airflow/example_dags/example_xcomargs.py
[2022-09-20T14:08:19.535+0000] {processor.py:758} INFO - Processing file /home/airflow/.local/lib/python3.7/site-packages/airflow/example_dags/example_xcomargs.py for tasks to queue
[2022-09-20T14:08:19.536+0000] {logging_mixin.py:117} INFO - [2022-09-20T14:08:19.536+0000] {dagbag.py:525} INFO - Filling up the DagBag from /home/airflow/.local/lib/python3.7/site-packages/airflow/example_dags/example_xcomargs.py
[2022-09-20T14:08:19.566+0000] {processor.py:768} INFO - DAG(s) dict_keys(['example_xcom_args', 'example_xcom_args_with_operators']) retrieved from /home/airflow/.local/lib/python3.7/site-packages/airflow/example_dags/example_xcomargs.py
[2022-09-20T14:08:19.619+0000] {logging_mixin.py:117} INFO - [2022-09-20T14:08:19.619+0000] {dag.py:2573} INFO - Sync 2 DAGs
[2022-09-20T14:08:19.662+0000] {logging_mixin.py:117} INFO - [2022-09-20T14:08:19.661+0000] {dag.py:3328} INFO - Setting next_dagrun for example_xcom_args to None, run_after=None
[2022-09-20T14:08:19.667+0000] {logging_mixin.py:117} INFO - [2022-09-20T14:08:19.667+0000] {dag.py:3328} INFO - Setting next_dagrun for example_xcom_args_with_operators to None, run_after=None
[2022-09-20T14:08:20.126+0000] {processor.py:178} INFO - Processing /home/airflow/.local/lib/python3.7/site-packages/airflow/example_dags/example_xcomargs.py took 0.985 seconds
[2022-09-20T14:10:23.968+0000] {processor.py:156} INFO - Started process (PID=528) to work on /home/airflow/.local/lib/python3.7/site-packages/airflow/example_dags/example_xcomargs.py
[2022-09-20T14:10:24.223+0000] {processor.py:758} INFO - Processing file /home/airflow/.local/lib/python3.7/site-packages/airflow/example_dags/example_xcomargs.py for tasks to queue
[2022-09-20T14:10:24.226+0000] {logging_mixin.py:117} INFO - [2022-09-20T14:10:24.225+0000] {dagbag.py:525} INFO - Filling up the DagBag from /home/airflow/.local/lib/python3.7/site-packages/airflow/example_dags/example_xcomargs.py
[2022-09-20T14:10:24.267+0000] {processor.py:768} INFO - DAG(s) dict_keys(['example_xcom_args', 'example_xcom_args_with_operators']) retrieved from /home/airflow/.local/lib/python3.7/site-packages/airflow/example_dags/example_xcomargs.py
[2022-09-20T14:10:24.308+0000] {logging_mixin.py:117} INFO - [2022-09-20T14:10:24.307+0000] {dag.py:2573} INFO - Sync 2 DAGs
[2022-09-20T14:10:24.333+0000] {logging_mixin.py:117} INFO - [2022-09-20T14:10:24.333+0000] {dag.py:3328} INFO - Setting next_dagrun for example_xcom_args to None, run_after=None
[2022-09-20T14:10:24.336+0000] {logging_mixin.py:117} INFO - [2022-09-20T14:10:24.336+0000] {dag.py:3328} INFO - Setting next_dagrun for example_xcom_args_with_operators to None, run_after=None
[2022-09-20T14:10:24.595+0000] {processor.py:178} INFO - Processing /home/airflow/.local/lib/python3.7/site-packages/airflow/example_dags/example_xcomargs.py took 0.632 seconds
[2022-09-20T14:11:47.348+0000] {processor.py:156} INFO - Started process (PID=588) to work on /home/airflow/.local/lib/python3.7/site-packages/airflow/example_dags/example_xcomargs.py
[2022-09-20T14:11:47.537+0000] {processor.py:758} INFO - Processing file /home/airflow/.local/lib/python3.7/site-packages/airflow/example_dags/example_xcomargs.py for tasks to queue
[2022-09-20T14:11:47.539+0000] {logging_mixin.py:117} INFO - [2022-09-20T14:11:47.539+0000] {dagbag.py:525} INFO - Filling up the DagBag from /home/airflow/.local/lib/python3.7/site-packages/airflow/example_dags/example_xcomargs.py
[2022-09-20T14:11:47.579+0000] {processor.py:768} INFO - DAG(s) dict_keys(['example_xcom_args', 'example_xcom_args_with_operators']) retrieved from /home/airflow/.local/lib/python3.7/site-packages/airflow/example_dags/example_xcomargs.py
[2022-09-20T14:11:47.619+0000] {logging_mixin.py:117} INFO - [2022-09-20T14:11:47.619+0000] {dag.py:2573} INFO - Sync 2 DAGs
[2022-09-20T14:11:47.643+0000] {logging_mixin.py:117} INFO - [2022-09-20T14:11:47.643+0000] {dag.py:3328} INFO - Setting next_dagrun for example_xcom_args to None, run_after=None
[2022-09-20T14:11:47.646+0000] {logging_mixin.py:117} INFO - [2022-09-20T14:11:47.646+0000] {dag.py:3328} INFO - Setting next_dagrun for example_xcom_args_with_operators to None, run_after=None
[2022-09-20T14:11:49.018+0000] {processor.py:178} INFO - Processing /home/airflow/.local/lib/python3.7/site-packages/airflow/example_dags/example_xcomargs.py took 1.673 seconds
[2022-09-20T14:14:04.082+0000] {processor.py:156} INFO - Started process (PID=646) to work on /home/airflow/.local/lib/python3.7/site-packages/airflow/example_dags/example_xcomargs.py
[2022-09-20T14:14:04.262+0000] {processor.py:758} INFO - Processing file /home/airflow/.local/lib/python3.7/site-packages/airflow/example_dags/example_xcomargs.py for tasks to queue
[2022-09-20T14:14:04.263+0000] {logging_mixin.py:117} INFO - [2022-09-20T14:14:04.263+0000] {dagbag.py:525} INFO - Filling up the DagBag from /home/airflow/.local/lib/python3.7/site-packages/airflow/example_dags/example_xcomargs.py
[2022-09-20T14:14:04.302+0000] {processor.py:768} INFO - DAG(s) dict_keys(['example_xcom_args_with_operators', 'example_xcom_args']) retrieved from /home/airflow/.local/lib/python3.7/site-packages/airflow/example_dags/example_xcomargs.py
[2022-09-20T14:14:04.343+0000] {logging_mixin.py:117} INFO - [2022-09-20T14:14:04.343+0000] {dag.py:2573} INFO - Sync 2 DAGs
[2022-09-20T14:14:04.369+0000] {logging_mixin.py:117} INFO - [2022-09-20T14:14:04.369+0000] {dag.py:3328} INFO - Setting next_dagrun for example_xcom_args to None, run_after=None
[2022-09-20T14:14:04.372+0000] {logging_mixin.py:117} INFO - [2022-09-20T14:14:04.372+0000] {dag.py:3328} INFO - Setting next_dagrun for example_xcom_args_with_operators to None, run_after=None
[2022-09-20T14:14:04.728+0000] {processor.py:178} INFO - Processing /home/airflow/.local/lib/python3.7/site-packages/airflow/example_dags/example_xcomargs.py took 0.649 seconds
[2022-09-20T14:14:55.999+0000] {processor.py:156} INFO - Started process (PID=702) to work on /home/airflow/.local/lib/python3.7/site-packages/airflow/example_dags/example_xcomargs.py
[2022-09-20T14:14:56.202+0000] {processor.py:758} INFO - Processing file /home/airflow/.local/lib/python3.7/site-packages/airflow/example_dags/example_xcomargs.py for tasks to queue
[2022-09-20T14:14:56.202+0000] {logging_mixin.py:117} INFO - [2022-09-20T14:14:56.202+0000] {dagbag.py:525} INFO - Filling up the DagBag from /home/airflow/.local/lib/python3.7/site-packages/airflow/example_dags/example_xcomargs.py
[2022-09-20T14:14:56.229+0000] {processor.py:768} INFO - DAG(s) dict_keys(['example_xcom_args', 'example_xcom_args_with_operators']) retrieved from /home/airflow/.local/lib/python3.7/site-packages/airflow/example_dags/example_xcomargs.py
[2022-09-20T14:14:56.270+0000] {logging_mixin.py:117} INFO - [2022-09-20T14:14:56.270+0000] {dag.py:2573} INFO - Sync 2 DAGs
[2022-09-20T14:14:56.295+0000] {logging_mixin.py:117} INFO - [2022-09-20T14:14:56.295+0000] {dag.py:3328} INFO - Setting next_dagrun for example_xcom_args to None, run_after=None
[2022-09-20T14:14:56.298+0000] {logging_mixin.py:117} INFO - [2022-09-20T14:14:56.298+0000] {dag.py:3328} INFO - Setting next_dagrun for example_xcom_args_with_operators to None, run_after=None
[2022-09-20T14:14:56.606+0000] {processor.py:178} INFO - Processing /home/airflow/.local/lib/python3.7/site-packages/airflow/example_dags/example_xcomargs.py took 0.610 seconds
[2022-09-20T14:16:27.053+0000] {processor.py:156} INFO - Started process (PID=788) to work on /home/airflow/.local/lib/python3.7/site-packages/airflow/example_dags/example_xcomargs.py
[2022-09-20T14:16:27.145+0000] {processor.py:758} INFO - Processing file /home/airflow/.local/lib/python3.7/site-packages/airflow/example_dags/example_xcomargs.py for tasks to queue
[2022-09-20T14:16:27.147+0000] {logging_mixin.py:117} INFO - [2022-09-20T14:16:27.147+0000] {dagbag.py:525} INFO - Filling up the DagBag from /home/airflow/.local/lib/python3.7/site-packages/airflow/example_dags/example_xcomargs.py
[2022-09-20T14:16:27.185+0000] {processor.py:768} INFO - DAG(s) dict_keys(['example_xcom_args_with_operators', 'example_xcom_args']) retrieved from /home/airflow/.local/lib/python3.7/site-packages/airflow/example_dags/example_xcomargs.py
[2022-09-20T14:16:27.233+0000] {logging_mixin.py:117} INFO - [2022-09-20T14:16:27.233+0000] {dag.py:2573} INFO - Sync 2 DAGs
[2022-09-20T14:16:27.256+0000] {logging_mixin.py:117} INFO - [2022-09-20T14:16:27.256+0000] {dag.py:3328} INFO - Setting next_dagrun for example_xcom_args to None, run_after=None
[2022-09-20T14:16:27.259+0000] {logging_mixin.py:117} INFO - [2022-09-20T14:16:27.259+0000] {dag.py:3328} INFO - Setting next_dagrun for example_xcom_args_with_operators to None, run_after=None
[2022-09-20T14:16:28.052+0000] {processor.py:178} INFO - Processing /home/airflow/.local/lib/python3.7/site-packages/airflow/example_dags/example_xcomargs.py took 1.005 seconds
[2022-09-20T14:18:01.773+0000] {processor.py:156} INFO - Started process (PID=875) to work on /home/airflow/.local/lib/python3.7/site-packages/airflow/example_dags/example_xcomargs.py
[2022-09-20T14:18:11.413+0000] {processor.py:758} INFO - Processing file /home/airflow/.local/lib/python3.7/site-packages/airflow/example_dags/example_xcomargs.py for tasks to queue
[2022-09-20T14:18:11.414+0000] {logging_mixin.py:117} INFO - [2022-09-20T14:18:11.414+0000] {dagbag.py:525} INFO - Filling up the DagBag from /home/airflow/.local/lib/python3.7/site-packages/airflow/example_dags/example_xcomargs.py
[2022-09-20T14:18:11.441+0000] {processor.py:768} INFO - DAG(s) dict_keys(['example_xcom_args_with_operators', 'example_xcom_args']) retrieved from /home/airflow/.local/lib/python3.7/site-packages/airflow/example_dags/example_xcomargs.py
[2022-09-20T14:18:35.303+0000] {logging_mixin.py:117} INFO - [2022-09-20T14:18:35.303+0000] {dag.py:2573} INFO - Sync 2 DAGs
[2022-09-20T14:18:35.329+0000] {logging_mixin.py:117} INFO - [2022-09-20T14:18:35.328+0000] {dag.py:3328} INFO - Setting next_dagrun for example_xcom_args to None, run_after=None
[2022-09-20T14:18:35.332+0000] {logging_mixin.py:117} INFO - [2022-09-20T14:18:35.332+0000] {dag.py:3328} INFO - Setting next_dagrun for example_xcom_args_with_operators to None, run_after=None
[2022-09-20T14:18:38.308+0000] {processor.py:178} INFO - Processing /home/airflow/.local/lib/python3.7/site-packages/airflow/example_dags/example_xcomargs.py took 37.043 seconds
[2022-09-20T14:19:55.669+0000] {processor.py:156} INFO - Started process (PID=926) to work on /home/airflow/.local/lib/python3.7/site-packages/airflow/example_dags/example_xcomargs.py
[2022-09-20T14:20:00.269+0000] {processor.py:758} INFO - Processing file /home/airflow/.local/lib/python3.7/site-packages/airflow/example_dags/example_xcomargs.py for tasks to queue
[2022-09-20T14:20:00.270+0000] {logging_mixin.py:117} INFO - [2022-09-20T14:20:00.270+0000] {dagbag.py:525} INFO - Filling up the DagBag from /home/airflow/.local/lib/python3.7/site-packages/airflow/example_dags/example_xcomargs.py
[2022-09-20T14:20:00.298+0000] {processor.py:768} INFO - DAG(s) dict_keys(['example_xcom_args_with_operators', 'example_xcom_args']) retrieved from /home/airflow/.local/lib/python3.7/site-packages/airflow/example_dags/example_xcomargs.py
[2022-09-20T14:20:00.341+0000] {logging_mixin.py:117} INFO - [2022-09-20T14:20:00.341+0000] {dag.py:2573} INFO - Sync 2 DAGs
[2022-09-20T14:20:00.367+0000] {logging_mixin.py:117} INFO - [2022-09-20T14:20:00.366+0000] {dag.py:3328} INFO - Setting next_dagrun for example_xcom_args to None, run_after=None
[2022-09-20T14:20:00.370+0000] {logging_mixin.py:117} INFO - [2022-09-20T14:20:00.370+0000] {dag.py:3328} INFO - Setting next_dagrun for example_xcom_args_with_operators to None, run_after=None
[2022-09-20T14:20:01.391+0000] {processor.py:178} INFO - Processing /home/airflow/.local/lib/python3.7/site-packages/airflow/example_dags/example_xcomargs.py took 5.725 seconds
[2022-09-20T14:22:50.559+0000] {processor.py:156} INFO - Started process (PID=1016) to work on /home/airflow/.local/lib/python3.7/site-packages/airflow/example_dags/example_xcomargs.py
[2022-09-20T14:23:00.795+0000] {processor.py:758} INFO - Processing file /home/airflow/.local/lib/python3.7/site-packages/airflow/example_dags/example_xcomargs.py for tasks to queue
[2022-09-20T14:23:00.797+0000] {logging_mixin.py:117} INFO - [2022-09-20T14:23:00.796+0000] {dagbag.py:525} INFO - Filling up the DagBag from /home/airflow/.local/lib/python3.7/site-packages/airflow/example_dags/example_xcomargs.py
[2022-09-20T14:23:00.853+0000] {processor.py:768} INFO - DAG(s) dict_keys(['example_xcom_args_with_operators', 'example_xcom_args']) retrieved from /home/airflow/.local/lib/python3.7/site-packages/airflow/example_dags/example_xcomargs.py
[2022-09-20T14:23:00.947+0000] {logging_mixin.py:117} INFO - [2022-09-20T14:23:00.947+0000] {dag.py:2573} INFO - Sync 2 DAGs
[2022-09-20T14:23:01.000+0000] {logging_mixin.py:117} INFO - [2022-09-20T14:23:01.000+0000] {dag.py:3328} INFO - Setting next_dagrun for example_xcom_args to None, run_after=None
[2022-09-20T14:23:01.008+0000] {logging_mixin.py:117} INFO - [2022-09-20T14:23:01.008+0000] {dag.py:3328} INFO - Setting next_dagrun for example_xcom_args_with_operators to None, run_after=None
[2022-09-20T14:23:29.974+0000] {processor.py:178} INFO - Processing /home/airflow/.local/lib/python3.7/site-packages/airflow/example_dags/example_xcomargs.py took 41.632 seconds
[2022-09-20T14:25:15.530+0000] {processor.py:156} INFO - Started process (PID=1083) to work on /home/airflow/.local/lib/python3.7/site-packages/airflow/example_dags/example_xcomargs.py
[2022-09-20T14:25:15.833+0000] {processor.py:758} INFO - Processing file /home/airflow/.local/lib/python3.7/site-packages/airflow/example_dags/example_xcomargs.py for tasks to queue
[2022-09-20T14:25:15.833+0000] {logging_mixin.py:117} INFO - [2022-09-20T14:25:15.833+0000] {dagbag.py:525} INFO - Filling up the DagBag from /home/airflow/.local/lib/python3.7/site-packages/airflow/example_dags/example_xcomargs.py
[2022-09-20T14:25:15.861+0000] {processor.py:768} INFO - DAG(s) dict_keys(['example_xcom_args_with_operators', 'example_xcom_args']) retrieved from /home/airflow/.local/lib/python3.7/site-packages/airflow/example_dags/example_xcomargs.py
[2022-09-20T14:25:15.907+0000] {logging_mixin.py:117} INFO - [2022-09-20T14:25:15.907+0000] {dag.py:2573} INFO - Sync 2 DAGs
[2022-09-20T14:25:15.930+0000] {logging_mixin.py:117} INFO - [2022-09-20T14:25:15.930+0000] {dag.py:3328} INFO - Setting next_dagrun for example_xcom_args to None, run_after=None
[2022-09-20T14:25:15.934+0000] {logging_mixin.py:117} INFO - [2022-09-20T14:25:15.933+0000] {dag.py:3328} INFO - Setting next_dagrun for example_xcom_args_with_operators to None, run_after=None
[2022-09-20T14:25:16.249+0000] {processor.py:178} INFO - Processing /home/airflow/.local/lib/python3.7/site-packages/airflow/example_dags/example_xcomargs.py took 0.722 seconds
[2022-09-20T14:25:57.191+0000] {processor.py:156} INFO - Started process (PID=1141) to work on /home/airflow/.local/lib/python3.7/site-packages/airflow/example_dags/example_xcomargs.py
[2022-09-20T14:25:57.436+0000] {processor.py:758} INFO - Processing file /home/airflow/.local/lib/python3.7/site-packages/airflow/example_dags/example_xcomargs.py for tasks to queue
[2022-09-20T14:25:57.440+0000] {logging_mixin.py:117} INFO - [2022-09-20T14:25:57.439+0000] {dagbag.py:525} INFO - Filling up the DagBag from /home/airflow/.local/lib/python3.7/site-packages/airflow/example_dags/example_xcomargs.py
[2022-09-20T14:25:57.500+0000] {processor.py:768} INFO - DAG(s) dict_keys(['example_xcom_args_with_operators', 'example_xcom_args']) retrieved from /home/airflow/.local/lib/python3.7/site-packages/airflow/example_dags/example_xcomargs.py
[2022-09-20T14:25:57.543+0000] {logging_mixin.py:117} INFO - [2022-09-20T14:25:57.543+0000] {dag.py:2573} INFO - Sync 2 DAGs
[2022-09-20T14:25:57.567+0000] {logging_mixin.py:117} INFO - [2022-09-20T14:25:57.567+0000] {dag.py:3328} INFO - Setting next_dagrun for example_xcom_args to None, run_after=None
[2022-09-20T14:25:57.570+0000] {logging_mixin.py:117} INFO - [2022-09-20T14:25:57.570+0000] {dag.py:3328} INFO - Setting next_dagrun for example_xcom_args_with_operators to None, run_after=None
[2022-09-20T14:25:58.475+0000] {processor.py:178} INFO - Processing /home/airflow/.local/lib/python3.7/site-packages/airflow/example_dags/example_xcomargs.py took 1.289 seconds
[2022-09-20T14:29:24.639+0000] {processor.py:156} INFO - Started process (PID=1188) to work on /home/airflow/.local/lib/python3.7/site-packages/airflow/example_dags/example_xcomargs.py
[2022-09-20T14:29:29.521+0000] {processor.py:758} INFO - Processing file /home/airflow/.local/lib/python3.7/site-packages/airflow/example_dags/example_xcomargs.py for tasks to queue
[2022-09-20T14:29:29.522+0000] {logging_mixin.py:117} INFO - [2022-09-20T14:29:29.522+0000] {dagbag.py:525} INFO - Filling up the DagBag from /home/airflow/.local/lib/python3.7/site-packages/airflow/example_dags/example_xcomargs.py
[2022-09-20T14:29:29.563+0000] {processor.py:768} INFO - DAG(s) dict_keys(['example_xcom_args_with_operators', 'example_xcom_args']) retrieved from /home/airflow/.local/lib/python3.7/site-packages/airflow/example_dags/example_xcomargs.py
[2022-09-20T14:29:29.606+0000] {logging_mixin.py:117} INFO - [2022-09-20T14:29:29.605+0000] {dag.py:2573} INFO - Sync 2 DAGs
[2022-09-20T14:29:29.629+0000] {logging_mixin.py:117} INFO - [2022-09-20T14:29:29.629+0000] {dag.py:3328} INFO - Setting next_dagrun for example_xcom_args to None, run_after=None
[2022-09-20T14:29:29.632+0000] {logging_mixin.py:117} INFO - [2022-09-20T14:29:29.632+0000] {dag.py:3328} INFO - Setting next_dagrun for example_xcom_args_with_operators to None, run_after=None
[2022-09-20T14:31:58.206+0000] {processor.py:156} INFO - Started process (PID=1240) to work on /home/airflow/.local/lib/python3.7/site-packages/airflow/example_dags/example_xcomargs.py
[2022-09-20T14:31:58.776+0000] {processor.py:758} INFO - Processing file /home/airflow/.local/lib/python3.7/site-packages/airflow/example_dags/example_xcomargs.py for tasks to queue
[2022-09-20T14:31:58.779+0000] {logging_mixin.py:117} INFO - [2022-09-20T14:31:58.778+0000] {dagbag.py:525} INFO - Filling up the DagBag from /home/airflow/.local/lib/python3.7/site-packages/airflow/example_dags/example_xcomargs.py
[2022-09-20T14:31:58.836+0000] {processor.py:768} INFO - DAG(s) dict_keys(['example_xcom_args', 'example_xcom_args_with_operators']) retrieved from /home/airflow/.local/lib/python3.7/site-packages/airflow/example_dags/example_xcomargs.py
[2022-09-20T14:31:58.877+0000] {logging_mixin.py:117} INFO - [2022-09-20T14:31:58.877+0000] {dag.py:2573} INFO - Sync 2 DAGs
[2022-09-20T14:31:58.903+0000] {logging_mixin.py:117} INFO - [2022-09-20T14:31:58.903+0000] {dag.py:3328} INFO - Setting next_dagrun for example_xcom_args to None, run_after=None
[2022-09-20T14:31:58.908+0000] {logging_mixin.py:117} INFO - [2022-09-20T14:31:58.908+0000] {dag.py:3328} INFO - Setting next_dagrun for example_xcom_args_with_operators to None, run_after=None
[2022-09-20T14:32:00.231+0000] {processor.py:178} INFO - Processing /home/airflow/.local/lib/python3.7/site-packages/airflow/example_dags/example_xcomargs.py took 2.030 seconds
[2022-09-20T14:33:36.911+0000] {processor.py:156} INFO - Started process (PID=1301) to work on /home/airflow/.local/lib/python3.7/site-packages/airflow/example_dags/example_xcomargs.py
[2022-09-20T14:33:37.027+0000] {processor.py:758} INFO - Processing file /home/airflow/.local/lib/python3.7/site-packages/airflow/example_dags/example_xcomargs.py for tasks to queue
[2022-09-20T14:33:37.028+0000] {logging_mixin.py:117} INFO - [2022-09-20T14:33:37.028+0000] {dagbag.py:525} INFO - Filling up the DagBag from /home/airflow/.local/lib/python3.7/site-packages/airflow/example_dags/example_xcomargs.py
[2022-09-20T14:33:37.056+0000] {processor.py:768} INFO - DAG(s) dict_keys(['example_xcom_args', 'example_xcom_args_with_operators']) retrieved from /home/airflow/.local/lib/python3.7/site-packages/airflow/example_dags/example_xcomargs.py
[2022-09-20T14:33:37.101+0000] {logging_mixin.py:117} INFO - [2022-09-20T14:33:37.101+0000] {dag.py:2573} INFO - Sync 2 DAGs
[2022-09-20T14:33:37.130+0000] {logging_mixin.py:117} INFO - [2022-09-20T14:33:37.130+0000] {dag.py:3328} INFO - Setting next_dagrun for example_xcom_args to None, run_after=None
[2022-09-20T14:33:37.134+0000] {logging_mixin.py:117} INFO - [2022-09-20T14:33:37.134+0000] {dag.py:3328} INFO - Setting next_dagrun for example_xcom_args_with_operators to None, run_after=None
[2022-09-20T14:33:38.188+0000] {processor.py:178} INFO - Processing /home/airflow/.local/lib/python3.7/site-packages/airflow/example_dags/example_xcomargs.py took 1.284 seconds
[2022-09-20T17:11:34.445+0000] {processor.py:156} INFO - Started process (PID=187) to work on /home/airflow/.local/lib/python3.7/site-packages/airflow/example_dags/example_xcomargs.py
[2022-09-20T17:11:34.757+0000] {processor.py:758} INFO - Processing file /home/airflow/.local/lib/python3.7/site-packages/airflow/example_dags/example_xcomargs.py for tasks to queue
[2022-09-20T17:11:34.758+0000] {logging_mixin.py:117} INFO - [2022-09-20T17:11:34.758+0000] {dagbag.py:525} INFO - Filling up the DagBag from /home/airflow/.local/lib/python3.7/site-packages/airflow/example_dags/example_xcomargs.py
[2022-09-20T17:11:35.054+0000] {processor.py:768} INFO - DAG(s) dict_keys(['example_xcom_args', 'example_xcom_args_with_operators']) retrieved from /home/airflow/.local/lib/python3.7/site-packages/airflow/example_dags/example_xcomargs.py
[2022-09-20T17:11:35.350+0000] {logging_mixin.py:117} INFO - [2022-09-20T17:11:35.349+0000] {dag.py:2573} INFO - Sync 2 DAGs
[2022-09-20T17:11:35.400+0000] {logging_mixin.py:117} INFO - [2022-09-20T17:11:35.400+0000] {dag.py:3328} INFO - Setting next_dagrun for example_xcom_args to None, run_after=None
[2022-09-20T17:11:35.526+0000] {logging_mixin.py:117} INFO - [2022-09-20T17:11:35.525+0000] {dag.py:3328} INFO - Setting next_dagrun for example_xcom_args_with_operators to None, run_after=None
[2022-09-20T17:11:37.537+0000] {processor.py:178} INFO - Processing /home/airflow/.local/lib/python3.7/site-packages/airflow/example_dags/example_xcomargs.py took 3.096 seconds
[2022-09-20T17:12:14.182+0000] {processor.py:156} INFO - Started process (PID=239) to work on /home/airflow/.local/lib/python3.7/site-packages/airflow/example_dags/example_xcomargs.py
[2022-09-20T17:12:14.286+0000] {processor.py:758} INFO - Processing file /home/airflow/.local/lib/python3.7/site-packages/airflow/example_dags/example_xcomargs.py for tasks to queue
[2022-09-20T17:12:14.288+0000] {logging_mixin.py:117} INFO - [2022-09-20T17:12:14.288+0000] {dagbag.py:525} INFO - Filling up the DagBag from /home/airflow/.local/lib/python3.7/site-packages/airflow/example_dags/example_xcomargs.py
[2022-09-20T17:12:14.897+0000] {processor.py:768} INFO - DAG(s) dict_keys(['example_xcom_args', 'example_xcom_args_with_operators']) retrieved from /home/airflow/.local/lib/python3.7/site-packages/airflow/example_dags/example_xcomargs.py
[2022-09-20T17:12:14.978+0000] {logging_mixin.py:117} INFO - [2022-09-20T17:12:14.977+0000] {dag.py:2573} INFO - Sync 2 DAGs
[2022-09-20T17:12:15.060+0000] {logging_mixin.py:117} INFO - [2022-09-20T17:12:15.060+0000] {dag.py:3328} INFO - Setting next_dagrun for example_xcom_args to None, run_after=None
[2022-09-20T17:12:15.070+0000] {logging_mixin.py:117} INFO - [2022-09-20T17:12:15.070+0000] {dag.py:3328} INFO - Setting next_dagrun for example_xcom_args_with_operators to None, run_after=None
[2022-09-20T17:12:15.767+0000] {processor.py:178} INFO - Processing /home/airflow/.local/lib/python3.7/site-packages/airflow/example_dags/example_xcomargs.py took 1.595 seconds
[2022-09-20T17:13:01.623+0000] {processor.py:156} INFO - Started process (PID=304) to work on /home/airflow/.local/lib/python3.7/site-packages/airflow/example_dags/example_xcomargs.py
[2022-09-20T17:13:01.924+0000] {processor.py:758} INFO - Processing file /home/airflow/.local/lib/python3.7/site-packages/airflow/example_dags/example_xcomargs.py for tasks to queue
[2022-09-20T17:13:01.924+0000] {logging_mixin.py:117} INFO - [2022-09-20T17:13:01.924+0000] {dagbag.py:525} INFO - Filling up the DagBag from /home/airflow/.local/lib/python3.7/site-packages/airflow/example_dags/example_xcomargs.py
[2022-09-20T17:13:01.956+0000] {processor.py:768} INFO - DAG(s) dict_keys(['example_xcom_args_with_operators', 'example_xcom_args']) retrieved from /home/airflow/.local/lib/python3.7/site-packages/airflow/example_dags/example_xcomargs.py
[2022-09-20T17:13:02.011+0000] {logging_mixin.py:117} INFO - [2022-09-20T17:13:02.011+0000] {dag.py:2573} INFO - Sync 2 DAGs
[2022-09-20T17:13:02.047+0000] {logging_mixin.py:117} INFO - [2022-09-20T17:13:02.047+0000] {dag.py:3328} INFO - Setting next_dagrun for example_xcom_args to None, run_after=None
[2022-09-20T17:13:02.053+0000] {logging_mixin.py:117} INFO - [2022-09-20T17:13:02.052+0000] {dag.py:3328} INFO - Setting next_dagrun for example_xcom_args_with_operators to None, run_after=None
[2022-09-20T17:13:04.036+0000] {processor.py:178} INFO - Processing /home/airflow/.local/lib/python3.7/site-packages/airflow/example_dags/example_xcomargs.py took 2.423 seconds
[2022-09-20T17:13:46.353+0000] {processor.py:156} INFO - Started process (PID=357) to work on /home/airflow/.local/lib/python3.7/site-packages/airflow/example_dags/example_xcomargs.py
[2022-09-20T17:13:46.424+0000] {processor.py:758} INFO - Processing file /home/airflow/.local/lib/python3.7/site-packages/airflow/example_dags/example_xcomargs.py for tasks to queue
[2022-09-20T17:13:46.425+0000] {logging_mixin.py:117} INFO - [2022-09-20T17:13:46.425+0000] {dagbag.py:525} INFO - Filling up the DagBag from /home/airflow/.local/lib/python3.7/site-packages/airflow/example_dags/example_xcomargs.py
[2022-09-20T17:13:46.474+0000] {processor.py:768} INFO - DAG(s) dict_keys(['example_xcom_args_with_operators', 'example_xcom_args']) retrieved from /home/airflow/.local/lib/python3.7/site-packages/airflow/example_dags/example_xcomargs.py
[2022-09-20T17:13:46.525+0000] {logging_mixin.py:117} INFO - [2022-09-20T17:13:46.524+0000] {dag.py:2573} INFO - Sync 2 DAGs
[2022-09-20T17:13:46.553+0000] {logging_mixin.py:117} INFO - [2022-09-20T17:13:46.552+0000] {dag.py:3328} INFO - Setting next_dagrun for example_xcom_args to None, run_after=None
[2022-09-20T17:13:46.556+0000] {logging_mixin.py:117} INFO - [2022-09-20T17:13:46.556+0000] {dag.py:3328} INFO - Setting next_dagrun for example_xcom_args_with_operators to None, run_after=None
[2022-09-20T17:13:47.071+0000] {processor.py:178} INFO - Processing /home/airflow/.local/lib/python3.7/site-packages/airflow/example_dags/example_xcomargs.py took 0.730 seconds
[2022-09-20T17:14:18.310+0000] {processor.py:156} INFO - Started process (PID=410) to work on /home/airflow/.local/lib/python3.7/site-packages/airflow/example_dags/example_xcomargs.py
[2022-09-20T17:14:18.431+0000] {processor.py:758} INFO - Processing file /home/airflow/.local/lib/python3.7/site-packages/airflow/example_dags/example_xcomargs.py for tasks to queue
[2022-09-20T17:14:18.434+0000] {logging_mixin.py:117} INFO - [2022-09-20T17:14:18.434+0000] {dagbag.py:525} INFO - Filling up the DagBag from /home/airflow/.local/lib/python3.7/site-packages/airflow/example_dags/example_xcomargs.py
[2022-09-20T17:14:18.525+0000] {processor.py:768} INFO - DAG(s) dict_keys(['example_xcom_args_with_operators', 'example_xcom_args']) retrieved from /home/airflow/.local/lib/python3.7/site-packages/airflow/example_dags/example_xcomargs.py
[2022-09-20T17:14:19.986+0000] {logging_mixin.py:117} INFO - [2022-09-20T17:14:19.986+0000] {dag.py:2573} INFO - Sync 2 DAGs
[2022-09-20T17:14:20.036+0000] {logging_mixin.py:117} INFO - [2022-09-20T17:14:20.036+0000] {dag.py:3328} INFO - Setting next_dagrun for example_xcom_args to None, run_after=None
[2022-09-20T17:14:20.043+0000] {logging_mixin.py:117} INFO - [2022-09-20T17:14:20.043+0000] {dag.py:3328} INFO - Setting next_dagrun for example_xcom_args_with_operators to None, run_after=None
[2022-09-20T17:14:23.021+0000] {processor.py:178} INFO - Processing /home/airflow/.local/lib/python3.7/site-packages/airflow/example_dags/example_xcomargs.py took 4.715 seconds
[2022-09-20T17:15:11.111+0000] {processor.py:156} INFO - Started process (PID=470) to work on /home/airflow/.local/lib/python3.7/site-packages/airflow/example_dags/example_xcomargs.py
[2022-09-20T17:15:12.011+0000] {processor.py:758} INFO - Processing file /home/airflow/.local/lib/python3.7/site-packages/airflow/example_dags/example_xcomargs.py for tasks to queue
[2022-09-20T17:15:12.013+0000] {logging_mixin.py:117} INFO - [2022-09-20T17:15:12.012+0000] {dagbag.py:525} INFO - Filling up the DagBag from /home/airflow/.local/lib/python3.7/site-packages/airflow/example_dags/example_xcomargs.py
[2022-09-20T17:15:12.074+0000] {processor.py:768} INFO - DAG(s) dict_keys(['example_xcom_args', 'example_xcom_args_with_operators']) retrieved from /home/airflow/.local/lib/python3.7/site-packages/airflow/example_dags/example_xcomargs.py
[2022-09-20T17:15:12.962+0000] {logging_mixin.py:117} INFO - [2022-09-20T17:15:12.961+0000] {dag.py:2573} INFO - Sync 2 DAGs
[2022-09-20T17:15:13.004+0000] {logging_mixin.py:117} INFO - [2022-09-20T17:15:13.003+0000] {dag.py:3328} INFO - Setting next_dagrun for example_xcom_args to None, run_after=None
[2022-09-20T17:15:13.009+0000] {logging_mixin.py:117} INFO - [2022-09-20T17:15:13.009+0000] {dag.py:3328} INFO - Setting next_dagrun for example_xcom_args_with_operators to None, run_after=None
[2022-09-20T17:15:13.502+0000] {processor.py:178} INFO - Processing /home/airflow/.local/lib/python3.7/site-packages/airflow/example_dags/example_xcomargs.py took 2.395 seconds
[2022-09-20T17:15:46.205+0000] {processor.py:156} INFO - Started process (PID=528) to work on /home/airflow/.local/lib/python3.7/site-packages/airflow/example_dags/example_xcomargs.py
[2022-09-20T17:15:46.430+0000] {processor.py:758} INFO - Processing file /home/airflow/.local/lib/python3.7/site-packages/airflow/example_dags/example_xcomargs.py for tasks to queue
[2022-09-20T17:15:46.431+0000] {logging_mixin.py:117} INFO - [2022-09-20T17:15:46.431+0000] {dagbag.py:525} INFO - Filling up the DagBag from /home/airflow/.local/lib/python3.7/site-packages/airflow/example_dags/example_xcomargs.py
[2022-09-20T17:15:46.470+0000] {processor.py:768} INFO - DAG(s) dict_keys(['example_xcom_args', 'example_xcom_args_with_operators']) retrieved from /home/airflow/.local/lib/python3.7/site-packages/airflow/example_dags/example_xcomargs.py
[2022-09-20T17:15:46.533+0000] {logging_mixin.py:117} INFO - [2022-09-20T17:15:46.533+0000] {dag.py:2573} INFO - Sync 2 DAGs
[2022-09-20T17:15:46.577+0000] {logging_mixin.py:117} INFO - [2022-09-20T17:15:46.577+0000] {dag.py:3328} INFO - Setting next_dagrun for example_xcom_args to None, run_after=None
[2022-09-20T17:15:46.582+0000] {logging_mixin.py:117} INFO - [2022-09-20T17:15:46.582+0000] {dag.py:3328} INFO - Setting next_dagrun for example_xcom_args_with_operators to None, run_after=None
[2022-09-20T17:15:48.084+0000] {processor.py:178} INFO - Processing /home/airflow/.local/lib/python3.7/site-packages/airflow/example_dags/example_xcomargs.py took 1.892 seconds
[2022-09-20T17:16:29.856+0000] {processor.py:156} INFO - Started process (PID=589) to work on /home/airflow/.local/lib/python3.7/site-packages/airflow/example_dags/example_xcomargs.py
[2022-09-20T17:16:30.160+0000] {processor.py:758} INFO - Processing file /home/airflow/.local/lib/python3.7/site-packages/airflow/example_dags/example_xcomargs.py for tasks to queue
[2022-09-20T17:16:30.161+0000] {logging_mixin.py:117} INFO - [2022-09-20T17:16:30.161+0000] {dagbag.py:525} INFO - Filling up the DagBag from /home/airflow/.local/lib/python3.7/site-packages/airflow/example_dags/example_xcomargs.py
[2022-09-20T17:16:30.210+0000] {processor.py:768} INFO - DAG(s) dict_keys(['example_xcom_args', 'example_xcom_args_with_operators']) retrieved from /home/airflow/.local/lib/python3.7/site-packages/airflow/example_dags/example_xcomargs.py
[2022-09-20T17:16:30.270+0000] {logging_mixin.py:117} INFO - [2022-09-20T17:16:30.269+0000] {dag.py:2573} INFO - Sync 2 DAGs
[2022-09-20T17:16:30.323+0000] {logging_mixin.py:117} INFO - [2022-09-20T17:16:30.323+0000] {dag.py:3328} INFO - Setting next_dagrun for example_xcom_args to None, run_after=None
[2022-09-20T17:16:30.343+0000] {logging_mixin.py:117} INFO - [2022-09-20T17:16:30.342+0000] {dag.py:3328} INFO - Setting next_dagrun for example_xcom_args_with_operators to None, run_after=None
[2022-09-20T17:16:31.225+0000] {processor.py:178} INFO - Processing /home/airflow/.local/lib/python3.7/site-packages/airflow/example_dags/example_xcomargs.py took 1.376 seconds
[2022-09-20T17:17:05.642+0000] {processor.py:156} INFO - Started process (PID=647) to work on /home/airflow/.local/lib/python3.7/site-packages/airflow/example_dags/example_xcomargs.py
[2022-09-20T17:17:05.773+0000] {processor.py:758} INFO - Processing file /home/airflow/.local/lib/python3.7/site-packages/airflow/example_dags/example_xcomargs.py for tasks to queue
[2022-09-20T17:17:05.774+0000] {logging_mixin.py:117} INFO - [2022-09-20T17:17:05.774+0000] {dagbag.py:525} INFO - Filling up the DagBag from /home/airflow/.local/lib/python3.7/site-packages/airflow/example_dags/example_xcomargs.py
[2022-09-20T17:17:05.811+0000] {processor.py:768} INFO - DAG(s) dict_keys(['example_xcom_args_with_operators', 'example_xcom_args']) retrieved from /home/airflow/.local/lib/python3.7/site-packages/airflow/example_dags/example_xcomargs.py
[2022-09-20T17:17:05.867+0000] {logging_mixin.py:117} INFO - [2022-09-20T17:17:05.867+0000] {dag.py:2573} INFO - Sync 2 DAGs
[2022-09-20T17:17:05.905+0000] {logging_mixin.py:117} INFO - [2022-09-20T17:17:05.905+0000] {dag.py:3328} INFO - Setting next_dagrun for example_xcom_args to None, run_after=None
[2022-09-20T17:17:05.909+0000] {logging_mixin.py:117} INFO - [2022-09-20T17:17:05.909+0000] {dag.py:3328} INFO - Setting next_dagrun for example_xcom_args_with_operators to None, run_after=None
[2022-09-20T17:17:06.919+0000] {processor.py:178} INFO - Processing /home/airflow/.local/lib/python3.7/site-packages/airflow/example_dags/example_xcomargs.py took 1.282 seconds
[2022-09-20T17:17:37.264+0000] {processor.py:156} INFO - Started process (PID=701) to work on /home/airflow/.local/lib/python3.7/site-packages/airflow/example_dags/example_xcomargs.py
[2022-09-20T17:17:37.276+0000] {processor.py:758} INFO - Processing file /home/airflow/.local/lib/python3.7/site-packages/airflow/example_dags/example_xcomargs.py for tasks to queue
[2022-09-20T17:17:37.278+0000] {logging_mixin.py:117} INFO - [2022-09-20T17:17:37.278+0000] {dagbag.py:525} INFO - Filling up the DagBag from /home/airflow/.local/lib/python3.7/site-packages/airflow/example_dags/example_xcomargs.py
[2022-09-20T17:17:37.363+0000] {processor.py:768} INFO - DAG(s) dict_keys(['example_xcom_args_with_operators', 'example_xcom_args']) retrieved from /home/airflow/.local/lib/python3.7/site-packages/airflow/example_dags/example_xcomargs.py
[2022-09-20T17:17:37.478+0000] {logging_mixin.py:117} INFO - [2022-09-20T17:17:37.477+0000] {dag.py:2573} INFO - Sync 2 DAGs
[2022-09-20T17:17:37.543+0000] {logging_mixin.py:117} INFO - [2022-09-20T17:17:37.543+0000] {dag.py:3328} INFO - Setting next_dagrun for example_xcom_args to None, run_after=None
[2022-09-20T17:17:37.558+0000] {logging_mixin.py:117} INFO - [2022-09-20T17:17:37.558+0000] {dag.py:3328} INFO - Setting next_dagrun for example_xcom_args_with_operators to None, run_after=None
[2022-09-20T17:17:37.739+0000] {processor.py:178} INFO - Processing /home/airflow/.local/lib/python3.7/site-packages/airflow/example_dags/example_xcomargs.py took 0.483 seconds
[2022-09-20T17:18:16.458+0000] {processor.py:156} INFO - Started process (PID=756) to work on /home/airflow/.local/lib/python3.7/site-packages/airflow/example_dags/example_xcomargs.py
[2022-09-20T17:18:16.635+0000] {processor.py:758} INFO - Processing file /home/airflow/.local/lib/python3.7/site-packages/airflow/example_dags/example_xcomargs.py for tasks to queue
[2022-09-20T17:18:16.636+0000] {logging_mixin.py:117} INFO - [2022-09-20T17:18:16.636+0000] {dagbag.py:525} INFO - Filling up the DagBag from /home/airflow/.local/lib/python3.7/site-packages/airflow/example_dags/example_xcomargs.py
[2022-09-20T17:18:16.671+0000] {processor.py:768} INFO - DAG(s) dict_keys(['example_xcom_args_with_operators', 'example_xcom_args']) retrieved from /home/airflow/.local/lib/python3.7/site-packages/airflow/example_dags/example_xcomargs.py
[2022-09-20T17:18:16.735+0000] {logging_mixin.py:117} INFO - [2022-09-20T17:18:16.735+0000] {dag.py:2573} INFO - Sync 2 DAGs
[2022-09-20T17:18:16.767+0000] {logging_mixin.py:117} INFO - [2022-09-20T17:18:16.767+0000] {dag.py:3328} INFO - Setting next_dagrun for example_xcom_args to None, run_after=None
[2022-09-20T17:18:16.771+0000] {logging_mixin.py:117} INFO - [2022-09-20T17:18:16.771+0000] {dag.py:3328} INFO - Setting next_dagrun for example_xcom_args_with_operators to None, run_after=None
[2022-09-20T17:18:17.199+0000] {processor.py:178} INFO - Processing /home/airflow/.local/lib/python3.7/site-packages/airflow/example_dags/example_xcomargs.py took 0.747 seconds
[2022-09-20T17:18:52.967+0000] {processor.py:156} INFO - Started process (PID=810) to work on /home/airflow/.local/lib/python3.7/site-packages/airflow/example_dags/example_xcomargs.py
[2022-09-20T17:18:53.166+0000] {processor.py:758} INFO - Processing file /home/airflow/.local/lib/python3.7/site-packages/airflow/example_dags/example_xcomargs.py for tasks to queue
[2022-09-20T17:18:53.172+0000] {logging_mixin.py:117} INFO - [2022-09-20T17:18:53.171+0000] {dagbag.py:525} INFO - Filling up the DagBag from /home/airflow/.local/lib/python3.7/site-packages/airflow/example_dags/example_xcomargs.py
[2022-09-20T17:18:53.284+0000] {processor.py:768} INFO - DAG(s) dict_keys(['example_xcom_args', 'example_xcom_args_with_operators']) retrieved from /home/airflow/.local/lib/python3.7/site-packages/airflow/example_dags/example_xcomargs.py
[2022-09-20T17:18:53.364+0000] {logging_mixin.py:117} INFO - [2022-09-20T17:18:53.363+0000] {dag.py:2573} INFO - Sync 2 DAGs
[2022-09-20T17:18:53.416+0000] {logging_mixin.py:117} INFO - [2022-09-20T17:18:53.415+0000] {dag.py:3328} INFO - Setting next_dagrun for example_xcom_args to None, run_after=None
[2022-09-20T17:18:53.421+0000] {logging_mixin.py:117} INFO - [2022-09-20T17:18:53.420+0000] {dag.py:3328} INFO - Setting next_dagrun for example_xcom_args_with_operators to None, run_after=None
[2022-09-20T17:18:53.648+0000] {processor.py:178} INFO - Processing /home/airflow/.local/lib/python3.7/site-packages/airflow/example_dags/example_xcomargs.py took 0.685 seconds
[2022-09-20T17:19:27.643+0000] {processor.py:156} INFO - Started process (PID=867) to work on /home/airflow/.local/lib/python3.7/site-packages/airflow/example_dags/example_xcomargs.py
[2022-09-20T17:19:28.068+0000] {processor.py:758} INFO - Processing file /home/airflow/.local/lib/python3.7/site-packages/airflow/example_dags/example_xcomargs.py for tasks to queue
[2022-09-20T17:19:28.070+0000] {logging_mixin.py:117} INFO - [2022-09-20T17:19:28.069+0000] {dagbag.py:525} INFO - Filling up the DagBag from /home/airflow/.local/lib/python3.7/site-packages/airflow/example_dags/example_xcomargs.py
[2022-09-20T17:19:28.120+0000] {processor.py:768} INFO - DAG(s) dict_keys(['example_xcom_args_with_operators', 'example_xcom_args']) retrieved from /home/airflow/.local/lib/python3.7/site-packages/airflow/example_dags/example_xcomargs.py
[2022-09-20T17:19:28.517+0000] {logging_mixin.py:117} INFO - [2022-09-20T17:19:28.516+0000] {dag.py:2573} INFO - Sync 2 DAGs
[2022-09-20T17:19:28.618+0000] {logging_mixin.py:117} INFO - [2022-09-20T17:19:28.618+0000] {dag.py:3328} INFO - Setting next_dagrun for example_xcom_args to None, run_after=None
[2022-09-20T17:19:28.626+0000] {logging_mixin.py:117} INFO - [2022-09-20T17:19:28.626+0000] {dag.py:3328} INFO - Setting next_dagrun for example_xcom_args_with_operators to None, run_after=None
[2022-09-20T17:19:29.191+0000] {processor.py:178} INFO - Processing /home/airflow/.local/lib/python3.7/site-packages/airflow/example_dags/example_xcomargs.py took 1.556 seconds
