[2022-09-20T13:51:21.253+0000] {processor.py:156} INFO - Started process (PID=122) to work on /home/airflow/.local/lib/python3.7/site-packages/airflow/example_dags/example_task_group_decorator.py
[2022-09-20T13:51:21.254+0000] {processor.py:758} INFO - Processing file /home/airflow/.local/lib/python3.7/site-packages/airflow/example_dags/example_task_group_decorator.py for tasks to queue
[2022-09-20T13:51:21.254+0000] {logging_mixin.py:117} INFO - [2022-09-20T13:51:21.254+0000] {dagbag.py:525} INFO - Filling up the DagBag from /home/airflow/.local/lib/python3.7/site-packages/airflow/example_dags/example_task_group_decorator.py
[2022-09-20T13:51:21.295+0000] {processor.py:768} INFO - DAG(s) dict_keys(['example_task_group_decorator']) retrieved from /home/airflow/.local/lib/python3.7/site-packages/airflow/example_dags/example_task_group_decorator.py
[2022-09-20T13:59:14.012+0000] {processor.py:156} INFO - Started process (PID=167) to work on /home/airflow/.local/lib/python3.7/site-packages/airflow/example_dags/example_task_group_decorator.py
[2022-09-20T13:59:14.230+0000] {processor.py:758} INFO - Processing file /home/airflow/.local/lib/python3.7/site-packages/airflow/example_dags/example_task_group_decorator.py for tasks to queue
[2022-09-20T13:59:14.232+0000] {logging_mixin.py:117} INFO - [2022-09-20T13:59:14.232+0000] {dagbag.py:525} INFO - Filling up the DagBag from /home/airflow/.local/lib/python3.7/site-packages/airflow/example_dags/example_task_group_decorator.py
[2022-09-20T13:59:14.726+0000] {processor.py:768} INFO - DAG(s) dict_keys(['example_task_group_decorator']) retrieved from /home/airflow/.local/lib/python3.7/site-packages/airflow/example_dags/example_task_group_decorator.py
[2022-09-20T13:59:15.007+0000] {logging_mixin.py:117} INFO - [2022-09-20T13:59:15.006+0000] {dag.py:2573} INFO - Sync 1 DAGs
[2022-09-20T13:59:15.041+0000] {logging_mixin.py:117} INFO - [2022-09-20T13:59:15.040+0000] {dag.py:2594} INFO - Creating ORM DAG for example_task_group_decorator
[2022-09-20T13:59:15.055+0000] {logging_mixin.py:117} INFO - [2022-09-20T13:59:15.055+0000] {dag.py:3328} INFO - Setting next_dagrun for example_task_group_decorator to 2022-09-19T13:59:15.055106+00:00, run_after=2022-09-20T13:59:15.055106+00:00
[2022-09-20T14:04:16.654+0000] {processor.py:156} INFO - Started process (PID=238) to work on /home/airflow/.local/lib/python3.7/site-packages/airflow/example_dags/example_task_group_decorator.py
[2022-09-20T14:04:17.161+0000] {processor.py:758} INFO - Processing file /home/airflow/.local/lib/python3.7/site-packages/airflow/example_dags/example_task_group_decorator.py for tasks to queue
[2022-09-20T14:04:17.162+0000] {logging_mixin.py:117} INFO - [2022-09-20T14:04:17.162+0000] {dagbag.py:525} INFO - Filling up the DagBag from /home/airflow/.local/lib/python3.7/site-packages/airflow/example_dags/example_task_group_decorator.py
[2022-09-20T14:04:17.248+0000] {processor.py:768} INFO - DAG(s) dict_keys(['example_task_group_decorator']) retrieved from /home/airflow/.local/lib/python3.7/site-packages/airflow/example_dags/example_task_group_decorator.py
[2022-09-20T14:04:17.370+0000] {logging_mixin.py:117} INFO - [2022-09-20T14:04:17.369+0000] {dag.py:2573} INFO - Sync 1 DAGs
[2022-09-20T14:04:17.411+0000] {logging_mixin.py:117} INFO - [2022-09-20T14:04:17.410+0000] {dag.py:3328} INFO - Setting next_dagrun for example_task_group_decorator to 2022-09-19T14:04:17.410518+00:00, run_after=2022-09-20T14:04:17.410518+00:00
[2022-09-20T14:04:18.855+0000] {processor.py:178} INFO - Processing /home/airflow/.local/lib/python3.7/site-packages/airflow/example_dags/example_task_group_decorator.py took 2.216 seconds
[2022-09-20T14:06:08.463+0000] {processor.py:156} INFO - Started process (PID=309) to work on /home/airflow/.local/lib/python3.7/site-packages/airflow/example_dags/example_task_group_decorator.py
[2022-09-20T14:06:08.889+0000] {processor.py:758} INFO - Processing file /home/airflow/.local/lib/python3.7/site-packages/airflow/example_dags/example_task_group_decorator.py for tasks to queue
[2022-09-20T14:06:08.901+0000] {logging_mixin.py:117} INFO - [2022-09-20T14:06:08.900+0000] {dagbag.py:525} INFO - Filling up the DagBag from /home/airflow/.local/lib/python3.7/site-packages/airflow/example_dags/example_task_group_decorator.py
[2022-09-20T14:06:08.958+0000] {processor.py:768} INFO - DAG(s) dict_keys(['example_task_group_decorator']) retrieved from /home/airflow/.local/lib/python3.7/site-packages/airflow/example_dags/example_task_group_decorator.py
[2022-09-20T14:06:09.004+0000] {logging_mixin.py:117} INFO - [2022-09-20T14:06:09.004+0000] {dag.py:2573} INFO - Sync 1 DAGs
[2022-09-20T14:06:09.033+0000] {logging_mixin.py:117} INFO - [2022-09-20T14:06:09.033+0000] {dag.py:3328} INFO - Setting next_dagrun for example_task_group_decorator to 2022-09-19T14:06:09.032988+00:00, run_after=2022-09-20T14:06:09.032988+00:00
[2022-09-20T14:06:11.276+0000] {processor.py:178} INFO - Processing /home/airflow/.local/lib/python3.7/site-packages/airflow/example_dags/example_task_group_decorator.py took 2.816 seconds
[2022-09-20T14:07:21.567+0000] {processor.py:156} INFO - Started process (PID=380) to work on /home/airflow/.local/lib/python3.7/site-packages/airflow/example_dags/example_task_group_decorator.py
[2022-09-20T14:07:22.072+0000] {processor.py:758} INFO - Processing file /home/airflow/.local/lib/python3.7/site-packages/airflow/example_dags/example_task_group_decorator.py for tasks to queue
[2022-09-20T14:07:22.073+0000] {logging_mixin.py:117} INFO - [2022-09-20T14:07:22.073+0000] {dagbag.py:525} INFO - Filling up the DagBag from /home/airflow/.local/lib/python3.7/site-packages/airflow/example_dags/example_task_group_decorator.py
[2022-09-20T14:07:22.800+0000] {processor.py:768} INFO - DAG(s) dict_keys(['example_task_group_decorator']) retrieved from /home/airflow/.local/lib/python3.7/site-packages/airflow/example_dags/example_task_group_decorator.py
[2022-09-20T14:07:23.887+0000] {logging_mixin.py:117} INFO - [2022-09-20T14:07:23.887+0000] {dag.py:2573} INFO - Sync 1 DAGs
[2022-09-20T14:07:24.109+0000] {logging_mixin.py:117} INFO - [2022-09-20T14:07:24.109+0000] {dag.py:3328} INFO - Setting next_dagrun for example_task_group_decorator to 2022-09-19T14:07:24.108997+00:00, run_after=2022-09-20T14:07:24.108997+00:00
[2022-09-20T14:07:24.977+0000] {processor.py:178} INFO - Processing /home/airflow/.local/lib/python3.7/site-packages/airflow/example_dags/example_task_group_decorator.py took 3.413 seconds
[2022-09-20T14:07:56.726+0000] {processor.py:156} INFO - Started process (PID=424) to work on /home/airflow/.local/lib/python3.7/site-packages/airflow/example_dags/example_task_group_decorator.py
[2022-09-20T14:07:57.465+0000] {processor.py:758} INFO - Processing file /home/airflow/.local/lib/python3.7/site-packages/airflow/example_dags/example_task_group_decorator.py for tasks to queue
[2022-09-20T14:07:57.465+0000] {logging_mixin.py:117} INFO - [2022-09-20T14:07:57.465+0000] {dagbag.py:525} INFO - Filling up the DagBag from /home/airflow/.local/lib/python3.7/site-packages/airflow/example_dags/example_task_group_decorator.py
[2022-09-20T14:07:57.513+0000] {processor.py:768} INFO - DAG(s) dict_keys(['example_task_group_decorator']) retrieved from /home/airflow/.local/lib/python3.7/site-packages/airflow/example_dags/example_task_group_decorator.py
[2022-09-20T14:07:57.560+0000] {logging_mixin.py:117} INFO - [2022-09-20T14:07:57.560+0000] {dag.py:2573} INFO - Sync 1 DAGs
[2022-09-20T14:07:57.587+0000] {logging_mixin.py:117} INFO - [2022-09-20T14:07:57.587+0000] {dag.py:3328} INFO - Setting next_dagrun for example_task_group_decorator to 2022-09-19T14:07:57.586765+00:00, run_after=2022-09-20T14:07:57.586765+00:00
[2022-09-20T14:07:58.462+0000] {processor.py:178} INFO - Processing /home/airflow/.local/lib/python3.7/site-packages/airflow/example_dags/example_task_group_decorator.py took 1.745 seconds
[2022-09-20T14:08:31.603+0000] {processor.py:156} INFO - Started process (PID=479) to work on /home/airflow/.local/lib/python3.7/site-packages/airflow/example_dags/example_task_group_decorator.py
[2022-09-20T14:08:32.270+0000] {processor.py:758} INFO - Processing file /home/airflow/.local/lib/python3.7/site-packages/airflow/example_dags/example_task_group_decorator.py for tasks to queue
[2022-09-20T14:08:32.575+0000] {logging_mixin.py:117} INFO - [2022-09-20T14:08:32.575+0000] {dagbag.py:525} INFO - Filling up the DagBag from /home/airflow/.local/lib/python3.7/site-packages/airflow/example_dags/example_task_group_decorator.py
[2022-09-20T14:08:32.610+0000] {processor.py:768} INFO - DAG(s) dict_keys(['example_task_group_decorator']) retrieved from /home/airflow/.local/lib/python3.7/site-packages/airflow/example_dags/example_task_group_decorator.py
[2022-09-20T14:08:33.330+0000] {logging_mixin.py:117} INFO - [2022-09-20T14:08:33.329+0000] {dag.py:2573} INFO - Sync 1 DAGs
[2022-09-20T14:08:33.052+0000] {logging_mixin.py:117} INFO - [2022-09-20T14:08:33.052+0000] {dag.py:3328} INFO - Setting next_dagrun for example_task_group_decorator to 2022-09-19T14:08:33.052148+00:00, run_after=2022-09-20T14:08:33.052148+00:00
[2022-09-20T14:08:37.110+0000] {processor.py:178} INFO - Processing /home/airflow/.local/lib/python3.7/site-packages/airflow/example_dags/example_task_group_decorator.py took 5.967 seconds
[2022-09-20T14:11:09.595+0000] {processor.py:156} INFO - Started process (PID=549) to work on /home/airflow/.local/lib/python3.7/site-packages/airflow/example_dags/example_task_group_decorator.py
[2022-09-20T14:11:16.139+0000] {processor.py:758} INFO - Processing file /home/airflow/.local/lib/python3.7/site-packages/airflow/example_dags/example_task_group_decorator.py for tasks to queue
[2022-09-20T14:11:16.139+0000] {logging_mixin.py:117} INFO - [2022-09-20T14:11:16.139+0000] {dagbag.py:525} INFO - Filling up the DagBag from /home/airflow/.local/lib/python3.7/site-packages/airflow/example_dags/example_task_group_decorator.py
[2022-09-20T14:11:16.172+0000] {processor.py:768} INFO - DAG(s) dict_keys(['example_task_group_decorator']) retrieved from /home/airflow/.local/lib/python3.7/site-packages/airflow/example_dags/example_task_group_decorator.py
[2022-09-20T14:11:16.211+0000] {logging_mixin.py:117} INFO - [2022-09-20T14:11:16.211+0000] {dag.py:2573} INFO - Sync 1 DAGs
[2022-09-20T14:11:16.234+0000] {logging_mixin.py:117} INFO - [2022-09-20T14:11:16.234+0000] {dag.py:3328} INFO - Setting next_dagrun for example_task_group_decorator to 2022-09-19T14:11:16.234470+00:00, run_after=2022-09-20T14:11:16.234470+00:00
[2022-09-20T14:11:18.440+0000] {processor.py:178} INFO - Processing /home/airflow/.local/lib/python3.7/site-packages/airflow/example_dags/example_task_group_decorator.py took 8.849 seconds
[2022-09-20T14:11:52.413+0000] {processor.py:156} INFO - Started process (PID=594) to work on /home/airflow/.local/lib/python3.7/site-packages/airflow/example_dags/example_task_group_decorator.py
[2022-09-20T14:11:52.609+0000] {processor.py:758} INFO - Processing file /home/airflow/.local/lib/python3.7/site-packages/airflow/example_dags/example_task_group_decorator.py for tasks to queue
[2022-09-20T14:11:52.611+0000] {logging_mixin.py:117} INFO - [2022-09-20T14:11:52.611+0000] {dagbag.py:525} INFO - Filling up the DagBag from /home/airflow/.local/lib/python3.7/site-packages/airflow/example_dags/example_task_group_decorator.py
[2022-09-20T14:11:52.672+0000] {processor.py:768} INFO - DAG(s) dict_keys(['example_task_group_decorator']) retrieved from /home/airflow/.local/lib/python3.7/site-packages/airflow/example_dags/example_task_group_decorator.py
[2022-09-20T14:11:52.712+0000] {logging_mixin.py:117} INFO - [2022-09-20T14:11:52.712+0000] {dag.py:2573} INFO - Sync 1 DAGs
[2022-09-20T14:11:52.736+0000] {logging_mixin.py:117} INFO - [2022-09-20T14:11:52.736+0000] {dag.py:3328} INFO - Setting next_dagrun for example_task_group_decorator to 2022-09-19T14:11:52.736144+00:00, run_after=2022-09-20T14:11:52.736144+00:00
[2022-09-20T14:11:58.995+0000] {processor.py:178} INFO - Processing /home/airflow/.local/lib/python3.7/site-packages/airflow/example_dags/example_task_group_decorator.py took 6.586 seconds
[2022-09-20T14:14:03.518+0000] {processor.py:156} INFO - Started process (PID=644) to work on /home/airflow/.local/lib/python3.7/site-packages/airflow/example_dags/example_task_group_decorator.py
[2022-09-20T14:14:03.685+0000] {processor.py:758} INFO - Processing file /home/airflow/.local/lib/python3.7/site-packages/airflow/example_dags/example_task_group_decorator.py for tasks to queue
[2022-09-20T14:14:03.686+0000] {logging_mixin.py:117} INFO - [2022-09-20T14:14:03.686+0000] {dagbag.py:525} INFO - Filling up the DagBag from /home/airflow/.local/lib/python3.7/site-packages/airflow/example_dags/example_task_group_decorator.py
[2022-09-20T14:14:03.724+0000] {processor.py:768} INFO - DAG(s) dict_keys(['example_task_group_decorator']) retrieved from /home/airflow/.local/lib/python3.7/site-packages/airflow/example_dags/example_task_group_decorator.py
[2022-09-20T14:14:03.764+0000] {logging_mixin.py:117} INFO - [2022-09-20T14:14:03.764+0000] {dag.py:2573} INFO - Sync 1 DAGs
[2022-09-20T14:14:03.787+0000] {logging_mixin.py:117} INFO - [2022-09-20T14:14:03.787+0000] {dag.py:3328} INFO - Setting next_dagrun for example_task_group_decorator to 2022-09-19T14:14:03.787415+00:00, run_after=2022-09-20T14:14:03.787415+00:00
[2022-09-20T14:14:04.064+0000] {processor.py:178} INFO - Processing /home/airflow/.local/lib/python3.7/site-packages/airflow/example_dags/example_task_group_decorator.py took 0.549 seconds
[2022-09-20T14:14:55.517+0000] {processor.py:156} INFO - Started process (PID=700) to work on /home/airflow/.local/lib/python3.7/site-packages/airflow/example_dags/example_task_group_decorator.py
[2022-09-20T14:14:55.605+0000] {processor.py:758} INFO - Processing file /home/airflow/.local/lib/python3.7/site-packages/airflow/example_dags/example_task_group_decorator.py for tasks to queue
[2022-09-20T14:14:55.606+0000] {logging_mixin.py:117} INFO - [2022-09-20T14:14:55.606+0000] {dagbag.py:525} INFO - Filling up the DagBag from /home/airflow/.local/lib/python3.7/site-packages/airflow/example_dags/example_task_group_decorator.py
[2022-09-20T14:14:55.642+0000] {processor.py:768} INFO - DAG(s) dict_keys(['example_task_group_decorator']) retrieved from /home/airflow/.local/lib/python3.7/site-packages/airflow/example_dags/example_task_group_decorator.py
[2022-09-20T14:14:55.682+0000] {logging_mixin.py:117} INFO - [2022-09-20T14:14:55.682+0000] {dag.py:2573} INFO - Sync 1 DAGs
[2022-09-20T14:14:55.706+0000] {logging_mixin.py:117} INFO - [2022-09-20T14:14:55.706+0000] {dag.py:3328} INFO - Setting next_dagrun for example_task_group_decorator to 2022-09-19T14:14:55.706140+00:00, run_after=2022-09-20T14:14:55.706140+00:00
[2022-09-20T14:14:55.975+0000] {processor.py:178} INFO - Processing /home/airflow/.local/lib/python3.7/site-packages/airflow/example_dags/example_task_group_decorator.py took 0.463 seconds
[2022-09-20T14:16:23.445+0000] {processor.py:156} INFO - Started process (PID=780) to work on /home/airflow/.local/lib/python3.7/site-packages/airflow/example_dags/example_task_group_decorator.py
[2022-09-20T14:16:23.489+0000] {processor.py:758} INFO - Processing file /home/airflow/.local/lib/python3.7/site-packages/airflow/example_dags/example_task_group_decorator.py for tasks to queue
[2022-09-20T14:16:23.490+0000] {logging_mixin.py:117} INFO - [2022-09-20T14:16:23.490+0000] {dagbag.py:525} INFO - Filling up the DagBag from /home/airflow/.local/lib/python3.7/site-packages/airflow/example_dags/example_task_group_decorator.py
[2022-09-20T14:16:23.525+0000] {processor.py:768} INFO - DAG(s) dict_keys(['example_task_group_decorator']) retrieved from /home/airflow/.local/lib/python3.7/site-packages/airflow/example_dags/example_task_group_decorator.py
[2022-09-20T14:16:23.567+0000] {logging_mixin.py:117} INFO - [2022-09-20T14:16:23.567+0000] {dag.py:2573} INFO - Sync 1 DAGs
[2022-09-20T14:16:23.592+0000] {logging_mixin.py:117} INFO - [2022-09-20T14:16:23.592+0000] {dag.py:3328} INFO - Setting next_dagrun for example_task_group_decorator to 2022-09-19T14:16:23.591970+00:00, run_after=2022-09-20T14:16:23.591970+00:00
[2022-09-20T14:16:24.150+0000] {processor.py:178} INFO - Processing /home/airflow/.local/lib/python3.7/site-packages/airflow/example_dags/example_task_group_decorator.py took 0.708 seconds
[2022-09-20T14:17:30.983+0000] {processor.py:156} INFO - Started process (PID=843) to work on /home/airflow/.local/lib/python3.7/site-packages/airflow/example_dags/example_task_group_decorator.py
[2022-09-20T14:17:31.067+0000] {processor.py:758} INFO - Processing file /home/airflow/.local/lib/python3.7/site-packages/airflow/example_dags/example_task_group_decorator.py for tasks to queue
[2022-09-20T14:17:31.068+0000] {logging_mixin.py:117} INFO - [2022-09-20T14:17:31.068+0000] {dagbag.py:525} INFO - Filling up the DagBag from /home/airflow/.local/lib/python3.7/site-packages/airflow/example_dags/example_task_group_decorator.py
[2022-09-20T14:17:31.101+0000] {processor.py:768} INFO - DAG(s) dict_keys(['example_task_group_decorator']) retrieved from /home/airflow/.local/lib/python3.7/site-packages/airflow/example_dags/example_task_group_decorator.py
[2022-09-20T14:17:31.147+0000] {logging_mixin.py:117} INFO - [2022-09-20T14:17:31.147+0000] {dag.py:2573} INFO - Sync 1 DAGs
[2022-09-20T14:17:31.179+0000] {logging_mixin.py:117} INFO - [2022-09-20T14:17:31.179+0000] {dag.py:3328} INFO - Setting next_dagrun for example_task_group_decorator to 2022-09-19T14:17:31.179150+00:00, run_after=2022-09-20T14:17:31.179150+00:00
[2022-09-20T14:17:32.751+0000] {processor.py:178} INFO - Processing /home/airflow/.local/lib/python3.7/site-packages/airflow/example_dags/example_task_group_decorator.py took 1.772 seconds
[2022-09-20T14:19:06.807+0000] {processor.py:156} INFO - Started process (PID=914) to work on /home/airflow/.local/lib/python3.7/site-packages/airflow/example_dags/example_task_group_decorator.py
[2022-09-20T14:19:06.953+0000] {processor.py:758} INFO - Processing file /home/airflow/.local/lib/python3.7/site-packages/airflow/example_dags/example_task_group_decorator.py for tasks to queue
[2022-09-20T14:19:06.956+0000] {logging_mixin.py:117} INFO - [2022-09-20T14:19:06.955+0000] {dagbag.py:525} INFO - Filling up the DagBag from /home/airflow/.local/lib/python3.7/site-packages/airflow/example_dags/example_task_group_decorator.py
[2022-09-20T14:19:07.008+0000] {processor.py:768} INFO - DAG(s) dict_keys(['example_task_group_decorator']) retrieved from /home/airflow/.local/lib/python3.7/site-packages/airflow/example_dags/example_task_group_decorator.py
[2022-09-20T14:19:07.053+0000] {logging_mixin.py:117} INFO - [2022-09-20T14:19:07.053+0000] {dag.py:2573} INFO - Sync 1 DAGs
[2022-09-20T14:19:07.429+0000] {logging_mixin.py:117} INFO - [2022-09-20T14:19:07.428+0000] {dag.py:3328} INFO - Setting next_dagrun for example_task_group_decorator to 2022-09-19T14:19:07.428574+00:00, run_after=2022-09-20T14:19:07.428574+00:00
[2022-09-20T14:19:08.284+0000] {processor.py:178} INFO - Processing /home/airflow/.local/lib/python3.7/site-packages/airflow/example_dags/example_task_group_decorator.py took 1.484 seconds
[2022-09-20T14:21:26.230+0000] {processor.py:156} INFO - Started process (PID=969) to work on /home/airflow/.local/lib/python3.7/site-packages/airflow/example_dags/example_task_group_decorator.py
[2022-09-20T14:21:26.528+0000] {processor.py:758} INFO - Processing file /home/airflow/.local/lib/python3.7/site-packages/airflow/example_dags/example_task_group_decorator.py for tasks to queue
[2022-09-20T14:21:26.529+0000] {logging_mixin.py:117} INFO - [2022-09-20T14:21:26.529+0000] {dagbag.py:525} INFO - Filling up the DagBag from /home/airflow/.local/lib/python3.7/site-packages/airflow/example_dags/example_task_group_decorator.py
[2022-09-20T14:21:26.578+0000] {processor.py:768} INFO - DAG(s) dict_keys(['example_task_group_decorator']) retrieved from /home/airflow/.local/lib/python3.7/site-packages/airflow/example_dags/example_task_group_decorator.py
[2022-09-20T14:21:26.633+0000] {logging_mixin.py:117} INFO - [2022-09-20T14:21:26.633+0000] {dag.py:2573} INFO - Sync 1 DAGs
[2022-09-20T14:21:26.675+0000] {logging_mixin.py:117} INFO - [2022-09-20T14:21:26.675+0000] {dag.py:3328} INFO - Setting next_dagrun for example_task_group_decorator to 2022-09-19T14:21:26.674988+00:00, run_after=2022-09-20T14:21:26.674988+00:00
[2022-09-20T14:21:27.268+0000] {processor.py:178} INFO - Processing /home/airflow/.local/lib/python3.7/site-packages/airflow/example_dags/example_task_group_decorator.py took 1.041 seconds
[2022-09-20T14:24:54.008+0000] {processor.py:156} INFO - Started process (PID=1050) to work on /home/airflow/.local/lib/python3.7/site-packages/airflow/example_dags/example_task_group_decorator.py
[2022-09-20T14:24:54.253+0000] {processor.py:758} INFO - Processing file /home/airflow/.local/lib/python3.7/site-packages/airflow/example_dags/example_task_group_decorator.py for tasks to queue
[2022-09-20T14:24:54.255+0000] {logging_mixin.py:117} INFO - [2022-09-20T14:24:54.255+0000] {dagbag.py:525} INFO - Filling up the DagBag from /home/airflow/.local/lib/python3.7/site-packages/airflow/example_dags/example_task_group_decorator.py
[2022-09-20T14:24:54.313+0000] {processor.py:768} INFO - DAG(s) dict_keys(['example_task_group_decorator']) retrieved from /home/airflow/.local/lib/python3.7/site-packages/airflow/example_dags/example_task_group_decorator.py
[2022-09-20T14:24:54.355+0000] {logging_mixin.py:117} INFO - [2022-09-20T14:24:54.355+0000] {dag.py:2573} INFO - Sync 1 DAGs
[2022-09-20T14:24:54.380+0000] {logging_mixin.py:117} INFO - [2022-09-20T14:24:54.380+0000] {dag.py:3328} INFO - Setting next_dagrun for example_task_group_decorator to 2022-09-19T14:24:54.380278+00:00, run_after=2022-09-20T14:24:54.380278+00:00
[2022-09-20T14:24:55.015+0000] {processor.py:178} INFO - Processing /home/airflow/.local/lib/python3.7/site-packages/airflow/example_dags/example_task_group_decorator.py took 1.010 seconds
[2022-09-20T14:25:28.399+0000] {processor.py:156} INFO - Started process (PID=1104) to work on /home/airflow/.local/lib/python3.7/site-packages/airflow/example_dags/example_task_group_decorator.py
[2022-09-20T14:25:28.636+0000] {processor.py:758} INFO - Processing file /home/airflow/.local/lib/python3.7/site-packages/airflow/example_dags/example_task_group_decorator.py for tasks to queue
[2022-09-20T14:25:28.638+0000] {logging_mixin.py:117} INFO - [2022-09-20T14:25:28.637+0000] {dagbag.py:525} INFO - Filling up the DagBag from /home/airflow/.local/lib/python3.7/site-packages/airflow/example_dags/example_task_group_decorator.py
[2022-09-20T14:25:28.685+0000] {processor.py:768} INFO - DAG(s) dict_keys(['example_task_group_decorator']) retrieved from /home/airflow/.local/lib/python3.7/site-packages/airflow/example_dags/example_task_group_decorator.py
[2022-09-20T14:25:29.552+0000] {logging_mixin.py:117} INFO - [2022-09-20T14:25:29.552+0000] {dag.py:2573} INFO - Sync 1 DAGs
[2022-09-20T14:25:29.577+0000] {logging_mixin.py:117} INFO - [2022-09-20T14:25:29.577+0000] {dag.py:3328} INFO - Setting next_dagrun for example_task_group_decorator to 2022-09-19T14:25:29.576971+00:00, run_after=2022-09-20T14:25:29.576971+00:00
[2022-09-20T14:25:31.034+0000] {processor.py:178} INFO - Processing /home/airflow/.local/lib/python3.7/site-packages/airflow/example_dags/example_task_group_decorator.py took 2.640 seconds
[2022-09-20T14:28:17.644+0000] {processor.py:156} INFO - Started process (PID=1180) to work on /home/airflow/.local/lib/python3.7/site-packages/airflow/example_dags/example_task_group_decorator.py
[2022-09-20T14:28:18.460+0000] {processor.py:758} INFO - Processing file /home/airflow/.local/lib/python3.7/site-packages/airflow/example_dags/example_task_group_decorator.py for tasks to queue
[2022-09-20T14:28:18.460+0000] {logging_mixin.py:117} INFO - [2022-09-20T14:28:18.460+0000] {dagbag.py:525} INFO - Filling up the DagBag from /home/airflow/.local/lib/python3.7/site-packages/airflow/example_dags/example_task_group_decorator.py
[2022-09-20T14:28:18.491+0000] {processor.py:768} INFO - DAG(s) dict_keys(['example_task_group_decorator']) retrieved from /home/airflow/.local/lib/python3.7/site-packages/airflow/example_dags/example_task_group_decorator.py
[2022-09-20T14:28:18.532+0000] {logging_mixin.py:117} INFO - [2022-09-20T14:28:18.532+0000] {dag.py:2573} INFO - Sync 1 DAGs
[2022-09-20T14:28:18.556+0000] {logging_mixin.py:117} INFO - [2022-09-20T14:28:18.556+0000] {dag.py:3328} INFO - Setting next_dagrun for example_task_group_decorator to 2022-09-19T14:28:18.556090+00:00, run_after=2022-09-20T14:28:18.556090+00:00
[2022-09-20T14:28:29.950+0000] {processor.py:178} INFO - Processing /home/airflow/.local/lib/python3.7/site-packages/airflow/example_dags/example_task_group_decorator.py took 12.310 seconds
[2022-09-20T14:31:39.816+0000] {processor.py:156} INFO - Started process (PID=1224) to work on /home/airflow/.local/lib/python3.7/site-packages/airflow/example_dags/example_task_group_decorator.py
[2022-09-20T14:31:40.084+0000] {processor.py:758} INFO - Processing file /home/airflow/.local/lib/python3.7/site-packages/airflow/example_dags/example_task_group_decorator.py for tasks to queue
[2022-09-20T14:31:40.086+0000] {logging_mixin.py:117} INFO - [2022-09-20T14:31:40.085+0000] {dagbag.py:525} INFO - Filling up the DagBag from /home/airflow/.local/lib/python3.7/site-packages/airflow/example_dags/example_task_group_decorator.py
[2022-09-20T14:31:40.129+0000] {processor.py:768} INFO - DAG(s) dict_keys(['example_task_group_decorator']) retrieved from /home/airflow/.local/lib/python3.7/site-packages/airflow/example_dags/example_task_group_decorator.py
[2022-09-20T14:31:40.171+0000] {logging_mixin.py:117} INFO - [2022-09-20T14:31:40.171+0000] {dag.py:2573} INFO - Sync 1 DAGs
[2022-09-20T14:31:40.195+0000] {logging_mixin.py:117} INFO - [2022-09-20T14:31:40.194+0000] {dag.py:3328} INFO - Setting next_dagrun for example_task_group_decorator to 2022-09-19T14:31:40.194687+00:00, run_after=2022-09-20T14:31:40.194687+00:00
[2022-09-20T14:31:41.072+0000] {processor.py:178} INFO - Processing /home/airflow/.local/lib/python3.7/site-packages/airflow/example_dags/example_task_group_decorator.py took 1.260 seconds
[2022-09-20T14:33:25.367+0000] {processor.py:156} INFO - Started process (PID=1291) to work on /home/airflow/.local/lib/python3.7/site-packages/airflow/example_dags/example_task_group_decorator.py
[2022-09-20T14:33:25.685+0000] {processor.py:758} INFO - Processing file /home/airflow/.local/lib/python3.7/site-packages/airflow/example_dags/example_task_group_decorator.py for tasks to queue
[2022-09-20T14:33:25.688+0000] {logging_mixin.py:117} INFO - [2022-09-20T14:33:25.688+0000] {dagbag.py:525} INFO - Filling up the DagBag from /home/airflow/.local/lib/python3.7/site-packages/airflow/example_dags/example_task_group_decorator.py
[2022-09-20T14:33:25.750+0000] {processor.py:768} INFO - DAG(s) dict_keys(['example_task_group_decorator']) retrieved from /home/airflow/.local/lib/python3.7/site-packages/airflow/example_dags/example_task_group_decorator.py
[2022-09-20T14:33:25.791+0000] {logging_mixin.py:117} INFO - [2022-09-20T14:33:25.790+0000] {dag.py:2573} INFO - Sync 1 DAGs
[2022-09-20T14:33:25.814+0000] {logging_mixin.py:117} INFO - [2022-09-20T14:33:25.814+0000] {dag.py:3328} INFO - Setting next_dagrun for example_task_group_decorator to 2022-09-19T14:33:25.814152+00:00, run_after=2022-09-20T14:33:25.814152+00:00
[2022-09-20T14:33:26.453+0000] {processor.py:178} INFO - Processing /home/airflow/.local/lib/python3.7/site-packages/airflow/example_dags/example_task_group_decorator.py took 1.090 seconds
[2022-09-20T17:10:55.257+0000] {processor.py:156} INFO - Started process (PID=158) to work on /home/airflow/.local/lib/python3.7/site-packages/airflow/example_dags/example_task_group_decorator.py
[2022-09-20T17:10:55.353+0000] {processor.py:758} INFO - Processing file /home/airflow/.local/lib/python3.7/site-packages/airflow/example_dags/example_task_group_decorator.py for tasks to queue
[2022-09-20T17:10:55.354+0000] {logging_mixin.py:117} INFO - [2022-09-20T17:10:55.354+0000] {dagbag.py:525} INFO - Filling up the DagBag from /home/airflow/.local/lib/python3.7/site-packages/airflow/example_dags/example_task_group_decorator.py
[2022-09-20T17:10:55.452+0000] {processor.py:768} INFO - DAG(s) dict_keys(['example_task_group_decorator']) retrieved from /home/airflow/.local/lib/python3.7/site-packages/airflow/example_dags/example_task_group_decorator.py
[2022-09-20T17:10:55.701+0000] {logging_mixin.py:117} INFO - [2022-09-20T17:10:55.700+0000] {dag.py:2573} INFO - Sync 1 DAGs
[2022-09-20T17:10:55.735+0000] {logging_mixin.py:117} INFO - [2022-09-20T17:10:55.735+0000] {dag.py:3328} INFO - Setting next_dagrun for example_task_group_decorator to 2022-09-19T17:10:55.735131+00:00, run_after=2022-09-20T17:10:55.735131+00:00
[2022-09-20T17:10:55.852+0000] {processor.py:178} INFO - Processing /home/airflow/.local/lib/python3.7/site-packages/airflow/example_dags/example_task_group_decorator.py took 0.609 seconds
[2022-09-20T17:12:05.743+0000] {processor.py:156} INFO - Started process (PID=231) to work on /home/airflow/.local/lib/python3.7/site-packages/airflow/example_dags/example_task_group_decorator.py
[2022-09-20T17:12:06.039+0000] {processor.py:758} INFO - Processing file /home/airflow/.local/lib/python3.7/site-packages/airflow/example_dags/example_task_group_decorator.py for tasks to queue
[2022-09-20T17:12:06.042+0000] {logging_mixin.py:117} INFO - [2022-09-20T17:12:06.041+0000] {dagbag.py:525} INFO - Filling up the DagBag from /home/airflow/.local/lib/python3.7/site-packages/airflow/example_dags/example_task_group_decorator.py
[2022-09-20T17:12:06.306+0000] {processor.py:768} INFO - DAG(s) dict_keys(['example_task_group_decorator']) retrieved from /home/airflow/.local/lib/python3.7/site-packages/airflow/example_dags/example_task_group_decorator.py
[2022-09-20T17:12:06.381+0000] {logging_mixin.py:117} INFO - [2022-09-20T17:12:06.381+0000] {dag.py:2573} INFO - Sync 1 DAGs
[2022-09-20T17:12:06.476+0000] {logging_mixin.py:117} INFO - [2022-09-20T17:12:06.476+0000] {dag.py:3328} INFO - Setting next_dagrun for example_task_group_decorator to 2022-09-19T17:12:06.475690+00:00, run_after=2022-09-20T17:12:06.475690+00:00
[2022-09-20T17:12:07.612+0000] {processor.py:178} INFO - Processing /home/airflow/.local/lib/python3.7/site-packages/airflow/example_dags/example_task_group_decorator.py took 1.876 seconds
[2022-09-20T17:12:43.467+0000] {processor.py:156} INFO - Started process (PID=285) to work on /home/airflow/.local/lib/python3.7/site-packages/airflow/example_dags/example_task_group_decorator.py
[2022-09-20T17:12:43.780+0000] {processor.py:758} INFO - Processing file /home/airflow/.local/lib/python3.7/site-packages/airflow/example_dags/example_task_group_decorator.py for tasks to queue
[2022-09-20T17:12:43.782+0000] {logging_mixin.py:117} INFO - [2022-09-20T17:12:43.782+0000] {dagbag.py:525} INFO - Filling up the DagBag from /home/airflow/.local/lib/python3.7/site-packages/airflow/example_dags/example_task_group_decorator.py
[2022-09-20T17:12:44.052+0000] {processor.py:768} INFO - DAG(s) dict_keys(['example_task_group_decorator']) retrieved from /home/airflow/.local/lib/python3.7/site-packages/airflow/example_dags/example_task_group_decorator.py
[2022-09-20T17:12:44.185+0000] {logging_mixin.py:117} INFO - [2022-09-20T17:12:44.184+0000] {dag.py:2573} INFO - Sync 1 DAGs
[2022-09-20T17:12:44.301+0000] {logging_mixin.py:117} INFO - [2022-09-20T17:12:44.301+0000] {dag.py:3328} INFO - Setting next_dagrun for example_task_group_decorator to 2022-09-19T17:12:44.300112+00:00, run_after=2022-09-20T17:12:44.300112+00:00
[2022-09-20T17:12:46.135+0000] {processor.py:178} INFO - Processing /home/airflow/.local/lib/python3.7/site-packages/airflow/example_dags/example_task_group_decorator.py took 2.676 seconds
[2022-09-20T17:13:32.469+0000] {processor.py:156} INFO - Started process (PID=342) to work on /home/airflow/.local/lib/python3.7/site-packages/airflow/example_dags/example_task_group_decorator.py
[2022-09-20T17:13:32.834+0000] {processor.py:758} INFO - Processing file /home/airflow/.local/lib/python3.7/site-packages/airflow/example_dags/example_task_group_decorator.py for tasks to queue
[2022-09-20T17:13:32.838+0000] {logging_mixin.py:117} INFO - [2022-09-20T17:13:32.838+0000] {dagbag.py:525} INFO - Filling up the DagBag from /home/airflow/.local/lib/python3.7/site-packages/airflow/example_dags/example_task_group_decorator.py
[2022-09-20T17:13:32.965+0000] {processor.py:768} INFO - DAG(s) dict_keys(['example_task_group_decorator']) retrieved from /home/airflow/.local/lib/python3.7/site-packages/airflow/example_dags/example_task_group_decorator.py
[2022-09-20T17:13:33.100+0000] {logging_mixin.py:117} INFO - [2022-09-20T17:13:33.099+0000] {dag.py:2573} INFO - Sync 1 DAGs
[2022-09-20T17:13:33.132+0000] {logging_mixin.py:117} INFO - [2022-09-20T17:13:33.132+0000] {dag.py:3328} INFO - Setting next_dagrun for example_task_group_decorator to 2022-09-19T17:13:33.132455+00:00, run_after=2022-09-20T17:13:33.132455+00:00
[2022-09-20T17:13:35.802+0000] {processor.py:178} INFO - Processing /home/airflow/.local/lib/python3.7/site-packages/airflow/example_dags/example_task_group_decorator.py took 3.345 seconds
[2022-09-20T17:14:06.607+0000] {processor.py:156} INFO - Started process (PID=387) to work on /home/airflow/.local/lib/python3.7/site-packages/airflow/example_dags/example_task_group_decorator.py
[2022-09-20T17:14:06.710+0000] {processor.py:758} INFO - Processing file /home/airflow/.local/lib/python3.7/site-packages/airflow/example_dags/example_task_group_decorator.py for tasks to queue
[2022-09-20T17:14:06.710+0000] {logging_mixin.py:117} INFO - [2022-09-20T17:14:06.710+0000] {dagbag.py:525} INFO - Filling up the DagBag from /home/airflow/.local/lib/python3.7/site-packages/airflow/example_dags/example_task_group_decorator.py
[2022-09-20T17:14:06.750+0000] {processor.py:768} INFO - DAG(s) dict_keys(['example_task_group_decorator']) retrieved from /home/airflow/.local/lib/python3.7/site-packages/airflow/example_dags/example_task_group_decorator.py
[2022-09-20T17:14:08.288+0000] {logging_mixin.py:117} INFO - [2022-09-20T17:14:08.288+0000] {dag.py:2573} INFO - Sync 1 DAGs
[2022-09-20T17:14:08.325+0000] {logging_mixin.py:117} INFO - [2022-09-20T17:14:08.325+0000] {dag.py:3328} INFO - Setting next_dagrun for example_task_group_decorator to 2022-09-19T17:14:08.325428+00:00, run_after=2022-09-20T17:14:08.325428+00:00
[2022-09-20T17:14:08.853+0000] {processor.py:178} INFO - Processing /home/airflow/.local/lib/python3.7/site-packages/airflow/example_dags/example_task_group_decorator.py took 2.256 seconds
[2022-09-20T17:14:56.927+0000] {processor.py:156} INFO - Started process (PID=458) to work on /home/airflow/.local/lib/python3.7/site-packages/airflow/example_dags/example_task_group_decorator.py
[2022-09-20T17:14:57.229+0000] {processor.py:758} INFO - Processing file /home/airflow/.local/lib/python3.7/site-packages/airflow/example_dags/example_task_group_decorator.py for tasks to queue
[2022-09-20T17:14:57.229+0000] {logging_mixin.py:117} INFO - [2022-09-20T17:14:57.229+0000] {dagbag.py:525} INFO - Filling up the DagBag from /home/airflow/.local/lib/python3.7/site-packages/airflow/example_dags/example_task_group_decorator.py
[2022-09-20T17:14:57.278+0000] {processor.py:768} INFO - DAG(s) dict_keys(['example_task_group_decorator']) retrieved from /home/airflow/.local/lib/python3.7/site-packages/airflow/example_dags/example_task_group_decorator.py
[2022-09-20T17:14:57.488+0000] {logging_mixin.py:117} INFO - [2022-09-20T17:14:57.488+0000] {dag.py:2573} INFO - Sync 1 DAGs
[2022-09-20T17:14:57.528+0000] {logging_mixin.py:117} INFO - [2022-09-20T17:14:57.527+0000] {dag.py:3328} INFO - Setting next_dagrun for example_task_group_decorator to 2022-09-19T17:14:57.527461+00:00, run_after=2022-09-20T17:14:57.527461+00:00
[2022-09-20T17:14:58.979+0000] {processor.py:178} INFO - Processing /home/airflow/.local/lib/python3.7/site-packages/airflow/example_dags/example_task_group_decorator.py took 2.316 seconds
[2022-09-20T17:15:29.567+0000] {processor.py:156} INFO - Started process (PID=503) to work on /home/airflow/.local/lib/python3.7/site-packages/airflow/example_dags/example_task_group_decorator.py
[2022-09-20T17:15:30.377+0000] {processor.py:758} INFO - Processing file /home/airflow/.local/lib/python3.7/site-packages/airflow/example_dags/example_task_group_decorator.py for tasks to queue
[2022-09-20T17:15:30.379+0000] {logging_mixin.py:117} INFO - [2022-09-20T17:15:30.378+0000] {dagbag.py:525} INFO - Filling up the DagBag from /home/airflow/.local/lib/python3.7/site-packages/airflow/example_dags/example_task_group_decorator.py
[2022-09-20T17:15:30.884+0000] {processor.py:768} INFO - DAG(s) dict_keys(['example_task_group_decorator']) retrieved from /home/airflow/.local/lib/python3.7/site-packages/airflow/example_dags/example_task_group_decorator.py
[2022-09-20T17:15:30.945+0000] {logging_mixin.py:117} INFO - [2022-09-20T17:15:30.945+0000] {dag.py:2573} INFO - Sync 1 DAGs
[2022-09-20T17:15:30.985+0000] {logging_mixin.py:117} INFO - [2022-09-20T17:15:30.985+0000] {dag.py:3328} INFO - Setting next_dagrun for example_task_group_decorator to 2022-09-19T17:15:30.984729+00:00, run_after=2022-09-20T17:15:30.984729+00:00
[2022-09-20T17:15:32.834+0000] {processor.py:178} INFO - Processing /home/airflow/.local/lib/python3.7/site-packages/airflow/example_dags/example_task_group_decorator.py took 3.272 seconds
[2022-09-20T17:16:10.555+0000] {processor.py:156} INFO - Started process (PID=558) to work on /home/airflow/.local/lib/python3.7/site-packages/airflow/example_dags/example_task_group_decorator.py
[2022-09-20T17:16:11.342+0000] {processor.py:758} INFO - Processing file /home/airflow/.local/lib/python3.7/site-packages/airflow/example_dags/example_task_group_decorator.py for tasks to queue
[2022-09-20T17:16:11.344+0000] {logging_mixin.py:117} INFO - [2022-09-20T17:16:11.344+0000] {dagbag.py:525} INFO - Filling up the DagBag from /home/airflow/.local/lib/python3.7/site-packages/airflow/example_dags/example_task_group_decorator.py
[2022-09-20T17:16:11.408+0000] {processor.py:768} INFO - DAG(s) dict_keys(['example_task_group_decorator']) retrieved from /home/airflow/.local/lib/python3.7/site-packages/airflow/example_dags/example_task_group_decorator.py
[2022-09-20T17:16:11.457+0000] {logging_mixin.py:117} INFO - [2022-09-20T17:16:11.457+0000] {dag.py:2573} INFO - Sync 1 DAGs
[2022-09-20T17:16:11.483+0000] {logging_mixin.py:117} INFO - [2022-09-20T17:16:11.482+0000] {dag.py:3328} INFO - Setting next_dagrun for example_task_group_decorator to 2022-09-19T17:16:11.482609+00:00, run_after=2022-09-20T17:16:11.482609+00:00
[2022-09-20T17:16:12.960+0000] {processor.py:178} INFO - Processing /home/airflow/.local/lib/python3.7/site-packages/airflow/example_dags/example_task_group_decorator.py took 2.413 seconds
[2022-09-20T17:16:43.307+0000] {processor.py:156} INFO - Started process (PID=612) to work on /home/airflow/.local/lib/python3.7/site-packages/airflow/example_dags/example_task_group_decorator.py
[2022-09-20T17:16:43.548+0000] {processor.py:758} INFO - Processing file /home/airflow/.local/lib/python3.7/site-packages/airflow/example_dags/example_task_group_decorator.py for tasks to queue
[2022-09-20T17:16:43.549+0000] {logging_mixin.py:117} INFO - [2022-09-20T17:16:43.549+0000] {dagbag.py:525} INFO - Filling up the DagBag from /home/airflow/.local/lib/python3.7/site-packages/airflow/example_dags/example_task_group_decorator.py
[2022-09-20T17:16:43.604+0000] {processor.py:768} INFO - DAG(s) dict_keys(['example_task_group_decorator']) retrieved from /home/airflow/.local/lib/python3.7/site-packages/airflow/example_dags/example_task_group_decorator.py
[2022-09-20T17:16:43.680+0000] {logging_mixin.py:117} INFO - [2022-09-20T17:16:43.680+0000] {dag.py:2573} INFO - Sync 1 DAGs
[2022-09-20T17:16:43.734+0000] {logging_mixin.py:117} INFO - [2022-09-20T17:16:43.734+0000] {dag.py:3328} INFO - Setting next_dagrun for example_task_group_decorator to 2022-09-19T17:16:43.733605+00:00, run_after=2022-09-20T17:16:43.733605+00:00
[2022-09-20T17:16:44.243+0000] {processor.py:178} INFO - Processing /home/airflow/.local/lib/python3.7/site-packages/airflow/example_dags/example_task_group_decorator.py took 0.952 seconds
[2022-09-20T17:17:14.420+0000] {processor.py:156} INFO - Started process (PID=666) to work on /home/airflow/.local/lib/python3.7/site-packages/airflow/example_dags/example_task_group_decorator.py
[2022-09-20T17:17:14.457+0000] {processor.py:758} INFO - Processing file /home/airflow/.local/lib/python3.7/site-packages/airflow/example_dags/example_task_group_decorator.py for tasks to queue
[2022-09-20T17:17:14.458+0000] {logging_mixin.py:117} INFO - [2022-09-20T17:17:14.458+0000] {dagbag.py:525} INFO - Filling up the DagBag from /home/airflow/.local/lib/python3.7/site-packages/airflow/example_dags/example_task_group_decorator.py
[2022-09-20T17:17:14.552+0000] {processor.py:768} INFO - DAG(s) dict_keys(['example_task_group_decorator']) retrieved from /home/airflow/.local/lib/python3.7/site-packages/airflow/example_dags/example_task_group_decorator.py
[2022-09-20T17:17:14.632+0000] {logging_mixin.py:117} INFO - [2022-09-20T17:17:14.631+0000] {dag.py:2573} INFO - Sync 1 DAGs
[2022-09-20T17:17:14.681+0000] {logging_mixin.py:117} INFO - [2022-09-20T17:17:14.681+0000] {dag.py:3328} INFO - Setting next_dagrun for example_task_group_decorator to 2022-09-19T17:17:14.680745+00:00, run_after=2022-09-20T17:17:14.680745+00:00
[2022-09-20T17:17:15.250+0000] {processor.py:178} INFO - Processing /home/airflow/.local/lib/python3.7/site-packages/airflow/example_dags/example_task_group_decorator.py took 0.837 seconds
[2022-09-20T17:17:45.482+0000] {processor.py:156} INFO - Started process (PID=720) to work on /home/airflow/.local/lib/python3.7/site-packages/airflow/example_dags/example_task_group_decorator.py
[2022-09-20T17:17:45.699+0000] {processor.py:758} INFO - Processing file /home/airflow/.local/lib/python3.7/site-packages/airflow/example_dags/example_task_group_decorator.py for tasks to queue
[2022-09-20T17:17:45.701+0000] {logging_mixin.py:117} INFO - [2022-09-20T17:17:45.701+0000] {dagbag.py:525} INFO - Filling up the DagBag from /home/airflow/.local/lib/python3.7/site-packages/airflow/example_dags/example_task_group_decorator.py
[2022-09-20T17:17:45.798+0000] {processor.py:768} INFO - DAG(s) dict_keys(['example_task_group_decorator']) retrieved from /home/airflow/.local/lib/python3.7/site-packages/airflow/example_dags/example_task_group_decorator.py
[2022-09-20T17:17:45.937+0000] {logging_mixin.py:117} INFO - [2022-09-20T17:17:45.936+0000] {dag.py:2573} INFO - Sync 1 DAGs
[2022-09-20T17:17:46.005+0000] {logging_mixin.py:117} INFO - [2022-09-20T17:17:46.005+0000] {dag.py:3328} INFO - Setting next_dagrun for example_task_group_decorator to 2022-09-19T17:17:46.004974+00:00, run_after=2022-09-20T17:17:46.004974+00:00
[2022-09-20T17:17:47.082+0000] {processor.py:178} INFO - Processing /home/airflow/.local/lib/python3.7/site-packages/airflow/example_dags/example_task_group_decorator.py took 1.616 seconds
[2022-09-20T17:18:20.912+0000] {processor.py:156} INFO - Started process (PID=774) to work on /home/airflow/.local/lib/python3.7/site-packages/airflow/example_dags/example_task_group_decorator.py
[2022-09-20T17:18:20.941+0000] {processor.py:758} INFO - Processing file /home/airflow/.local/lib/python3.7/site-packages/airflow/example_dags/example_task_group_decorator.py for tasks to queue
[2022-09-20T17:18:20.942+0000] {logging_mixin.py:117} INFO - [2022-09-20T17:18:20.942+0000] {dagbag.py:525} INFO - Filling up the DagBag from /home/airflow/.local/lib/python3.7/site-packages/airflow/example_dags/example_task_group_decorator.py
[2022-09-20T17:18:21.011+0000] {processor.py:768} INFO - DAG(s) dict_keys(['example_task_group_decorator']) retrieved from /home/airflow/.local/lib/python3.7/site-packages/airflow/example_dags/example_task_group_decorator.py
[2022-09-20T17:18:21.125+0000] {logging_mixin.py:117} INFO - [2022-09-20T17:18:21.125+0000] {dag.py:2573} INFO - Sync 1 DAGs
[2022-09-20T17:18:21.193+0000] {logging_mixin.py:117} INFO - [2022-09-20T17:18:21.193+0000] {dag.py:3328} INFO - Setting next_dagrun for example_task_group_decorator to 2022-09-19T17:18:21.192259+00:00, run_after=2022-09-20T17:18:21.192259+00:00
[2022-09-20T17:18:21.535+0000] {processor.py:178} INFO - Processing /home/airflow/.local/lib/python3.7/site-packages/airflow/example_dags/example_task_group_decorator.py took 0.634 seconds
[2022-09-20T17:18:54.868+0000] {processor.py:156} INFO - Started process (PID=816) to work on /home/airflow/.local/lib/python3.7/site-packages/airflow/example_dags/example_task_group_decorator.py
[2022-09-20T17:18:54.881+0000] {processor.py:758} INFO - Processing file /home/airflow/.local/lib/python3.7/site-packages/airflow/example_dags/example_task_group_decorator.py for tasks to queue
[2022-09-20T17:18:54.882+0000] {logging_mixin.py:117} INFO - [2022-09-20T17:18:54.882+0000] {dagbag.py:525} INFO - Filling up the DagBag from /home/airflow/.local/lib/python3.7/site-packages/airflow/example_dags/example_task_group_decorator.py
[2022-09-20T17:18:54.988+0000] {processor.py:768} INFO - DAG(s) dict_keys(['example_task_group_decorator']) retrieved from /home/airflow/.local/lib/python3.7/site-packages/airflow/example_dags/example_task_group_decorator.py
[2022-09-20T17:18:55.050+0000] {logging_mixin.py:117} INFO - [2022-09-20T17:18:55.049+0000] {dag.py:2573} INFO - Sync 1 DAGs
[2022-09-20T17:18:55.157+0000] {logging_mixin.py:117} INFO - [2022-09-20T17:18:55.157+0000] {dag.py:3328} INFO - Setting next_dagrun for example_task_group_decorator to 2022-09-19T17:18:55.156556+00:00, run_after=2022-09-20T17:18:55.156556+00:00
[2022-09-20T17:18:55.635+0000] {processor.py:178} INFO - Processing /home/airflow/.local/lib/python3.7/site-packages/airflow/example_dags/example_task_group_decorator.py took 0.776 seconds
[2022-09-20T17:19:30.758+0000] {processor.py:156} INFO - Started process (PID=871) to work on /home/airflow/.local/lib/python3.7/site-packages/airflow/example_dags/example_task_group_decorator.py
[2022-09-20T17:19:30.867+0000] {processor.py:758} INFO - Processing file /home/airflow/.local/lib/python3.7/site-packages/airflow/example_dags/example_task_group_decorator.py for tasks to queue
[2022-09-20T17:19:30.870+0000] {logging_mixin.py:117} INFO - [2022-09-20T17:19:30.869+0000] {dagbag.py:525} INFO - Filling up the DagBag from /home/airflow/.local/lib/python3.7/site-packages/airflow/example_dags/example_task_group_decorator.py
[2022-09-20T17:19:31.000+0000] {processor.py:768} INFO - DAG(s) dict_keys(['example_task_group_decorator']) retrieved from /home/airflow/.local/lib/python3.7/site-packages/airflow/example_dags/example_task_group_decorator.py
[2022-09-20T17:19:31.071+0000] {logging_mixin.py:117} INFO - [2022-09-20T17:19:31.071+0000] {dag.py:2573} INFO - Sync 1 DAGs
[2022-09-20T17:19:31.758+0000] {logging_mixin.py:117} INFO - [2022-09-20T17:19:31.758+0000] {dag.py:3328} INFO - Setting next_dagrun for example_task_group_decorator to 2022-09-19T17:19:31.757896+00:00, run_after=2022-09-20T17:19:31.757896+00:00
[2022-09-20T17:19:32.183+0000] {processor.py:178} INFO - Processing /home/airflow/.local/lib/python3.7/site-packages/airflow/example_dags/example_task_group_decorator.py took 1.431 seconds
