[2022-09-20T13:52:26.218+0000] {processor.py:156} INFO - Started process (PID=124) to work on /home/airflow/.local/lib/python3.7/site-packages/airflow/example_dags/example_local_kubernetes_executor.py
[2022-09-20T13:52:30.453+0000] {processor.py:758} INFO - Processing file /home/airflow/.local/lib/python3.7/site-packages/airflow/example_dags/example_local_kubernetes_executor.py for tasks to queue
[2022-09-20T13:52:30.455+0000] {logging_mixin.py:117} INFO - [2022-09-20T13:52:30.455+0000] {dagbag.py:525} INFO - Filling up the DagBag from /home/airflow/.local/lib/python3.7/site-packages/airflow/example_dags/example_local_kubernetes_executor.py
[2022-09-20T13:52:45.120+0000] {processor.py:768} INFO - DAG(s) dict_keys(['example_local_kubernetes_executor']) retrieved from /home/airflow/.local/lib/python3.7/site-packages/airflow/example_dags/example_local_kubernetes_executor.py
[2022-09-20T14:00:04.604+0000] {processor.py:156} INFO - Started process (PID=178) to work on /home/airflow/.local/lib/python3.7/site-packages/airflow/example_dags/example_local_kubernetes_executor.py
[2022-09-20T14:00:18.394+0000] {processor.py:758} INFO - Processing file /home/airflow/.local/lib/python3.7/site-packages/airflow/example_dags/example_local_kubernetes_executor.py for tasks to queue
[2022-09-20T14:00:18.396+0000] {logging_mixin.py:117} INFO - [2022-09-20T14:00:18.395+0000] {dagbag.py:525} INFO - Filling up the DagBag from /home/airflow/.local/lib/python3.7/site-packages/airflow/example_dags/example_local_kubernetes_executor.py
[2022-09-20T14:00:18.425+0000] {processor.py:768} INFO - DAG(s) dict_keys(['example_local_kubernetes_executor']) retrieved from /home/airflow/.local/lib/python3.7/site-packages/airflow/example_dags/example_local_kubernetes_executor.py
[2022-09-20T14:00:18.468+0000] {logging_mixin.py:117} INFO - [2022-09-20T14:00:18.468+0000] {dag.py:2573} INFO - Sync 1 DAGs
[2022-09-20T14:00:18.483+0000] {logging_mixin.py:117} INFO - [2022-09-20T14:00:18.482+0000] {dag.py:2594} INFO - Creating ORM DAG for example_local_kubernetes_executor
[2022-09-20T14:00:19.012+0000] {logging_mixin.py:117} INFO - [2022-09-20T14:00:19.012+0000] {dag.py:3328} INFO - Setting next_dagrun for example_local_kubernetes_executor to None, run_after=None
[2022-09-20T14:00:36.774+0000] {processor.py:178} INFO - Processing /home/airflow/.local/lib/python3.7/site-packages/airflow/example_dags/example_local_kubernetes_executor.py took 32.172 seconds
[2022-09-20T14:04:21.075+0000] {processor.py:156} INFO - Started process (PID=240) to work on /home/airflow/.local/lib/python3.7/site-packages/airflow/example_dags/example_local_kubernetes_executor.py
[2022-09-20T14:04:22.207+0000] {processor.py:758} INFO - Processing file /home/airflow/.local/lib/python3.7/site-packages/airflow/example_dags/example_local_kubernetes_executor.py for tasks to queue
[2022-09-20T14:04:23.724+0000] {logging_mixin.py:117} INFO - [2022-09-20T14:04:23.724+0000] {dagbag.py:525} INFO - Filling up the DagBag from /home/airflow/.local/lib/python3.7/site-packages/airflow/example_dags/example_local_kubernetes_executor.py
[2022-09-20T14:04:23.750+0000] {processor.py:768} INFO - DAG(s) dict_keys(['example_local_kubernetes_executor']) retrieved from /home/airflow/.local/lib/python3.7/site-packages/airflow/example_dags/example_local_kubernetes_executor.py
[2022-09-20T14:04:25.677+0000] {logging_mixin.py:117} INFO - [2022-09-20T14:04:25.676+0000] {dag.py:2573} INFO - Sync 1 DAGs
[2022-09-20T14:04:25.704+0000] {logging_mixin.py:117} INFO - [2022-09-20T14:04:25.704+0000] {dag.py:3328} INFO - Setting next_dagrun for example_local_kubernetes_executor to None, run_after=None
[2022-09-20T14:04:34.151+0000] {processor.py:178} INFO - Processing /home/airflow/.local/lib/python3.7/site-packages/airflow/example_dags/example_local_kubernetes_executor.py took 12.880 seconds
[2022-09-20T14:06:11.296+0000] {processor.py:156} INFO - Started process (PID=311) to work on /home/airflow/.local/lib/python3.7/site-packages/airflow/example_dags/example_local_kubernetes_executor.py
[2022-09-20T14:06:11.618+0000] {processor.py:758} INFO - Processing file /home/airflow/.local/lib/python3.7/site-packages/airflow/example_dags/example_local_kubernetes_executor.py for tasks to queue
[2022-09-20T14:06:11.619+0000] {logging_mixin.py:117} INFO - [2022-09-20T14:06:11.619+0000] {dagbag.py:525} INFO - Filling up the DagBag from /home/airflow/.local/lib/python3.7/site-packages/airflow/example_dags/example_local_kubernetes_executor.py
[2022-09-20T14:06:11.654+0000] {processor.py:768} INFO - DAG(s) dict_keys(['example_local_kubernetes_executor']) retrieved from /home/airflow/.local/lib/python3.7/site-packages/airflow/example_dags/example_local_kubernetes_executor.py
[2022-09-20T14:06:11.702+0000] {logging_mixin.py:117} INFO - [2022-09-20T14:06:11.702+0000] {dag.py:2573} INFO - Sync 1 DAGs
[2022-09-20T14:06:11.733+0000] {logging_mixin.py:117} INFO - [2022-09-20T14:06:11.732+0000] {dag.py:3328} INFO - Setting next_dagrun for example_local_kubernetes_executor to None, run_after=None
[2022-09-20T14:06:13.009+0000] {processor.py:178} INFO - Processing /home/airflow/.local/lib/python3.7/site-packages/airflow/example_dags/example_local_kubernetes_executor.py took 1.716 seconds
[2022-09-20T14:07:24.995+0000] {processor.py:156} INFO - Started process (PID=382) to work on /home/airflow/.local/lib/python3.7/site-packages/airflow/example_dags/example_local_kubernetes_executor.py
[2022-09-20T14:07:25.362+0000] {processor.py:758} INFO - Processing file /home/airflow/.local/lib/python3.7/site-packages/airflow/example_dags/example_local_kubernetes_executor.py for tasks to queue
[2022-09-20T14:07:25.363+0000] {logging_mixin.py:117} INFO - [2022-09-20T14:07:25.363+0000] {dagbag.py:525} INFO - Filling up the DagBag from /home/airflow/.local/lib/python3.7/site-packages/airflow/example_dags/example_local_kubernetes_executor.py
[2022-09-20T14:07:25.385+0000] {processor.py:768} INFO - DAG(s) dict_keys(['example_local_kubernetes_executor']) retrieved from /home/airflow/.local/lib/python3.7/site-packages/airflow/example_dags/example_local_kubernetes_executor.py
[2022-09-20T14:07:25.423+0000] {logging_mixin.py:117} INFO - [2022-09-20T14:07:25.423+0000] {dag.py:2573} INFO - Sync 1 DAGs
[2022-09-20T14:07:25.447+0000] {logging_mixin.py:117} INFO - [2022-09-20T14:07:25.447+0000] {dag.py:3328} INFO - Setting next_dagrun for example_local_kubernetes_executor to None, run_after=None
[2022-09-20T14:07:26.199+0000] {processor.py:178} INFO - Processing /home/airflow/.local/lib/python3.7/site-packages/airflow/example_dags/example_local_kubernetes_executor.py took 1.207 seconds
[2022-09-20T14:07:58.111+0000] {processor.py:156} INFO - Started process (PID=426) to work on /home/airflow/.local/lib/python3.7/site-packages/airflow/example_dags/example_local_kubernetes_executor.py
[2022-09-20T14:07:58.465+0000] {processor.py:758} INFO - Processing file /home/airflow/.local/lib/python3.7/site-packages/airflow/example_dags/example_local_kubernetes_executor.py for tasks to queue
[2022-09-20T14:07:58.466+0000] {logging_mixin.py:117} INFO - [2022-09-20T14:07:58.465+0000] {dagbag.py:525} INFO - Filling up the DagBag from /home/airflow/.local/lib/python3.7/site-packages/airflow/example_dags/example_local_kubernetes_executor.py
[2022-09-20T14:07:58.495+0000] {processor.py:768} INFO - DAG(s) dict_keys(['example_local_kubernetes_executor']) retrieved from /home/airflow/.local/lib/python3.7/site-packages/airflow/example_dags/example_local_kubernetes_executor.py
[2022-09-20T14:07:58.534+0000] {logging_mixin.py:117} INFO - [2022-09-20T14:07:58.534+0000] {dag.py:2573} INFO - Sync 1 DAGs
[2022-09-20T14:07:58.560+0000] {logging_mixin.py:117} INFO - [2022-09-20T14:07:58.559+0000] {dag.py:3328} INFO - Setting next_dagrun for example_local_kubernetes_executor to None, run_after=None
[2022-09-20T14:07:59.511+0000] {processor.py:178} INFO - Processing /home/airflow/.local/lib/python3.7/site-packages/airflow/example_dags/example_local_kubernetes_executor.py took 1.403 seconds
[2022-09-20T14:08:37.488+0000] {processor.py:156} INFO - Started process (PID=481) to work on /home/airflow/.local/lib/python3.7/site-packages/airflow/example_dags/example_local_kubernetes_executor.py
[2022-09-20T14:08:38.617+0000] {processor.py:758} INFO - Processing file /home/airflow/.local/lib/python3.7/site-packages/airflow/example_dags/example_local_kubernetes_executor.py for tasks to queue
[2022-09-20T14:08:38.618+0000] {logging_mixin.py:117} INFO - [2022-09-20T14:08:38.617+0000] {dagbag.py:525} INFO - Filling up the DagBag from /home/airflow/.local/lib/python3.7/site-packages/airflow/example_dags/example_local_kubernetes_executor.py
[2022-09-20T14:08:38.642+0000] {processor.py:768} INFO - DAG(s) dict_keys(['example_local_kubernetes_executor']) retrieved from /home/airflow/.local/lib/python3.7/site-packages/airflow/example_dags/example_local_kubernetes_executor.py
[2022-09-20T14:08:39.072+0000] {logging_mixin.py:117} INFO - [2022-09-20T14:08:39.072+0000] {dag.py:2573} INFO - Sync 1 DAGs
[2022-09-20T14:08:39.285+0000] {logging_mixin.py:117} INFO - [2022-09-20T14:08:39.284+0000] {dag.py:3328} INFO - Setting next_dagrun for example_local_kubernetes_executor to None, run_after=None
[2022-09-20T14:08:40.283+0000] {processor.py:178} INFO - Processing /home/airflow/.local/lib/python3.7/site-packages/airflow/example_dags/example_local_kubernetes_executor.py took 2.808 seconds
[2022-09-20T14:11:18.457+0000] {processor.py:156} INFO - Started process (PID=551) to work on /home/airflow/.local/lib/python3.7/site-packages/airflow/example_dags/example_local_kubernetes_executor.py
[2022-09-20T14:11:19.243+0000] {processor.py:758} INFO - Processing file /home/airflow/.local/lib/python3.7/site-packages/airflow/example_dags/example_local_kubernetes_executor.py for tasks to queue
[2022-09-20T14:11:19.244+0000] {logging_mixin.py:117} INFO - [2022-09-20T14:11:19.244+0000] {dagbag.py:525} INFO - Filling up the DagBag from /home/airflow/.local/lib/python3.7/site-packages/airflow/example_dags/example_local_kubernetes_executor.py
[2022-09-20T14:11:19.271+0000] {processor.py:768} INFO - DAG(s) dict_keys(['example_local_kubernetes_executor']) retrieved from /home/airflow/.local/lib/python3.7/site-packages/airflow/example_dags/example_local_kubernetes_executor.py
[2022-09-20T14:11:19.314+0000] {logging_mixin.py:117} INFO - [2022-09-20T14:11:19.314+0000] {dag.py:2573} INFO - Sync 1 DAGs
[2022-09-20T14:11:19.338+0000] {logging_mixin.py:117} INFO - [2022-09-20T14:11:19.338+0000] {dag.py:3328} INFO - Setting next_dagrun for example_local_kubernetes_executor to None, run_after=None
[2022-09-20T14:11:21.422+0000] {processor.py:178} INFO - Processing /home/airflow/.local/lib/python3.7/site-packages/airflow/example_dags/example_local_kubernetes_executor.py took 2.613 seconds
[2022-09-20T14:12:03.537+0000] {processor.py:156} INFO - Started process (PID=596) to work on /home/airflow/.local/lib/python3.7/site-packages/airflow/example_dags/example_local_kubernetes_executor.py
[2022-09-20T14:12:03.840+0000] {processor.py:758} INFO - Processing file /home/airflow/.local/lib/python3.7/site-packages/airflow/example_dags/example_local_kubernetes_executor.py for tasks to queue
[2022-09-20T14:12:03.841+0000] {logging_mixin.py:117} INFO - [2022-09-20T14:12:03.841+0000] {dagbag.py:525} INFO - Filling up the DagBag from /home/airflow/.local/lib/python3.7/site-packages/airflow/example_dags/example_local_kubernetes_executor.py
[2022-09-20T14:12:03.882+0000] {processor.py:768} INFO - DAG(s) dict_keys(['example_local_kubernetes_executor']) retrieved from /home/airflow/.local/lib/python3.7/site-packages/airflow/example_dags/example_local_kubernetes_executor.py
[2022-09-20T14:12:03.918+0000] {logging_mixin.py:117} INFO - [2022-09-20T14:12:03.918+0000] {dag.py:2573} INFO - Sync 1 DAGs
[2022-09-20T14:12:03.942+0000] {logging_mixin.py:117} INFO - [2022-09-20T14:12:03.942+0000] {dag.py:3328} INFO - Setting next_dagrun for example_local_kubernetes_executor to None, run_after=None
[2022-09-20T14:12:10.061+0000] {processor.py:178} INFO - Processing /home/airflow/.local/lib/python3.7/site-packages/airflow/example_dags/example_local_kubernetes_executor.py took 6.534 seconds
[2022-09-20T14:14:14.785+0000] {processor.py:156} INFO - Started process (PID=670) to work on /home/airflow/.local/lib/python3.7/site-packages/airflow/example_dags/example_local_kubernetes_executor.py
[2022-09-20T14:14:15.145+0000] {processor.py:758} INFO - Processing file /home/airflow/.local/lib/python3.7/site-packages/airflow/example_dags/example_local_kubernetes_executor.py for tasks to queue
[2022-09-20T14:14:15.146+0000] {logging_mixin.py:117} INFO - [2022-09-20T14:14:15.146+0000] {dagbag.py:525} INFO - Filling up the DagBag from /home/airflow/.local/lib/python3.7/site-packages/airflow/example_dags/example_local_kubernetes_executor.py
[2022-09-20T14:14:15.173+0000] {processor.py:768} INFO - DAG(s) dict_keys(['example_local_kubernetes_executor']) retrieved from /home/airflow/.local/lib/python3.7/site-packages/airflow/example_dags/example_local_kubernetes_executor.py
[2022-09-20T14:14:15.213+0000] {logging_mixin.py:117} INFO - [2022-09-20T14:14:15.213+0000] {dag.py:2573} INFO - Sync 1 DAGs
[2022-09-20T14:14:15.851+0000] {logging_mixin.py:117} INFO - [2022-09-20T14:14:15.850+0000] {dag.py:3328} INFO - Setting next_dagrun for example_local_kubernetes_executor to None, run_after=None
[2022-09-20T14:14:16.846+0000] {processor.py:178} INFO - Processing /home/airflow/.local/lib/python3.7/site-packages/airflow/example_dags/example_local_kubernetes_executor.py took 2.064 seconds
[2022-09-20T14:15:00.326+0000] {processor.py:156} INFO - Started process (PID=716) to work on /home/airflow/.local/lib/python3.7/site-packages/airflow/example_dags/example_local_kubernetes_executor.py
[2022-09-20T14:15:00.424+0000] {processor.py:758} INFO - Processing file /home/airflow/.local/lib/python3.7/site-packages/airflow/example_dags/example_local_kubernetes_executor.py for tasks to queue
[2022-09-20T14:15:00.425+0000] {logging_mixin.py:117} INFO - [2022-09-20T14:15:00.425+0000] {dagbag.py:525} INFO - Filling up the DagBag from /home/airflow/.local/lib/python3.7/site-packages/airflow/example_dags/example_local_kubernetes_executor.py
[2022-09-20T14:15:00.449+0000] {processor.py:768} INFO - DAG(s) dict_keys(['example_local_kubernetes_executor']) retrieved from /home/airflow/.local/lib/python3.7/site-packages/airflow/example_dags/example_local_kubernetes_executor.py
[2022-09-20T14:15:00.486+0000] {logging_mixin.py:117} INFO - [2022-09-20T14:15:00.486+0000] {dag.py:2573} INFO - Sync 1 DAGs
[2022-09-20T14:15:00.513+0000] {logging_mixin.py:117} INFO - [2022-09-20T14:15:00.513+0000] {dag.py:3328} INFO - Setting next_dagrun for example_local_kubernetes_executor to None, run_after=None
[2022-09-20T14:15:01.077+0000] {processor.py:178} INFO - Processing /home/airflow/.local/lib/python3.7/site-packages/airflow/example_dags/example_local_kubernetes_executor.py took 0.758 seconds
[2022-09-20T14:16:24.168+0000] {processor.py:156} INFO - Started process (PID=782) to work on /home/airflow/.local/lib/python3.7/site-packages/airflow/example_dags/example_local_kubernetes_executor.py
[2022-09-20T14:16:24.275+0000] {processor.py:758} INFO - Processing file /home/airflow/.local/lib/python3.7/site-packages/airflow/example_dags/example_local_kubernetes_executor.py for tasks to queue
[2022-09-20T14:16:24.277+0000] {logging_mixin.py:117} INFO - [2022-09-20T14:16:24.276+0000] {dagbag.py:525} INFO - Filling up the DagBag from /home/airflow/.local/lib/python3.7/site-packages/airflow/example_dags/example_local_kubernetes_executor.py
[2022-09-20T14:16:24.319+0000] {processor.py:768} INFO - DAG(s) dict_keys(['example_local_kubernetes_executor']) retrieved from /home/airflow/.local/lib/python3.7/site-packages/airflow/example_dags/example_local_kubernetes_executor.py
[2022-09-20T14:16:24.356+0000] {logging_mixin.py:117} INFO - [2022-09-20T14:16:24.356+0000] {dag.py:2573} INFO - Sync 1 DAGs
[2022-09-20T14:16:24.379+0000] {logging_mixin.py:117} INFO - [2022-09-20T14:16:24.379+0000] {dag.py:3328} INFO - Setting next_dagrun for example_local_kubernetes_executor to None, run_after=None
[2022-09-20T14:16:25.004+0000] {processor.py:178} INFO - Processing /home/airflow/.local/lib/python3.7/site-packages/airflow/example_dags/example_local_kubernetes_executor.py took 0.839 seconds
[2022-09-20T14:17:59.220+0000] {processor.py:156} INFO - Started process (PID=869) to work on /home/airflow/.local/lib/python3.7/site-packages/airflow/example_dags/example_local_kubernetes_executor.py
[2022-09-20T14:17:59.547+0000] {processor.py:758} INFO - Processing file /home/airflow/.local/lib/python3.7/site-packages/airflow/example_dags/example_local_kubernetes_executor.py for tasks to queue
[2022-09-20T14:17:59.548+0000] {logging_mixin.py:117} INFO - [2022-09-20T14:17:59.548+0000] {dagbag.py:525} INFO - Filling up the DagBag from /home/airflow/.local/lib/python3.7/site-packages/airflow/example_dags/example_local_kubernetes_executor.py
[2022-09-20T14:17:59.573+0000] {processor.py:768} INFO - DAG(s) dict_keys(['example_local_kubernetes_executor']) retrieved from /home/airflow/.local/lib/python3.7/site-packages/airflow/example_dags/example_local_kubernetes_executor.py
[2022-09-20T14:17:59.617+0000] {logging_mixin.py:117} INFO - [2022-09-20T14:17:59.617+0000] {dag.py:2573} INFO - Sync 1 DAGs
[2022-09-20T14:17:59.642+0000] {logging_mixin.py:117} INFO - [2022-09-20T14:17:59.642+0000] {dag.py:3328} INFO - Setting next_dagrun for example_local_kubernetes_executor to None, run_after=None
[2022-09-20T14:18:00.383+0000] {processor.py:178} INFO - Processing /home/airflow/.local/lib/python3.7/site-packages/airflow/example_dags/example_local_kubernetes_executor.py took 1.170 seconds
[2022-09-20T14:19:08.315+0000] {processor.py:156} INFO - Started process (PID=916) to work on /home/airflow/.local/lib/python3.7/site-packages/airflow/example_dags/example_local_kubernetes_executor.py
[2022-09-20T14:19:08.492+0000] {processor.py:758} INFO - Processing file /home/airflow/.local/lib/python3.7/site-packages/airflow/example_dags/example_local_kubernetes_executor.py for tasks to queue
[2022-09-20T14:19:08.494+0000] {logging_mixin.py:117} INFO - [2022-09-20T14:19:08.494+0000] {dagbag.py:525} INFO - Filling up the DagBag from /home/airflow/.local/lib/python3.7/site-packages/airflow/example_dags/example_local_kubernetes_executor.py
[2022-09-20T14:19:08.531+0000] {processor.py:768} INFO - DAG(s) dict_keys(['example_local_kubernetes_executor']) retrieved from /home/airflow/.local/lib/python3.7/site-packages/airflow/example_dags/example_local_kubernetes_executor.py
[2022-09-20T14:19:08.570+0000] {logging_mixin.py:117} INFO - [2022-09-20T14:19:08.570+0000] {dag.py:2573} INFO - Sync 1 DAGs
[2022-09-20T14:19:08.593+0000] {logging_mixin.py:117} INFO - [2022-09-20T14:19:08.593+0000] {dag.py:3328} INFO - Setting next_dagrun for example_local_kubernetes_executor to None, run_after=None
[2022-09-20T14:19:09.644+0000] {processor.py:178} INFO - Processing /home/airflow/.local/lib/python3.7/site-packages/airflow/example_dags/example_local_kubernetes_executor.py took 1.334 seconds
[2022-09-20T14:21:28.221+0000] {processor.py:156} INFO - Started process (PID=973) to work on /home/airflow/.local/lib/python3.7/site-packages/airflow/example_dags/example_local_kubernetes_executor.py
[2022-09-20T14:21:28.641+0000] {processor.py:758} INFO - Processing file /home/airflow/.local/lib/python3.7/site-packages/airflow/example_dags/example_local_kubernetes_executor.py for tasks to queue
[2022-09-20T14:21:28.644+0000] {logging_mixin.py:117} INFO - [2022-09-20T14:21:28.643+0000] {dagbag.py:525} INFO - Filling up the DagBag from /home/airflow/.local/lib/python3.7/site-packages/airflow/example_dags/example_local_kubernetes_executor.py
[2022-09-20T14:21:28.715+0000] {processor.py:768} INFO - DAG(s) dict_keys(['example_local_kubernetes_executor']) retrieved from /home/airflow/.local/lib/python3.7/site-packages/airflow/example_dags/example_local_kubernetes_executor.py
[2022-09-20T14:21:28.778+0000] {logging_mixin.py:117} INFO - [2022-09-20T14:21:28.778+0000] {dag.py:2573} INFO - Sync 1 DAGs
[2022-09-20T14:21:28.804+0000] {logging_mixin.py:117} INFO - [2022-09-20T14:21:28.804+0000] {dag.py:3328} INFO - Setting next_dagrun for example_local_kubernetes_executor to None, run_after=None
[2022-09-20T14:21:29.386+0000] {processor.py:178} INFO - Processing /home/airflow/.local/lib/python3.7/site-packages/airflow/example_dags/example_local_kubernetes_executor.py took 1.172 seconds
[2022-09-20T14:24:55.042+0000] {processor.py:156} INFO - Started process (PID=1052) to work on /home/airflow/.local/lib/python3.7/site-packages/airflow/example_dags/example_local_kubernetes_executor.py
[2022-09-20T14:24:55.153+0000] {processor.py:758} INFO - Processing file /home/airflow/.local/lib/python3.7/site-packages/airflow/example_dags/example_local_kubernetes_executor.py for tasks to queue
[2022-09-20T14:24:55.156+0000] {logging_mixin.py:117} INFO - [2022-09-20T14:24:55.155+0000] {dagbag.py:525} INFO - Filling up the DagBag from /home/airflow/.local/lib/python3.7/site-packages/airflow/example_dags/example_local_kubernetes_executor.py
[2022-09-20T14:24:55.204+0000] {processor.py:768} INFO - DAG(s) dict_keys(['example_local_kubernetes_executor']) retrieved from /home/airflow/.local/lib/python3.7/site-packages/airflow/example_dags/example_local_kubernetes_executor.py
[2022-09-20T14:24:55.244+0000] {logging_mixin.py:117} INFO - [2022-09-20T14:24:55.244+0000] {dag.py:2573} INFO - Sync 1 DAGs
[2022-09-20T14:24:55.271+0000] {logging_mixin.py:117} INFO - [2022-09-20T14:24:55.271+0000] {dag.py:3328} INFO - Setting next_dagrun for example_local_kubernetes_executor to None, run_after=None
[2022-09-20T14:24:55.559+0000] {processor.py:178} INFO - Processing /home/airflow/.local/lib/python3.7/site-packages/airflow/example_dags/example_local_kubernetes_executor.py took 0.520 seconds
[2022-09-20T14:25:30.142+0000] {processor.py:156} INFO - Started process (PID=1106) to work on /home/airflow/.local/lib/python3.7/site-packages/airflow/example_dags/example_local_kubernetes_executor.py
[2022-09-20T14:25:30.214+0000] {processor.py:758} INFO - Processing file /home/airflow/.local/lib/python3.7/site-packages/airflow/example_dags/example_local_kubernetes_executor.py for tasks to queue
[2022-09-20T14:25:30.214+0000] {logging_mixin.py:117} INFO - [2022-09-20T14:25:30.214+0000] {dagbag.py:525} INFO - Filling up the DagBag from /home/airflow/.local/lib/python3.7/site-packages/airflow/example_dags/example_local_kubernetes_executor.py
[2022-09-20T14:25:30.239+0000] {processor.py:768} INFO - DAG(s) dict_keys(['example_local_kubernetes_executor']) retrieved from /home/airflow/.local/lib/python3.7/site-packages/airflow/example_dags/example_local_kubernetes_executor.py
[2022-09-20T14:25:30.279+0000] {logging_mixin.py:117} INFO - [2022-09-20T14:25:30.279+0000] {dag.py:2573} INFO - Sync 1 DAGs
[2022-09-20T14:25:30.303+0000] {logging_mixin.py:117} INFO - [2022-09-20T14:25:30.303+0000] {dag.py:3328} INFO - Setting next_dagrun for example_local_kubernetes_executor to None, run_after=None
[2022-09-20T14:25:31.035+0000] {processor.py:178} INFO - Processing /home/airflow/.local/lib/python3.7/site-packages/airflow/example_dags/example_local_kubernetes_executor.py took 0.902 seconds
[2022-09-20T14:28:31.107+0000] {processor.py:156} INFO - Started process (PID=1182) to work on /home/airflow/.local/lib/python3.7/site-packages/airflow/example_dags/example_local_kubernetes_executor.py
[2022-09-20T14:28:31.317+0000] {processor.py:758} INFO - Processing file /home/airflow/.local/lib/python3.7/site-packages/airflow/example_dags/example_local_kubernetes_executor.py for tasks to queue
[2022-09-20T14:28:31.317+0000] {logging_mixin.py:117} INFO - [2022-09-20T14:28:31.317+0000] {dagbag.py:525} INFO - Filling up the DagBag from /home/airflow/.local/lib/python3.7/site-packages/airflow/example_dags/example_local_kubernetes_executor.py
[2022-09-20T14:28:31.794+0000] {processor.py:768} INFO - DAG(s) dict_keys(['example_local_kubernetes_executor']) retrieved from /home/airflow/.local/lib/python3.7/site-packages/airflow/example_dags/example_local_kubernetes_executor.py
[2022-09-20T14:28:31.857+0000] {logging_mixin.py:117} INFO - [2022-09-20T14:28:31.856+0000] {dag.py:2573} INFO - Sync 1 DAGs
[2022-09-20T14:28:31.880+0000] {logging_mixin.py:117} INFO - [2022-09-20T14:28:31.880+0000] {dag.py:3328} INFO - Setting next_dagrun for example_local_kubernetes_executor to None, run_after=None
[2022-09-20T14:28:32.946+0000] {processor.py:178} INFO - Processing /home/airflow/.local/lib/python3.7/site-packages/airflow/example_dags/example_local_kubernetes_executor.py took 1.843 seconds
[2022-09-20T14:31:41.098+0000] {processor.py:156} INFO - Started process (PID=1228) to work on /home/airflow/.local/lib/python3.7/site-packages/airflow/example_dags/example_local_kubernetes_executor.py
[2022-09-20T14:31:41.395+0000] {processor.py:758} INFO - Processing file /home/airflow/.local/lib/python3.7/site-packages/airflow/example_dags/example_local_kubernetes_executor.py for tasks to queue
[2022-09-20T14:31:41.396+0000] {logging_mixin.py:117} INFO - [2022-09-20T14:31:41.396+0000] {dagbag.py:525} INFO - Filling up the DagBag from /home/airflow/.local/lib/python3.7/site-packages/airflow/example_dags/example_local_kubernetes_executor.py
[2022-09-20T14:31:41.422+0000] {processor.py:768} INFO - DAG(s) dict_keys(['example_local_kubernetes_executor']) retrieved from /home/airflow/.local/lib/python3.7/site-packages/airflow/example_dags/example_local_kubernetes_executor.py
[2022-09-20T14:31:41.979+0000] {logging_mixin.py:117} INFO - [2022-09-20T14:31:41.979+0000] {dag.py:2573} INFO - Sync 1 DAGs
[2022-09-20T14:31:42.025+0000] {logging_mixin.py:117} INFO - [2022-09-20T14:31:42.025+0000] {dag.py:3328} INFO - Setting next_dagrun for example_local_kubernetes_executor to None, run_after=None
[2022-09-20T14:31:42.678+0000] {processor.py:178} INFO - Processing /home/airflow/.local/lib/python3.7/site-packages/airflow/example_dags/example_local_kubernetes_executor.py took 1.586 seconds
[2022-09-20T14:33:26.491+0000] {processor.py:156} INFO - Started process (PID=1293) to work on /home/airflow/.local/lib/python3.7/site-packages/airflow/example_dags/example_local_kubernetes_executor.py
[2022-09-20T14:33:26.612+0000] {processor.py:758} INFO - Processing file /home/airflow/.local/lib/python3.7/site-packages/airflow/example_dags/example_local_kubernetes_executor.py for tasks to queue
[2022-09-20T14:33:26.614+0000] {logging_mixin.py:117} INFO - [2022-09-20T14:33:26.614+0000] {dagbag.py:525} INFO - Filling up the DagBag from /home/airflow/.local/lib/python3.7/site-packages/airflow/example_dags/example_local_kubernetes_executor.py
[2022-09-20T14:33:26.648+0000] {processor.py:768} INFO - DAG(s) dict_keys(['example_local_kubernetes_executor']) retrieved from /home/airflow/.local/lib/python3.7/site-packages/airflow/example_dags/example_local_kubernetes_executor.py
[2022-09-20T14:33:26.865+0000] {logging_mixin.py:117} INFO - [2022-09-20T14:33:26.864+0000] {dag.py:2573} INFO - Sync 1 DAGs
[2022-09-20T14:33:26.889+0000] {logging_mixin.py:117} INFO - [2022-09-20T14:33:26.888+0000] {dag.py:3328} INFO - Setting next_dagrun for example_local_kubernetes_executor to None, run_after=None
[2022-09-20T14:33:30.135+0000] {processor.py:178} INFO - Processing /home/airflow/.local/lib/python3.7/site-packages/airflow/example_dags/example_local_kubernetes_executor.py took 2.544 seconds
[2022-09-20T17:10:56.491+0000] {processor.py:156} INFO - Started process (PID=163) to work on /home/airflow/.local/lib/python3.7/site-packages/airflow/example_dags/example_local_kubernetes_executor.py
[2022-09-20T17:10:56.503+0000] {processor.py:758} INFO - Processing file /home/airflow/.local/lib/python3.7/site-packages/airflow/example_dags/example_local_kubernetes_executor.py for tasks to queue
[2022-09-20T17:10:56.504+0000] {logging_mixin.py:117} INFO - [2022-09-20T17:10:56.504+0000] {dagbag.py:525} INFO - Filling up the DagBag from /home/airflow/.local/lib/python3.7/site-packages/airflow/example_dags/example_local_kubernetes_executor.py
[2022-09-20T17:10:56.534+0000] {processor.py:768} INFO - DAG(s) dict_keys(['example_local_kubernetes_executor']) retrieved from /home/airflow/.local/lib/python3.7/site-packages/airflow/example_dags/example_local_kubernetes_executor.py
[2022-09-20T17:10:56.733+0000] {logging_mixin.py:117} INFO - [2022-09-20T17:10:56.733+0000] {dag.py:2573} INFO - Sync 1 DAGs
[2022-09-20T17:10:56.775+0000] {logging_mixin.py:117} INFO - [2022-09-20T17:10:56.775+0000] {dag.py:3328} INFO - Setting next_dagrun for example_local_kubernetes_executor to None, run_after=None
[2022-09-20T17:10:57.048+0000] {processor.py:178} INFO - Processing /home/airflow/.local/lib/python3.7/site-packages/airflow/example_dags/example_local_kubernetes_executor.py took 0.563 seconds
[2022-09-20T17:12:07.654+0000] {processor.py:156} INFO - Started process (PID=233) to work on /home/airflow/.local/lib/python3.7/site-packages/airflow/example_dags/example_local_kubernetes_executor.py
[2022-09-20T17:12:07.672+0000] {processor.py:758} INFO - Processing file /home/airflow/.local/lib/python3.7/site-packages/airflow/example_dags/example_local_kubernetes_executor.py for tasks to queue
[2022-09-20T17:12:07.673+0000] {logging_mixin.py:117} INFO - [2022-09-20T17:12:07.673+0000] {dagbag.py:525} INFO - Filling up the DagBag from /home/airflow/.local/lib/python3.7/site-packages/airflow/example_dags/example_local_kubernetes_executor.py
[2022-09-20T17:12:07.903+0000] {processor.py:768} INFO - DAG(s) dict_keys(['example_local_kubernetes_executor']) retrieved from /home/airflow/.local/lib/python3.7/site-packages/airflow/example_dags/example_local_kubernetes_executor.py
[2022-09-20T17:12:09.674+0000] {logging_mixin.py:117} INFO - [2022-09-20T17:12:09.671+0000] {dag.py:2573} INFO - Sync 1 DAGs
[2022-09-20T17:12:09.741+0000] {logging_mixin.py:117} INFO - [2022-09-20T17:12:09.741+0000] {dag.py:3328} INFO - Setting next_dagrun for example_local_kubernetes_executor to None, run_after=None
[2022-09-20T17:12:10.037+0000] {processor.py:178} INFO - Processing /home/airflow/.local/lib/python3.7/site-packages/airflow/example_dags/example_local_kubernetes_executor.py took 2.390 seconds
[2022-09-20T17:12:46.244+0000] {processor.py:156} INFO - Started process (PID=287) to work on /home/airflow/.local/lib/python3.7/site-packages/airflow/example_dags/example_local_kubernetes_executor.py
[2022-09-20T17:12:46.324+0000] {processor.py:758} INFO - Processing file /home/airflow/.local/lib/python3.7/site-packages/airflow/example_dags/example_local_kubernetes_executor.py for tasks to queue
[2022-09-20T17:12:46.326+0000] {logging_mixin.py:117} INFO - [2022-09-20T17:12:46.326+0000] {dagbag.py:525} INFO - Filling up the DagBag from /home/airflow/.local/lib/python3.7/site-packages/airflow/example_dags/example_local_kubernetes_executor.py
[2022-09-20T17:12:46.609+0000] {processor.py:768} INFO - DAG(s) dict_keys(['example_local_kubernetes_executor']) retrieved from /home/airflow/.local/lib/python3.7/site-packages/airflow/example_dags/example_local_kubernetes_executor.py
[2022-09-20T17:12:46.681+0000] {logging_mixin.py:117} INFO - [2022-09-20T17:12:46.680+0000] {dag.py:2573} INFO - Sync 1 DAGs
[2022-09-20T17:12:46.733+0000] {logging_mixin.py:117} INFO - [2022-09-20T17:12:46.733+0000] {dag.py:3328} INFO - Setting next_dagrun for example_local_kubernetes_executor to None, run_after=None
[2022-09-20T17:12:48.715+0000] {processor.py:178} INFO - Processing /home/airflow/.local/lib/python3.7/site-packages/airflow/example_dags/example_local_kubernetes_executor.py took 2.481 seconds
[2022-09-20T17:13:35.932+0000] {processor.py:156} INFO - Started process (PID=344) to work on /home/airflow/.local/lib/python3.7/site-packages/airflow/example_dags/example_local_kubernetes_executor.py
[2022-09-20T17:13:36.025+0000] {processor.py:758} INFO - Processing file /home/airflow/.local/lib/python3.7/site-packages/airflow/example_dags/example_local_kubernetes_executor.py for tasks to queue
[2022-09-20T17:13:36.027+0000] {logging_mixin.py:117} INFO - [2022-09-20T17:13:36.026+0000] {dagbag.py:525} INFO - Filling up the DagBag from /home/airflow/.local/lib/python3.7/site-packages/airflow/example_dags/example_local_kubernetes_executor.py
[2022-09-20T17:13:36.054+0000] {processor.py:768} INFO - DAG(s) dict_keys(['example_local_kubernetes_executor']) retrieved from /home/airflow/.local/lib/python3.7/site-packages/airflow/example_dags/example_local_kubernetes_executor.py
[2022-09-20T17:13:36.101+0000] {logging_mixin.py:117} INFO - [2022-09-20T17:13:36.100+0000] {dag.py:2573} INFO - Sync 1 DAGs
[2022-09-20T17:13:36.132+0000] {logging_mixin.py:117} INFO - [2022-09-20T17:13:36.132+0000] {dag.py:3328} INFO - Setting next_dagrun for example_local_kubernetes_executor to None, run_after=None
[2022-09-20T17:13:37.907+0000] {processor.py:178} INFO - Processing /home/airflow/.local/lib/python3.7/site-packages/airflow/example_dags/example_local_kubernetes_executor.py took 1.980 seconds
[2022-09-20T17:14:09.010+0000] {processor.py:156} INFO - Started process (PID=398) to work on /home/airflow/.local/lib/python3.7/site-packages/airflow/example_dags/example_local_kubernetes_executor.py
[2022-09-20T17:14:09.011+0000] {processor.py:758} INFO - Processing file /home/airflow/.local/lib/python3.7/site-packages/airflow/example_dags/example_local_kubernetes_executor.py for tasks to queue
[2022-09-20T17:14:09.012+0000] {logging_mixin.py:117} INFO - [2022-09-20T17:14:09.012+0000] {dagbag.py:525} INFO - Filling up the DagBag from /home/airflow/.local/lib/python3.7/site-packages/airflow/example_dags/example_local_kubernetes_executor.py
[2022-09-20T17:14:09.048+0000] {processor.py:768} INFO - DAG(s) dict_keys(['example_local_kubernetes_executor']) retrieved from /home/airflow/.local/lib/python3.7/site-packages/airflow/example_dags/example_local_kubernetes_executor.py
[2022-09-20T17:14:09.126+0000] {logging_mixin.py:117} INFO - [2022-09-20T17:14:09.126+0000] {dag.py:2573} INFO - Sync 1 DAGs
[2022-09-20T17:14:09.174+0000] {logging_mixin.py:117} INFO - [2022-09-20T17:14:09.174+0000] {dag.py:3328} INFO - Setting next_dagrun for example_local_kubernetes_executor to None, run_after=None
[2022-09-20T17:14:09.430+0000] {processor.py:178} INFO - Processing /home/airflow/.local/lib/python3.7/site-packages/airflow/example_dags/example_local_kubernetes_executor.py took 0.427 seconds
[2022-09-20T17:14:59.021+0000] {processor.py:156} INFO - Started process (PID=460) to work on /home/airflow/.local/lib/python3.7/site-packages/airflow/example_dags/example_local_kubernetes_executor.py
[2022-09-20T17:14:59.236+0000] {processor.py:758} INFO - Processing file /home/airflow/.local/lib/python3.7/site-packages/airflow/example_dags/example_local_kubernetes_executor.py for tasks to queue
[2022-09-20T17:14:59.240+0000] {logging_mixin.py:117} INFO - [2022-09-20T17:14:59.239+0000] {dagbag.py:525} INFO - Filling up the DagBag from /home/airflow/.local/lib/python3.7/site-packages/airflow/example_dags/example_local_kubernetes_executor.py
[2022-09-20T17:14:59.327+0000] {processor.py:768} INFO - DAG(s) dict_keys(['example_local_kubernetes_executor']) retrieved from /home/airflow/.local/lib/python3.7/site-packages/airflow/example_dags/example_local_kubernetes_executor.py
[2022-09-20T17:14:59.403+0000] {logging_mixin.py:117} INFO - [2022-09-20T17:14:59.403+0000] {dag.py:2573} INFO - Sync 1 DAGs
[2022-09-20T17:14:59.444+0000] {logging_mixin.py:117} INFO - [2022-09-20T17:14:59.444+0000] {dag.py:3328} INFO - Setting next_dagrun for example_local_kubernetes_executor to None, run_after=None
[2022-09-20T17:15:00.278+0000] {processor.py:178} INFO - Processing /home/airflow/.local/lib/python3.7/site-packages/airflow/example_dags/example_local_kubernetes_executor.py took 1.265 seconds
[2022-09-20T17:15:32.483+0000] {processor.py:156} INFO - Started process (PID=505) to work on /home/airflow/.local/lib/python3.7/site-packages/airflow/example_dags/example_local_kubernetes_executor.py
[2022-09-20T17:15:32.646+0000] {processor.py:758} INFO - Processing file /home/airflow/.local/lib/python3.7/site-packages/airflow/example_dags/example_local_kubernetes_executor.py for tasks to queue
[2022-09-20T17:15:32.651+0000] {logging_mixin.py:117} INFO - [2022-09-20T17:15:32.650+0000] {dagbag.py:525} INFO - Filling up the DagBag from /home/airflow/.local/lib/python3.7/site-packages/airflow/example_dags/example_local_kubernetes_executor.py
[2022-09-20T17:15:32.822+0000] {processor.py:768} INFO - DAG(s) dict_keys(['example_local_kubernetes_executor']) retrieved from /home/airflow/.local/lib/python3.7/site-packages/airflow/example_dags/example_local_kubernetes_executor.py
[2022-09-20T17:15:33.414+0000] {logging_mixin.py:117} INFO - [2022-09-20T17:15:33.413+0000] {dag.py:2573} INFO - Sync 1 DAGs
[2022-09-20T17:15:33.461+0000] {logging_mixin.py:117} INFO - [2022-09-20T17:15:33.460+0000] {dag.py:3328} INFO - Setting next_dagrun for example_local_kubernetes_executor to None, run_after=None
[2022-09-20T17:15:33.883+0000] {processor.py:178} INFO - Processing /home/airflow/.local/lib/python3.7/site-packages/airflow/example_dags/example_local_kubernetes_executor.py took 2.863 seconds
[2022-09-20T17:16:12.986+0000] {processor.py:156} INFO - Started process (PID=566) to work on /home/airflow/.local/lib/python3.7/site-packages/airflow/example_dags/example_local_kubernetes_executor.py
[2022-09-20T17:16:13.588+0000] {processor.py:758} INFO - Processing file /home/airflow/.local/lib/python3.7/site-packages/airflow/example_dags/example_local_kubernetes_executor.py for tasks to queue
[2022-09-20T17:16:13.589+0000] {logging_mixin.py:117} INFO - [2022-09-20T17:16:13.588+0000] {dagbag.py:525} INFO - Filling up the DagBag from /home/airflow/.local/lib/python3.7/site-packages/airflow/example_dags/example_local_kubernetes_executor.py
[2022-09-20T17:16:13.618+0000] {processor.py:768} INFO - DAG(s) dict_keys(['example_local_kubernetes_executor']) retrieved from /home/airflow/.local/lib/python3.7/site-packages/airflow/example_dags/example_local_kubernetes_executor.py
[2022-09-20T17:16:14.072+0000] {logging_mixin.py:117} INFO - [2022-09-20T17:16:14.072+0000] {dag.py:2573} INFO - Sync 1 DAGs
[2022-09-20T17:16:14.301+0000] {logging_mixin.py:117} INFO - [2022-09-20T17:16:14.301+0000] {dag.py:3328} INFO - Setting next_dagrun for example_local_kubernetes_executor to None, run_after=None
[2022-09-20T17:16:15.369+0000] {processor.py:178} INFO - Processing /home/airflow/.local/lib/python3.7/site-packages/airflow/example_dags/example_local_kubernetes_executor.py took 2.387 seconds
[2022-09-20T17:16:46.175+0000] {processor.py:156} INFO - Started process (PID=614) to work on /home/airflow/.local/lib/python3.7/site-packages/airflow/example_dags/example_local_kubernetes_executor.py
[2022-09-20T17:16:46.251+0000] {processor.py:758} INFO - Processing file /home/airflow/.local/lib/python3.7/site-packages/airflow/example_dags/example_local_kubernetes_executor.py for tasks to queue
[2022-09-20T17:16:46.259+0000] {logging_mixin.py:117} INFO - [2022-09-20T17:16:46.258+0000] {dagbag.py:525} INFO - Filling up the DagBag from /home/airflow/.local/lib/python3.7/site-packages/airflow/example_dags/example_local_kubernetes_executor.py
[2022-09-20T17:16:46.361+0000] {processor.py:768} INFO - DAG(s) dict_keys(['example_local_kubernetes_executor']) retrieved from /home/airflow/.local/lib/python3.7/site-packages/airflow/example_dags/example_local_kubernetes_executor.py
[2022-09-20T17:16:46.443+0000] {logging_mixin.py:117} INFO - [2022-09-20T17:16:46.442+0000] {dag.py:2573} INFO - Sync 1 DAGs
[2022-09-20T17:16:46.491+0000] {logging_mixin.py:117} INFO - [2022-09-20T17:16:46.491+0000] {dag.py:3328} INFO - Setting next_dagrun for example_local_kubernetes_executor to None, run_after=None
[2022-09-20T17:16:47.447+0000] {processor.py:178} INFO - Processing /home/airflow/.local/lib/python3.7/site-packages/airflow/example_dags/example_local_kubernetes_executor.py took 1.275 seconds
[2022-09-20T17:17:17.530+0000] {processor.py:156} INFO - Started process (PID=669) to work on /home/airflow/.local/lib/python3.7/site-packages/airflow/example_dags/example_local_kubernetes_executor.py
[2022-09-20T17:17:17.651+0000] {processor.py:758} INFO - Processing file /home/airflow/.local/lib/python3.7/site-packages/airflow/example_dags/example_local_kubernetes_executor.py for tasks to queue
[2022-09-20T17:17:17.653+0000] {logging_mixin.py:117} INFO - [2022-09-20T17:17:17.653+0000] {dagbag.py:525} INFO - Filling up the DagBag from /home/airflow/.local/lib/python3.7/site-packages/airflow/example_dags/example_local_kubernetes_executor.py
[2022-09-20T17:17:17.754+0000] {processor.py:768} INFO - DAG(s) dict_keys(['example_local_kubernetes_executor']) retrieved from /home/airflow/.local/lib/python3.7/site-packages/airflow/example_dags/example_local_kubernetes_executor.py
[2022-09-20T17:17:17.867+0000] {logging_mixin.py:117} INFO - [2022-09-20T17:17:17.867+0000] {dag.py:2573} INFO - Sync 1 DAGs
[2022-09-20T17:17:17.927+0000] {logging_mixin.py:117} INFO - [2022-09-20T17:17:17.927+0000] {dag.py:3328} INFO - Setting next_dagrun for example_local_kubernetes_executor to None, run_after=None
[2022-09-20T17:17:18.115+0000] {processor.py:178} INFO - Processing /home/airflow/.local/lib/python3.7/site-packages/airflow/example_dags/example_local_kubernetes_executor.py took 0.590 seconds
[2022-09-20T17:17:48.159+0000] {processor.py:156} INFO - Started process (PID=722) to work on /home/airflow/.local/lib/python3.7/site-packages/airflow/example_dags/example_local_kubernetes_executor.py
[2022-09-20T17:17:48.306+0000] {processor.py:758} INFO - Processing file /home/airflow/.local/lib/python3.7/site-packages/airflow/example_dags/example_local_kubernetes_executor.py for tasks to queue
[2022-09-20T17:17:48.306+0000] {logging_mixin.py:117} INFO - [2022-09-20T17:17:48.306+0000] {dagbag.py:525} INFO - Filling up the DagBag from /home/airflow/.local/lib/python3.7/site-packages/airflow/example_dags/example_local_kubernetes_executor.py
[2022-09-20T17:17:48.343+0000] {processor.py:768} INFO - DAG(s) dict_keys(['example_local_kubernetes_executor']) retrieved from /home/airflow/.local/lib/python3.7/site-packages/airflow/example_dags/example_local_kubernetes_executor.py
[2022-09-20T17:17:48.394+0000] {logging_mixin.py:117} INFO - [2022-09-20T17:17:48.394+0000] {dag.py:2573} INFO - Sync 1 DAGs
[2022-09-20T17:17:48.426+0000] {logging_mixin.py:117} INFO - [2022-09-20T17:17:48.426+0000] {dag.py:3328} INFO - Setting next_dagrun for example_local_kubernetes_executor to None, run_after=None
[2022-09-20T17:17:49.338+0000] {processor.py:178} INFO - Processing /home/airflow/.local/lib/python3.7/site-packages/airflow/example_dags/example_local_kubernetes_executor.py took 1.184 seconds
[2022-09-20T17:18:22.126+0000] {processor.py:156} INFO - Started process (PID=776) to work on /home/airflow/.local/lib/python3.7/site-packages/airflow/example_dags/example_local_kubernetes_executor.py
[2022-09-20T17:18:22.161+0000] {processor.py:758} INFO - Processing file /home/airflow/.local/lib/python3.7/site-packages/airflow/example_dags/example_local_kubernetes_executor.py for tasks to queue
[2022-09-20T17:18:22.162+0000] {logging_mixin.py:117} INFO - [2022-09-20T17:18:22.162+0000] {dagbag.py:525} INFO - Filling up the DagBag from /home/airflow/.local/lib/python3.7/site-packages/airflow/example_dags/example_local_kubernetes_executor.py
[2022-09-20T17:18:22.195+0000] {processor.py:768} INFO - DAG(s) dict_keys(['example_local_kubernetes_executor']) retrieved from /home/airflow/.local/lib/python3.7/site-packages/airflow/example_dags/example_local_kubernetes_executor.py
[2022-09-20T17:18:22.319+0000] {logging_mixin.py:117} INFO - [2022-09-20T17:18:22.318+0000] {dag.py:2573} INFO - Sync 1 DAGs
[2022-09-20T17:18:22.417+0000] {logging_mixin.py:117} INFO - [2022-09-20T17:18:22.416+0000] {dag.py:3328} INFO - Setting next_dagrun for example_local_kubernetes_executor to None, run_after=None
[2022-09-20T17:18:22.542+0000] {processor.py:178} INFO - Processing /home/airflow/.local/lib/python3.7/site-packages/airflow/example_dags/example_local_kubernetes_executor.py took 0.427 seconds
[2022-09-20T17:18:55.700+0000] {processor.py:156} INFO - Started process (PID=818) to work on /home/airflow/.local/lib/python3.7/site-packages/airflow/example_dags/example_local_kubernetes_executor.py
[2022-09-20T17:18:55.819+0000] {processor.py:758} INFO - Processing file /home/airflow/.local/lib/python3.7/site-packages/airflow/example_dags/example_local_kubernetes_executor.py for tasks to queue
[2022-09-20T17:18:55.820+0000] {logging_mixin.py:117} INFO - [2022-09-20T17:18:55.820+0000] {dagbag.py:525} INFO - Filling up the DagBag from /home/airflow/.local/lib/python3.7/site-packages/airflow/example_dags/example_local_kubernetes_executor.py
[2022-09-20T17:18:55.915+0000] {processor.py:768} INFO - DAG(s) dict_keys(['example_local_kubernetes_executor']) retrieved from /home/airflow/.local/lib/python3.7/site-packages/airflow/example_dags/example_local_kubernetes_executor.py
[2022-09-20T17:18:55.998+0000] {logging_mixin.py:117} INFO - [2022-09-20T17:18:55.998+0000] {dag.py:2573} INFO - Sync 1 DAGs
[2022-09-20T17:18:56.063+0000] {logging_mixin.py:117} INFO - [2022-09-20T17:18:56.062+0000] {dag.py:3328} INFO - Setting next_dagrun for example_local_kubernetes_executor to None, run_after=None
[2022-09-20T17:18:56.373+0000] {processor.py:178} INFO - Processing /home/airflow/.local/lib/python3.7/site-packages/airflow/example_dags/example_local_kubernetes_executor.py took 0.682 seconds
[2022-09-20T17:19:32.853+0000] {processor.py:156} INFO - Started process (PID=873) to work on /home/airflow/.local/lib/python3.7/site-packages/airflow/example_dags/example_local_kubernetes_executor.py
[2022-09-20T17:19:33.225+0000] {processor.py:758} INFO - Processing file /home/airflow/.local/lib/python3.7/site-packages/airflow/example_dags/example_local_kubernetes_executor.py for tasks to queue
[2022-09-20T17:19:33.227+0000] {logging_mixin.py:117} INFO - [2022-09-20T17:19:33.227+0000] {dagbag.py:525} INFO - Filling up the DagBag from /home/airflow/.local/lib/python3.7/site-packages/airflow/example_dags/example_local_kubernetes_executor.py
[2022-09-20T17:19:33.719+0000] {processor.py:768} INFO - DAG(s) dict_keys(['example_local_kubernetes_executor']) retrieved from /home/airflow/.local/lib/python3.7/site-packages/airflow/example_dags/example_local_kubernetes_executor.py
[2022-09-20T17:19:36.669+0000] {logging_mixin.py:117} INFO - [2022-09-20T17:19:36.669+0000] {dag.py:2573} INFO - Sync 1 DAGs
[2022-09-20T17:19:37.593+0000] {logging_mixin.py:117} INFO - [2022-09-20T17:19:37.592+0000] {dag.py:3328} INFO - Setting next_dagrun for example_local_kubernetes_executor to None, run_after=None
[2022-09-20T17:19:39.984+0000] {processor.py:178} INFO - Processing /home/airflow/.local/lib/python3.7/site-packages/airflow/example_dags/example_local_kubernetes_executor.py took 7.443 seconds
