[2022-09-20T13:52:30.517+0000] {processor.py:156} INFO - Started process (PID=123) to work on /home/airflow/.local/lib/python3.7/site-packages/airflow/example_dags/example_branch_python_dop_operator_3.py
[2022-09-20T13:52:30.532+0000] {processor.py:758} INFO - Processing file /home/airflow/.local/lib/python3.7/site-packages/airflow/example_dags/example_branch_python_dop_operator_3.py for tasks to queue
[2022-09-20T13:52:30.533+0000] {logging_mixin.py:117} INFO - [2022-09-20T13:52:30.533+0000] {dagbag.py:525} INFO - Filling up the DagBag from /home/airflow/.local/lib/python3.7/site-packages/airflow/example_dags/example_branch_python_dop_operator_3.py
[2022-09-20T13:52:45.314+0000] {processor.py:768} INFO - DAG(s) dict_keys(['example_branch_dop_operator_v3']) retrieved from /home/airflow/.local/lib/python3.7/site-packages/airflow/example_dags/example_branch_python_dop_operator_3.py
[2022-09-20T13:59:57.525+0000] {processor.py:156} INFO - Started process (PID=177) to work on /home/airflow/.local/lib/python3.7/site-packages/airflow/example_dags/example_branch_python_dop_operator_3.py
[2022-09-20T14:00:18.395+0000] {processor.py:758} INFO - Processing file /home/airflow/.local/lib/python3.7/site-packages/airflow/example_dags/example_branch_python_dop_operator_3.py for tasks to queue
[2022-09-20T14:00:18.396+0000] {logging_mixin.py:117} INFO - [2022-09-20T14:00:18.395+0000] {dagbag.py:525} INFO - Filling up the DagBag from /home/airflow/.local/lib/python3.7/site-packages/airflow/example_dags/example_branch_python_dop_operator_3.py
[2022-09-20T14:00:19.041+0000] {processor.py:768} INFO - DAG(s) dict_keys(['example_branch_dop_operator_v3']) retrieved from /home/airflow/.local/lib/python3.7/site-packages/airflow/example_dags/example_branch_python_dop_operator_3.py
[2022-09-20T14:00:19.117+0000] {logging_mixin.py:117} INFO - [2022-09-20T14:00:19.117+0000] {dag.py:2573} INFO - Sync 1 DAGs
[2022-09-20T14:00:19.133+0000] {logging_mixin.py:117} INFO - [2022-09-20T14:00:19.133+0000] {dag.py:2594} INFO - Creating ORM DAG for example_branch_dop_operator_v3
[2022-09-20T14:00:19.152+0000] {logging_mixin.py:117} INFO - [2022-09-20T14:00:19.152+0000] {dag.py:3328} INFO - Setting next_dagrun for example_branch_dop_operator_v3 to 2022-09-20T13:59:00+00:00, run_after=2022-09-20T14:00:00+00:00
[2022-09-20T14:00:36.776+0000] {processor.py:178} INFO - Processing /home/airflow/.local/lib/python3.7/site-packages/airflow/example_dags/example_branch_python_dop_operator_3.py took 39.265 seconds
[2022-09-20T14:04:18.904+0000] {processor.py:156} INFO - Started process (PID=239) to work on /home/airflow/.local/lib/python3.7/site-packages/airflow/example_dags/example_branch_python_dop_operator_3.py
[2022-09-20T14:04:19.908+0000] {processor.py:758} INFO - Processing file /home/airflow/.local/lib/python3.7/site-packages/airflow/example_dags/example_branch_python_dop_operator_3.py for tasks to queue
[2022-09-20T14:04:19.912+0000] {logging_mixin.py:117} INFO - [2022-09-20T14:04:19.911+0000] {dagbag.py:525} INFO - Filling up the DagBag from /home/airflow/.local/lib/python3.7/site-packages/airflow/example_dags/example_branch_python_dop_operator_3.py
[2022-09-20T14:04:20.021+0000] {processor.py:768} INFO - DAG(s) dict_keys(['example_branch_dop_operator_v3']) retrieved from /home/airflow/.local/lib/python3.7/site-packages/airflow/example_dags/example_branch_python_dop_operator_3.py
[2022-09-20T14:04:20.071+0000] {logging_mixin.py:117} INFO - [2022-09-20T14:04:20.070+0000] {dag.py:2573} INFO - Sync 1 DAGs
[2022-09-20T14:04:20.108+0000] {logging_mixin.py:117} INFO - [2022-09-20T14:04:20.107+0000] {dag.py:3328} INFO - Setting next_dagrun for example_branch_dop_operator_v3 to 2022-09-20T14:03:00+00:00, run_after=2022-09-20T14:04:00+00:00
[2022-09-20T14:04:21.057+0000] {processor.py:178} INFO - Processing /home/airflow/.local/lib/python3.7/site-packages/airflow/example_dags/example_branch_python_dop_operator_3.py took 2.162 seconds
[2022-09-20T14:06:08.467+0000] {processor.py:156} INFO - Started process (PID=310) to work on /home/airflow/.local/lib/python3.7/site-packages/airflow/example_dags/example_branch_python_dop_operator_3.py
[2022-09-20T14:06:08.900+0000] {processor.py:758} INFO - Processing file /home/airflow/.local/lib/python3.7/site-packages/airflow/example_dags/example_branch_python_dop_operator_3.py for tasks to queue
[2022-09-20T14:06:08.903+0000] {logging_mixin.py:117} INFO - [2022-09-20T14:06:08.902+0000] {dagbag.py:525} INFO - Filling up the DagBag from /home/airflow/.local/lib/python3.7/site-packages/airflow/example_dags/example_branch_python_dop_operator_3.py
[2022-09-20T14:06:08.949+0000] {processor.py:768} INFO - DAG(s) dict_keys(['example_branch_dop_operator_v3']) retrieved from /home/airflow/.local/lib/python3.7/site-packages/airflow/example_dags/example_branch_python_dop_operator_3.py
[2022-09-20T14:06:08.991+0000] {logging_mixin.py:117} INFO - [2022-09-20T14:06:08.990+0000] {dag.py:2573} INFO - Sync 1 DAGs
[2022-09-20T14:06:09.025+0000] {logging_mixin.py:117} INFO - [2022-09-20T14:06:09.024+0000] {dag.py:3328} INFO - Setting next_dagrun for example_branch_dop_operator_v3 to 2022-09-20T14:05:00+00:00, run_after=2022-09-20T14:06:00+00:00
[2022-09-20T14:06:11.275+0000] {processor.py:178} INFO - Processing /home/airflow/.local/lib/python3.7/site-packages/airflow/example_dags/example_branch_python_dop_operator_3.py took 2.811 seconds
[2022-09-20T14:07:22.784+0000] {processor.py:156} INFO - Started process (PID=381) to work on /home/airflow/.local/lib/python3.7/site-packages/airflow/example_dags/example_branch_python_dop_operator_3.py
[2022-09-20T14:07:23.040+0000] {processor.py:758} INFO - Processing file /home/airflow/.local/lib/python3.7/site-packages/airflow/example_dags/example_branch_python_dop_operator_3.py for tasks to queue
[2022-09-20T14:07:23.041+0000] {logging_mixin.py:117} INFO - [2022-09-20T14:07:23.041+0000] {dagbag.py:525} INFO - Filling up the DagBag from /home/airflow/.local/lib/python3.7/site-packages/airflow/example_dags/example_branch_python_dop_operator_3.py
[2022-09-20T14:07:23.063+0000] {processor.py:768} INFO - DAG(s) dict_keys(['example_branch_dop_operator_v3']) retrieved from /home/airflow/.local/lib/python3.7/site-packages/airflow/example_dags/example_branch_python_dop_operator_3.py
[2022-09-20T14:07:24.272+0000] {logging_mixin.py:117} INFO - [2022-09-20T14:07:24.271+0000] {dag.py:2573} INFO - Sync 1 DAGs
[2022-09-20T14:07:24.304+0000] {logging_mixin.py:117} INFO - [2022-09-20T14:07:24.304+0000] {dag.py:3328} INFO - Setting next_dagrun for example_branch_dop_operator_v3 to 2022-09-20T14:06:00+00:00, run_after=2022-09-20T14:07:00+00:00
[2022-09-20T14:07:26.198+0000] {processor.py:178} INFO - Processing /home/airflow/.local/lib/python3.7/site-packages/airflow/example_dags/example_branch_python_dop_operator_3.py took 4.546 seconds
[2022-09-20T14:07:56.750+0000] {processor.py:156} INFO - Started process (PID=425) to work on /home/airflow/.local/lib/python3.7/site-packages/airflow/example_dags/example_branch_python_dop_operator_3.py
[2022-09-20T14:07:57.465+0000] {processor.py:758} INFO - Processing file /home/airflow/.local/lib/python3.7/site-packages/airflow/example_dags/example_branch_python_dop_operator_3.py for tasks to queue
[2022-09-20T14:07:57.465+0000] {logging_mixin.py:117} INFO - [2022-09-20T14:07:57.465+0000] {dagbag.py:525} INFO - Filling up the DagBag from /home/airflow/.local/lib/python3.7/site-packages/airflow/example_dags/example_branch_python_dop_operator_3.py
[2022-09-20T14:07:57.499+0000] {processor.py:768} INFO - DAG(s) dict_keys(['example_branch_dop_operator_v3']) retrieved from /home/airflow/.local/lib/python3.7/site-packages/airflow/example_dags/example_branch_python_dop_operator_3.py
[2022-09-20T14:07:57.548+0000] {logging_mixin.py:117} INFO - [2022-09-20T14:07:57.548+0000] {dag.py:2573} INFO - Sync 1 DAGs
[2022-09-20T14:07:57.581+0000] {logging_mixin.py:117} INFO - [2022-09-20T14:07:57.580+0000] {dag.py:3328} INFO - Setting next_dagrun for example_branch_dop_operator_v3 to 2022-09-20T14:06:00+00:00, run_after=2022-09-20T14:07:00+00:00
[2022-09-20T14:07:58.091+0000] {processor.py:178} INFO - Processing /home/airflow/.local/lib/python3.7/site-packages/airflow/example_dags/example_branch_python_dop_operator_3.py took 1.347 seconds
[2022-09-20T14:08:33.972+0000] {processor.py:156} INFO - Started process (PID=480) to work on /home/airflow/.local/lib/python3.7/site-packages/airflow/example_dags/example_branch_python_dop_operator_3.py
[2022-09-20T14:08:34.445+0000] {processor.py:758} INFO - Processing file /home/airflow/.local/lib/python3.7/site-packages/airflow/example_dags/example_branch_python_dop_operator_3.py for tasks to queue
[2022-09-20T14:08:34.446+0000] {logging_mixin.py:117} INFO - [2022-09-20T14:08:34.446+0000] {dagbag.py:525} INFO - Filling up the DagBag from /home/airflow/.local/lib/python3.7/site-packages/airflow/example_dags/example_branch_python_dop_operator_3.py
[2022-09-20T14:08:34.793+0000] {processor.py:768} INFO - DAG(s) dict_keys(['example_branch_dop_operator_v3']) retrieved from /home/airflow/.local/lib/python3.7/site-packages/airflow/example_dags/example_branch_python_dop_operator_3.py
[2022-09-20T14:08:36.112+0000] {logging_mixin.py:117} INFO - [2022-09-20T14:08:36.112+0000] {dag.py:2573} INFO - Sync 1 DAGs
[2022-09-20T14:08:36.159+0000] {logging_mixin.py:117} INFO - [2022-09-20T14:08:36.159+0000] {dag.py:3328} INFO - Setting next_dagrun for example_branch_dop_operator_v3 to 2022-09-20T14:07:00+00:00, run_after=2022-09-20T14:08:00+00:00
[2022-09-20T14:08:38.911+0000] {processor.py:178} INFO - Processing /home/airflow/.local/lib/python3.7/site-packages/airflow/example_dags/example_branch_python_dop_operator_3.py took 4.943 seconds
[2022-09-20T14:11:16.518+0000] {processor.py:156} INFO - Started process (PID=550) to work on /home/airflow/.local/lib/python3.7/site-packages/airflow/example_dags/example_branch_python_dop_operator_3.py
[2022-09-20T14:11:16.699+0000] {processor.py:758} INFO - Processing file /home/airflow/.local/lib/python3.7/site-packages/airflow/example_dags/example_branch_python_dop_operator_3.py for tasks to queue
[2022-09-20T14:11:16.701+0000] {logging_mixin.py:117} INFO - [2022-09-20T14:11:16.701+0000] {dagbag.py:525} INFO - Filling up the DagBag from /home/airflow/.local/lib/python3.7/site-packages/airflow/example_dags/example_branch_python_dop_operator_3.py
[2022-09-20T14:11:16.763+0000] {processor.py:768} INFO - DAG(s) dict_keys(['example_branch_dop_operator_v3']) retrieved from /home/airflow/.local/lib/python3.7/site-packages/airflow/example_dags/example_branch_python_dop_operator_3.py
[2022-09-20T14:11:16.803+0000] {logging_mixin.py:117} INFO - [2022-09-20T14:11:16.802+0000] {dag.py:2573} INFO - Sync 1 DAGs
[2022-09-20T14:11:16.833+0000] {logging_mixin.py:117} INFO - [2022-09-20T14:11:16.833+0000] {dag.py:3328} INFO - Setting next_dagrun for example_branch_dop_operator_v3 to 2022-09-20T14:10:00+00:00, run_after=2022-09-20T14:11:00+00:00
[2022-09-20T14:11:19.354+0000] {processor.py:178} INFO - Processing /home/airflow/.local/lib/python3.7/site-packages/airflow/example_dags/example_branch_python_dop_operator_3.py took 2.488 seconds
[2022-09-20T14:11:52.898+0000] {processor.py:156} INFO - Started process (PID=595) to work on /home/airflow/.local/lib/python3.7/site-packages/airflow/example_dags/example_branch_python_dop_operator_3.py
[2022-09-20T14:11:54.090+0000] {processor.py:758} INFO - Processing file /home/airflow/.local/lib/python3.7/site-packages/airflow/example_dags/example_branch_python_dop_operator_3.py for tasks to queue
[2022-09-20T14:11:54.091+0000] {logging_mixin.py:117} INFO - [2022-09-20T14:11:54.091+0000] {dagbag.py:525} INFO - Filling up the DagBag from /home/airflow/.local/lib/python3.7/site-packages/airflow/example_dags/example_branch_python_dop_operator_3.py
[2022-09-20T14:11:54.126+0000] {processor.py:768} INFO - DAG(s) dict_keys(['example_branch_dop_operator_v3']) retrieved from /home/airflow/.local/lib/python3.7/site-packages/airflow/example_dags/example_branch_python_dop_operator_3.py
[2022-09-20T14:11:54.162+0000] {logging_mixin.py:117} INFO - [2022-09-20T14:11:54.162+0000] {dag.py:2573} INFO - Sync 1 DAGs
[2022-09-20T14:11:54.192+0000] {logging_mixin.py:117} INFO - [2022-09-20T14:11:54.192+0000] {dag.py:3328} INFO - Setting next_dagrun for example_branch_dop_operator_v3 to 2022-09-20T14:10:00+00:00, run_after=2022-09-20T14:11:00+00:00
[2022-09-20T14:12:04.445+0000] {processor.py:178} INFO - Processing /home/airflow/.local/lib/python3.7/site-packages/airflow/example_dags/example_branch_python_dop_operator_3.py took 11.551 seconds
[2022-09-20T14:14:14.573+0000] {processor.py:156} INFO - Started process (PID=669) to work on /home/airflow/.local/lib/python3.7/site-packages/airflow/example_dags/example_branch_python_dop_operator_3.py
[2022-09-20T14:14:15.108+0000] {processor.py:758} INFO - Processing file /home/airflow/.local/lib/python3.7/site-packages/airflow/example_dags/example_branch_python_dop_operator_3.py for tasks to queue
[2022-09-20T14:14:15.110+0000] {logging_mixin.py:117} INFO - [2022-09-20T14:14:15.109+0000] {dagbag.py:525} INFO - Filling up the DagBag from /home/airflow/.local/lib/python3.7/site-packages/airflow/example_dags/example_branch_python_dop_operator_3.py
[2022-09-20T14:14:15.150+0000] {processor.py:768} INFO - DAG(s) dict_keys(['example_branch_dop_operator_v3']) retrieved from /home/airflow/.local/lib/python3.7/site-packages/airflow/example_dags/example_branch_python_dop_operator_3.py
[2022-09-20T14:14:15.193+0000] {logging_mixin.py:117} INFO - [2022-09-20T14:14:15.193+0000] {dag.py:2573} INFO - Sync 1 DAGs
[2022-09-20T14:14:15.225+0000] {logging_mixin.py:117} INFO - [2022-09-20T14:14:15.225+0000] {dag.py:3328} INFO - Setting next_dagrun for example_branch_dop_operator_v3 to 2022-09-20T14:13:00+00:00, run_after=2022-09-20T14:14:00+00:00
[2022-09-20T14:14:16.165+0000] {processor.py:178} INFO - Processing /home/airflow/.local/lib/python3.7/site-packages/airflow/example_dags/example_branch_python_dop_operator_3.py took 1.596 seconds
[2022-09-20T14:15:00.277+0000] {processor.py:156} INFO - Started process (PID=715) to work on /home/airflow/.local/lib/python3.7/site-packages/airflow/example_dags/example_branch_python_dop_operator_3.py
[2022-09-20T14:15:00.310+0000] {processor.py:758} INFO - Processing file /home/airflow/.local/lib/python3.7/site-packages/airflow/example_dags/example_branch_python_dop_operator_3.py for tasks to queue
[2022-09-20T14:15:00.311+0000] {logging_mixin.py:117} INFO - [2022-09-20T14:15:00.311+0000] {dagbag.py:525} INFO - Filling up the DagBag from /home/airflow/.local/lib/python3.7/site-packages/airflow/example_dags/example_branch_python_dop_operator_3.py
[2022-09-20T14:15:00.343+0000] {processor.py:768} INFO - DAG(s) dict_keys(['example_branch_dop_operator_v3']) retrieved from /home/airflow/.local/lib/python3.7/site-packages/airflow/example_dags/example_branch_python_dop_operator_3.py
[2022-09-20T14:15:00.383+0000] {logging_mixin.py:117} INFO - [2022-09-20T14:15:00.383+0000] {dag.py:2573} INFO - Sync 1 DAGs
[2022-09-20T14:15:00.414+0000] {logging_mixin.py:117} INFO - [2022-09-20T14:15:00.414+0000] {dag.py:3328} INFO - Setting next_dagrun for example_branch_dop_operator_v3 to 2022-09-20T14:14:00+00:00, run_after=2022-09-20T14:15:00+00:00
[2022-09-20T14:15:00.695+0000] {processor.py:178} INFO - Processing /home/airflow/.local/lib/python3.7/site-packages/airflow/example_dags/example_branch_python_dop_operator_3.py took 0.423 seconds
[2022-09-20T14:16:23.914+0000] {processor.py:156} INFO - Started process (PID=781) to work on /home/airflow/.local/lib/python3.7/site-packages/airflow/example_dags/example_branch_python_dop_operator_3.py
[2022-09-20T14:16:23.998+0000] {processor.py:758} INFO - Processing file /home/airflow/.local/lib/python3.7/site-packages/airflow/example_dags/example_branch_python_dop_operator_3.py for tasks to queue
[2022-09-20T14:16:24.001+0000] {logging_mixin.py:117} INFO - [2022-09-20T14:16:24.000+0000] {dagbag.py:525} INFO - Filling up the DagBag from /home/airflow/.local/lib/python3.7/site-packages/airflow/example_dags/example_branch_python_dop_operator_3.py
[2022-09-20T14:16:24.044+0000] {processor.py:768} INFO - DAG(s) dict_keys(['example_branch_dop_operator_v3']) retrieved from /home/airflow/.local/lib/python3.7/site-packages/airflow/example_dags/example_branch_python_dop_operator_3.py
[2022-09-20T14:16:24.083+0000] {logging_mixin.py:117} INFO - [2022-09-20T14:16:24.083+0000] {dag.py:2573} INFO - Sync 1 DAGs
[2022-09-20T14:16:24.111+0000] {logging_mixin.py:117} INFO - [2022-09-20T14:16:24.111+0000] {dag.py:3328} INFO - Setting next_dagrun for example_branch_dop_operator_v3 to 2022-09-20T14:15:00+00:00, run_after=2022-09-20T14:16:00+00:00
[2022-09-20T14:16:24.547+0000] {processor.py:178} INFO - Processing /home/airflow/.local/lib/python3.7/site-packages/airflow/example_dags/example_branch_python_dop_operator_3.py took 0.636 seconds
[2022-09-20T14:17:59.217+0000] {processor.py:156} INFO - Started process (PID=868) to work on /home/airflow/.local/lib/python3.7/site-packages/airflow/example_dags/example_branch_python_dop_operator_3.py
[2022-09-20T14:17:59.504+0000] {processor.py:758} INFO - Processing file /home/airflow/.local/lib/python3.7/site-packages/airflow/example_dags/example_branch_python_dop_operator_3.py for tasks to queue
[2022-09-20T14:17:59.505+0000] {logging_mixin.py:117} INFO - [2022-09-20T14:17:59.505+0000] {dagbag.py:525} INFO - Filling up the DagBag from /home/airflow/.local/lib/python3.7/site-packages/airflow/example_dags/example_branch_python_dop_operator_3.py
[2022-09-20T14:17:59.543+0000] {processor.py:768} INFO - DAG(s) dict_keys(['example_branch_dop_operator_v3']) retrieved from /home/airflow/.local/lib/python3.7/site-packages/airflow/example_dags/example_branch_python_dop_operator_3.py
[2022-09-20T14:17:59.588+0000] {logging_mixin.py:117} INFO - [2022-09-20T14:17:59.588+0000] {dag.py:2573} INFO - Sync 1 DAGs
[2022-09-20T14:17:59.622+0000] {logging_mixin.py:117} INFO - [2022-09-20T14:17:59.622+0000] {dag.py:3328} INFO - Setting next_dagrun for example_branch_dop_operator_v3 to 2022-09-20T14:16:00+00:00, run_after=2022-09-20T14:17:00+00:00
[2022-09-20T14:17:59.955+0000] {processor.py:178} INFO - Processing /home/airflow/.local/lib/python3.7/site-packages/airflow/example_dags/example_branch_python_dop_operator_3.py took 0.748 seconds
[2022-09-20T14:19:07.661+0000] {processor.py:156} INFO - Started process (PID=915) to work on /home/airflow/.local/lib/python3.7/site-packages/airflow/example_dags/example_branch_python_dop_operator_3.py
[2022-09-20T14:19:08.137+0000] {processor.py:758} INFO - Processing file /home/airflow/.local/lib/python3.7/site-packages/airflow/example_dags/example_branch_python_dop_operator_3.py for tasks to queue
[2022-09-20T14:19:08.251+0000] {logging_mixin.py:117} INFO - [2022-09-20T14:19:08.250+0000] {dagbag.py:525} INFO - Filling up the DagBag from /home/airflow/.local/lib/python3.7/site-packages/airflow/example_dags/example_branch_python_dop_operator_3.py
[2022-09-20T14:19:08.314+0000] {processor.py:768} INFO - DAG(s) dict_keys(['example_branch_dop_operator_v3']) retrieved from /home/airflow/.local/lib/python3.7/site-packages/airflow/example_dags/example_branch_python_dop_operator_3.py
[2022-09-20T14:19:08.355+0000] {logging_mixin.py:117} INFO - [2022-09-20T14:19:08.355+0000] {dag.py:2573} INFO - Sync 1 DAGs
[2022-09-20T14:19:08.385+0000] {logging_mixin.py:117} INFO - [2022-09-20T14:19:08.384+0000] {dag.py:3328} INFO - Setting next_dagrun for example_branch_dop_operator_v3 to 2022-09-20T14:18:00+00:00, run_after=2022-09-20T14:19:00+00:00
[2022-09-20T14:19:09.153+0000] {processor.py:178} INFO - Processing /home/airflow/.local/lib/python3.7/site-packages/airflow/example_dags/example_branch_python_dop_operator_3.py took 1.495 seconds
[2022-09-20T14:21:27.290+0000] {processor.py:156} INFO - Started process (PID=972) to work on /home/airflow/.local/lib/python3.7/site-packages/airflow/example_dags/example_branch_python_dop_operator_3.py
[2022-09-20T14:21:27.529+0000] {processor.py:758} INFO - Processing file /home/airflow/.local/lib/python3.7/site-packages/airflow/example_dags/example_branch_python_dop_operator_3.py for tasks to queue
[2022-09-20T14:21:27.530+0000] {logging_mixin.py:117} INFO - [2022-09-20T14:21:27.530+0000] {dagbag.py:525} INFO - Filling up the DagBag from /home/airflow/.local/lib/python3.7/site-packages/airflow/example_dags/example_branch_python_dop_operator_3.py
[2022-09-20T14:21:27.580+0000] {processor.py:768} INFO - DAG(s) dict_keys(['example_branch_dop_operator_v3']) retrieved from /home/airflow/.local/lib/python3.7/site-packages/airflow/example_dags/example_branch_python_dop_operator_3.py
[2022-09-20T14:21:27.665+0000] {logging_mixin.py:117} INFO - [2022-09-20T14:21:27.664+0000] {dag.py:2573} INFO - Sync 1 DAGs
[2022-09-20T14:21:27.740+0000] {logging_mixin.py:117} INFO - [2022-09-20T14:21:27.739+0000] {dag.py:3328} INFO - Setting next_dagrun for example_branch_dop_operator_v3 to 2022-09-20T14:20:00+00:00, run_after=2022-09-20T14:21:00+00:00
[2022-09-20T14:21:28.183+0000] {processor.py:178} INFO - Processing /home/airflow/.local/lib/python3.7/site-packages/airflow/example_dags/example_branch_python_dop_operator_3.py took 0.896 seconds
[2022-09-20T14:24:55.029+0000] {processor.py:156} INFO - Started process (PID=1051) to work on /home/airflow/.local/lib/python3.7/site-packages/airflow/example_dags/example_branch_python_dop_operator_3.py
[2022-09-20T14:24:55.153+0000] {processor.py:758} INFO - Processing file /home/airflow/.local/lib/python3.7/site-packages/airflow/example_dags/example_branch_python_dop_operator_3.py for tasks to queue
[2022-09-20T14:24:55.156+0000] {logging_mixin.py:117} INFO - [2022-09-20T14:24:55.155+0000] {dagbag.py:525} INFO - Filling up the DagBag from /home/airflow/.local/lib/python3.7/site-packages/airflow/example_dags/example_branch_python_dop_operator_3.py
[2022-09-20T14:24:55.204+0000] {processor.py:768} INFO - DAG(s) dict_keys(['example_branch_dop_operator_v3']) retrieved from /home/airflow/.local/lib/python3.7/site-packages/airflow/example_dags/example_branch_python_dop_operator_3.py
[2022-09-20T14:24:55.244+0000] {logging_mixin.py:117} INFO - [2022-09-20T14:24:55.244+0000] {dag.py:2573} INFO - Sync 1 DAGs
[2022-09-20T14:24:55.279+0000] {logging_mixin.py:117} INFO - [2022-09-20T14:24:55.279+0000] {dag.py:3328} INFO - Setting next_dagrun for example_branch_dop_operator_v3 to 2022-09-20T14:23:00+00:00, run_after=2022-09-20T14:24:00+00:00
[2022-09-20T14:24:55.559+0000] {processor.py:178} INFO - Processing /home/airflow/.local/lib/python3.7/site-packages/airflow/example_dags/example_branch_python_dop_operator_3.py took 0.535 seconds
[2022-09-20T14:25:28.933+0000] {processor.py:156} INFO - Started process (PID=1105) to work on /home/airflow/.local/lib/python3.7/site-packages/airflow/example_dags/example_branch_python_dop_operator_3.py
[2022-09-20T14:25:29.081+0000] {processor.py:758} INFO - Processing file /home/airflow/.local/lib/python3.7/site-packages/airflow/example_dags/example_branch_python_dop_operator_3.py for tasks to queue
[2022-09-20T14:25:29.083+0000] {logging_mixin.py:117} INFO - [2022-09-20T14:25:29.082+0000] {dagbag.py:525} INFO - Filling up the DagBag from /home/airflow/.local/lib/python3.7/site-packages/airflow/example_dags/example_branch_python_dop_operator_3.py
[2022-09-20T14:25:29.129+0000] {processor.py:768} INFO - DAG(s) dict_keys(['example_branch_dop_operator_v3']) retrieved from /home/airflow/.local/lib/python3.7/site-packages/airflow/example_dags/example_branch_python_dop_operator_3.py
[2022-09-20T14:25:29.168+0000] {logging_mixin.py:117} INFO - [2022-09-20T14:25:29.168+0000] {dag.py:2573} INFO - Sync 1 DAGs
[2022-09-20T14:25:29.198+0000] {logging_mixin.py:117} INFO - [2022-09-20T14:25:29.198+0000] {dag.py:3328} INFO - Setting next_dagrun for example_branch_dop_operator_v3 to 2022-09-20T14:24:00+00:00, run_after=2022-09-20T14:25:00+00:00
[2022-09-20T14:25:30.040+0000] {processor.py:178} INFO - Processing /home/airflow/.local/lib/python3.7/site-packages/airflow/example_dags/example_branch_python_dop_operator_3.py took 1.112 seconds
[2022-09-20T14:28:31.101+0000] {processor.py:156} INFO - Started process (PID=1181) to work on /home/airflow/.local/lib/python3.7/site-packages/airflow/example_dags/example_branch_python_dop_operator_3.py
[2022-09-20T14:28:31.317+0000] {processor.py:758} INFO - Processing file /home/airflow/.local/lib/python3.7/site-packages/airflow/example_dags/example_branch_python_dop_operator_3.py for tasks to queue
[2022-09-20T14:28:31.317+0000] {logging_mixin.py:117} INFO - [2022-09-20T14:28:31.317+0000] {dagbag.py:525} INFO - Filling up the DagBag from /home/airflow/.local/lib/python3.7/site-packages/airflow/example_dags/example_branch_python_dop_operator_3.py
[2022-09-20T14:28:31.344+0000] {processor.py:768} INFO - DAG(s) dict_keys(['example_branch_dop_operator_v3']) retrieved from /home/airflow/.local/lib/python3.7/site-packages/airflow/example_dags/example_branch_python_dop_operator_3.py
[2022-09-20T14:28:31.383+0000] {logging_mixin.py:117} INFO - [2022-09-20T14:28:31.383+0000] {dag.py:2573} INFO - Sync 1 DAGs
[2022-09-20T14:28:31.413+0000] {logging_mixin.py:117} INFO - [2022-09-20T14:28:31.413+0000] {dag.py:3328} INFO - Setting next_dagrun for example_branch_dop_operator_v3 to 2022-09-20T14:27:00+00:00, run_after=2022-09-20T14:28:00+00:00
[2022-09-20T14:28:32.945+0000] {processor.py:178} INFO - Processing /home/airflow/.local/lib/python3.7/site-packages/airflow/example_dags/example_branch_python_dop_operator_3.py took 1.849 seconds
[2022-09-20T14:31:41.078+0000] {processor.py:156} INFO - Started process (PID=1227) to work on /home/airflow/.local/lib/python3.7/site-packages/airflow/example_dags/example_branch_python_dop_operator_3.py
[2022-09-20T14:31:41.626+0000] {processor.py:758} INFO - Processing file /home/airflow/.local/lib/python3.7/site-packages/airflow/example_dags/example_branch_python_dop_operator_3.py for tasks to queue
[2022-09-20T14:31:41.627+0000] {logging_mixin.py:117} INFO - [2022-09-20T14:31:41.627+0000] {dagbag.py:525} INFO - Filling up the DagBag from /home/airflow/.local/lib/python3.7/site-packages/airflow/example_dags/example_branch_python_dop_operator_3.py
[2022-09-20T14:31:41.968+0000] {processor.py:768} INFO - DAG(s) dict_keys(['example_branch_dop_operator_v3']) retrieved from /home/airflow/.local/lib/python3.7/site-packages/airflow/example_dags/example_branch_python_dop_operator_3.py
[2022-09-20T14:31:42.020+0000] {logging_mixin.py:117} INFO - [2022-09-20T14:31:42.020+0000] {dag.py:2573} INFO - Sync 1 DAGs
[2022-09-20T14:31:42.061+0000] {logging_mixin.py:117} INFO - [2022-09-20T14:31:42.060+0000] {dag.py:3328} INFO - Setting next_dagrun for example_branch_dop_operator_v3 to 2022-09-20T14:30:00+00:00, run_after=2022-09-20T14:31:00+00:00
[2022-09-20T14:31:42.679+0000] {processor.py:178} INFO - Processing /home/airflow/.local/lib/python3.7/site-packages/airflow/example_dags/example_branch_python_dop_operator_3.py took 1.608 seconds
[2022-09-20T14:33:26.486+0000] {processor.py:156} INFO - Started process (PID=1292) to work on /home/airflow/.local/lib/python3.7/site-packages/airflow/example_dags/example_branch_python_dop_operator_3.py
[2022-09-20T14:33:26.609+0000] {processor.py:758} INFO - Processing file /home/airflow/.local/lib/python3.7/site-packages/airflow/example_dags/example_branch_python_dop_operator_3.py for tasks to queue
[2022-09-20T14:33:26.610+0000] {logging_mixin.py:117} INFO - [2022-09-20T14:33:26.610+0000] {dagbag.py:525} INFO - Filling up the DagBag from /home/airflow/.local/lib/python3.7/site-packages/airflow/example_dags/example_branch_python_dop_operator_3.py
[2022-09-20T14:33:26.647+0000] {processor.py:768} INFO - DAG(s) dict_keys(['example_branch_dop_operator_v3']) retrieved from /home/airflow/.local/lib/python3.7/site-packages/airflow/example_dags/example_branch_python_dop_operator_3.py
[2022-09-20T14:33:26.686+0000] {logging_mixin.py:117} INFO - [2022-09-20T14:33:26.686+0000] {dag.py:2573} INFO - Sync 1 DAGs
[2022-09-20T14:33:26.857+0000] {logging_mixin.py:117} INFO - [2022-09-20T14:33:26.857+0000] {dag.py:3328} INFO - Setting next_dagrun for example_branch_dop_operator_v3 to 2022-09-20T14:32:00+00:00, run_after=2022-09-20T14:33:00+00:00
[2022-09-20T14:33:29.206+0000] {processor.py:178} INFO - Processing /home/airflow/.local/lib/python3.7/site-packages/airflow/example_dags/example_branch_python_dop_operator_3.py took 1.621 seconds
[2022-09-20T17:10:55.883+0000] {processor.py:156} INFO - Started process (PID=162) to work on /home/airflow/.local/lib/python3.7/site-packages/airflow/example_dags/example_branch_python_dop_operator_3.py
[2022-09-20T17:10:55.907+0000] {processor.py:758} INFO - Processing file /home/airflow/.local/lib/python3.7/site-packages/airflow/example_dags/example_branch_python_dop_operator_3.py for tasks to queue
[2022-09-20T17:10:55.909+0000] {logging_mixin.py:117} INFO - [2022-09-20T17:10:55.909+0000] {dagbag.py:525} INFO - Filling up the DagBag from /home/airflow/.local/lib/python3.7/site-packages/airflow/example_dags/example_branch_python_dop_operator_3.py
[2022-09-20T17:10:55.941+0000] {processor.py:768} INFO - DAG(s) dict_keys(['example_branch_dop_operator_v3']) retrieved from /home/airflow/.local/lib/python3.7/site-packages/airflow/example_dags/example_branch_python_dop_operator_3.py
[2022-09-20T17:10:56.151+0000] {logging_mixin.py:117} INFO - [2022-09-20T17:10:56.151+0000] {dag.py:2573} INFO - Sync 1 DAGs
[2022-09-20T17:10:56.196+0000] {logging_mixin.py:117} INFO - [2022-09-20T17:10:56.195+0000] {dag.py:3328} INFO - Setting next_dagrun for example_branch_dop_operator_v3 to 2022-09-20T17:09:00+00:00, run_after=2022-09-20T17:10:00+00:00
[2022-09-20T17:10:56.458+0000] {processor.py:178} INFO - Processing /home/airflow/.local/lib/python3.7/site-packages/airflow/example_dags/example_branch_python_dop_operator_3.py took 0.581 seconds
[2022-09-20T17:12:07.069+0000] {processor.py:156} INFO - Started process (PID=232) to work on /home/airflow/.local/lib/python3.7/site-packages/airflow/example_dags/example_branch_python_dop_operator_3.py
[2022-09-20T17:12:07.234+0000] {processor.py:758} INFO - Processing file /home/airflow/.local/lib/python3.7/site-packages/airflow/example_dags/example_branch_python_dop_operator_3.py for tasks to queue
[2022-09-20T17:12:07.236+0000] {logging_mixin.py:117} INFO - [2022-09-20T17:12:07.236+0000] {dagbag.py:525} INFO - Filling up the DagBag from /home/airflow/.local/lib/python3.7/site-packages/airflow/example_dags/example_branch_python_dop_operator_3.py
[2022-09-20T17:12:07.825+0000] {processor.py:768} INFO - DAG(s) dict_keys(['example_branch_dop_operator_v3']) retrieved from /home/airflow/.local/lib/python3.7/site-packages/airflow/example_dags/example_branch_python_dop_operator_3.py
[2022-09-20T17:12:09.652+0000] {logging_mixin.py:117} INFO - [2022-09-20T17:12:09.652+0000] {dag.py:2573} INFO - Sync 1 DAGs
[2022-09-20T17:12:09.741+0000] {logging_mixin.py:117} INFO - [2022-09-20T17:12:09.741+0000] {dag.py:3328} INFO - Setting next_dagrun for example_branch_dop_operator_v3 to 2022-09-20T17:11:00+00:00, run_after=2022-09-20T17:12:00+00:00
[2022-09-20T17:12:10.338+0000] {processor.py:178} INFO - Processing /home/airflow/.local/lib/python3.7/site-packages/airflow/example_dags/example_branch_python_dop_operator_3.py took 3.276 seconds
[2022-09-20T17:12:46.235+0000] {processor.py:156} INFO - Started process (PID=286) to work on /home/airflow/.local/lib/python3.7/site-packages/airflow/example_dags/example_branch_python_dop_operator_3.py
[2022-09-20T17:12:46.320+0000] {processor.py:758} INFO - Processing file /home/airflow/.local/lib/python3.7/site-packages/airflow/example_dags/example_branch_python_dop_operator_3.py for tasks to queue
[2022-09-20T17:12:46.322+0000] {logging_mixin.py:117} INFO - [2022-09-20T17:12:46.322+0000] {dagbag.py:525} INFO - Filling up the DagBag from /home/airflow/.local/lib/python3.7/site-packages/airflow/example_dags/example_branch_python_dop_operator_3.py
[2022-09-20T17:12:46.610+0000] {processor.py:768} INFO - DAG(s) dict_keys(['example_branch_dop_operator_v3']) retrieved from /home/airflow/.local/lib/python3.7/site-packages/airflow/example_dags/example_branch_python_dop_operator_3.py
[2022-09-20T17:12:46.678+0000] {logging_mixin.py:117} INFO - [2022-09-20T17:12:46.678+0000] {dag.py:2573} INFO - Sync 1 DAGs
[2022-09-20T17:12:46.742+0000] {logging_mixin.py:117} INFO - [2022-09-20T17:12:46.742+0000] {dag.py:3328} INFO - Setting next_dagrun for example_branch_dop_operator_v3 to 2022-09-20T17:11:00+00:00, run_after=2022-09-20T17:12:00+00:00
[2022-09-20T17:12:49.708+0000] {processor.py:178} INFO - Processing /home/airflow/.local/lib/python3.7/site-packages/airflow/example_dags/example_branch_python_dop_operator_3.py took 3.487 seconds
[2022-09-20T17:13:33.155+0000] {processor.py:156} INFO - Started process (PID=343) to work on /home/airflow/.local/lib/python3.7/site-packages/airflow/example_dags/example_branch_python_dop_operator_3.py
[2022-09-20T17:13:33.924+0000] {processor.py:758} INFO - Processing file /home/airflow/.local/lib/python3.7/site-packages/airflow/example_dags/example_branch_python_dop_operator_3.py for tasks to queue
[2022-09-20T17:13:33.926+0000] {logging_mixin.py:117} INFO - [2022-09-20T17:13:33.925+0000] {dagbag.py:525} INFO - Filling up the DagBag from /home/airflow/.local/lib/python3.7/site-packages/airflow/example_dags/example_branch_python_dop_operator_3.py
[2022-09-20T17:13:33.999+0000] {processor.py:768} INFO - DAG(s) dict_keys(['example_branch_dop_operator_v3']) retrieved from /home/airflow/.local/lib/python3.7/site-packages/airflow/example_dags/example_branch_python_dop_operator_3.py
[2022-09-20T17:13:35.936+0000] {logging_mixin.py:117} INFO - [2022-09-20T17:13:35.936+0000] {dag.py:2573} INFO - Sync 1 DAGs
[2022-09-20T17:13:35.975+0000] {logging_mixin.py:117} INFO - [2022-09-20T17:13:35.975+0000] {dag.py:3328} INFO - Setting next_dagrun for example_branch_dop_operator_v3 to 2022-09-20T17:12:00+00:00, run_after=2022-09-20T17:13:00+00:00
[2022-09-20T17:13:37.190+0000] {processor.py:178} INFO - Processing /home/airflow/.local/lib/python3.7/site-packages/airflow/example_dags/example_branch_python_dop_operator_3.py took 4.039 seconds
[2022-09-20T17:14:08.232+0000] {processor.py:156} INFO - Started process (PID=390) to work on /home/airflow/.local/lib/python3.7/site-packages/airflow/example_dags/example_branch_python_dop_operator_3.py
[2022-09-20T17:14:08.350+0000] {processor.py:758} INFO - Processing file /home/airflow/.local/lib/python3.7/site-packages/airflow/example_dags/example_branch_python_dop_operator_3.py for tasks to queue
[2022-09-20T17:14:08.351+0000] {logging_mixin.py:117} INFO - [2022-09-20T17:14:08.351+0000] {dagbag.py:525} INFO - Filling up the DagBag from /home/airflow/.local/lib/python3.7/site-packages/airflow/example_dags/example_branch_python_dop_operator_3.py
[2022-09-20T17:14:08.379+0000] {processor.py:768} INFO - DAG(s) dict_keys(['example_branch_dop_operator_v3']) retrieved from /home/airflow/.local/lib/python3.7/site-packages/airflow/example_dags/example_branch_python_dop_operator_3.py
[2022-09-20T17:14:08.440+0000] {logging_mixin.py:117} INFO - [2022-09-20T17:14:08.440+0000] {dag.py:2573} INFO - Sync 1 DAGs
[2022-09-20T17:14:08.481+0000] {logging_mixin.py:117} INFO - [2022-09-20T17:14:08.481+0000] {dag.py:3328} INFO - Setting next_dagrun for example_branch_dop_operator_v3 to 2022-09-20T17:13:00+00:00, run_after=2022-09-20T17:14:00+00:00
[2022-09-20T17:14:09.081+0000] {processor.py:178} INFO - Processing /home/airflow/.local/lib/python3.7/site-packages/airflow/example_dags/example_branch_python_dop_operator_3.py took 0.867 seconds
[2022-09-20T17:14:58.068+0000] {processor.py:156} INFO - Started process (PID=459) to work on /home/airflow/.local/lib/python3.7/site-packages/airflow/example_dags/example_branch_python_dop_operator_3.py
[2022-09-20T17:14:58.213+0000] {processor.py:758} INFO - Processing file /home/airflow/.local/lib/python3.7/site-packages/airflow/example_dags/example_branch_python_dop_operator_3.py for tasks to queue
[2022-09-20T17:14:58.214+0000] {logging_mixin.py:117} INFO - [2022-09-20T17:14:58.213+0000] {dagbag.py:525} INFO - Filling up the DagBag from /home/airflow/.local/lib/python3.7/site-packages/airflow/example_dags/example_branch_python_dop_operator_3.py
[2022-09-20T17:14:58.260+0000] {processor.py:768} INFO - DAG(s) dict_keys(['example_branch_dop_operator_v3']) retrieved from /home/airflow/.local/lib/python3.7/site-packages/airflow/example_dags/example_branch_python_dop_operator_3.py
[2022-09-20T17:14:58.724+0000] {logging_mixin.py:117} INFO - [2022-09-20T17:14:58.723+0000] {dag.py:2573} INFO - Sync 1 DAGs
[2022-09-20T17:14:58.844+0000] {logging_mixin.py:117} INFO - [2022-09-20T17:14:58.843+0000] {dag.py:3328} INFO - Setting next_dagrun for example_branch_dop_operator_v3 to 2022-09-20T17:13:00+00:00, run_after=2022-09-20T17:14:00+00:00
[2022-09-20T17:14:59.268+0000] {processor.py:178} INFO - Processing /home/airflow/.local/lib/python3.7/site-packages/airflow/example_dags/example_branch_python_dop_operator_3.py took 1.206 seconds
[2022-09-20T17:15:29.818+0000] {processor.py:156} INFO - Started process (PID=504) to work on /home/airflow/.local/lib/python3.7/site-packages/airflow/example_dags/example_branch_python_dop_operator_3.py
[2022-09-20T17:15:29.819+0000] {processor.py:758} INFO - Processing file /home/airflow/.local/lib/python3.7/site-packages/airflow/example_dags/example_branch_python_dop_operator_3.py for tasks to queue
[2022-09-20T17:15:29.821+0000] {logging_mixin.py:117} INFO - [2022-09-20T17:15:29.820+0000] {dagbag.py:525} INFO - Filling up the DagBag from /home/airflow/.local/lib/python3.7/site-packages/airflow/example_dags/example_branch_python_dop_operator_3.py
[2022-09-20T17:15:29.862+0000] {processor.py:768} INFO - DAG(s) dict_keys(['example_branch_dop_operator_v3']) retrieved from /home/airflow/.local/lib/python3.7/site-packages/airflow/example_dags/example_branch_python_dop_operator_3.py
[2022-09-20T17:15:29.932+0000] {logging_mixin.py:117} INFO - [2022-09-20T17:15:29.932+0000] {dag.py:2573} INFO - Sync 1 DAGs
[2022-09-20T17:15:29.977+0000] {logging_mixin.py:117} INFO - [2022-09-20T17:15:29.977+0000] {dag.py:3328} INFO - Setting next_dagrun for example_branch_dop_operator_v3 to 2022-09-20T17:14:00+00:00, run_after=2022-09-20T17:15:00+00:00
[2022-09-20T17:15:30.853+0000] {processor.py:178} INFO - Processing /home/airflow/.local/lib/python3.7/site-packages/airflow/example_dags/example_branch_python_dop_operator_3.py took 1.040 seconds
[2022-09-20T17:16:11.986+0000] {processor.py:156} INFO - Started process (PID=559) to work on /home/airflow/.local/lib/python3.7/site-packages/airflow/example_dags/example_branch_python_dop_operator_3.py
[2022-09-20T17:16:12.157+0000] {processor.py:758} INFO - Processing file /home/airflow/.local/lib/python3.7/site-packages/airflow/example_dags/example_branch_python_dop_operator_3.py for tasks to queue
[2022-09-20T17:16:12.158+0000] {logging_mixin.py:117} INFO - [2022-09-20T17:16:12.158+0000] {dagbag.py:525} INFO - Filling up the DagBag from /home/airflow/.local/lib/python3.7/site-packages/airflow/example_dags/example_branch_python_dop_operator_3.py
[2022-09-20T17:16:12.187+0000] {processor.py:768} INFO - DAG(s) dict_keys(['example_branch_dop_operator_v3']) retrieved from /home/airflow/.local/lib/python3.7/site-packages/airflow/example_dags/example_branch_python_dop_operator_3.py
[2022-09-20T17:16:12.236+0000] {logging_mixin.py:117} INFO - [2022-09-20T17:16:12.236+0000] {dag.py:2573} INFO - Sync 1 DAGs
[2022-09-20T17:16:12.275+0000] {logging_mixin.py:117} INFO - [2022-09-20T17:16:12.275+0000] {dag.py:3328} INFO - Setting next_dagrun for example_branch_dop_operator_v3 to 2022-09-20T17:15:00+00:00, run_after=2022-09-20T17:16:00+00:00
[2022-09-20T17:16:12.967+0000] {processor.py:178} INFO - Processing /home/airflow/.local/lib/python3.7/site-packages/airflow/example_dags/example_branch_python_dop_operator_3.py took 0.984 seconds
[2022-09-20T17:16:43.319+0000] {processor.py:156} INFO - Started process (PID=613) to work on /home/airflow/.local/lib/python3.7/site-packages/airflow/example_dags/example_branch_python_dop_operator_3.py
[2022-09-20T17:16:43.549+0000] {processor.py:758} INFO - Processing file /home/airflow/.local/lib/python3.7/site-packages/airflow/example_dags/example_branch_python_dop_operator_3.py for tasks to queue
[2022-09-20T17:16:43.550+0000] {logging_mixin.py:117} INFO - [2022-09-20T17:16:43.550+0000] {dagbag.py:525} INFO - Filling up the DagBag from /home/airflow/.local/lib/python3.7/site-packages/airflow/example_dags/example_branch_python_dop_operator_3.py
[2022-09-20T17:16:43.593+0000] {processor.py:768} INFO - DAG(s) dict_keys(['example_branch_dop_operator_v3']) retrieved from /home/airflow/.local/lib/python3.7/site-packages/airflow/example_dags/example_branch_python_dop_operator_3.py
[2022-09-20T17:16:43.662+0000] {logging_mixin.py:117} INFO - [2022-09-20T17:16:43.662+0000] {dag.py:2573} INFO - Sync 1 DAGs
[2022-09-20T17:16:43.726+0000] {logging_mixin.py:117} INFO - [2022-09-20T17:16:43.726+0000] {dag.py:3328} INFO - Setting next_dagrun for example_branch_dop_operator_v3 to 2022-09-20T17:15:00+00:00, run_after=2022-09-20T17:16:00+00:00
[2022-09-20T17:16:44.132+0000] {processor.py:178} INFO - Processing /home/airflow/.local/lib/python3.7/site-packages/airflow/example_dags/example_branch_python_dop_operator_3.py took 0.828 seconds
[2022-09-20T17:17:14.767+0000] {processor.py:156} INFO - Started process (PID=667) to work on /home/airflow/.local/lib/python3.7/site-packages/airflow/example_dags/example_branch_python_dop_operator_3.py
[2022-09-20T17:17:14.827+0000] {processor.py:758} INFO - Processing file /home/airflow/.local/lib/python3.7/site-packages/airflow/example_dags/example_branch_python_dop_operator_3.py for tasks to queue
[2022-09-20T17:17:14.828+0000] {logging_mixin.py:117} INFO - [2022-09-20T17:17:14.828+0000] {dagbag.py:525} INFO - Filling up the DagBag from /home/airflow/.local/lib/python3.7/site-packages/airflow/example_dags/example_branch_python_dop_operator_3.py
[2022-09-20T17:17:14.863+0000] {processor.py:768} INFO - DAG(s) dict_keys(['example_branch_dop_operator_v3']) retrieved from /home/airflow/.local/lib/python3.7/site-packages/airflow/example_dags/example_branch_python_dop_operator_3.py
[2022-09-20T17:17:14.911+0000] {logging_mixin.py:117} INFO - [2022-09-20T17:17:14.911+0000] {dag.py:2573} INFO - Sync 1 DAGs
[2022-09-20T17:17:14.949+0000] {logging_mixin.py:117} INFO - [2022-09-20T17:17:14.949+0000] {dag.py:3328} INFO - Setting next_dagrun for example_branch_dop_operator_v3 to 2022-09-20T17:16:00+00:00, run_after=2022-09-20T17:17:00+00:00
[2022-09-20T17:17:15.486+0000] {processor.py:178} INFO - Processing /home/airflow/.local/lib/python3.7/site-packages/airflow/example_dags/example_branch_python_dop_operator_3.py took 0.732 seconds
[2022-09-20T17:17:47.133+0000] {processor.py:156} INFO - Started process (PID=721) to work on /home/airflow/.local/lib/python3.7/site-packages/airflow/example_dags/example_branch_python_dop_operator_3.py
[2022-09-20T17:17:47.541+0000] {processor.py:758} INFO - Processing file /home/airflow/.local/lib/python3.7/site-packages/airflow/example_dags/example_branch_python_dop_operator_3.py for tasks to queue
[2022-09-20T17:17:47.542+0000] {logging_mixin.py:117} INFO - [2022-09-20T17:17:47.542+0000] {dagbag.py:525} INFO - Filling up the DagBag from /home/airflow/.local/lib/python3.7/site-packages/airflow/example_dags/example_branch_python_dop_operator_3.py
[2022-09-20T17:17:47.599+0000] {processor.py:768} INFO - DAG(s) dict_keys(['example_branch_dop_operator_v3']) retrieved from /home/airflow/.local/lib/python3.7/site-packages/airflow/example_dags/example_branch_python_dop_operator_3.py
[2022-09-20T17:17:47.690+0000] {logging_mixin.py:117} INFO - [2022-09-20T17:17:47.689+0000] {dag.py:2573} INFO - Sync 1 DAGs
[2022-09-20T17:17:47.770+0000] {logging_mixin.py:117} INFO - [2022-09-20T17:17:47.770+0000] {dag.py:3328} INFO - Setting next_dagrun for example_branch_dop_operator_v3 to 2022-09-20T17:16:00+00:00, run_after=2022-09-20T17:17:00+00:00
[2022-09-20T17:17:48.474+0000] {processor.py:178} INFO - Processing /home/airflow/.local/lib/python3.7/site-packages/airflow/example_dags/example_branch_python_dop_operator_3.py took 1.348 seconds
[2022-09-20T17:18:21.559+0000] {processor.py:156} INFO - Started process (PID=775) to work on /home/airflow/.local/lib/python3.7/site-packages/airflow/example_dags/example_branch_python_dop_operator_3.py
[2022-09-20T17:18:21.649+0000] {processor.py:758} INFO - Processing file /home/airflow/.local/lib/python3.7/site-packages/airflow/example_dags/example_branch_python_dop_operator_3.py for tasks to queue
[2022-09-20T17:18:21.650+0000] {logging_mixin.py:117} INFO - [2022-09-20T17:18:21.650+0000] {dagbag.py:525} INFO - Filling up the DagBag from /home/airflow/.local/lib/python3.7/site-packages/airflow/example_dags/example_branch_python_dop_operator_3.py
[2022-09-20T17:18:21.687+0000] {processor.py:768} INFO - DAG(s) dict_keys(['example_branch_dop_operator_v3']) retrieved from /home/airflow/.local/lib/python3.7/site-packages/airflow/example_dags/example_branch_python_dop_operator_3.py
[2022-09-20T17:18:21.752+0000] {logging_mixin.py:117} INFO - [2022-09-20T17:18:21.752+0000] {dag.py:2573} INFO - Sync 1 DAGs
[2022-09-20T17:18:21.847+0000] {logging_mixin.py:117} INFO - [2022-09-20T17:18:21.847+0000] {dag.py:3328} INFO - Setting next_dagrun for example_branch_dop_operator_v3 to 2022-09-20T17:17:00+00:00, run_after=2022-09-20T17:18:00+00:00
[2022-09-20T17:18:22.075+0000] {processor.py:178} INFO - Processing /home/airflow/.local/lib/python3.7/site-packages/airflow/example_dags/example_branch_python_dop_operator_3.py took 0.521 seconds
[2022-09-20T17:18:54.985+0000] {processor.py:156} INFO - Started process (PID=817) to work on /home/airflow/.local/lib/python3.7/site-packages/airflow/example_dags/example_branch_python_dop_operator_3.py
[2022-09-20T17:18:55.091+0000] {processor.py:758} INFO - Processing file /home/airflow/.local/lib/python3.7/site-packages/airflow/example_dags/example_branch_python_dop_operator_3.py for tasks to queue
[2022-09-20T17:18:55.094+0000] {logging_mixin.py:117} INFO - [2022-09-20T17:18:55.093+0000] {dagbag.py:525} INFO - Filling up the DagBag from /home/airflow/.local/lib/python3.7/site-packages/airflow/example_dags/example_branch_python_dop_operator_3.py
[2022-09-20T17:18:55.205+0000] {processor.py:768} INFO - DAG(s) dict_keys(['example_branch_dop_operator_v3']) retrieved from /home/airflow/.local/lib/python3.7/site-packages/airflow/example_dags/example_branch_python_dop_operator_3.py
[2022-09-20T17:18:55.293+0000] {logging_mixin.py:117} INFO - [2022-09-20T17:18:55.292+0000] {dag.py:2573} INFO - Sync 1 DAGs
[2022-09-20T17:18:55.435+0000] {logging_mixin.py:117} INFO - [2022-09-20T17:18:55.434+0000] {dag.py:3328} INFO - Setting next_dagrun for example_branch_dop_operator_v3 to 2022-09-20T17:17:00+00:00, run_after=2022-09-20T17:18:00+00:00
[2022-09-20T17:18:55.852+0000] {processor.py:178} INFO - Processing /home/airflow/.local/lib/python3.7/site-packages/airflow/example_dags/example_branch_python_dop_operator_3.py took 0.882 seconds
[2022-09-20T17:19:32.542+0000] {processor.py:156} INFO - Started process (PID=872) to work on /home/airflow/.local/lib/python3.7/site-packages/airflow/example_dags/example_branch_python_dop_operator_3.py
[2022-09-20T17:19:33.226+0000] {processor.py:758} INFO - Processing file /home/airflow/.local/lib/python3.7/site-packages/airflow/example_dags/example_branch_python_dop_operator_3.py for tasks to queue
[2022-09-20T17:19:33.228+0000] {logging_mixin.py:117} INFO - [2022-09-20T17:19:33.228+0000] {dagbag.py:525} INFO - Filling up the DagBag from /home/airflow/.local/lib/python3.7/site-packages/airflow/example_dags/example_branch_python_dop_operator_3.py
[2022-09-20T17:19:33.336+0000] {processor.py:768} INFO - DAG(s) dict_keys(['example_branch_dop_operator_v3']) retrieved from /home/airflow/.local/lib/python3.7/site-packages/airflow/example_dags/example_branch_python_dop_operator_3.py
[2022-09-20T17:19:36.083+0000] {logging_mixin.py:117} INFO - [2022-09-20T17:19:36.082+0000] {dag.py:2573} INFO - Sync 1 DAGs
[2022-09-20T17:19:37.388+0000] {logging_mixin.py:117} INFO - [2022-09-20T17:19:37.388+0000] {dag.py:3328} INFO - Setting next_dagrun for example_branch_dop_operator_v3 to 2022-09-20T17:18:00+00:00, run_after=2022-09-20T17:19:00+00:00
[2022-09-20T17:19:40.128+0000] {processor.py:178} INFO - Processing /home/airflow/.local/lib/python3.7/site-packages/airflow/example_dags/example_branch_python_dop_operator_3.py took 7.645 seconds
