[2022-09-20T13:53:59.816+0000] {processor.py:156} INFO - Started process (PID=127) to work on /home/airflow/.local/lib/python3.7/site-packages/airflow/example_dags/example_trigger_target_dag.py
[2022-09-20T13:53:59.817+0000] {processor.py:758} INFO - Processing file /home/airflow/.local/lib/python3.7/site-packages/airflow/example_dags/example_trigger_target_dag.py for tasks to queue
[2022-09-20T13:53:59.818+0000] {logging_mixin.py:117} INFO - [2022-09-20T13:53:59.818+0000] {dagbag.py:525} INFO - Filling up the DagBag from /home/airflow/.local/lib/python3.7/site-packages/airflow/example_dags/example_trigger_target_dag.py
[2022-09-20T13:54:01.194+0000] {processor.py:768} INFO - DAG(s) dict_keys(['example_trigger_target_dag']) retrieved from /home/airflow/.local/lib/python3.7/site-packages/airflow/example_dags/example_trigger_target_dag.py
[2022-09-20T14:01:10.479+0000] {processor.py:156} INFO - Started process (PID=181) to work on /home/airflow/.local/lib/python3.7/site-packages/airflow/example_dags/example_trigger_target_dag.py
[2022-09-20T14:01:10.650+0000] {processor.py:758} INFO - Processing file /home/airflow/.local/lib/python3.7/site-packages/airflow/example_dags/example_trigger_target_dag.py for tasks to queue
[2022-09-20T14:01:10.651+0000] {logging_mixin.py:117} INFO - [2022-09-20T14:01:10.651+0000] {dagbag.py:525} INFO - Filling up the DagBag from /home/airflow/.local/lib/python3.7/site-packages/airflow/example_dags/example_trigger_target_dag.py
[2022-09-20T14:01:10.679+0000] {processor.py:768} INFO - DAG(s) dict_keys(['example_trigger_target_dag']) retrieved from /home/airflow/.local/lib/python3.7/site-packages/airflow/example_dags/example_trigger_target_dag.py
[2022-09-20T14:01:10.720+0000] {logging_mixin.py:117} INFO - [2022-09-20T14:01:10.720+0000] {dag.py:2573} INFO - Sync 1 DAGs
[2022-09-20T14:01:10.734+0000] {logging_mixin.py:117} INFO - [2022-09-20T14:01:10.733+0000] {dag.py:2594} INFO - Creating ORM DAG for example_trigger_target_dag
[2022-09-20T14:01:10.745+0000] {logging_mixin.py:117} INFO - [2022-09-20T14:01:10.744+0000] {dag.py:3328} INFO - Setting next_dagrun for example_trigger_target_dag to None, run_after=None
[2022-09-20T14:01:11.530+0000] {processor.py:178} INFO - Processing /home/airflow/.local/lib/python3.7/site-packages/airflow/example_dags/example_trigger_target_dag.py took 1.064 seconds
[2022-09-20T14:04:37.133+0000] {processor.py:156} INFO - Started process (PID=252) to work on /home/airflow/.local/lib/python3.7/site-packages/airflow/example_dags/example_trigger_target_dag.py
[2022-09-20T14:04:37.551+0000] {processor.py:758} INFO - Processing file /home/airflow/.local/lib/python3.7/site-packages/airflow/example_dags/example_trigger_target_dag.py for tasks to queue
[2022-09-20T14:04:37.554+0000] {logging_mixin.py:117} INFO - [2022-09-20T14:04:37.554+0000] {dagbag.py:525} INFO - Filling up the DagBag from /home/airflow/.local/lib/python3.7/site-packages/airflow/example_dags/example_trigger_target_dag.py
[2022-09-20T14:04:37.622+0000] {processor.py:768} INFO - DAG(s) dict_keys(['example_trigger_target_dag']) retrieved from /home/airflow/.local/lib/python3.7/site-packages/airflow/example_dags/example_trigger_target_dag.py
[2022-09-20T14:04:37.705+0000] {logging_mixin.py:117} INFO - [2022-09-20T14:04:37.705+0000] {dag.py:2573} INFO - Sync 1 DAGs
[2022-09-20T14:04:37.754+0000] {logging_mixin.py:117} INFO - [2022-09-20T14:04:37.754+0000] {dag.py:3328} INFO - Setting next_dagrun for example_trigger_target_dag to None, run_after=None
[2022-09-20T14:04:39.477+0000] {processor.py:178} INFO - Processing /home/airflow/.local/lib/python3.7/site-packages/airflow/example_dags/example_trigger_target_dag.py took 2.353 seconds
[2022-09-20T14:06:14.013+0000] {processor.py:156} INFO - Started process (PID=314) to work on /home/airflow/.local/lib/python3.7/site-packages/airflow/example_dags/example_trigger_target_dag.py
[2022-09-20T14:06:15.039+0000] {processor.py:758} INFO - Processing file /home/airflow/.local/lib/python3.7/site-packages/airflow/example_dags/example_trigger_target_dag.py for tasks to queue
[2022-09-20T14:06:15.042+0000] {logging_mixin.py:117} INFO - [2022-09-20T14:06:15.041+0000] {dagbag.py:525} INFO - Filling up the DagBag from /home/airflow/.local/lib/python3.7/site-packages/airflow/example_dags/example_trigger_target_dag.py
[2022-09-20T14:06:15.091+0000] {processor.py:768} INFO - DAG(s) dict_keys(['example_trigger_target_dag']) retrieved from /home/airflow/.local/lib/python3.7/site-packages/airflow/example_dags/example_trigger_target_dag.py
[2022-09-20T14:06:15.138+0000] {logging_mixin.py:117} INFO - [2022-09-20T14:06:15.137+0000] {dag.py:2573} INFO - Sync 1 DAGs
[2022-09-20T14:06:15.160+0000] {logging_mixin.py:117} INFO - [2022-09-20T14:06:15.160+0000] {dag.py:3328} INFO - Setting next_dagrun for example_trigger_target_dag to None, run_after=None
[2022-09-20T14:06:16.818+0000] {processor.py:178} INFO - Processing /home/airflow/.local/lib/python3.7/site-packages/airflow/example_dags/example_trigger_target_dag.py took 2.808 seconds
[2022-09-20T14:07:27.593+0000] {processor.py:156} INFO - Started process (PID=385) to work on /home/airflow/.local/lib/python3.7/site-packages/airflow/example_dags/example_trigger_target_dag.py
[2022-09-20T14:07:28.162+0000] {processor.py:758} INFO - Processing file /home/airflow/.local/lib/python3.7/site-packages/airflow/example_dags/example_trigger_target_dag.py for tasks to queue
[2022-09-20T14:07:28.162+0000] {logging_mixin.py:117} INFO - [2022-09-20T14:07:28.162+0000] {dagbag.py:525} INFO - Filling up the DagBag from /home/airflow/.local/lib/python3.7/site-packages/airflow/example_dags/example_trigger_target_dag.py
[2022-09-20T14:07:28.185+0000] {processor.py:768} INFO - DAG(s) dict_keys(['example_trigger_target_dag']) retrieved from /home/airflow/.local/lib/python3.7/site-packages/airflow/example_dags/example_trigger_target_dag.py
[2022-09-20T14:07:28.227+0000] {logging_mixin.py:117} INFO - [2022-09-20T14:07:28.226+0000] {dag.py:2573} INFO - Sync 1 DAGs
[2022-09-20T14:07:28.250+0000] {logging_mixin.py:117} INFO - [2022-09-20T14:07:28.250+0000] {dag.py:3328} INFO - Setting next_dagrun for example_trigger_target_dag to None, run_after=None
[2022-09-20T14:07:29.137+0000] {processor.py:178} INFO - Processing /home/airflow/.local/lib/python3.7/site-packages/airflow/example_dags/example_trigger_target_dag.py took 1.548 seconds
[2022-09-20T14:07:59.860+0000] {processor.py:156} INFO - Started process (PID=436) to work on /home/airflow/.local/lib/python3.7/site-packages/airflow/example_dags/example_trigger_target_dag.py
[2022-09-20T14:07:59.860+0000] {processor.py:758} INFO - Processing file /home/airflow/.local/lib/python3.7/site-packages/airflow/example_dags/example_trigger_target_dag.py for tasks to queue
[2022-09-20T14:07:59.861+0000] {logging_mixin.py:117} INFO - [2022-09-20T14:07:59.861+0000] {dagbag.py:525} INFO - Filling up the DagBag from /home/airflow/.local/lib/python3.7/site-packages/airflow/example_dags/example_trigger_target_dag.py
[2022-09-20T14:07:59.885+0000] {processor.py:768} INFO - DAG(s) dict_keys(['example_trigger_target_dag']) retrieved from /home/airflow/.local/lib/python3.7/site-packages/airflow/example_dags/example_trigger_target_dag.py
[2022-09-20T14:07:59.929+0000] {logging_mixin.py:117} INFO - [2022-09-20T14:07:59.929+0000] {dag.py:2573} INFO - Sync 1 DAGs
[2022-09-20T14:07:59.956+0000] {logging_mixin.py:117} INFO - [2022-09-20T14:07:59.956+0000] {dag.py:3328} INFO - Setting next_dagrun for example_trigger_target_dag to None, run_after=None
[2022-09-20T14:08:00.904+0000] {processor.py:178} INFO - Processing /home/airflow/.local/lib/python3.7/site-packages/airflow/example_dags/example_trigger_target_dag.py took 1.048 seconds
[2022-09-20T14:08:58.712+0000] {processor.py:156} INFO - Started process (PID=494) to work on /home/airflow/.local/lib/python3.7/site-packages/airflow/example_dags/example_trigger_target_dag.py
[2022-09-20T14:08:59.053+0000] {processor.py:758} INFO - Processing file /home/airflow/.local/lib/python3.7/site-packages/airflow/example_dags/example_trigger_target_dag.py for tasks to queue
[2022-09-20T14:08:59.055+0000] {logging_mixin.py:117} INFO - [2022-09-20T14:08:59.055+0000] {dagbag.py:525} INFO - Filling up the DagBag from /home/airflow/.local/lib/python3.7/site-packages/airflow/example_dags/example_trigger_target_dag.py
[2022-09-20T14:08:59.091+0000] {processor.py:768} INFO - DAG(s) dict_keys(['example_trigger_target_dag']) retrieved from /home/airflow/.local/lib/python3.7/site-packages/airflow/example_dags/example_trigger_target_dag.py
[2022-09-20T14:08:59.128+0000] {logging_mixin.py:117} INFO - [2022-09-20T14:08:59.128+0000] {dag.py:2573} INFO - Sync 1 DAGs
[2022-09-20T14:08:59.152+0000] {logging_mixin.py:117} INFO - [2022-09-20T14:08:59.152+0000] {dag.py:3328} INFO - Setting next_dagrun for example_trigger_target_dag to None, run_after=None
[2022-09-20T14:09:01.143+0000] {processor.py:178} INFO - Processing /home/airflow/.local/lib/python3.7/site-packages/airflow/example_dags/example_trigger_target_dag.py took 2.434 seconds
[2022-09-20T14:11:21.937+0000] {processor.py:156} INFO - Started process (PID=554) to work on /home/airflow/.local/lib/python3.7/site-packages/airflow/example_dags/example_trigger_target_dag.py
[2022-09-20T14:11:22.100+0000] {processor.py:758} INFO - Processing file /home/airflow/.local/lib/python3.7/site-packages/airflow/example_dags/example_trigger_target_dag.py for tasks to queue
[2022-09-20T14:11:22.103+0000] {logging_mixin.py:117} INFO - [2022-09-20T14:11:22.102+0000] {dagbag.py:525} INFO - Filling up the DagBag from /home/airflow/.local/lib/python3.7/site-packages/airflow/example_dags/example_trigger_target_dag.py
[2022-09-20T14:11:22.149+0000] {processor.py:768} INFO - DAG(s) dict_keys(['example_trigger_target_dag']) retrieved from /home/airflow/.local/lib/python3.7/site-packages/airflow/example_dags/example_trigger_target_dag.py
[2022-09-20T14:11:22.185+0000] {logging_mixin.py:117} INFO - [2022-09-20T14:11:22.185+0000] {dag.py:2573} INFO - Sync 1 DAGs
[2022-09-20T14:11:22.209+0000] {logging_mixin.py:117} INFO - [2022-09-20T14:11:22.209+0000] {dag.py:3328} INFO - Setting next_dagrun for example_trigger_target_dag to None, run_after=None
[2022-09-20T14:11:23.457+0000] {processor.py:178} INFO - Processing /home/airflow/.local/lib/python3.7/site-packages/airflow/example_dags/example_trigger_target_dag.py took 1.524 seconds
[2022-09-20T14:12:31.145+0000] {processor.py:156} INFO - Started process (PID=613) to work on /home/airflow/.local/lib/python3.7/site-packages/airflow/example_dags/example_trigger_target_dag.py
[2022-09-20T14:12:31.414+0000] {processor.py:758} INFO - Processing file /home/airflow/.local/lib/python3.7/site-packages/airflow/example_dags/example_trigger_target_dag.py for tasks to queue
[2022-09-20T14:12:31.416+0000] {logging_mixin.py:117} INFO - [2022-09-20T14:12:31.416+0000] {dagbag.py:525} INFO - Filling up the DagBag from /home/airflow/.local/lib/python3.7/site-packages/airflow/example_dags/example_trigger_target_dag.py
[2022-09-20T14:12:31.476+0000] {processor.py:768} INFO - DAG(s) dict_keys(['example_trigger_target_dag']) retrieved from /home/airflow/.local/lib/python3.7/site-packages/airflow/example_dags/example_trigger_target_dag.py
[2022-09-20T14:12:31.516+0000] {logging_mixin.py:117} INFO - [2022-09-20T14:12:31.516+0000] {dag.py:2573} INFO - Sync 1 DAGs
[2022-09-20T14:12:31.539+0000] {logging_mixin.py:117} INFO - [2022-09-20T14:12:31.538+0000] {dag.py:3328} INFO - Setting next_dagrun for example_trigger_target_dag to None, run_after=None
[2022-09-20T14:12:32.589+0000] {processor.py:178} INFO - Processing /home/airflow/.local/lib/python3.7/site-packages/airflow/example_dags/example_trigger_target_dag.py took 1.448 seconds
[2022-09-20T14:14:17.207+0000] {processor.py:156} INFO - Started process (PID=673) to work on /home/airflow/.local/lib/python3.7/site-packages/airflow/example_dags/example_trigger_target_dag.py
[2022-09-20T14:14:17.324+0000] {processor.py:758} INFO - Processing file /home/airflow/.local/lib/python3.7/site-packages/airflow/example_dags/example_trigger_target_dag.py for tasks to queue
[2022-09-20T14:14:17.325+0000] {logging_mixin.py:117} INFO - [2022-09-20T14:14:17.325+0000] {dagbag.py:525} INFO - Filling up the DagBag from /home/airflow/.local/lib/python3.7/site-packages/airflow/example_dags/example_trigger_target_dag.py
[2022-09-20T14:14:17.359+0000] {processor.py:768} INFO - DAG(s) dict_keys(['example_trigger_target_dag']) retrieved from /home/airflow/.local/lib/python3.7/site-packages/airflow/example_dags/example_trigger_target_dag.py
[2022-09-20T14:14:17.413+0000] {logging_mixin.py:117} INFO - [2022-09-20T14:14:17.413+0000] {dag.py:2573} INFO - Sync 1 DAGs
[2022-09-20T14:14:17.569+0000] {logging_mixin.py:117} INFO - [2022-09-20T14:14:17.569+0000] {dag.py:3328} INFO - Setting next_dagrun for example_trigger_target_dag to None, run_after=None
[2022-09-20T14:14:17.878+0000] {processor.py:178} INFO - Processing /home/airflow/.local/lib/python3.7/site-packages/airflow/example_dags/example_trigger_target_dag.py took 0.676 seconds
[2022-09-20T14:15:01.376+0000] {processor.py:156} INFO - Started process (PID=719) to work on /home/airflow/.local/lib/python3.7/site-packages/airflow/example_dags/example_trigger_target_dag.py
[2022-09-20T14:15:01.587+0000] {processor.py:758} INFO - Processing file /home/airflow/.local/lib/python3.7/site-packages/airflow/example_dags/example_trigger_target_dag.py for tasks to queue
[2022-09-20T14:15:01.589+0000] {logging_mixin.py:117} INFO - [2022-09-20T14:15:01.588+0000] {dagbag.py:525} INFO - Filling up the DagBag from /home/airflow/.local/lib/python3.7/site-packages/airflow/example_dags/example_trigger_target_dag.py
[2022-09-20T14:15:01.619+0000] {processor.py:768} INFO - DAG(s) dict_keys(['example_trigger_target_dag']) retrieved from /home/airflow/.local/lib/python3.7/site-packages/airflow/example_dags/example_trigger_target_dag.py
[2022-09-20T14:15:01.656+0000] {logging_mixin.py:117} INFO - [2022-09-20T14:15:01.656+0000] {dag.py:2573} INFO - Sync 1 DAGs
[2022-09-20T14:15:01.680+0000] {logging_mixin.py:117} INFO - [2022-09-20T14:15:01.680+0000] {dag.py:3328} INFO - Setting next_dagrun for example_trigger_target_dag to None, run_after=None
[2022-09-20T14:15:02.001+0000] {processor.py:178} INFO - Processing /home/airflow/.local/lib/python3.7/site-packages/airflow/example_dags/example_trigger_target_dag.py took 0.628 seconds
[2022-09-20T14:16:25.327+0000] {processor.py:156} INFO - Started process (PID=785) to work on /home/airflow/.local/lib/python3.7/site-packages/airflow/example_dags/example_trigger_target_dag.py
[2022-09-20T14:16:25.498+0000] {processor.py:758} INFO - Processing file /home/airflow/.local/lib/python3.7/site-packages/airflow/example_dags/example_trigger_target_dag.py for tasks to queue
[2022-09-20T14:16:25.501+0000] {logging_mixin.py:117} INFO - [2022-09-20T14:16:25.500+0000] {dagbag.py:525} INFO - Filling up the DagBag from /home/airflow/.local/lib/python3.7/site-packages/airflow/example_dags/example_trigger_target_dag.py
[2022-09-20T14:16:25.548+0000] {processor.py:768} INFO - DAG(s) dict_keys(['example_trigger_target_dag']) retrieved from /home/airflow/.local/lib/python3.7/site-packages/airflow/example_dags/example_trigger_target_dag.py
[2022-09-20T14:16:25.585+0000] {logging_mixin.py:117} INFO - [2022-09-20T14:16:25.585+0000] {dag.py:2573} INFO - Sync 1 DAGs
[2022-09-20T14:16:25.608+0000] {logging_mixin.py:117} INFO - [2022-09-20T14:16:25.607+0000] {dag.py:3328} INFO - Setting next_dagrun for example_trigger_target_dag to None, run_after=None
[2022-09-20T14:16:26.108+0000] {processor.py:178} INFO - Processing /home/airflow/.local/lib/python3.7/site-packages/airflow/example_dags/example_trigger_target_dag.py took 0.784 seconds
[2022-09-20T14:18:00.833+0000] {processor.py:156} INFO - Started process (PID=872) to work on /home/airflow/.local/lib/python3.7/site-packages/airflow/example_dags/example_trigger_target_dag.py
[2022-09-20T14:18:00.958+0000] {processor.py:758} INFO - Processing file /home/airflow/.local/lib/python3.7/site-packages/airflow/example_dags/example_trigger_target_dag.py for tasks to queue
[2022-09-20T14:18:00.960+0000] {logging_mixin.py:117} INFO - [2022-09-20T14:18:00.959+0000] {dagbag.py:525} INFO - Filling up the DagBag from /home/airflow/.local/lib/python3.7/site-packages/airflow/example_dags/example_trigger_target_dag.py
[2022-09-20T14:18:01.010+0000] {processor.py:768} INFO - DAG(s) dict_keys(['example_trigger_target_dag']) retrieved from /home/airflow/.local/lib/python3.7/site-packages/airflow/example_dags/example_trigger_target_dag.py
[2022-09-20T14:18:01.047+0000] {logging_mixin.py:117} INFO - [2022-09-20T14:18:01.047+0000] {dag.py:2573} INFO - Sync 1 DAGs
[2022-09-20T14:18:01.072+0000] {logging_mixin.py:117} INFO - [2022-09-20T14:18:01.071+0000] {dag.py:3328} INFO - Setting next_dagrun for example_trigger_target_dag to None, run_after=None
[2022-09-20T14:18:01.428+0000] {processor.py:178} INFO - Processing /home/airflow/.local/lib/python3.7/site-packages/airflow/example_dags/example_trigger_target_dag.py took 0.600 seconds
[2022-09-20T14:19:12.552+0000] {processor.py:156} INFO - Started process (PID=919) to work on /home/airflow/.local/lib/python3.7/site-packages/airflow/example_dags/example_trigger_target_dag.py
[2022-09-20T14:19:12.738+0000] {processor.py:758} INFO - Processing file /home/airflow/.local/lib/python3.7/site-packages/airflow/example_dags/example_trigger_target_dag.py for tasks to queue
[2022-09-20T14:19:12.740+0000] {logging_mixin.py:117} INFO - [2022-09-20T14:19:12.739+0000] {dagbag.py:525} INFO - Filling up the DagBag from /home/airflow/.local/lib/python3.7/site-packages/airflow/example_dags/example_trigger_target_dag.py
[2022-09-20T14:19:12.799+0000] {processor.py:768} INFO - DAG(s) dict_keys(['example_trigger_target_dag']) retrieved from /home/airflow/.local/lib/python3.7/site-packages/airflow/example_dags/example_trigger_target_dag.py
[2022-09-20T14:19:12.837+0000] {logging_mixin.py:117} INFO - [2022-09-20T14:19:12.837+0000] {dag.py:2573} INFO - Sync 1 DAGs
[2022-09-20T14:19:12.860+0000] {logging_mixin.py:117} INFO - [2022-09-20T14:19:12.860+0000] {dag.py:3328} INFO - Setting next_dagrun for example_trigger_target_dag to None, run_after=None
[2022-09-20T14:19:13.270+0000] {processor.py:178} INFO - Processing /home/airflow/.local/lib/python3.7/site-packages/airflow/example_dags/example_trigger_target_dag.py took 0.723 seconds
[2022-09-20T14:21:30.335+0000] {processor.py:156} INFO - Started process (PID=976) to work on /home/airflow/.local/lib/python3.7/site-packages/airflow/example_dags/example_trigger_target_dag.py
[2022-09-20T14:21:30.713+0000] {processor.py:758} INFO - Processing file /home/airflow/.local/lib/python3.7/site-packages/airflow/example_dags/example_trigger_target_dag.py for tasks to queue
[2022-09-20T14:21:30.716+0000] {logging_mixin.py:117} INFO - [2022-09-20T14:21:30.715+0000] {dagbag.py:525} INFO - Filling up the DagBag from /home/airflow/.local/lib/python3.7/site-packages/airflow/example_dags/example_trigger_target_dag.py
[2022-09-20T14:21:30.758+0000] {processor.py:768} INFO - DAG(s) dict_keys(['example_trigger_target_dag']) retrieved from /home/airflow/.local/lib/python3.7/site-packages/airflow/example_dags/example_trigger_target_dag.py
[2022-09-20T14:21:30.796+0000] {logging_mixin.py:117} INFO - [2022-09-20T14:21:30.796+0000] {dag.py:2573} INFO - Sync 1 DAGs
[2022-09-20T14:21:30.820+0000] {logging_mixin.py:117} INFO - [2022-09-20T14:21:30.820+0000] {dag.py:3328} INFO - Setting next_dagrun for example_trigger_target_dag to None, run_after=None
[2022-09-20T14:21:39.029+0000] {processor.py:178} INFO - Processing /home/airflow/.local/lib/python3.7/site-packages/airflow/example_dags/example_trigger_target_dag.py took 5.696 seconds
[2022-09-20T14:24:56.052+0000] {processor.py:156} INFO - Started process (PID=1055) to work on /home/airflow/.local/lib/python3.7/site-packages/airflow/example_dags/example_trigger_target_dag.py
[2022-09-20T14:24:56.676+0000] {processor.py:758} INFO - Processing file /home/airflow/.local/lib/python3.7/site-packages/airflow/example_dags/example_trigger_target_dag.py for tasks to queue
[2022-09-20T14:24:56.858+0000] {logging_mixin.py:117} INFO - [2022-09-20T14:24:56.858+0000] {dagbag.py:525} INFO - Filling up the DagBag from /home/airflow/.local/lib/python3.7/site-packages/airflow/example_dags/example_trigger_target_dag.py
[2022-09-20T14:24:56.883+0000] {processor.py:768} INFO - DAG(s) dict_keys(['example_trigger_target_dag']) retrieved from /home/airflow/.local/lib/python3.7/site-packages/airflow/example_dags/example_trigger_target_dag.py
[2022-09-20T14:24:56.926+0000] {logging_mixin.py:117} INFO - [2022-09-20T14:24:56.925+0000] {dag.py:2573} INFO - Sync 1 DAGs
[2022-09-20T14:24:56.952+0000] {logging_mixin.py:117} INFO - [2022-09-20T14:24:56.952+0000] {dag.py:3328} INFO - Setting next_dagrun for example_trigger_target_dag to None, run_after=None
[2022-09-20T14:25:00.134+0000] {processor.py:178} INFO - Processing /home/airflow/.local/lib/python3.7/site-packages/airflow/example_dags/example_trigger_target_dag.py took 4.085 seconds
[2022-09-20T14:25:31.995+0000] {processor.py:156} INFO - Started process (PID=1110) to work on /home/airflow/.local/lib/python3.7/site-packages/airflow/example_dags/example_trigger_target_dag.py
[2022-09-20T14:25:32.140+0000] {processor.py:758} INFO - Processing file /home/airflow/.local/lib/python3.7/site-packages/airflow/example_dags/example_trigger_target_dag.py for tasks to queue
[2022-09-20T14:25:32.143+0000] {logging_mixin.py:117} INFO - [2022-09-20T14:25:32.142+0000] {dagbag.py:525} INFO - Filling up the DagBag from /home/airflow/.local/lib/python3.7/site-packages/airflow/example_dags/example_trigger_target_dag.py
[2022-09-20T14:25:32.203+0000] {processor.py:768} INFO - DAG(s) dict_keys(['example_trigger_target_dag']) retrieved from /home/airflow/.local/lib/python3.7/site-packages/airflow/example_dags/example_trigger_target_dag.py
[2022-09-20T14:25:32.248+0000] {logging_mixin.py:117} INFO - [2022-09-20T14:25:32.247+0000] {dag.py:2573} INFO - Sync 1 DAGs
[2022-09-20T14:25:32.272+0000] {logging_mixin.py:117} INFO - [2022-09-20T14:25:32.272+0000] {dag.py:3328} INFO - Setting next_dagrun for example_trigger_target_dag to None, run_after=None
[2022-09-20T14:25:32.599+0000] {processor.py:178} INFO - Processing /home/airflow/.local/lib/python3.7/site-packages/airflow/example_dags/example_trigger_target_dag.py took 0.607 seconds
[2022-09-20T14:28:34.327+0000] {processor.py:156} INFO - Started process (PID=1185) to work on /home/airflow/.local/lib/python3.7/site-packages/airflow/example_dags/example_trigger_target_dag.py
[2022-09-20T14:28:34.488+0000] {processor.py:758} INFO - Processing file /home/airflow/.local/lib/python3.7/site-packages/airflow/example_dags/example_trigger_target_dag.py for tasks to queue
[2022-09-20T14:28:34.490+0000] {logging_mixin.py:117} INFO - [2022-09-20T14:28:34.490+0000] {dagbag.py:525} INFO - Filling up the DagBag from /home/airflow/.local/lib/python3.7/site-packages/airflow/example_dags/example_trigger_target_dag.py
[2022-09-20T14:28:34.540+0000] {processor.py:768} INFO - DAG(s) dict_keys(['example_trigger_target_dag']) retrieved from /home/airflow/.local/lib/python3.7/site-packages/airflow/example_dags/example_trigger_target_dag.py
[2022-09-20T14:28:34.582+0000] {logging_mixin.py:117} INFO - [2022-09-20T14:28:34.582+0000] {dag.py:2573} INFO - Sync 1 DAGs
[2022-09-20T14:28:34.611+0000] {logging_mixin.py:117} INFO - [2022-09-20T14:28:34.611+0000] {dag.py:3328} INFO - Setting next_dagrun for example_trigger_target_dag to None, run_after=None
[2022-09-20T14:28:53.583+0000] {processor.py:178} INFO - Processing /home/airflow/.local/lib/python3.7/site-packages/airflow/example_dags/example_trigger_target_dag.py took 19.262 seconds
[2022-09-20T14:31:46.679+0000] {processor.py:156} INFO - Started process (PID=1231) to work on /home/airflow/.local/lib/python3.7/site-packages/airflow/example_dags/example_trigger_target_dag.py
[2022-09-20T14:31:46.916+0000] {processor.py:758} INFO - Processing file /home/airflow/.local/lib/python3.7/site-packages/airflow/example_dags/example_trigger_target_dag.py for tasks to queue
[2022-09-20T14:31:46.917+0000] {logging_mixin.py:117} INFO - [2022-09-20T14:31:46.917+0000] {dagbag.py:525} INFO - Filling up the DagBag from /home/airflow/.local/lib/python3.7/site-packages/airflow/example_dags/example_trigger_target_dag.py
[2022-09-20T14:31:46.941+0000] {processor.py:768} INFO - DAG(s) dict_keys(['example_trigger_target_dag']) retrieved from /home/airflow/.local/lib/python3.7/site-packages/airflow/example_dags/example_trigger_target_dag.py
[2022-09-20T14:31:46.982+0000] {logging_mixin.py:117} INFO - [2022-09-20T14:31:46.981+0000] {dag.py:2573} INFO - Sync 1 DAGs
[2022-09-20T14:31:47.006+0000] {logging_mixin.py:117} INFO - [2022-09-20T14:31:47.006+0000] {dag.py:3328} INFO - Setting next_dagrun for example_trigger_target_dag to None, run_after=None
[2022-09-20T14:31:47.408+0000] {processor.py:178} INFO - Processing /home/airflow/.local/lib/python3.7/site-packages/airflow/example_dags/example_trigger_target_dag.py took 0.734 seconds
[2022-09-20T14:33:31.836+0000] {processor.py:156} INFO - Started process (PID=1296) to work on /home/airflow/.local/lib/python3.7/site-packages/airflow/example_dags/example_trigger_target_dag.py
[2022-09-20T14:33:32.201+0000] {processor.py:758} INFO - Processing file /home/airflow/.local/lib/python3.7/site-packages/airflow/example_dags/example_trigger_target_dag.py for tasks to queue
[2022-09-20T14:33:32.202+0000] {logging_mixin.py:117} INFO - [2022-09-20T14:33:32.202+0000] {dagbag.py:525} INFO - Filling up the DagBag from /home/airflow/.local/lib/python3.7/site-packages/airflow/example_dags/example_trigger_target_dag.py
[2022-09-20T14:33:32.248+0000] {processor.py:768} INFO - DAG(s) dict_keys(['example_trigger_target_dag']) retrieved from /home/airflow/.local/lib/python3.7/site-packages/airflow/example_dags/example_trigger_target_dag.py
[2022-09-20T14:33:32.325+0000] {logging_mixin.py:117} INFO - [2022-09-20T14:33:32.325+0000] {dag.py:2573} INFO - Sync 1 DAGs
[2022-09-20T14:33:32.374+0000] {logging_mixin.py:117} INFO - [2022-09-20T14:33:32.374+0000] {dag.py:3328} INFO - Setting next_dagrun for example_trigger_target_dag to None, run_after=None
[2022-09-20T14:33:35.838+0000] {processor.py:178} INFO - Processing /home/airflow/.local/lib/python3.7/site-packages/airflow/example_dags/example_trigger_target_dag.py took 4.008 seconds
[2022-09-20T17:10:59.060+0000] {processor.py:156} INFO - Started process (PID=166) to work on /home/airflow/.local/lib/python3.7/site-packages/airflow/example_dags/example_trigger_target_dag.py
[2022-09-20T17:10:59.077+0000] {processor.py:758} INFO - Processing file /home/airflow/.local/lib/python3.7/site-packages/airflow/example_dags/example_trigger_target_dag.py for tasks to queue
[2022-09-20T17:10:59.080+0000] {logging_mixin.py:117} INFO - [2022-09-20T17:10:59.080+0000] {dagbag.py:525} INFO - Filling up the DagBag from /home/airflow/.local/lib/python3.7/site-packages/airflow/example_dags/example_trigger_target_dag.py
[2022-09-20T17:10:59.166+0000] {processor.py:768} INFO - DAG(s) dict_keys(['example_trigger_target_dag']) retrieved from /home/airflow/.local/lib/python3.7/site-packages/airflow/example_dags/example_trigger_target_dag.py
[2022-09-20T17:10:59.414+0000] {logging_mixin.py:117} INFO - [2022-09-20T17:10:59.414+0000] {dag.py:2573} INFO - Sync 1 DAGs
[2022-09-20T17:10:59.489+0000] {logging_mixin.py:117} INFO - [2022-09-20T17:10:59.488+0000] {dag.py:3328} INFO - Setting next_dagrun for example_trigger_target_dag to None, run_after=None
[2022-09-20T17:11:00.026+0000] {processor.py:178} INFO - Processing /home/airflow/.local/lib/python3.7/site-packages/airflow/example_dags/example_trigger_target_dag.py took 0.981 seconds
[2022-09-20T17:12:11.201+0000] {processor.py:156} INFO - Started process (PID=236) to work on /home/airflow/.local/lib/python3.7/site-packages/airflow/example_dags/example_trigger_target_dag.py
[2022-09-20T17:12:11.294+0000] {processor.py:758} INFO - Processing file /home/airflow/.local/lib/python3.7/site-packages/airflow/example_dags/example_trigger_target_dag.py for tasks to queue
[2022-09-20T17:12:11.296+0000] {logging_mixin.py:117} INFO - [2022-09-20T17:12:11.296+0000] {dagbag.py:525} INFO - Filling up the DagBag from /home/airflow/.local/lib/python3.7/site-packages/airflow/example_dags/example_trigger_target_dag.py
[2022-09-20T17:12:11.517+0000] {processor.py:768} INFO - DAG(s) dict_keys(['example_trigger_target_dag']) retrieved from /home/airflow/.local/lib/python3.7/site-packages/airflow/example_dags/example_trigger_target_dag.py
[2022-09-20T17:12:11.563+0000] {logging_mixin.py:117} INFO - [2022-09-20T17:12:11.563+0000] {dag.py:2573} INFO - Sync 1 DAGs
[2022-09-20T17:12:11.592+0000] {logging_mixin.py:117} INFO - [2022-09-20T17:12:11.592+0000] {dag.py:3328} INFO - Setting next_dagrun for example_trigger_target_dag to None, run_after=None
[2022-09-20T17:12:11.910+0000] {processor.py:178} INFO - Processing /home/airflow/.local/lib/python3.7/site-packages/airflow/example_dags/example_trigger_target_dag.py took 0.713 seconds
[2022-09-20T17:12:51.621+0000] {processor.py:156} INFO - Started process (PID=290) to work on /home/airflow/.local/lib/python3.7/site-packages/airflow/example_dags/example_trigger_target_dag.py
[2022-09-20T17:12:51.657+0000] {processor.py:758} INFO - Processing file /home/airflow/.local/lib/python3.7/site-packages/airflow/example_dags/example_trigger_target_dag.py for tasks to queue
[2022-09-20T17:12:51.658+0000] {logging_mixin.py:117} INFO - [2022-09-20T17:12:51.658+0000] {dagbag.py:525} INFO - Filling up the DagBag from /home/airflow/.local/lib/python3.7/site-packages/airflow/example_dags/example_trigger_target_dag.py
[2022-09-20T17:12:51.689+0000] {processor.py:768} INFO - DAG(s) dict_keys(['example_trigger_target_dag']) retrieved from /home/airflow/.local/lib/python3.7/site-packages/airflow/example_dags/example_trigger_target_dag.py
[2022-09-20T17:12:51.750+0000] {logging_mixin.py:117} INFO - [2022-09-20T17:12:51.750+0000] {dag.py:2573} INFO - Sync 1 DAGs
[2022-09-20T17:12:51.805+0000] {logging_mixin.py:117} INFO - [2022-09-20T17:12:51.804+0000] {dag.py:3328} INFO - Setting next_dagrun for example_trigger_target_dag to None, run_after=None
[2022-09-20T17:12:53.861+0000] {processor.py:178} INFO - Processing /home/airflow/.local/lib/python3.7/site-packages/airflow/example_dags/example_trigger_target_dag.py took 2.243 seconds
[2022-09-20T17:13:38.974+0000] {processor.py:156} INFO - Started process (PID=347) to work on /home/airflow/.local/lib/python3.7/site-packages/airflow/example_dags/example_trigger_target_dag.py
[2022-09-20T17:13:39.053+0000] {processor.py:758} INFO - Processing file /home/airflow/.local/lib/python3.7/site-packages/airflow/example_dags/example_trigger_target_dag.py for tasks to queue
[2022-09-20T17:13:39.056+0000] {logging_mixin.py:117} INFO - [2022-09-20T17:13:39.055+0000] {dagbag.py:525} INFO - Filling up the DagBag from /home/airflow/.local/lib/python3.7/site-packages/airflow/example_dags/example_trigger_target_dag.py
[2022-09-20T17:13:39.122+0000] {processor.py:768} INFO - DAG(s) dict_keys(['example_trigger_target_dag']) retrieved from /home/airflow/.local/lib/python3.7/site-packages/airflow/example_dags/example_trigger_target_dag.py
[2022-09-20T17:13:39.179+0000] {logging_mixin.py:117} INFO - [2022-09-20T17:13:39.178+0000] {dag.py:2573} INFO - Sync 1 DAGs
[2022-09-20T17:13:39.252+0000] {logging_mixin.py:117} INFO - [2022-09-20T17:13:39.252+0000] {dag.py:3328} INFO - Setting next_dagrun for example_trigger_target_dag to None, run_after=None
[2022-09-20T17:13:39.744+0000] {processor.py:178} INFO - Processing /home/airflow/.local/lib/python3.7/site-packages/airflow/example_dags/example_trigger_target_dag.py took 0.783 seconds
[2022-09-20T17:14:11.113+0000] {processor.py:156} INFO - Started process (PID=401) to work on /home/airflow/.local/lib/python3.7/site-packages/airflow/example_dags/example_trigger_target_dag.py
[2022-09-20T17:14:11.189+0000] {processor.py:758} INFO - Processing file /home/airflow/.local/lib/python3.7/site-packages/airflow/example_dags/example_trigger_target_dag.py for tasks to queue
[2022-09-20T17:14:11.192+0000] {logging_mixin.py:117} INFO - [2022-09-20T17:14:11.191+0000] {dagbag.py:525} INFO - Filling up the DagBag from /home/airflow/.local/lib/python3.7/site-packages/airflow/example_dags/example_trigger_target_dag.py
[2022-09-20T17:14:11.273+0000] {processor.py:768} INFO - DAG(s) dict_keys(['example_trigger_target_dag']) retrieved from /home/airflow/.local/lib/python3.7/site-packages/airflow/example_dags/example_trigger_target_dag.py
[2022-09-20T17:14:11.373+0000] {logging_mixin.py:117} INFO - [2022-09-20T17:14:11.373+0000] {dag.py:2573} INFO - Sync 1 DAGs
[2022-09-20T17:14:11.424+0000] {logging_mixin.py:117} INFO - [2022-09-20T17:14:11.424+0000] {dag.py:3328} INFO - Setting next_dagrun for example_trigger_target_dag to None, run_after=None
[2022-09-20T17:14:11.975+0000] {processor.py:178} INFO - Processing /home/airflow/.local/lib/python3.7/site-packages/airflow/example_dags/example_trigger_target_dag.py took 0.869 seconds
[2022-09-20T17:15:01.029+0000] {processor.py:156} INFO - Started process (PID=463) to work on /home/airflow/.local/lib/python3.7/site-packages/airflow/example_dags/example_trigger_target_dag.py
[2022-09-20T17:15:01.412+0000] {processor.py:758} INFO - Processing file /home/airflow/.local/lib/python3.7/site-packages/airflow/example_dags/example_trigger_target_dag.py for tasks to queue
[2022-09-20T17:15:01.416+0000] {logging_mixin.py:117} INFO - [2022-09-20T17:15:01.415+0000] {dagbag.py:525} INFO - Filling up the DagBag from /home/airflow/.local/lib/python3.7/site-packages/airflow/example_dags/example_trigger_target_dag.py
[2022-09-20T17:15:01.491+0000] {processor.py:768} INFO - DAG(s) dict_keys(['example_trigger_target_dag']) retrieved from /home/airflow/.local/lib/python3.7/site-packages/airflow/example_dags/example_trigger_target_dag.py
[2022-09-20T17:15:01.646+0000] {logging_mixin.py:117} INFO - [2022-09-20T17:15:01.645+0000] {dag.py:2573} INFO - Sync 1 DAGs
[2022-09-20T17:15:01.733+0000] {logging_mixin.py:117} INFO - [2022-09-20T17:15:01.732+0000] {dag.py:3328} INFO - Setting next_dagrun for example_trigger_target_dag to None, run_after=None
[2022-09-20T17:15:02.178+0000] {processor.py:178} INFO - Processing /home/airflow/.local/lib/python3.7/site-packages/airflow/example_dags/example_trigger_target_dag.py took 1.175 seconds
[2022-09-20T17:15:35.607+0000] {processor.py:156} INFO - Started process (PID=518) to work on /home/airflow/.local/lib/python3.7/site-packages/airflow/example_dags/example_trigger_target_dag.py
[2022-09-20T17:15:35.822+0000] {processor.py:758} INFO - Processing file /home/airflow/.local/lib/python3.7/site-packages/airflow/example_dags/example_trigger_target_dag.py for tasks to queue
[2022-09-20T17:15:35.823+0000] {logging_mixin.py:117} INFO - [2022-09-20T17:15:35.823+0000] {dagbag.py:525} INFO - Filling up the DagBag from /home/airflow/.local/lib/python3.7/site-packages/airflow/example_dags/example_trigger_target_dag.py
[2022-09-20T17:15:35.845+0000] {processor.py:768} INFO - DAG(s) dict_keys(['example_trigger_target_dag']) retrieved from /home/airflow/.local/lib/python3.7/site-packages/airflow/example_dags/example_trigger_target_dag.py
[2022-09-20T17:15:35.888+0000] {logging_mixin.py:117} INFO - [2022-09-20T17:15:35.888+0000] {dag.py:2573} INFO - Sync 1 DAGs
[2022-09-20T17:15:35.919+0000] {logging_mixin.py:117} INFO - [2022-09-20T17:15:35.919+0000] {dag.py:3328} INFO - Setting next_dagrun for example_trigger_target_dag to None, run_after=None
[2022-09-20T17:15:36.348+0000] {processor.py:178} INFO - Processing /home/airflow/.local/lib/python3.7/site-packages/airflow/example_dags/example_trigger_target_dag.py took 0.744 seconds
[2022-09-20T17:16:16.762+0000] {processor.py:156} INFO - Started process (PID=572) to work on /home/airflow/.local/lib/python3.7/site-packages/airflow/example_dags/example_trigger_target_dag.py
[2022-09-20T17:16:16.992+0000] {processor.py:758} INFO - Processing file /home/airflow/.local/lib/python3.7/site-packages/airflow/example_dags/example_trigger_target_dag.py for tasks to queue
[2022-09-20T17:16:16.993+0000] {logging_mixin.py:117} INFO - [2022-09-20T17:16:16.993+0000] {dagbag.py:525} INFO - Filling up the DagBag from /home/airflow/.local/lib/python3.7/site-packages/airflow/example_dags/example_trigger_target_dag.py
[2022-09-20T17:16:17.484+0000] {processor.py:768} INFO - DAG(s) dict_keys(['example_trigger_target_dag']) retrieved from /home/airflow/.local/lib/python3.7/site-packages/airflow/example_dags/example_trigger_target_dag.py
[2022-09-20T17:16:18.788+0000] {logging_mixin.py:117} INFO - [2022-09-20T17:16:18.788+0000] {dag.py:2573} INFO - Sync 1 DAGs
[2022-09-20T17:16:19.123+0000] {logging_mixin.py:117} INFO - [2022-09-20T17:16:19.123+0000] {dag.py:3328} INFO - Setting next_dagrun for example_trigger_target_dag to None, run_after=None
[2022-09-20T17:16:20.704+0000] {processor.py:178} INFO - Processing /home/airflow/.local/lib/python3.7/site-packages/airflow/example_dags/example_trigger_target_dag.py took 3.979 seconds
[2022-09-20T17:16:50.803+0000] {processor.py:156} INFO - Started process (PID=617) to work on /home/airflow/.local/lib/python3.7/site-packages/airflow/example_dags/example_trigger_target_dag.py
[2022-09-20T17:16:50.969+0000] {processor.py:758} INFO - Processing file /home/airflow/.local/lib/python3.7/site-packages/airflow/example_dags/example_trigger_target_dag.py for tasks to queue
[2022-09-20T17:16:50.970+0000] {logging_mixin.py:117} INFO - [2022-09-20T17:16:50.970+0000] {dagbag.py:525} INFO - Filling up the DagBag from /home/airflow/.local/lib/python3.7/site-packages/airflow/example_dags/example_trigger_target_dag.py
[2022-09-20T17:16:50.996+0000] {processor.py:768} INFO - DAG(s) dict_keys(['example_trigger_target_dag']) retrieved from /home/airflow/.local/lib/python3.7/site-packages/airflow/example_dags/example_trigger_target_dag.py
[2022-09-20T17:16:51.251+0000] {logging_mixin.py:117} INFO - [2022-09-20T17:16:51.251+0000] {dag.py:2573} INFO - Sync 1 DAGs
[2022-09-20T17:16:51.289+0000] {logging_mixin.py:117} INFO - [2022-09-20T17:16:51.289+0000] {dag.py:3328} INFO - Setting next_dagrun for example_trigger_target_dag to None, run_after=None
[2022-09-20T17:16:53.264+0000] {processor.py:178} INFO - Processing /home/airflow/.local/lib/python3.7/site-packages/airflow/example_dags/example_trigger_target_dag.py took 2.465 seconds
[2022-09-20T17:17:23.883+0000] {processor.py:156} INFO - Started process (PID=671) to work on /home/airflow/.local/lib/python3.7/site-packages/airflow/example_dags/example_trigger_target_dag.py
[2022-09-20T17:17:24.101+0000] {processor.py:758} INFO - Processing file /home/airflow/.local/lib/python3.7/site-packages/airflow/example_dags/example_trigger_target_dag.py for tasks to queue
[2022-09-20T17:17:24.102+0000] {logging_mixin.py:117} INFO - [2022-09-20T17:17:24.102+0000] {dagbag.py:525} INFO - Filling up the DagBag from /home/airflow/.local/lib/python3.7/site-packages/airflow/example_dags/example_trigger_target_dag.py
[2022-09-20T17:17:24.145+0000] {processor.py:768} INFO - DAG(s) dict_keys(['example_trigger_target_dag']) retrieved from /home/airflow/.local/lib/python3.7/site-packages/airflow/example_dags/example_trigger_target_dag.py
[2022-09-20T17:17:24.216+0000] {logging_mixin.py:117} INFO - [2022-09-20T17:17:24.216+0000] {dag.py:2573} INFO - Sync 1 DAGs
[2022-09-20T17:17:24.311+0000] {logging_mixin.py:117} INFO - [2022-09-20T17:17:24.311+0000] {dag.py:3328} INFO - Setting next_dagrun for example_trigger_target_dag to None, run_after=None
[2022-09-20T17:17:24.659+0000] {processor.py:178} INFO - Processing /home/airflow/.local/lib/python3.7/site-packages/airflow/example_dags/example_trigger_target_dag.py took 0.780 seconds
[2022-09-20T17:17:56.091+0000] {processor.py:156} INFO - Started process (PID=725) to work on /home/airflow/.local/lib/python3.7/site-packages/airflow/example_dags/example_trigger_target_dag.py
[2022-09-20T17:17:56.169+0000] {processor.py:758} INFO - Processing file /home/airflow/.local/lib/python3.7/site-packages/airflow/example_dags/example_trigger_target_dag.py for tasks to queue
[2022-09-20T17:17:56.170+0000] {logging_mixin.py:117} INFO - [2022-09-20T17:17:56.170+0000] {dagbag.py:525} INFO - Filling up the DagBag from /home/airflow/.local/lib/python3.7/site-packages/airflow/example_dags/example_trigger_target_dag.py
[2022-09-20T17:17:56.235+0000] {processor.py:768} INFO - DAG(s) dict_keys(['example_trigger_target_dag']) retrieved from /home/airflow/.local/lib/python3.7/site-packages/airflow/example_dags/example_trigger_target_dag.py
[2022-09-20T17:17:56.325+0000] {logging_mixin.py:117} INFO - [2022-09-20T17:17:56.325+0000] {dag.py:2573} INFO - Sync 1 DAGs
[2022-09-20T17:17:56.358+0000] {logging_mixin.py:117} INFO - [2022-09-20T17:17:56.358+0000] {dag.py:3328} INFO - Setting next_dagrun for example_trigger_target_dag to None, run_after=None
[2022-09-20T17:17:56.781+0000] {processor.py:178} INFO - Processing /home/airflow/.local/lib/python3.7/site-packages/airflow/example_dags/example_trigger_target_dag.py took 0.704 seconds
[2022-09-20T17:18:27.505+0000] {processor.py:156} INFO - Started process (PID=779) to work on /home/airflow/.local/lib/python3.7/site-packages/airflow/example_dags/example_trigger_target_dag.py
[2022-09-20T17:18:27.542+0000] {processor.py:758} INFO - Processing file /home/airflow/.local/lib/python3.7/site-packages/airflow/example_dags/example_trigger_target_dag.py for tasks to queue
[2022-09-20T17:18:27.548+0000] {logging_mixin.py:117} INFO - [2022-09-20T17:18:27.548+0000] {dagbag.py:525} INFO - Filling up the DagBag from /home/airflow/.local/lib/python3.7/site-packages/airflow/example_dags/example_trigger_target_dag.py
[2022-09-20T17:18:27.747+0000] {processor.py:768} INFO - DAG(s) dict_keys(['example_trigger_target_dag']) retrieved from /home/airflow/.local/lib/python3.7/site-packages/airflow/example_dags/example_trigger_target_dag.py
[2022-09-20T17:18:28.469+0000] {logging_mixin.py:117} INFO - [2022-09-20T17:18:28.469+0000] {manager.py:508} INFO - Created Permission View: can edit on DAG:example_trigger_target_dag
[2022-09-20T17:18:28.655+0000] {logging_mixin.py:117} INFO - [2022-09-20T17:18:28.654+0000] {manager.py:508} INFO - Created Permission View: can read on DAG:example_trigger_target_dag
[2022-09-20T17:18:28.892+0000] {logging_mixin.py:117} INFO - [2022-09-20T17:18:28.892+0000] {manager.py:508} INFO - Created Permission View: can delete on DAG:example_trigger_target_dag
[2022-09-20T17:18:28.893+0000] {logging_mixin.py:117} INFO - [2022-09-20T17:18:28.893+0000] {dag.py:2573} INFO - Sync 1 DAGs
[2022-09-20T17:18:28.946+0000] {logging_mixin.py:117} INFO - [2022-09-20T17:18:28.946+0000] {dag.py:3328} INFO - Setting next_dagrun for example_trigger_target_dag to None, run_after=None
[2022-09-20T17:18:29.879+0000] {processor.py:178} INFO - Processing /home/airflow/.local/lib/python3.7/site-packages/airflow/example_dags/example_trigger_target_dag.py took 2.385 seconds
[2022-09-20T17:19:00.392+0000] {processor.py:156} INFO - Started process (PID=833) to work on /home/airflow/.local/lib/python3.7/site-packages/airflow/example_dags/example_trigger_target_dag.py
[2022-09-20T17:19:00.450+0000] {processor.py:758} INFO - Processing file /home/airflow/.local/lib/python3.7/site-packages/airflow/example_dags/example_trigger_target_dag.py for tasks to queue
[2022-09-20T17:19:00.451+0000] {logging_mixin.py:117} INFO - [2022-09-20T17:19:00.451+0000] {dagbag.py:525} INFO - Filling up the DagBag from /home/airflow/.local/lib/python3.7/site-packages/airflow/example_dags/example_trigger_target_dag.py
[2022-09-20T17:19:00.524+0000] {processor.py:768} INFO - DAG(s) dict_keys(['example_trigger_target_dag']) retrieved from /home/airflow/.local/lib/python3.7/site-packages/airflow/example_dags/example_trigger_target_dag.py
[2022-09-20T17:19:00.799+0000] {logging_mixin.py:117} INFO - [2022-09-20T17:19:00.799+0000] {dag.py:2573} INFO - Sync 1 DAGs
[2022-09-20T17:19:00.915+0000] {logging_mixin.py:117} INFO - [2022-09-20T17:19:00.914+0000] {dag.py:3328} INFO - Setting next_dagrun for example_trigger_target_dag to None, run_after=None
[2022-09-20T17:19:07.114+0000] {processor.py:178} INFO - Processing /home/airflow/.local/lib/python3.7/site-packages/airflow/example_dags/example_trigger_target_dag.py took 6.738 seconds
[2022-09-20T17:19:55.220+0000] {processor.py:156} INFO - Started process (PID=891) to work on /home/airflow/.local/lib/python3.7/site-packages/airflow/example_dags/example_trigger_target_dag.py
[2022-09-20T17:19:56.424+0000] {processor.py:758} INFO - Processing file /home/airflow/.local/lib/python3.7/site-packages/airflow/example_dags/example_trigger_target_dag.py for tasks to queue
[2022-09-20T17:19:56.939+0000] {logging_mixin.py:117} INFO - [2022-09-20T17:19:56.938+0000] {dagbag.py:525} INFO - Filling up the DagBag from /home/airflow/.local/lib/python3.7/site-packages/airflow/example_dags/example_trigger_target_dag.py
[2022-09-20T17:20:43.117+0000] {logging_mixin.py:117} INFO - [2022-09-20T17:20:43.116+0000] {timeout.py:68} ERROR - Process timed out, PID: 891
[2022-09-20T17:21:05.915+0000] {logging_mixin.py:117} INFO - [2022-09-20T17:20:43.999+0000] {dagbag.py:330} ERROR - Failed to import: /home/airflow/.local/lib/python3.7/site-packages/airflow/example_dags/example_trigger_target_dag.py
Traceback (most recent call last):
  File "/home/airflow/.local/lib/python3.7/site-packages/airflow/models/dagbag.py", line 326, in parse
    loader.exec_module(new_module)
  File "<frozen importlib._bootstrap_external>", line 728, in exec_module
  File "<frozen importlib._bootstrap>", line 219, in _call_with_frames_removed
  File "/home/airflow/.local/lib/python3.7/site-packages/airflow/example_dags/example_trigger_target_dag.py", line 28, in <module>
    from airflow.decorators import task
  File "/home/airflow/.local/lib/python3.7/site-packages/airflow/decorators/__init__.py", line 26, in <module>
    from airflow.decorators.short_circuit import short_circuit_task
  File "<frozen importlib._bootstrap>", line 983, in _find_and_load
  File "<frozen importlib._bootstrap>", line 967, in _find_and_load_unlocked
  File "<frozen importlib._bootstrap>", line 677, in _load_unlocked
  File "<frozen importlib._bootstrap_external>", line 724, in exec_module
  File "<frozen importlib._bootstrap_external>", line 857, in get_code
  File "<frozen importlib._bootstrap_external>", line 525, in _compile_bytecode
  File "/home/airflow/.local/lib/python3.7/site-packages/airflow/utils/timeout.py", line 69, in handle_timeout
    raise AirflowTaskTimeout(self.error_message)
airflow.exceptions.AirflowTaskTimeout: DagBag import timeout for /home/airflow/.local/lib/python3.7/site-packages/airflow/example_dags/example_trigger_target_dag.py after 30.0s.
Please take a look at these docs to improve your DAG import time:
* https://airflow.apache.org/docs/apache-airflow/2.4.0/best-practices.html#top-level-python-code
* https://airflow.apache.org/docs/apache-airflow/2.4.0/best-practices.html#reducing-dag-complexity, PID: 891
[2022-09-20T17:21:05.932+0000] {processor.py:770} WARNING - No viable dags retrieved from /home/airflow/.local/lib/python3.7/site-packages/airflow/example_dags/example_trigger_target_dag.py
