[2022-09-20T13:47:15.328+0000] {processor.py:156} INFO - Started process (PID=91) to work on /home/airflow/.local/lib/python3.7/site-packages/airflow/example_dags/example_short_circuit_decorator.py
[2022-09-20T13:47:15.329+0000] {processor.py:758} INFO - Processing file /home/airflow/.local/lib/python3.7/site-packages/airflow/example_dags/example_short_circuit_decorator.py for tasks to queue
[2022-09-20T13:47:15.330+0000] {logging_mixin.py:117} INFO - [2022-09-20T13:47:15.330+0000] {dagbag.py:525} INFO - Filling up the DagBag from /home/airflow/.local/lib/python3.7/site-packages/airflow/example_dags/example_short_circuit_decorator.py
[2022-09-20T13:47:15.363+0000] {processor.py:768} INFO - DAG(s) dict_keys(['example_short_circuit_decorator']) retrieved from /home/airflow/.local/lib/python3.7/site-packages/airflow/example_dags/example_short_circuit_decorator.py
[2022-09-20T13:47:16.872+0000] {logging_mixin.py:117} INFO - [2022-09-20T13:47:16.872+0000] {manager.py:508} INFO - Created Permission View: can delete on DAG:example_short_circuit_decorator
[2022-09-20T13:47:18.669+0000] {logging_mixin.py:117} INFO - [2022-09-20T13:47:18.668+0000] {manager.py:508} INFO - Created Permission View: can read on DAG:example_short_circuit_decorator
[2022-09-20T13:47:56.626+0000] {logging_mixin.py:117} INFO - [2022-09-20T13:47:56.626+0000] {manager.py:508} INFO - Created Permission View: can edit on DAG:example_short_circuit_decorator
[2022-09-20T13:47:56.627+0000] {logging_mixin.py:117} INFO - [2022-09-20T13:47:56.627+0000] {dag.py:2573} INFO - Sync 1 DAGs
[2022-09-20T13:47:56.656+0000] {logging_mixin.py:117} INFO - [2022-09-20T13:47:56.655+0000] {dag.py:2594} INFO - Creating ORM DAG for example_short_circuit_decorator
[2022-09-20T13:47:56.679+0000] {logging_mixin.py:117} INFO - [2022-09-20T13:47:56.679+0000] {dag.py:3328} INFO - Setting next_dagrun for example_short_circuit_decorator to 2022-09-19T13:47:56.678539+00:00, run_after=2022-09-20T13:47:56.678539+00:00
[2022-09-20T13:56:07.055+0000] {processor.py:156} INFO - Started process (PID=154) to work on /home/airflow/.local/lib/python3.7/site-packages/airflow/example_dags/example_short_circuit_decorator.py
[2022-09-20T13:56:07.347+0000] {processor.py:758} INFO - Processing file /home/airflow/.local/lib/python3.7/site-packages/airflow/example_dags/example_short_circuit_decorator.py for tasks to queue
[2022-09-20T13:56:07.350+0000] {logging_mixin.py:117} INFO - [2022-09-20T13:56:07.349+0000] {dagbag.py:525} INFO - Filling up the DagBag from /home/airflow/.local/lib/python3.7/site-packages/airflow/example_dags/example_short_circuit_decorator.py
[2022-09-20T13:56:07.868+0000] {processor.py:768} INFO - DAG(s) dict_keys(['example_short_circuit_decorator']) retrieved from /home/airflow/.local/lib/python3.7/site-packages/airflow/example_dags/example_short_circuit_decorator.py
[2022-09-20T13:56:07.927+0000] {logging_mixin.py:117} INFO - [2022-09-20T13:56:07.927+0000] {dag.py:2573} INFO - Sync 1 DAGs
[2022-09-20T13:56:07.959+0000] {logging_mixin.py:117} INFO - [2022-09-20T13:56:07.958+0000] {dag.py:3328} INFO - Setting next_dagrun for example_short_circuit_decorator to 2022-09-19T13:56:07.958696+00:00, run_after=2022-09-20T13:56:07.958696+00:00
[2022-09-20T14:03:59.917+0000] {processor.py:156} INFO - Started process (PID=218) to work on /home/airflow/.local/lib/python3.7/site-packages/airflow/example_dags/example_short_circuit_decorator.py
[2022-09-20T14:04:00.310+0000] {processor.py:758} INFO - Processing file /home/airflow/.local/lib/python3.7/site-packages/airflow/example_dags/example_short_circuit_decorator.py for tasks to queue
[2022-09-20T14:04:00.311+0000] {logging_mixin.py:117} INFO - [2022-09-20T14:04:00.311+0000] {dagbag.py:525} INFO - Filling up the DagBag from /home/airflow/.local/lib/python3.7/site-packages/airflow/example_dags/example_short_circuit_decorator.py
[2022-09-20T14:04:00.343+0000] {processor.py:768} INFO - DAG(s) dict_keys(['example_short_circuit_decorator']) retrieved from /home/airflow/.local/lib/python3.7/site-packages/airflow/example_dags/example_short_circuit_decorator.py
[2022-09-20T14:04:00.390+0000] {logging_mixin.py:117} INFO - [2022-09-20T14:04:00.390+0000] {dag.py:2573} INFO - Sync 1 DAGs
[2022-09-20T14:04:00.419+0000] {logging_mixin.py:117} INFO - [2022-09-20T14:04:00.418+0000] {dag.py:3328} INFO - Setting next_dagrun for example_short_circuit_decorator to 2022-09-19T14:04:00.418648+00:00, run_after=2022-09-20T14:04:00.418648+00:00
[2022-09-20T14:04:06.381+0000] {processor.py:178} INFO - Processing /home/airflow/.local/lib/python3.7/site-packages/airflow/example_dags/example_short_circuit_decorator.py took 6.471 seconds
[2022-09-20T14:05:28.879+0000] {processor.py:156} INFO - Started process (PID=276) to work on /home/airflow/.local/lib/python3.7/site-packages/airflow/example_dags/example_short_circuit_decorator.py
[2022-09-20T14:05:29.005+0000] {processor.py:758} INFO - Processing file /home/airflow/.local/lib/python3.7/site-packages/airflow/example_dags/example_short_circuit_decorator.py for tasks to queue
[2022-09-20T14:05:29.006+0000] {logging_mixin.py:117} INFO - [2022-09-20T14:05:29.005+0000] {dagbag.py:525} INFO - Filling up the DagBag from /home/airflow/.local/lib/python3.7/site-packages/airflow/example_dags/example_short_circuit_decorator.py
[2022-09-20T14:05:29.034+0000] {processor.py:768} INFO - DAG(s) dict_keys(['example_short_circuit_decorator']) retrieved from /home/airflow/.local/lib/python3.7/site-packages/airflow/example_dags/example_short_circuit_decorator.py
[2022-09-20T14:05:29.077+0000] {logging_mixin.py:117} INFO - [2022-09-20T14:05:29.077+0000] {dag.py:2573} INFO - Sync 1 DAGs
[2022-09-20T14:05:29.106+0000] {logging_mixin.py:117} INFO - [2022-09-20T14:05:29.106+0000] {dag.py:3328} INFO - Setting next_dagrun for example_short_circuit_decorator to 2022-09-19T14:05:29.106403+00:00, run_after=2022-09-20T14:05:29.106403+00:00
[2022-09-20T14:05:37.264+0000] {processor.py:178} INFO - Processing /home/airflow/.local/lib/python3.7/site-packages/airflow/example_dags/example_short_circuit_decorator.py took 8.347 seconds
[2022-09-20T14:06:25.675+0000] {processor.py:156} INFO - Started process (PID=333) to work on /home/airflow/.local/lib/python3.7/site-packages/airflow/example_dags/example_short_circuit_decorator.py
[2022-09-20T14:06:25.900+0000] {processor.py:758} INFO - Processing file /home/airflow/.local/lib/python3.7/site-packages/airflow/example_dags/example_short_circuit_decorator.py for tasks to queue
[2022-09-20T14:06:25.902+0000] {logging_mixin.py:117} INFO - [2022-09-20T14:06:25.902+0000] {dagbag.py:525} INFO - Filling up the DagBag from /home/airflow/.local/lib/python3.7/site-packages/airflow/example_dags/example_short_circuit_decorator.py
[2022-09-20T14:06:25.961+0000] {processor.py:768} INFO - DAG(s) dict_keys(['example_short_circuit_decorator']) retrieved from /home/airflow/.local/lib/python3.7/site-packages/airflow/example_dags/example_short_circuit_decorator.py
[2022-09-20T14:06:26.000+0000] {logging_mixin.py:117} INFO - [2022-09-20T14:06:26.000+0000] {dag.py:2573} INFO - Sync 1 DAGs
[2022-09-20T14:06:26.023+0000] {logging_mixin.py:117} INFO - [2022-09-20T14:06:26.022+0000] {dag.py:3328} INFO - Setting next_dagrun for example_short_circuit_decorator to 2022-09-19T14:06:26.022660+00:00, run_after=2022-09-20T14:06:26.022660+00:00
[2022-09-20T14:06:26.874+0000] {processor.py:178} INFO - Processing /home/airflow/.local/lib/python3.7/site-packages/airflow/example_dags/example_short_circuit_decorator.py took 1.203 seconds
[2022-09-20T14:07:10.429+0000] {processor.py:156} INFO - Started process (PID=365) to work on /home/airflow/.local/lib/python3.7/site-packages/airflow/example_dags/example_short_circuit_decorator.py
[2022-09-20T14:07:12.544+0000] {processor.py:758} INFO - Processing file /home/airflow/.local/lib/python3.7/site-packages/airflow/example_dags/example_short_circuit_decorator.py for tasks to queue
[2022-09-20T14:07:12.823+0000] {logging_mixin.py:117} INFO - [2022-09-20T14:07:12.823+0000] {dagbag.py:525} INFO - Filling up the DagBag from /home/airflow/.local/lib/python3.7/site-packages/airflow/example_dags/example_short_circuit_decorator.py
[2022-09-20T14:07:12.875+0000] {processor.py:768} INFO - DAG(s) dict_keys(['example_short_circuit_decorator']) retrieved from /home/airflow/.local/lib/python3.7/site-packages/airflow/example_dags/example_short_circuit_decorator.py
[2022-09-20T14:07:13.787+0000] {logging_mixin.py:117} INFO - [2022-09-20T14:07:13.786+0000] {dag.py:2573} INFO - Sync 1 DAGs
[2022-09-20T14:07:13.820+0000] {logging_mixin.py:117} INFO - [2022-09-20T14:07:13.820+0000] {dag.py:3328} INFO - Setting next_dagrun for example_short_circuit_decorator to 2022-09-19T14:07:13.820359+00:00, run_after=2022-09-20T14:07:13.820359+00:00
[2022-09-20T14:07:18.822+0000] {processor.py:178} INFO - Processing /home/airflow/.local/lib/python3.7/site-packages/airflow/example_dags/example_short_circuit_decorator.py took 8.397 seconds
[2022-09-20T14:07:50.037+0000] {processor.py:156} INFO - Started process (PID=419) to work on /home/airflow/.local/lib/python3.7/site-packages/airflow/example_dags/example_short_circuit_decorator.py
[2022-09-20T14:07:50.360+0000] {processor.py:758} INFO - Processing file /home/airflow/.local/lib/python3.7/site-packages/airflow/example_dags/example_short_circuit_decorator.py for tasks to queue
[2022-09-20T14:07:50.360+0000] {logging_mixin.py:117} INFO - [2022-09-20T14:07:50.360+0000] {dagbag.py:525} INFO - Filling up the DagBag from /home/airflow/.local/lib/python3.7/site-packages/airflow/example_dags/example_short_circuit_decorator.py
[2022-09-20T14:07:50.383+0000] {processor.py:768} INFO - DAG(s) dict_keys(['example_short_circuit_decorator']) retrieved from /home/airflow/.local/lib/python3.7/site-packages/airflow/example_dags/example_short_circuit_decorator.py
[2022-09-20T14:07:50.424+0000] {logging_mixin.py:117} INFO - [2022-09-20T14:07:50.424+0000] {dag.py:2573} INFO - Sync 1 DAGs
[2022-09-20T14:07:50.447+0000] {logging_mixin.py:117} INFO - [2022-09-20T14:07:50.447+0000] {dag.py:3328} INFO - Setting next_dagrun for example_short_circuit_decorator to 2022-09-19T14:07:50.447229+00:00, run_after=2022-09-20T14:07:50.447229+00:00
[2022-09-20T14:07:51.538+0000] {processor.py:178} INFO - Processing /home/airflow/.local/lib/python3.7/site-packages/airflow/example_dags/example_short_circuit_decorator.py took 1.504 seconds
[2022-09-20T14:08:24.673+0000] {processor.py:156} INFO - Started process (PID=474) to work on /home/airflow/.local/lib/python3.7/site-packages/airflow/example_dags/example_short_circuit_decorator.py
[2022-09-20T14:08:24.976+0000] {processor.py:758} INFO - Processing file /home/airflow/.local/lib/python3.7/site-packages/airflow/example_dags/example_short_circuit_decorator.py for tasks to queue
[2022-09-20T14:08:24.977+0000] {logging_mixin.py:117} INFO - [2022-09-20T14:08:24.977+0000] {dagbag.py:525} INFO - Filling up the DagBag from /home/airflow/.local/lib/python3.7/site-packages/airflow/example_dags/example_short_circuit_decorator.py
[2022-09-20T14:08:25.006+0000] {processor.py:768} INFO - DAG(s) dict_keys(['example_short_circuit_decorator']) retrieved from /home/airflow/.local/lib/python3.7/site-packages/airflow/example_dags/example_short_circuit_decorator.py
[2022-09-20T14:08:25.059+0000] {logging_mixin.py:117} INFO - [2022-09-20T14:08:25.059+0000] {dag.py:2573} INFO - Sync 1 DAGs
[2022-09-20T14:08:25.094+0000] {logging_mixin.py:117} INFO - [2022-09-20T14:08:25.094+0000] {dag.py:3328} INFO - Setting next_dagrun for example_short_circuit_decorator to 2022-09-19T14:08:25.094433+00:00, run_after=2022-09-20T14:08:25.094433+00:00
[2022-09-20T14:08:25.573+0000] {processor.py:178} INFO - Processing /home/airflow/.local/lib/python3.7/site-packages/airflow/example_dags/example_short_circuit_decorator.py took 0.907 seconds
[2022-09-20T14:10:04.965+0000] {processor.py:156} INFO - Started process (PID=507) to work on /home/airflow/.local/lib/python3.7/site-packages/airflow/example_dags/example_short_circuit_decorator.py
[2022-09-20T14:10:05.091+0000] {processor.py:758} INFO - Processing file /home/airflow/.local/lib/python3.7/site-packages/airflow/example_dags/example_short_circuit_decorator.py for tasks to queue
[2022-09-20T14:10:05.092+0000] {logging_mixin.py:117} INFO - [2022-09-20T14:10:05.092+0000] {dagbag.py:525} INFO - Filling up the DagBag from /home/airflow/.local/lib/python3.7/site-packages/airflow/example_dags/example_short_circuit_decorator.py
[2022-09-20T14:10:05.128+0000] {processor.py:768} INFO - DAG(s) dict_keys(['example_short_circuit_decorator']) retrieved from /home/airflow/.local/lib/python3.7/site-packages/airflow/example_dags/example_short_circuit_decorator.py
[2022-09-20T14:10:12.169+0000] {logging_mixin.py:117} INFO - [2022-09-20T14:10:12.169+0000] {dag.py:2573} INFO - Sync 1 DAGs
[2022-09-20T14:10:12.229+0000] {logging_mixin.py:117} INFO - [2022-09-20T14:10:12.229+0000] {dag.py:3328} INFO - Setting next_dagrun for example_short_circuit_decorator to 2022-09-19T14:10:12.228987+00:00, run_after=2022-09-20T14:10:12.228987+00:00
[2022-09-20T14:10:17.479+0000] {processor.py:178} INFO - Processing /home/airflow/.local/lib/python3.7/site-packages/airflow/example_dags/example_short_circuit_decorator.py took 12.918 seconds
[2022-09-20T14:11:36.520+0000] {processor.py:156} INFO - Started process (PID=568) to work on /home/airflow/.local/lib/python3.7/site-packages/airflow/example_dags/example_short_circuit_decorator.py
[2022-09-20T14:11:36.590+0000] {processor.py:758} INFO - Processing file /home/airflow/.local/lib/python3.7/site-packages/airflow/example_dags/example_short_circuit_decorator.py for tasks to queue
[2022-09-20T14:11:36.592+0000] {logging_mixin.py:117} INFO - [2022-09-20T14:11:36.592+0000] {dagbag.py:525} INFO - Filling up the DagBag from /home/airflow/.local/lib/python3.7/site-packages/airflow/example_dags/example_short_circuit_decorator.py
[2022-09-20T14:11:36.645+0000] {processor.py:768} INFO - DAG(s) dict_keys(['example_short_circuit_decorator']) retrieved from /home/airflow/.local/lib/python3.7/site-packages/airflow/example_dags/example_short_circuit_decorator.py
[2022-09-20T14:11:36.684+0000] {logging_mixin.py:117} INFO - [2022-09-20T14:11:36.684+0000] {dag.py:2573} INFO - Sync 1 DAGs
[2022-09-20T14:11:36.709+0000] {logging_mixin.py:117} INFO - [2022-09-20T14:11:36.709+0000] {dag.py:3328} INFO - Setting next_dagrun for example_short_circuit_decorator to 2022-09-19T14:11:36.708882+00:00, run_after=2022-09-20T14:11:36.708882+00:00
[2022-09-20T14:11:37.211+0000] {processor.py:178} INFO - Processing /home/airflow/.local/lib/python3.7/site-packages/airflow/example_dags/example_short_circuit_decorator.py took 0.699 seconds
[2022-09-20T14:13:29.522+0000] {processor.py:156} INFO - Started process (PID=632) to work on /home/airflow/.local/lib/python3.7/site-packages/airflow/example_dags/example_short_circuit_decorator.py
[2022-09-20T14:13:29.638+0000] {processor.py:758} INFO - Processing file /home/airflow/.local/lib/python3.7/site-packages/airflow/example_dags/example_short_circuit_decorator.py for tasks to queue
[2022-09-20T14:13:29.641+0000] {logging_mixin.py:117} INFO - [2022-09-20T14:13:29.641+0000] {dagbag.py:525} INFO - Filling up the DagBag from /home/airflow/.local/lib/python3.7/site-packages/airflow/example_dags/example_short_circuit_decorator.py
[2022-09-20T14:13:29.696+0000] {processor.py:768} INFO - DAG(s) dict_keys(['example_short_circuit_decorator']) retrieved from /home/airflow/.local/lib/python3.7/site-packages/airflow/example_dags/example_short_circuit_decorator.py
[2022-09-20T14:13:31.427+0000] {logging_mixin.py:117} INFO - [2022-09-20T14:13:31.426+0000] {dag.py:2573} INFO - Sync 1 DAGs
[2022-09-20T14:13:31.456+0000] {logging_mixin.py:117} INFO - [2022-09-20T14:13:31.456+0000] {dag.py:3328} INFO - Setting next_dagrun for example_short_circuit_decorator to 2022-09-19T14:13:31.456427+00:00, run_after=2022-09-20T14:13:31.456427+00:00
[2022-09-20T14:13:35.537+0000] {processor.py:178} INFO - Processing /home/airflow/.local/lib/python3.7/site-packages/airflow/example_dags/example_short_circuit_decorator.py took 6.020 seconds
[2022-09-20T14:14:18.254+0000] {processor.py:156} INFO - Started process (PID=677) to work on /home/airflow/.local/lib/python3.7/site-packages/airflow/example_dags/example_short_circuit_decorator.py
[2022-09-20T14:14:18.369+0000] {processor.py:758} INFO - Processing file /home/airflow/.local/lib/python3.7/site-packages/airflow/example_dags/example_short_circuit_decorator.py for tasks to queue
[2022-09-20T14:14:18.371+0000] {logging_mixin.py:117} INFO - [2022-09-20T14:14:18.370+0000] {dagbag.py:525} INFO - Filling up the DagBag from /home/airflow/.local/lib/python3.7/site-packages/airflow/example_dags/example_short_circuit_decorator.py
[2022-09-20T14:14:18.418+0000] {processor.py:768} INFO - DAG(s) dict_keys(['example_short_circuit_decorator']) retrieved from /home/airflow/.local/lib/python3.7/site-packages/airflow/example_dags/example_short_circuit_decorator.py
[2022-09-20T14:14:18.457+0000] {logging_mixin.py:117} INFO - [2022-09-20T14:14:18.457+0000] {dag.py:2573} INFO - Sync 1 DAGs
[2022-09-20T14:14:18.480+0000] {logging_mixin.py:117} INFO - [2022-09-20T14:14:18.480+0000] {dag.py:3328} INFO - Setting next_dagrun for example_short_circuit_decorator to 2022-09-19T14:14:18.480336+00:00, run_after=2022-09-20T14:14:18.480336+00:00
[2022-09-20T14:14:18.798+0000] {processor.py:178} INFO - Processing /home/airflow/.local/lib/python3.7/site-packages/airflow/example_dags/example_short_circuit_decorator.py took 0.548 seconds
[2022-09-20T14:14:59.039+0000] {processor.py:156} INFO - Started process (PID=714) to work on /home/airflow/.local/lib/python3.7/site-packages/airflow/example_dags/example_short_circuit_decorator.py
[2022-09-20T14:14:59.688+0000] {processor.py:758} INFO - Processing file /home/airflow/.local/lib/python3.7/site-packages/airflow/example_dags/example_short_circuit_decorator.py for tasks to queue
[2022-09-20T14:14:59.689+0000] {logging_mixin.py:117} INFO - [2022-09-20T14:14:59.689+0000] {dagbag.py:525} INFO - Filling up the DagBag from /home/airflow/.local/lib/python3.7/site-packages/airflow/example_dags/example_short_circuit_decorator.py
[2022-09-20T14:14:59.719+0000] {processor.py:768} INFO - DAG(s) dict_keys(['example_short_circuit_decorator']) retrieved from /home/airflow/.local/lib/python3.7/site-packages/airflow/example_dags/example_short_circuit_decorator.py
[2022-09-20T14:14:59.758+0000] {logging_mixin.py:117} INFO - [2022-09-20T14:14:59.758+0000] {dag.py:2573} INFO - Sync 1 DAGs
[2022-09-20T14:14:59.782+0000] {logging_mixin.py:117} INFO - [2022-09-20T14:14:59.782+0000] {dag.py:3328} INFO - Setting next_dagrun for example_short_circuit_decorator to 2022-09-19T14:14:59.782593+00:00, run_after=2022-09-20T14:14:59.782593+00:00
[2022-09-20T14:15:00.301+0000] {processor.py:178} INFO - Processing /home/airflow/.local/lib/python3.7/site-packages/airflow/example_dags/example_short_circuit_decorator.py took 0.772 seconds
[2022-09-20T14:16:19.642+0000] {processor.py:156} INFO - Started process (PID=772) to work on /home/airflow/.local/lib/python3.7/site-packages/airflow/example_dags/example_short_circuit_decorator.py
[2022-09-20T14:16:19.767+0000] {processor.py:758} INFO - Processing file /home/airflow/.local/lib/python3.7/site-packages/airflow/example_dags/example_short_circuit_decorator.py for tasks to queue
[2022-09-20T14:16:19.767+0000] {logging_mixin.py:117} INFO - [2022-09-20T14:16:19.767+0000] {dagbag.py:525} INFO - Filling up the DagBag from /home/airflow/.local/lib/python3.7/site-packages/airflow/example_dags/example_short_circuit_decorator.py
[2022-09-20T14:16:19.794+0000] {processor.py:768} INFO - DAG(s) dict_keys(['example_short_circuit_decorator']) retrieved from /home/airflow/.local/lib/python3.7/site-packages/airflow/example_dags/example_short_circuit_decorator.py
[2022-09-20T14:16:19.843+0000] {logging_mixin.py:117} INFO - [2022-09-20T14:16:19.843+0000] {dag.py:2573} INFO - Sync 1 DAGs
[2022-09-20T14:16:19.872+0000] {logging_mixin.py:117} INFO - [2022-09-20T14:16:19.872+0000] {dag.py:3328} INFO - Setting next_dagrun for example_short_circuit_decorator to 2022-09-19T14:16:19.871880+00:00, run_after=2022-09-20T14:16:19.871880+00:00
[2022-09-20T14:16:20.203+0000] {processor.py:178} INFO - Processing /home/airflow/.local/lib/python3.7/site-packages/airflow/example_dags/example_short_circuit_decorator.py took 0.565 seconds
[2022-09-20T14:17:03.273+0000] {processor.py:156} INFO - Started process (PID=826) to work on /home/airflow/.local/lib/python3.7/site-packages/airflow/example_dags/example_short_circuit_decorator.py
[2022-09-20T14:17:03.900+0000] {processor.py:758} INFO - Processing file /home/airflow/.local/lib/python3.7/site-packages/airflow/example_dags/example_short_circuit_decorator.py for tasks to queue
[2022-09-20T14:17:03.901+0000] {logging_mixin.py:117} INFO - [2022-09-20T14:17:03.901+0000] {dagbag.py:525} INFO - Filling up the DagBag from /home/airflow/.local/lib/python3.7/site-packages/airflow/example_dags/example_short_circuit_decorator.py
[2022-09-20T14:17:03.933+0000] {processor.py:768} INFO - DAG(s) dict_keys(['example_short_circuit_decorator']) retrieved from /home/airflow/.local/lib/python3.7/site-packages/airflow/example_dags/example_short_circuit_decorator.py
[2022-09-20T14:17:03.984+0000] {logging_mixin.py:117} INFO - [2022-09-20T14:17:03.984+0000] {dag.py:2573} INFO - Sync 1 DAGs
[2022-09-20T14:17:04.014+0000] {logging_mixin.py:117} INFO - [2022-09-20T14:17:04.014+0000] {dag.py:3328} INFO - Setting next_dagrun for example_short_circuit_decorator to 2022-09-19T14:17:04.013760+00:00, run_after=2022-09-20T14:17:04.013760+00:00
[2022-09-20T14:17:07.115+0000] {processor.py:178} INFO - Processing /home/airflow/.local/lib/python3.7/site-packages/airflow/example_dags/example_short_circuit_decorator.py took 3.847 seconds
[2022-09-20T14:18:55.377+0000] {processor.py:156} INFO - Started process (PID=893) to work on /home/airflow/.local/lib/python3.7/site-packages/airflow/example_dags/example_short_circuit_decorator.py
[2022-09-20T14:18:55.555+0000] {processor.py:758} INFO - Processing file /home/airflow/.local/lib/python3.7/site-packages/airflow/example_dags/example_short_circuit_decorator.py for tasks to queue
[2022-09-20T14:18:55.556+0000] {logging_mixin.py:117} INFO - [2022-09-20T14:18:55.556+0000] {dagbag.py:525} INFO - Filling up the DagBag from /home/airflow/.local/lib/python3.7/site-packages/airflow/example_dags/example_short_circuit_decorator.py
[2022-09-20T14:18:55.608+0000] {processor.py:768} INFO - DAG(s) dict_keys(['example_short_circuit_decorator']) retrieved from /home/airflow/.local/lib/python3.7/site-packages/airflow/example_dags/example_short_circuit_decorator.py
[2022-09-20T14:18:55.648+0000] {logging_mixin.py:117} INFO - [2022-09-20T14:18:55.648+0000] {dag.py:2573} INFO - Sync 1 DAGs
[2022-09-20T14:18:55.671+0000] {logging_mixin.py:117} INFO - [2022-09-20T14:18:55.671+0000] {dag.py:3328} INFO - Setting next_dagrun for example_short_circuit_decorator to 2022-09-19T14:18:55.671069+00:00, run_after=2022-09-20T14:18:55.671069+00:00
[2022-09-20T14:18:56.104+0000] {processor.py:178} INFO - Processing /home/airflow/.local/lib/python3.7/site-packages/airflow/example_dags/example_short_circuit_decorator.py took 0.730 seconds
[2022-09-20T14:20:08.558+0000] {processor.py:156} INFO - Started process (PID=942) to work on /home/airflow/.local/lib/python3.7/site-packages/airflow/example_dags/example_short_circuit_decorator.py
[2022-09-20T14:20:08.938+0000] {processor.py:758} INFO - Processing file /home/airflow/.local/lib/python3.7/site-packages/airflow/example_dags/example_short_circuit_decorator.py for tasks to queue
[2022-09-20T14:20:08.939+0000] {logging_mixin.py:117} INFO - [2022-09-20T14:20:08.939+0000] {dagbag.py:525} INFO - Filling up the DagBag from /home/airflow/.local/lib/python3.7/site-packages/airflow/example_dags/example_short_circuit_decorator.py
[2022-09-20T14:20:08.964+0000] {processor.py:768} INFO - DAG(s) dict_keys(['example_short_circuit_decorator']) retrieved from /home/airflow/.local/lib/python3.7/site-packages/airflow/example_dags/example_short_circuit_decorator.py
[2022-09-20T14:20:09.005+0000] {logging_mixin.py:117} INFO - [2022-09-20T14:20:09.005+0000] {dag.py:2573} INFO - Sync 1 DAGs
[2022-09-20T14:20:09.029+0000] {logging_mixin.py:117} INFO - [2022-09-20T14:20:09.029+0000] {dag.py:3328} INFO - Setting next_dagrun for example_short_circuit_decorator to 2022-09-19T14:20:09.029539+00:00, run_after=2022-09-20T14:20:09.029539+00:00
[2022-09-20T14:20:09.231+0000] {processor.py:178} INFO - Processing /home/airflow/.local/lib/python3.7/site-packages/airflow/example_dags/example_short_circuit_decorator.py took 0.679 seconds
[2022-09-20T14:21:55.206+0000] {processor.py:156} INFO - Started process (PID=1001) to work on /home/airflow/.local/lib/python3.7/site-packages/airflow/example_dags/example_short_circuit_decorator.py
[2022-09-20T14:21:55.440+0000] {processor.py:758} INFO - Processing file /home/airflow/.local/lib/python3.7/site-packages/airflow/example_dags/example_short_circuit_decorator.py for tasks to queue
[2022-09-20T14:21:55.441+0000] {logging_mixin.py:117} INFO - [2022-09-20T14:21:55.441+0000] {dagbag.py:525} INFO - Filling up the DagBag from /home/airflow/.local/lib/python3.7/site-packages/airflow/example_dags/example_short_circuit_decorator.py
[2022-09-20T14:21:55.478+0000] {processor.py:768} INFO - DAG(s) dict_keys(['example_short_circuit_decorator']) retrieved from /home/airflow/.local/lib/python3.7/site-packages/airflow/example_dags/example_short_circuit_decorator.py
[2022-09-20T14:21:55.527+0000] {logging_mixin.py:117} INFO - [2022-09-20T14:21:55.527+0000] {dag.py:2573} INFO - Sync 1 DAGs
[2022-09-20T14:21:55.552+0000] {logging_mixin.py:117} INFO - [2022-09-20T14:21:55.552+0000] {dag.py:3328} INFO - Setting next_dagrun for example_short_circuit_decorator to 2022-09-19T14:21:55.552082+00:00, run_after=2022-09-20T14:21:55.552082+00:00
[2022-09-20T14:21:56.132+0000] {processor.py:178} INFO - Processing /home/airflow/.local/lib/python3.7/site-packages/airflow/example_dags/example_short_circuit_decorator.py took 0.930 seconds
[2022-09-20T14:23:40.846+0000] {processor.py:156} INFO - Started process (PID=1033) to work on /home/airflow/.local/lib/python3.7/site-packages/airflow/example_dags/example_short_circuit_decorator.py
[2022-09-20T14:23:41.230+0000] {processor.py:758} INFO - Processing file /home/airflow/.local/lib/python3.7/site-packages/airflow/example_dags/example_short_circuit_decorator.py for tasks to queue
[2022-09-20T14:23:41.231+0000] {logging_mixin.py:117} INFO - [2022-09-20T14:23:41.231+0000] {dagbag.py:525} INFO - Filling up the DagBag from /home/airflow/.local/lib/python3.7/site-packages/airflow/example_dags/example_short_circuit_decorator.py
[2022-09-20T14:23:41.274+0000] {processor.py:768} INFO - DAG(s) dict_keys(['example_short_circuit_decorator']) retrieved from /home/airflow/.local/lib/python3.7/site-packages/airflow/example_dags/example_short_circuit_decorator.py
[2022-09-20T14:23:41.314+0000] {logging_mixin.py:117} INFO - [2022-09-20T14:23:41.314+0000] {dag.py:2573} INFO - Sync 1 DAGs
[2022-09-20T14:23:41.338+0000] {logging_mixin.py:117} INFO - [2022-09-20T14:23:41.338+0000] {dag.py:3328} INFO - Setting next_dagrun for example_short_circuit_decorator to 2022-09-19T14:23:41.338067+00:00, run_after=2022-09-20T14:23:41.338067+00:00
[2022-09-20T14:23:46.784+0000] {processor.py:178} INFO - Processing /home/airflow/.local/lib/python3.7/site-packages/airflow/example_dags/example_short_circuit_decorator.py took 5.942 seconds
[2022-09-20T14:25:14.083+0000] {processor.py:156} INFO - Started process (PID=1080) to work on /home/airflow/.local/lib/python3.7/site-packages/airflow/example_dags/example_short_circuit_decorator.py
[2022-09-20T14:25:14.343+0000] {processor.py:758} INFO - Processing file /home/airflow/.local/lib/python3.7/site-packages/airflow/example_dags/example_short_circuit_decorator.py for tasks to queue
[2022-09-20T14:25:14.345+0000] {logging_mixin.py:117} INFO - [2022-09-20T14:25:14.345+0000] {dagbag.py:525} INFO - Filling up the DagBag from /home/airflow/.local/lib/python3.7/site-packages/airflow/example_dags/example_short_circuit_decorator.py
[2022-09-20T14:25:14.391+0000] {processor.py:768} INFO - DAG(s) dict_keys(['example_short_circuit_decorator']) retrieved from /home/airflow/.local/lib/python3.7/site-packages/airflow/example_dags/example_short_circuit_decorator.py
[2022-09-20T14:25:14.431+0000] {logging_mixin.py:117} INFO - [2022-09-20T14:25:14.431+0000] {dag.py:2573} INFO - Sync 1 DAGs
[2022-09-20T14:25:14.456+0000] {logging_mixin.py:117} INFO - [2022-09-20T14:25:14.456+0000] {dag.py:3328} INFO - Setting next_dagrun for example_short_circuit_decorator to 2022-09-19T14:25:14.456209+00:00, run_after=2022-09-20T14:25:14.456209+00:00
[2022-09-20T14:25:15.131+0000] {processor.py:178} INFO - Processing /home/airflow/.local/lib/python3.7/site-packages/airflow/example_dags/example_short_circuit_decorator.py took 1.055 seconds
[2022-09-20T14:25:53.789+0000] {processor.py:156} INFO - Started process (PID=1134) to work on /home/airflow/.local/lib/python3.7/site-packages/airflow/example_dags/example_short_circuit_decorator.py
[2022-09-20T14:25:54.019+0000] {processor.py:758} INFO - Processing file /home/airflow/.local/lib/python3.7/site-packages/airflow/example_dags/example_short_circuit_decorator.py for tasks to queue
[2022-09-20T14:25:54.020+0000] {logging_mixin.py:117} INFO - [2022-09-20T14:25:54.020+0000] {dagbag.py:525} INFO - Filling up the DagBag from /home/airflow/.local/lib/python3.7/site-packages/airflow/example_dags/example_short_circuit_decorator.py
[2022-09-20T14:25:54.048+0000] {processor.py:768} INFO - DAG(s) dict_keys(['example_short_circuit_decorator']) retrieved from /home/airflow/.local/lib/python3.7/site-packages/airflow/example_dags/example_short_circuit_decorator.py
[2022-09-20T14:25:54.088+0000] {logging_mixin.py:117} INFO - [2022-09-20T14:25:54.088+0000] {dag.py:2573} INFO - Sync 1 DAGs
[2022-09-20T14:25:54.111+0000] {logging_mixin.py:117} INFO - [2022-09-20T14:25:54.111+0000] {dag.py:3328} INFO - Setting next_dagrun for example_short_circuit_decorator to 2022-09-19T14:25:54.110919+00:00, run_after=2022-09-20T14:25:54.110919+00:00
[2022-09-20T14:25:54.646+0000] {processor.py:178} INFO - Processing /home/airflow/.local/lib/python3.7/site-packages/airflow/example_dags/example_short_circuit_decorator.py took 0.863 seconds
[2022-09-20T14:27:54.336+0000] {processor.py:156} INFO - Started process (PID=1162) to work on /home/airflow/.local/lib/python3.7/site-packages/airflow/example_dags/example_short_circuit_decorator.py
[2022-09-20T14:27:54.532+0000] {processor.py:758} INFO - Processing file /home/airflow/.local/lib/python3.7/site-packages/airflow/example_dags/example_short_circuit_decorator.py for tasks to queue
[2022-09-20T14:27:54.535+0000] {logging_mixin.py:117} INFO - [2022-09-20T14:27:54.534+0000] {dagbag.py:525} INFO - Filling up the DagBag from /home/airflow/.local/lib/python3.7/site-packages/airflow/example_dags/example_short_circuit_decorator.py
[2022-09-20T14:27:54.581+0000] {processor.py:768} INFO - DAG(s) dict_keys(['example_short_circuit_decorator']) retrieved from /home/airflow/.local/lib/python3.7/site-packages/airflow/example_dags/example_short_circuit_decorator.py
[2022-09-20T14:27:54.623+0000] {logging_mixin.py:117} INFO - [2022-09-20T14:27:54.622+0000] {dag.py:2573} INFO - Sync 1 DAGs
[2022-09-20T14:27:54.647+0000] {logging_mixin.py:117} INFO - [2022-09-20T14:27:54.647+0000] {dag.py:3328} INFO - Setting next_dagrun for example_short_circuit_decorator to 2022-09-19T14:27:54.647219+00:00, run_after=2022-09-20T14:27:54.647219+00:00
[2022-09-20T14:27:56.338+0000] {processor.py:178} INFO - Processing /home/airflow/.local/lib/python3.7/site-packages/airflow/example_dags/example_short_circuit_decorator.py took 2.005 seconds
[2022-09-20T14:31:26.932+0000] {processor.py:156} INFO - Started process (PID=1206) to work on /home/airflow/.local/lib/python3.7/site-packages/airflow/example_dags/example_short_circuit_decorator.py
[2022-09-20T14:31:27.314+0000] {processor.py:758} INFO - Processing file /home/airflow/.local/lib/python3.7/site-packages/airflow/example_dags/example_short_circuit_decorator.py for tasks to queue
[2022-09-20T14:31:27.315+0000] {logging_mixin.py:117} INFO - [2022-09-20T14:31:27.314+0000] {dagbag.py:525} INFO - Filling up the DagBag from /home/airflow/.local/lib/python3.7/site-packages/airflow/example_dags/example_short_circuit_decorator.py
[2022-09-20T14:31:27.340+0000] {processor.py:768} INFO - DAG(s) dict_keys(['example_short_circuit_decorator']) retrieved from /home/airflow/.local/lib/python3.7/site-packages/airflow/example_dags/example_short_circuit_decorator.py
[2022-09-20T14:31:27.383+0000] {logging_mixin.py:117} INFO - [2022-09-20T14:31:27.383+0000] {dag.py:2573} INFO - Sync 1 DAGs
[2022-09-20T14:31:27.410+0000] {logging_mixin.py:117} INFO - [2022-09-20T14:31:27.410+0000] {dag.py:3328} INFO - Setting next_dagrun for example_short_circuit_decorator to 2022-09-19T14:31:27.410084+00:00, run_after=2022-09-20T14:31:27.410084+00:00
[2022-09-20T14:31:28.361+0000] {processor.py:178} INFO - Processing /home/airflow/.local/lib/python3.7/site-packages/airflow/example_dags/example_short_circuit_decorator.py took 1.434 seconds
[2022-09-20T14:33:01.711+0000] {processor.py:156} INFO - Started process (PID=1261) to work on /home/airflow/.local/lib/python3.7/site-packages/airflow/example_dags/example_short_circuit_decorator.py
[2022-09-20T14:33:02.173+0000] {processor.py:758} INFO - Processing file /home/airflow/.local/lib/python3.7/site-packages/airflow/example_dags/example_short_circuit_decorator.py for tasks to queue
[2022-09-20T14:33:02.176+0000] {logging_mixin.py:117} INFO - [2022-09-20T14:33:02.175+0000] {dagbag.py:525} INFO - Filling up the DagBag from /home/airflow/.local/lib/python3.7/site-packages/airflow/example_dags/example_short_circuit_decorator.py
[2022-09-20T14:33:02.216+0000] {processor.py:768} INFO - DAG(s) dict_keys(['example_short_circuit_decorator']) retrieved from /home/airflow/.local/lib/python3.7/site-packages/airflow/example_dags/example_short_circuit_decorator.py
[2022-09-20T14:33:02.256+0000] {logging_mixin.py:117} INFO - [2022-09-20T14:33:02.256+0000] {dag.py:2573} INFO - Sync 1 DAGs
[2022-09-20T14:33:02.280+0000] {logging_mixin.py:117} INFO - [2022-09-20T14:33:02.280+0000] {dag.py:3328} INFO - Setting next_dagrun for example_short_circuit_decorator to 2022-09-19T14:33:02.279927+00:00, run_after=2022-09-20T14:33:02.279927+00:00
[2022-09-20T14:33:03.070+0000] {processor.py:178} INFO - Processing /home/airflow/.local/lib/python3.7/site-packages/airflow/example_dags/example_short_circuit_decorator.py took 1.363 seconds
[2022-09-20T14:33:46.929+0000] {processor.py:156} INFO - Started process (PID=1316) to work on /home/airflow/.local/lib/python3.7/site-packages/airflow/example_dags/example_short_circuit_decorator.py
[2022-09-20T14:33:47.173+0000] {processor.py:758} INFO - Processing file /home/airflow/.local/lib/python3.7/site-packages/airflow/example_dags/example_short_circuit_decorator.py for tasks to queue
[2022-09-20T14:33:47.174+0000] {logging_mixin.py:117} INFO - [2022-09-20T14:33:47.174+0000] {dagbag.py:525} INFO - Filling up the DagBag from /home/airflow/.local/lib/python3.7/site-packages/airflow/example_dags/example_short_circuit_decorator.py
[2022-09-20T14:33:47.210+0000] {processor.py:768} INFO - DAG(s) dict_keys(['example_short_circuit_decorator']) retrieved from /home/airflow/.local/lib/python3.7/site-packages/airflow/example_dags/example_short_circuit_decorator.py
[2022-09-20T14:33:47.252+0000] {logging_mixin.py:117} INFO - [2022-09-20T14:33:47.252+0000] {dag.py:2573} INFO - Sync 1 DAGs
[2022-09-20T14:33:47.279+0000] {logging_mixin.py:117} INFO - [2022-09-20T14:33:47.279+0000] {dag.py:3328} INFO - Setting next_dagrun for example_short_circuit_decorator to 2022-09-19T14:33:47.278941+00:00, run_after=2022-09-20T14:33:47.278941+00:00
[2022-09-20T14:33:47.977+0000] {processor.py:178} INFO - Processing /home/airflow/.local/lib/python3.7/site-packages/airflow/example_dags/example_short_circuit_decorator.py took 1.051 seconds
[2022-09-20T17:10:47.356+0000] {processor.py:156} INFO - Started process (PID=141) to work on /home/airflow/.local/lib/python3.7/site-packages/airflow/example_dags/example_short_circuit_decorator.py
[2022-09-20T17:10:47.468+0000] {processor.py:758} INFO - Processing file /home/airflow/.local/lib/python3.7/site-packages/airflow/example_dags/example_short_circuit_decorator.py for tasks to queue
[2022-09-20T17:10:47.470+0000] {logging_mixin.py:117} INFO - [2022-09-20T17:10:47.470+0000] {dagbag.py:525} INFO - Filling up the DagBag from /home/airflow/.local/lib/python3.7/site-packages/airflow/example_dags/example_short_circuit_decorator.py
[2022-09-20T17:10:47.544+0000] {processor.py:768} INFO - DAG(s) dict_keys(['example_short_circuit_decorator']) retrieved from /home/airflow/.local/lib/python3.7/site-packages/airflow/example_dags/example_short_circuit_decorator.py
[2022-09-20T17:10:47.752+0000] {logging_mixin.py:117} INFO - [2022-09-20T17:10:47.751+0000] {dag.py:2573} INFO - Sync 1 DAGs
[2022-09-20T17:10:47.781+0000] {logging_mixin.py:117} INFO - [2022-09-20T17:10:47.781+0000] {dag.py:3328} INFO - Setting next_dagrun for example_short_circuit_decorator to 2022-09-19T17:10:47.780902+00:00, run_after=2022-09-20T17:10:47.780902+00:00
[2022-09-20T17:10:48.109+0000] {processor.py:178} INFO - Processing /home/airflow/.local/lib/python3.7/site-packages/airflow/example_dags/example_short_circuit_decorator.py took 0.771 seconds
[2022-09-20T17:11:58.039+0000] {processor.py:156} INFO - Started process (PID=213) to work on /home/airflow/.local/lib/python3.7/site-packages/airflow/example_dags/example_short_circuit_decorator.py
[2022-09-20T17:11:58.410+0000] {processor.py:758} INFO - Processing file /home/airflow/.local/lib/python3.7/site-packages/airflow/example_dags/example_short_circuit_decorator.py for tasks to queue
[2022-09-20T17:11:58.413+0000] {logging_mixin.py:117} INFO - [2022-09-20T17:11:58.412+0000] {dagbag.py:525} INFO - Filling up the DagBag from /home/airflow/.local/lib/python3.7/site-packages/airflow/example_dags/example_short_circuit_decorator.py
[2022-09-20T17:11:58.644+0000] {processor.py:768} INFO - DAG(s) dict_keys(['example_short_circuit_decorator']) retrieved from /home/airflow/.local/lib/python3.7/site-packages/airflow/example_dags/example_short_circuit_decorator.py
[2022-09-20T17:11:58.693+0000] {logging_mixin.py:117} INFO - [2022-09-20T17:11:58.693+0000] {dag.py:2573} INFO - Sync 1 DAGs
[2022-09-20T17:11:58.723+0000] {logging_mixin.py:117} INFO - [2022-09-20T17:11:58.723+0000] {dag.py:3328} INFO - Setting next_dagrun for example_short_circuit_decorator to 2022-09-19T17:11:58.722813+00:00, run_after=2022-09-20T17:11:58.722813+00:00
[2022-09-20T17:11:59.396+0000] {processor.py:178} INFO - Processing /home/airflow/.local/lib/python3.7/site-packages/airflow/example_dags/example_short_circuit_decorator.py took 1.361 seconds
[2022-09-20T17:12:32.590+0000] {processor.py:156} INFO - Started process (PID=266) to work on /home/airflow/.local/lib/python3.7/site-packages/airflow/example_dags/example_short_circuit_decorator.py
[2022-09-20T17:12:32.773+0000] {processor.py:758} INFO - Processing file /home/airflow/.local/lib/python3.7/site-packages/airflow/example_dags/example_short_circuit_decorator.py for tasks to queue
[2022-09-20T17:12:32.775+0000] {logging_mixin.py:117} INFO - [2022-09-20T17:12:32.774+0000] {dagbag.py:525} INFO - Filling up the DagBag from /home/airflow/.local/lib/python3.7/site-packages/airflow/example_dags/example_short_circuit_decorator.py
[2022-09-20T17:12:33.063+0000] {processor.py:768} INFO - DAG(s) dict_keys(['example_short_circuit_decorator']) retrieved from /home/airflow/.local/lib/python3.7/site-packages/airflow/example_dags/example_short_circuit_decorator.py
[2022-09-20T17:12:33.123+0000] {logging_mixin.py:117} INFO - [2022-09-20T17:12:33.123+0000] {dag.py:2573} INFO - Sync 1 DAGs
[2022-09-20T17:12:33.164+0000] {logging_mixin.py:117} INFO - [2022-09-20T17:12:33.164+0000] {dag.py:3328} INFO - Setting next_dagrun for example_short_circuit_decorator to 2022-09-19T17:12:33.164107+00:00, run_after=2022-09-20T17:12:33.164107+00:00
[2022-09-20T17:12:35.213+0000] {processor.py:178} INFO - Processing /home/airflow/.local/lib/python3.7/site-packages/airflow/example_dags/example_short_circuit_decorator.py took 2.634 seconds
[2022-09-20T17:13:14.869+0000] {processor.py:156} INFO - Started process (PID=320) to work on /home/airflow/.local/lib/python3.7/site-packages/airflow/example_dags/example_short_circuit_decorator.py
[2022-09-20T17:13:14.936+0000] {processor.py:758} INFO - Processing file /home/airflow/.local/lib/python3.7/site-packages/airflow/example_dags/example_short_circuit_decorator.py for tasks to queue
[2022-09-20T17:13:15.561+0000] {logging_mixin.py:117} INFO - [2022-09-20T17:13:15.560+0000] {dagbag.py:525} INFO - Filling up the DagBag from /home/airflow/.local/lib/python3.7/site-packages/airflow/example_dags/example_short_circuit_decorator.py
[2022-09-20T17:13:15.619+0000] {processor.py:768} INFO - DAG(s) dict_keys(['example_short_circuit_decorator']) retrieved from /home/airflow/.local/lib/python3.7/site-packages/airflow/example_dags/example_short_circuit_decorator.py
[2022-09-20T17:13:15.717+0000] {logging_mixin.py:117} INFO - [2022-09-20T17:13:15.717+0000] {dag.py:2573} INFO - Sync 1 DAGs
[2022-09-20T17:13:15.792+0000] {logging_mixin.py:117} INFO - [2022-09-20T17:13:15.791+0000] {dag.py:3328} INFO - Setting next_dagrun for example_short_circuit_decorator to 2022-09-19T17:13:15.791126+00:00, run_after=2022-09-20T17:13:15.791126+00:00
[2022-09-20T17:13:17.956+0000] {processor.py:178} INFO - Processing /home/airflow/.local/lib/python3.7/site-packages/airflow/example_dags/example_short_circuit_decorator.py took 3.097 seconds
[2022-09-20T17:13:55.531+0000] {processor.py:156} INFO - Started process (PID=375) to work on /home/airflow/.local/lib/python3.7/site-packages/airflow/example_dags/example_short_circuit_decorator.py
[2022-09-20T17:13:55.544+0000] {processor.py:758} INFO - Processing file /home/airflow/.local/lib/python3.7/site-packages/airflow/example_dags/example_short_circuit_decorator.py for tasks to queue
[2022-09-20T17:13:55.546+0000] {logging_mixin.py:117} INFO - [2022-09-20T17:13:55.545+0000] {dagbag.py:525} INFO - Filling up the DagBag from /home/airflow/.local/lib/python3.7/site-packages/airflow/example_dags/example_short_circuit_decorator.py
[2022-09-20T17:13:55.593+0000] {processor.py:768} INFO - DAG(s) dict_keys(['example_short_circuit_decorator']) retrieved from /home/airflow/.local/lib/python3.7/site-packages/airflow/example_dags/example_short_circuit_decorator.py
[2022-09-20T17:13:55.674+0000] {logging_mixin.py:117} INFO - [2022-09-20T17:13:55.674+0000] {dag.py:2573} INFO - Sync 1 DAGs
[2022-09-20T17:13:55.723+0000] {logging_mixin.py:117} INFO - [2022-09-20T17:13:55.723+0000] {dag.py:3328} INFO - Setting next_dagrun for example_short_circuit_decorator to 2022-09-19T17:13:55.723064+00:00, run_after=2022-09-20T17:13:55.723064+00:00
[2022-09-20T17:13:56.035+0000] {processor.py:178} INFO - Processing /home/airflow/.local/lib/python3.7/site-packages/airflow/example_dags/example_short_circuit_decorator.py took 0.509 seconds
[2022-09-20T17:14:31.285+0000] {processor.py:156} INFO - Started process (PID=427) to work on /home/airflow/.local/lib/python3.7/site-packages/airflow/example_dags/example_short_circuit_decorator.py
[2022-09-20T17:14:31.722+0000] {processor.py:758} INFO - Processing file /home/airflow/.local/lib/python3.7/site-packages/airflow/example_dags/example_short_circuit_decorator.py for tasks to queue
[2022-09-20T17:14:31.724+0000] {logging_mixin.py:117} INFO - [2022-09-20T17:14:31.724+0000] {dagbag.py:525} INFO - Filling up the DagBag from /home/airflow/.local/lib/python3.7/site-packages/airflow/example_dags/example_short_circuit_decorator.py
[2022-09-20T17:14:31.812+0000] {processor.py:768} INFO - DAG(s) dict_keys(['example_short_circuit_decorator']) retrieved from /home/airflow/.local/lib/python3.7/site-packages/airflow/example_dags/example_short_circuit_decorator.py
[2022-09-20T17:14:33.803+0000] {logging_mixin.py:117} INFO - [2022-09-20T17:14:33.802+0000] {dag.py:2573} INFO - Sync 1 DAGs
[2022-09-20T17:14:35.505+0000] {logging_mixin.py:117} INFO - [2022-09-20T17:14:35.505+0000] {dag.py:3328} INFO - Setting next_dagrun for example_short_circuit_decorator to 2022-09-19T17:14:35.505137+00:00, run_after=2022-09-20T17:14:35.505137+00:00
[2022-09-20T17:14:35.930+0000] {processor.py:178} INFO - Processing /home/airflow/.local/lib/python3.7/site-packages/airflow/example_dags/example_short_circuit_decorator.py took 4.649 seconds
[2022-09-20T17:15:15.018+0000] {processor.py:156} INFO - Started process (PID=485) to work on /home/airflow/.local/lib/python3.7/site-packages/airflow/example_dags/example_short_circuit_decorator.py
[2022-09-20T17:15:15.202+0000] {processor.py:758} INFO - Processing file /home/airflow/.local/lib/python3.7/site-packages/airflow/example_dags/example_short_circuit_decorator.py for tasks to queue
[2022-09-20T17:15:15.203+0000] {logging_mixin.py:117} INFO - [2022-09-20T17:15:15.203+0000] {dagbag.py:525} INFO - Filling up the DagBag from /home/airflow/.local/lib/python3.7/site-packages/airflow/example_dags/example_short_circuit_decorator.py
[2022-09-20T17:15:15.243+0000] {processor.py:768} INFO - DAG(s) dict_keys(['example_short_circuit_decorator']) retrieved from /home/airflow/.local/lib/python3.7/site-packages/airflow/example_dags/example_short_circuit_decorator.py
[2022-09-20T17:15:15.326+0000] {logging_mixin.py:117} INFO - [2022-09-20T17:15:15.326+0000] {dag.py:2573} INFO - Sync 1 DAGs
[2022-09-20T17:15:15.372+0000] {logging_mixin.py:117} INFO - [2022-09-20T17:15:15.372+0000] {dag.py:3328} INFO - Setting next_dagrun for example_short_circuit_decorator to 2022-09-19T17:15:15.372324+00:00, run_after=2022-09-20T17:15:15.372324+00:00
[2022-09-20T17:15:15.671+0000] {processor.py:178} INFO - Processing /home/airflow/.local/lib/python3.7/site-packages/airflow/example_dags/example_short_circuit_decorator.py took 0.660 seconds
[2022-09-20T17:15:48.965+0000] {processor.py:156} INFO - Started process (PID=531) to work on /home/airflow/.local/lib/python3.7/site-packages/airflow/example_dags/example_short_circuit_decorator.py
[2022-09-20T17:15:49.110+0000] {processor.py:758} INFO - Processing file /home/airflow/.local/lib/python3.7/site-packages/airflow/example_dags/example_short_circuit_decorator.py for tasks to queue
[2022-09-20T17:15:49.111+0000] {logging_mixin.py:117} INFO - [2022-09-20T17:15:49.111+0000] {dagbag.py:525} INFO - Filling up the DagBag from /home/airflow/.local/lib/python3.7/site-packages/airflow/example_dags/example_short_circuit_decorator.py
[2022-09-20T17:15:49.143+0000] {processor.py:768} INFO - DAG(s) dict_keys(['example_short_circuit_decorator']) retrieved from /home/airflow/.local/lib/python3.7/site-packages/airflow/example_dags/example_short_circuit_decorator.py
[2022-09-20T17:15:49.191+0000] {logging_mixin.py:117} INFO - [2022-09-20T17:15:49.191+0000] {dag.py:2573} INFO - Sync 1 DAGs
[2022-09-20T17:15:49.244+0000] {logging_mixin.py:117} INFO - [2022-09-20T17:15:49.244+0000] {dag.py:3328} INFO - Setting next_dagrun for example_short_circuit_decorator to 2022-09-19T17:15:49.242565+00:00, run_after=2022-09-20T17:15:49.242565+00:00
[2022-09-20T17:15:49.821+0000] {processor.py:178} INFO - Processing /home/airflow/.local/lib/python3.7/site-packages/airflow/example_dags/example_short_circuit_decorator.py took 0.864 seconds
[2022-09-20T17:16:25.980+0000] {processor.py:156} INFO - Started process (PID=583) to work on /home/airflow/.local/lib/python3.7/site-packages/airflow/example_dags/example_short_circuit_decorator.py
[2022-09-20T17:16:26.273+0000] {processor.py:758} INFO - Processing file /home/airflow/.local/lib/python3.7/site-packages/airflow/example_dags/example_short_circuit_decorator.py for tasks to queue
[2022-09-20T17:16:26.274+0000] {logging_mixin.py:117} INFO - [2022-09-20T17:16:26.274+0000] {dagbag.py:525} INFO - Filling up the DagBag from /home/airflow/.local/lib/python3.7/site-packages/airflow/example_dags/example_short_circuit_decorator.py
[2022-09-20T17:16:26.302+0000] {processor.py:768} INFO - DAG(s) dict_keys(['example_short_circuit_decorator']) retrieved from /home/airflow/.local/lib/python3.7/site-packages/airflow/example_dags/example_short_circuit_decorator.py
[2022-09-20T17:16:26.351+0000] {logging_mixin.py:117} INFO - [2022-09-20T17:16:26.351+0000] {dag.py:2573} INFO - Sync 1 DAGs
[2022-09-20T17:16:26.380+0000] {logging_mixin.py:117} INFO - [2022-09-20T17:16:26.380+0000] {dag.py:3328} INFO - Setting next_dagrun for example_short_circuit_decorator to 2022-09-19T17:16:26.380525+00:00, run_after=2022-09-20T17:16:26.380525+00:00
[2022-09-20T17:16:27.319+0000] {processor.py:178} INFO - Processing /home/airflow/.local/lib/python3.7/site-packages/airflow/example_dags/example_short_circuit_decorator.py took 1.350 seconds
[2022-09-20T17:17:00.983+0000] {processor.py:156} INFO - Started process (PID=634) to work on /home/airflow/.local/lib/python3.7/site-packages/airflow/example_dags/example_short_circuit_decorator.py
[2022-09-20T17:17:01.190+0000] {processor.py:758} INFO - Processing file /home/airflow/.local/lib/python3.7/site-packages/airflow/example_dags/example_short_circuit_decorator.py for tasks to queue
[2022-09-20T17:17:01.192+0000] {logging_mixin.py:117} INFO - [2022-09-20T17:17:01.192+0000] {dagbag.py:525} INFO - Filling up the DagBag from /home/airflow/.local/lib/python3.7/site-packages/airflow/example_dags/example_short_circuit_decorator.py
[2022-09-20T17:17:01.281+0000] {processor.py:768} INFO - DAG(s) dict_keys(['example_short_circuit_decorator']) retrieved from /home/airflow/.local/lib/python3.7/site-packages/airflow/example_dags/example_short_circuit_decorator.py
[2022-09-20T17:17:01.373+0000] {logging_mixin.py:117} INFO - [2022-09-20T17:17:01.373+0000] {dag.py:2573} INFO - Sync 1 DAGs
[2022-09-20T17:17:01.415+0000] {logging_mixin.py:117} INFO - [2022-09-20T17:17:01.415+0000] {dag.py:3328} INFO - Setting next_dagrun for example_short_circuit_decorator to 2022-09-19T17:17:01.414797+00:00, run_after=2022-09-20T17:17:01.414797+00:00
[2022-09-20T17:17:01.858+0000] {processor.py:178} INFO - Processing /home/airflow/.local/lib/python3.7/site-packages/airflow/example_dags/example_short_circuit_decorator.py took 0.881 seconds
[2022-09-20T17:17:31.945+0000] {processor.py:156} INFO - Started process (PID=688) to work on /home/airflow/.local/lib/python3.7/site-packages/airflow/example_dags/example_short_circuit_decorator.py
[2022-09-20T17:17:31.950+0000] {processor.py:758} INFO - Processing file /home/airflow/.local/lib/python3.7/site-packages/airflow/example_dags/example_short_circuit_decorator.py for tasks to queue
[2022-09-20T17:17:31.951+0000] {logging_mixin.py:117} INFO - [2022-09-20T17:17:31.951+0000] {dagbag.py:525} INFO - Filling up the DagBag from /home/airflow/.local/lib/python3.7/site-packages/airflow/example_dags/example_short_circuit_decorator.py
[2022-09-20T17:17:32.005+0000] {processor.py:768} INFO - DAG(s) dict_keys(['example_short_circuit_decorator']) retrieved from /home/airflow/.local/lib/python3.7/site-packages/airflow/example_dags/example_short_circuit_decorator.py
[2022-09-20T17:17:32.090+0000] {logging_mixin.py:117} INFO - [2022-09-20T17:17:32.089+0000] {dag.py:2573} INFO - Sync 1 DAGs
[2022-09-20T17:17:32.179+0000] {logging_mixin.py:117} INFO - [2022-09-20T17:17:32.179+0000] {dag.py:3328} INFO - Setting next_dagrun for example_short_circuit_decorator to 2022-09-19T17:17:32.178370+00:00, run_after=2022-09-20T17:17:32.178370+00:00
[2022-09-20T17:17:32.330+0000] {processor.py:178} INFO - Processing /home/airflow/.local/lib/python3.7/site-packages/airflow/example_dags/example_short_circuit_decorator.py took 0.400 seconds
[2022-09-20T17:18:07.631+0000] {processor.py:156} INFO - Started process (PID=742) to work on /home/airflow/.local/lib/python3.7/site-packages/airflow/example_dags/example_short_circuit_decorator.py
[2022-09-20T17:18:07.664+0000] {processor.py:758} INFO - Processing file /home/airflow/.local/lib/python3.7/site-packages/airflow/example_dags/example_short_circuit_decorator.py for tasks to queue
[2022-09-20T17:18:07.667+0000] {logging_mixin.py:117} INFO - [2022-09-20T17:18:07.667+0000] {dagbag.py:525} INFO - Filling up the DagBag from /home/airflow/.local/lib/python3.7/site-packages/airflow/example_dags/example_short_circuit_decorator.py
[2022-09-20T17:18:07.709+0000] {processor.py:768} INFO - DAG(s) dict_keys(['example_short_circuit_decorator']) retrieved from /home/airflow/.local/lib/python3.7/site-packages/airflow/example_dags/example_short_circuit_decorator.py
[2022-09-20T17:18:07.764+0000] {logging_mixin.py:117} INFO - [2022-09-20T17:18:07.764+0000] {dag.py:2573} INFO - Sync 1 DAGs
[2022-09-20T17:18:07.969+0000] {logging_mixin.py:117} INFO - [2022-09-20T17:18:07.968+0000] {dag.py:3328} INFO - Setting next_dagrun for example_short_circuit_decorator to 2022-09-19T17:18:07.968239+00:00, run_after=2022-09-20T17:18:07.968239+00:00
[2022-09-20T17:18:08.742+0000] {processor.py:178} INFO - Processing /home/airflow/.local/lib/python3.7/site-packages/airflow/example_dags/example_short_circuit_decorator.py took 1.116 seconds
[2022-09-20T17:18:44.925+0000] {processor.py:156} INFO - Started process (PID=797) to work on /home/airflow/.local/lib/python3.7/site-packages/airflow/example_dags/example_short_circuit_decorator.py
[2022-09-20T17:18:45.050+0000] {processor.py:758} INFO - Processing file /home/airflow/.local/lib/python3.7/site-packages/airflow/example_dags/example_short_circuit_decorator.py for tasks to queue
[2022-09-20T17:18:45.051+0000] {logging_mixin.py:117} INFO - [2022-09-20T17:18:45.051+0000] {dagbag.py:525} INFO - Filling up the DagBag from /home/airflow/.local/lib/python3.7/site-packages/airflow/example_dags/example_short_circuit_decorator.py
[2022-09-20T17:18:45.102+0000] {processor.py:768} INFO - DAG(s) dict_keys(['example_short_circuit_decorator']) retrieved from /home/airflow/.local/lib/python3.7/site-packages/airflow/example_dags/example_short_circuit_decorator.py
[2022-09-20T17:18:45.150+0000] {logging_mixin.py:117} INFO - [2022-09-20T17:18:45.150+0000] {dag.py:2573} INFO - Sync 1 DAGs
[2022-09-20T17:18:45.207+0000] {logging_mixin.py:117} INFO - [2022-09-20T17:18:45.207+0000] {dag.py:3328} INFO - Setting next_dagrun for example_short_circuit_decorator to 2022-09-19T17:18:45.206988+00:00, run_after=2022-09-20T17:18:45.206988+00:00
[2022-09-20T17:18:46.200+0000] {processor.py:178} INFO - Processing /home/airflow/.local/lib/python3.7/site-packages/airflow/example_dags/example_short_circuit_decorator.py took 1.283 seconds
[2022-09-20T17:19:16.463+0000] {processor.py:156} INFO - Started process (PID=842) to work on /home/airflow/.local/lib/python3.7/site-packages/airflow/example_dags/example_short_circuit_decorator.py
[2022-09-20T17:19:16.687+0000] {processor.py:758} INFO - Processing file /home/airflow/.local/lib/python3.7/site-packages/airflow/example_dags/example_short_circuit_decorator.py for tasks to queue
[2022-09-20T17:19:16.689+0000] {logging_mixin.py:117} INFO - [2022-09-20T17:19:16.689+0000] {dagbag.py:525} INFO - Filling up the DagBag from /home/airflow/.local/lib/python3.7/site-packages/airflow/example_dags/example_short_circuit_decorator.py
[2022-09-20T17:19:16.736+0000] {processor.py:768} INFO - DAG(s) dict_keys(['example_short_circuit_decorator']) retrieved from /home/airflow/.local/lib/python3.7/site-packages/airflow/example_dags/example_short_circuit_decorator.py
[2022-09-20T17:19:16.794+0000] {logging_mixin.py:117} INFO - [2022-09-20T17:19:16.793+0000] {dag.py:2573} INFO - Sync 1 DAGs
[2022-09-20T17:19:16.842+0000] {logging_mixin.py:117} INFO - [2022-09-20T17:19:16.842+0000] {dag.py:3328} INFO - Setting next_dagrun for example_short_circuit_decorator to 2022-09-19T17:19:16.842050+00:00, run_after=2022-09-20T17:19:16.842050+00:00
[2022-09-20T17:19:17.325+0000] {processor.py:178} INFO - Processing /home/airflow/.local/lib/python3.7/site-packages/airflow/example_dags/example_short_circuit_decorator.py took 0.868 seconds
