[2022-09-20T13:51:21.247+0000] {processor.py:156} INFO - Started process (PID=121) to work on /home/airflow/.local/lib/python3.7/site-packages/airflow/example_dags/example_branch_datetime_operator.py
[2022-09-20T13:51:21.248+0000] {processor.py:758} INFO - Processing file /home/airflow/.local/lib/python3.7/site-packages/airflow/example_dags/example_branch_datetime_operator.py for tasks to queue
[2022-09-20T13:51:21.250+0000] {logging_mixin.py:117} INFO - [2022-09-20T13:51:21.250+0000] {dagbag.py:525} INFO - Filling up the DagBag from /home/airflow/.local/lib/python3.7/site-packages/airflow/example_dags/example_branch_datetime_operator.py
[2022-09-20T13:51:23.131+0000] {processor.py:768} INFO - DAG(s) dict_keys(['example_branch_datetime_operator_3', 'example_branch_datetime_operator_2', 'example_branch_datetime_operator']) retrieved from /home/airflow/.local/lib/python3.7/site-packages/airflow/example_dags/example_branch_datetime_operator.py
[2022-09-20T13:59:07.154+0000] {processor.py:156} INFO - Started process (PID=166) to work on /home/airflow/.local/lib/python3.7/site-packages/airflow/example_dags/example_branch_datetime_operator.py
[2022-09-20T13:59:08.030+0000] {processor.py:758} INFO - Processing file /home/airflow/.local/lib/python3.7/site-packages/airflow/example_dags/example_branch_datetime_operator.py for tasks to queue
[2022-09-20T13:59:08.032+0000] {logging_mixin.py:117} INFO - [2022-09-20T13:59:08.032+0000] {dagbag.py:525} INFO - Filling up the DagBag from /home/airflow/.local/lib/python3.7/site-packages/airflow/example_dags/example_branch_datetime_operator.py
[2022-09-20T13:59:08.102+0000] {processor.py:768} INFO - DAG(s) dict_keys(['example_branch_datetime_operator', 'example_branch_datetime_operator_2', 'example_branch_datetime_operator_3']) retrieved from /home/airflow/.local/lib/python3.7/site-packages/airflow/example_dags/example_branch_datetime_operator.py
[2022-09-20T14:04:14.908+0000] {processor.py:156} INFO - Started process (PID=237) to work on /home/airflow/.local/lib/python3.7/site-packages/airflow/example_dags/example_branch_datetime_operator.py
[2022-09-20T14:04:15.145+0000] {processor.py:758} INFO - Processing file /home/airflow/.local/lib/python3.7/site-packages/airflow/example_dags/example_branch_datetime_operator.py for tasks to queue
[2022-09-20T14:04:15.148+0000] {logging_mixin.py:117} INFO - [2022-09-20T14:04:15.147+0000] {dagbag.py:525} INFO - Filling up the DagBag from /home/airflow/.local/lib/python3.7/site-packages/airflow/example_dags/example_branch_datetime_operator.py
[2022-09-20T14:04:15.229+0000] {processor.py:768} INFO - DAG(s) dict_keys(['example_branch_datetime_operator', 'example_branch_datetime_operator_2', 'example_branch_datetime_operator_3']) retrieved from /home/airflow/.local/lib/python3.7/site-packages/airflow/example_dags/example_branch_datetime_operator.py
[2022-09-20T14:04:17.838+0000] {logging_mixin.py:117} INFO - [2022-09-20T14:04:17.838+0000] {manager.py:508} INFO - Created Permission View: can delete on DAG:example_branch_datetime_operator_2
[2022-09-20T14:04:20.374+0000] {logging_mixin.py:117} INFO - [2022-09-20T14:04:20.373+0000] {manager.py:508} INFO - Created Permission View: can read on DAG:example_branch_datetime_operator_2
[2022-09-20T14:04:33.219+0000] {logging_mixin.py:117} INFO - [2022-09-20T14:04:33.218+0000] {manager.py:508} INFO - Created Permission View: can edit on DAG:example_branch_datetime_operator_2
[2022-09-20T14:04:33.240+0000] {logging_mixin.py:117} INFO - [2022-09-20T14:04:33.240+0000] {dag.py:2573} INFO - Sync 3 DAGs
[2022-09-20T14:04:33.294+0000] {logging_mixin.py:117} INFO - [2022-09-20T14:04:33.294+0000] {dag.py:2594} INFO - Creating ORM DAG for example_branch_datetime_operator_2
[2022-09-20T14:04:33.296+0000] {logging_mixin.py:117} INFO - [2022-09-20T14:04:33.296+0000] {dag.py:2594} INFO - Creating ORM DAG for example_branch_datetime_operator_3
[2022-09-20T14:04:33.297+0000] {logging_mixin.py:117} INFO - [2022-09-20T14:04:33.297+0000] {dag.py:2594} INFO - Creating ORM DAG for example_branch_datetime_operator
[2022-09-20T14:04:33.316+0000] {logging_mixin.py:117} INFO - [2022-09-20T14:04:33.316+0000] {dag.py:3328} INFO - Setting next_dagrun for example_branch_datetime_operator to 2022-09-19T00:00:00+00:00, run_after=2022-09-20T00:00:00+00:00
[2022-09-20T14:04:33.319+0000] {logging_mixin.py:117} INFO - [2022-09-20T14:04:33.319+0000] {dag.py:3328} INFO - Setting next_dagrun for example_branch_datetime_operator_2 to 2022-09-19T00:00:00+00:00, run_after=2022-09-20T00:00:00+00:00
[2022-09-20T14:04:33.321+0000] {logging_mixin.py:117} INFO - [2022-09-20T14:04:33.321+0000] {dag.py:3328} INFO - Setting next_dagrun for example_branch_datetime_operator_3 to 2022-09-19T00:00:00+00:00, run_after=2022-09-20T00:00:00+00:00
[2022-09-20T14:04:34.456+0000] {processor.py:178} INFO - Processing /home/airflow/.local/lib/python3.7/site-packages/airflow/example_dags/example_branch_datetime_operator.py took 19.365 seconds
[2022-09-20T14:06:05.960+0000] {processor.py:156} INFO - Started process (PID=308) to work on /home/airflow/.local/lib/python3.7/site-packages/airflow/example_dags/example_branch_datetime_operator.py
[2022-09-20T14:06:06.339+0000] {processor.py:758} INFO - Processing file /home/airflow/.local/lib/python3.7/site-packages/airflow/example_dags/example_branch_datetime_operator.py for tasks to queue
[2022-09-20T14:06:06.343+0000] {logging_mixin.py:117} INFO - [2022-09-20T14:06:06.342+0000] {dagbag.py:525} INFO - Filling up the DagBag from /home/airflow/.local/lib/python3.7/site-packages/airflow/example_dags/example_branch_datetime_operator.py
[2022-09-20T14:06:06.407+0000] {processor.py:768} INFO - DAG(s) dict_keys(['example_branch_datetime_operator', 'example_branch_datetime_operator_2', 'example_branch_datetime_operator_3']) retrieved from /home/airflow/.local/lib/python3.7/site-packages/airflow/example_dags/example_branch_datetime_operator.py
[2022-09-20T14:06:06.457+0000] {logging_mixin.py:117} INFO - [2022-09-20T14:06:06.457+0000] {dag.py:2573} INFO - Sync 3 DAGs
[2022-09-20T14:06:06.484+0000] {logging_mixin.py:117} INFO - [2022-09-20T14:06:06.484+0000] {dag.py:3328} INFO - Setting next_dagrun for example_branch_datetime_operator to 2022-09-19T00:00:00+00:00, run_after=2022-09-20T00:00:00+00:00
[2022-09-20T14:06:06.489+0000] {logging_mixin.py:117} INFO - [2022-09-20T14:06:06.489+0000] {dag.py:3328} INFO - Setting next_dagrun for example_branch_datetime_operator_2 to 2022-09-19T00:00:00+00:00, run_after=2022-09-20T00:00:00+00:00
[2022-09-20T14:06:06.492+0000] {logging_mixin.py:117} INFO - [2022-09-20T14:06:06.492+0000] {dag.py:3328} INFO - Setting next_dagrun for example_branch_datetime_operator_3 to 2022-09-19T00:00:00+00:00, run_after=2022-09-20T00:00:00+00:00
[2022-09-20T14:06:08.438+0000] {processor.py:178} INFO - Processing /home/airflow/.local/lib/python3.7/site-packages/airflow/example_dags/example_branch_datetime_operator.py took 2.481 seconds
[2022-09-20T14:07:19.164+0000] {processor.py:156} INFO - Started process (PID=379) to work on /home/airflow/.local/lib/python3.7/site-packages/airflow/example_dags/example_branch_datetime_operator.py
[2022-09-20T14:07:19.840+0000] {processor.py:758} INFO - Processing file /home/airflow/.local/lib/python3.7/site-packages/airflow/example_dags/example_branch_datetime_operator.py for tasks to queue
[2022-09-20T14:07:19.841+0000] {logging_mixin.py:117} INFO - [2022-09-20T14:07:19.841+0000] {dagbag.py:525} INFO - Filling up the DagBag from /home/airflow/.local/lib/python3.7/site-packages/airflow/example_dags/example_branch_datetime_operator.py
[2022-09-20T14:07:19.869+0000] {processor.py:768} INFO - DAG(s) dict_keys(['example_branch_datetime_operator_2', 'example_branch_datetime_operator', 'example_branch_datetime_operator_3']) retrieved from /home/airflow/.local/lib/python3.7/site-packages/airflow/example_dags/example_branch_datetime_operator.py
[2022-09-20T14:07:19.924+0000] {logging_mixin.py:117} INFO - [2022-09-20T14:07:19.924+0000] {dag.py:2573} INFO - Sync 3 DAGs
[2022-09-20T14:07:20.738+0000] {logging_mixin.py:117} INFO - [2022-09-20T14:07:20.738+0000] {dag.py:3328} INFO - Setting next_dagrun for example_branch_datetime_operator to 2022-09-19T00:00:00+00:00, run_after=2022-09-20T00:00:00+00:00
[2022-09-20T14:07:20.743+0000] {logging_mixin.py:117} INFO - [2022-09-20T14:07:20.743+0000] {dag.py:3328} INFO - Setting next_dagrun for example_branch_datetime_operator_2 to 2022-09-19T00:00:00+00:00, run_after=2022-09-20T00:00:00+00:00
[2022-09-20T14:07:20.745+0000] {logging_mixin.py:117} INFO - [2022-09-20T14:07:20.745+0000] {dag.py:3328} INFO - Setting next_dagrun for example_branch_datetime_operator_3 to 2022-09-19T00:00:00+00:00, run_after=2022-09-20T00:00:00+00:00
[2022-09-20T14:07:21.551+0000] {processor.py:178} INFO - Processing /home/airflow/.local/lib/python3.7/site-packages/airflow/example_dags/example_branch_datetime_operator.py took 2.392 seconds
[2022-09-20T14:07:52.603+0000] {processor.py:156} INFO - Started process (PID=423) to work on /home/airflow/.local/lib/python3.7/site-packages/airflow/example_dags/example_branch_datetime_operator.py
[2022-09-20T14:07:52.863+0000] {processor.py:758} INFO - Processing file /home/airflow/.local/lib/python3.7/site-packages/airflow/example_dags/example_branch_datetime_operator.py for tasks to queue
[2022-09-20T14:07:52.866+0000] {logging_mixin.py:117} INFO - [2022-09-20T14:07:52.866+0000] {dagbag.py:525} INFO - Filling up the DagBag from /home/airflow/.local/lib/python3.7/site-packages/airflow/example_dags/example_branch_datetime_operator.py
[2022-09-20T14:07:52.919+0000] {processor.py:768} INFO - DAG(s) dict_keys(['example_branch_datetime_operator', 'example_branch_datetime_operator_3', 'example_branch_datetime_operator_2']) retrieved from /home/airflow/.local/lib/python3.7/site-packages/airflow/example_dags/example_branch_datetime_operator.py
[2022-09-20T14:07:52.966+0000] {logging_mixin.py:117} INFO - [2022-09-20T14:07:52.966+0000] {dag.py:2573} INFO - Sync 3 DAGs
[2022-09-20T14:07:52.991+0000] {logging_mixin.py:117} INFO - [2022-09-20T14:07:52.991+0000] {dag.py:3328} INFO - Setting next_dagrun for example_branch_datetime_operator to 2022-09-19T00:00:00+00:00, run_after=2022-09-20T00:00:00+00:00
[2022-09-20T14:07:52.996+0000] {logging_mixin.py:117} INFO - [2022-09-20T14:07:52.996+0000] {dag.py:3328} INFO - Setting next_dagrun for example_branch_datetime_operator_2 to 2022-09-19T00:00:00+00:00, run_after=2022-09-20T00:00:00+00:00
[2022-09-20T14:07:52.999+0000] {logging_mixin.py:117} INFO - [2022-09-20T14:07:52.998+0000] {dag.py:3328} INFO - Setting next_dagrun for example_branch_datetime_operator_3 to 2022-09-19T00:00:00+00:00, run_after=2022-09-20T00:00:00+00:00
[2022-09-20T14:07:53.663+0000] {processor.py:178} INFO - Processing /home/airflow/.local/lib/python3.7/site-packages/airflow/example_dags/example_branch_datetime_operator.py took 1.064 seconds
[2022-09-20T14:08:30.210+0000] {processor.py:156} INFO - Started process (PID=478) to work on /home/airflow/.local/lib/python3.7/site-packages/airflow/example_dags/example_branch_datetime_operator.py
[2022-09-20T14:08:30.724+0000] {processor.py:758} INFO - Processing file /home/airflow/.local/lib/python3.7/site-packages/airflow/example_dags/example_branch_datetime_operator.py for tasks to queue
[2022-09-20T14:08:30.725+0000] {logging_mixin.py:117} INFO - [2022-09-20T14:08:30.725+0000] {dagbag.py:525} INFO - Filling up the DagBag from /home/airflow/.local/lib/python3.7/site-packages/airflow/example_dags/example_branch_datetime_operator.py
[2022-09-20T14:08:31.337+0000] {processor.py:768} INFO - DAG(s) dict_keys(['example_branch_datetime_operator_2', 'example_branch_datetime_operator_3', 'example_branch_datetime_operator']) retrieved from /home/airflow/.local/lib/python3.7/site-packages/airflow/example_dags/example_branch_datetime_operator.py
[2022-09-20T14:08:32.586+0000] {logging_mixin.py:117} INFO - [2022-09-20T14:08:32.586+0000] {dag.py:2573} INFO - Sync 3 DAGs
[2022-09-20T14:08:32.614+0000] {logging_mixin.py:117} INFO - [2022-09-20T14:08:32.614+0000] {dag.py:3328} INFO - Setting next_dagrun for example_branch_datetime_operator to 2022-09-19T00:00:00+00:00, run_after=2022-09-20T00:00:00+00:00
[2022-09-20T14:08:32.630+0000] {logging_mixin.py:117} INFO - [2022-09-20T14:08:32.630+0000] {dag.py:3328} INFO - Setting next_dagrun for example_branch_datetime_operator_2 to 2022-09-19T00:00:00+00:00, run_after=2022-09-20T00:00:00+00:00
[2022-09-20T14:08:32.632+0000] {logging_mixin.py:117} INFO - [2022-09-20T14:08:32.632+0000] {dag.py:3328} INFO - Setting next_dagrun for example_branch_datetime_operator_3 to 2022-09-19T00:00:00+00:00, run_after=2022-09-20T00:00:00+00:00
[2022-09-20T14:08:33.950+0000] {processor.py:178} INFO - Processing /home/airflow/.local/lib/python3.7/site-packages/airflow/example_dags/example_branch_datetime_operator.py took 4.200 seconds
[2022-09-20T14:11:02.706+0000] {processor.py:156} INFO - Started process (PID=548) to work on /home/airflow/.local/lib/python3.7/site-packages/airflow/example_dags/example_branch_datetime_operator.py
[2022-09-20T14:11:06.416+0000] {processor.py:758} INFO - Processing file /home/airflow/.local/lib/python3.7/site-packages/airflow/example_dags/example_branch_datetime_operator.py for tasks to queue
[2022-09-20T14:11:09.535+0000] {logging_mixin.py:117} INFO - [2022-09-20T14:11:09.534+0000] {dagbag.py:525} INFO - Filling up the DagBag from /home/airflow/.local/lib/python3.7/site-packages/airflow/example_dags/example_branch_datetime_operator.py
[2022-09-20T14:11:09.588+0000] {processor.py:768} INFO - DAG(s) dict_keys(['example_branch_datetime_operator', 'example_branch_datetime_operator_2', 'example_branch_datetime_operator_3']) retrieved from /home/airflow/.local/lib/python3.7/site-packages/airflow/example_dags/example_branch_datetime_operator.py
[2022-09-20T14:11:09.634+0000] {logging_mixin.py:117} INFO - [2022-09-20T14:11:09.634+0000] {dag.py:2573} INFO - Sync 3 DAGs
[2022-09-20T14:11:09.659+0000] {logging_mixin.py:117} INFO - [2022-09-20T14:11:09.659+0000] {dag.py:3328} INFO - Setting next_dagrun for example_branch_datetime_operator to 2022-09-19T00:00:00+00:00, run_after=2022-09-20T00:00:00+00:00
[2022-09-20T14:11:09.664+0000] {logging_mixin.py:117} INFO - [2022-09-20T14:11:09.664+0000] {dag.py:3328} INFO - Setting next_dagrun for example_branch_datetime_operator_2 to 2022-09-19T00:00:00+00:00, run_after=2022-09-20T00:00:00+00:00
[2022-09-20T14:11:09.666+0000] {logging_mixin.py:117} INFO - [2022-09-20T14:11:09.666+0000] {dag.py:3328} INFO - Setting next_dagrun for example_branch_datetime_operator_3 to 2022-09-19T00:00:00+00:00, run_after=2022-09-20T00:00:00+00:00
[2022-09-20T14:11:16.486+0000] {processor.py:178} INFO - Processing /home/airflow/.local/lib/python3.7/site-packages/airflow/example_dags/example_branch_datetime_operator.py took 13.783 seconds
[2022-09-20T14:11:51.891+0000] {processor.py:156} INFO - Started process (PID=593) to work on /home/airflow/.local/lib/python3.7/site-packages/airflow/example_dags/example_branch_datetime_operator.py
[2022-09-20T14:11:52.036+0000] {processor.py:758} INFO - Processing file /home/airflow/.local/lib/python3.7/site-packages/airflow/example_dags/example_branch_datetime_operator.py for tasks to queue
[2022-09-20T14:11:52.038+0000] {logging_mixin.py:117} INFO - [2022-09-20T14:11:52.038+0000] {dagbag.py:525} INFO - Filling up the DagBag from /home/airflow/.local/lib/python3.7/site-packages/airflow/example_dags/example_branch_datetime_operator.py
[2022-09-20T14:11:52.080+0000] {processor.py:768} INFO - DAG(s) dict_keys(['example_branch_datetime_operator_3', 'example_branch_datetime_operator', 'example_branch_datetime_operator_2']) retrieved from /home/airflow/.local/lib/python3.7/site-packages/airflow/example_dags/example_branch_datetime_operator.py
[2022-09-20T14:11:52.125+0000] {logging_mixin.py:117} INFO - [2022-09-20T14:11:52.125+0000] {dag.py:2573} INFO - Sync 3 DAGs
[2022-09-20T14:11:52.153+0000] {logging_mixin.py:117} INFO - [2022-09-20T14:11:52.153+0000] {dag.py:3328} INFO - Setting next_dagrun for example_branch_datetime_operator to 2022-09-19T00:00:00+00:00, run_after=2022-09-20T00:00:00+00:00
[2022-09-20T14:11:52.157+0000] {logging_mixin.py:117} INFO - [2022-09-20T14:11:52.157+0000] {dag.py:3328} INFO - Setting next_dagrun for example_branch_datetime_operator_2 to 2022-09-19T00:00:00+00:00, run_after=2022-09-20T00:00:00+00:00
[2022-09-20T14:11:52.160+0000] {logging_mixin.py:117} INFO - [2022-09-20T14:11:52.160+0000] {dag.py:3328} INFO - Setting next_dagrun for example_branch_datetime_operator_3 to 2022-09-19T00:00:00+00:00, run_after=2022-09-20T00:00:00+00:00
[2022-09-20T14:11:52.867+0000] {processor.py:178} INFO - Processing /home/airflow/.local/lib/python3.7/site-packages/airflow/example_dags/example_branch_datetime_operator.py took 0.981 seconds
[2022-09-20T14:14:02.992+0000] {processor.py:156} INFO - Started process (PID=643) to work on /home/airflow/.local/lib/python3.7/site-packages/airflow/example_dags/example_branch_datetime_operator.py
[2022-09-20T14:14:03.320+0000] {processor.py:758} INFO - Processing file /home/airflow/.local/lib/python3.7/site-packages/airflow/example_dags/example_branch_datetime_operator.py for tasks to queue
[2022-09-20T14:14:03.323+0000] {logging_mixin.py:117} INFO - [2022-09-20T14:14:03.323+0000] {dagbag.py:525} INFO - Filling up the DagBag from /home/airflow/.local/lib/python3.7/site-packages/airflow/example_dags/example_branch_datetime_operator.py
[2022-09-20T14:14:03.360+0000] {processor.py:768} INFO - DAG(s) dict_keys(['example_branch_datetime_operator_2', 'example_branch_datetime_operator', 'example_branch_datetime_operator_3']) retrieved from /home/airflow/.local/lib/python3.7/site-packages/airflow/example_dags/example_branch_datetime_operator.py
[2022-09-20T14:14:03.406+0000] {logging_mixin.py:117} INFO - [2022-09-20T14:14:03.406+0000] {dag.py:2573} INFO - Sync 3 DAGs
[2022-09-20T14:14:03.432+0000] {logging_mixin.py:117} INFO - [2022-09-20T14:14:03.431+0000] {dag.py:3328} INFO - Setting next_dagrun for example_branch_datetime_operator to 2022-09-19T00:00:00+00:00, run_after=2022-09-20T00:00:00+00:00
[2022-09-20T14:14:03.436+0000] {logging_mixin.py:117} INFO - [2022-09-20T14:14:03.436+0000] {dag.py:3328} INFO - Setting next_dagrun for example_branch_datetime_operator_2 to 2022-09-19T00:00:00+00:00, run_after=2022-09-20T00:00:00+00:00
[2022-09-20T14:14:03.439+0000] {logging_mixin.py:117} INFO - [2022-09-20T14:14:03.439+0000] {dag.py:3328} INFO - Setting next_dagrun for example_branch_datetime_operator_3 to 2022-09-19T00:00:00+00:00, run_after=2022-09-20T00:00:00+00:00
[2022-09-20T14:14:03.689+0000] {processor.py:178} INFO - Processing /home/airflow/.local/lib/python3.7/site-packages/airflow/example_dags/example_branch_datetime_operator.py took 0.700 seconds
[2022-09-20T14:14:55.328+0000] {processor.py:156} INFO - Started process (PID=699) to work on /home/airflow/.local/lib/python3.7/site-packages/airflow/example_dags/example_branch_datetime_operator.py
[2022-09-20T14:14:55.448+0000] {processor.py:758} INFO - Processing file /home/airflow/.local/lib/python3.7/site-packages/airflow/example_dags/example_branch_datetime_operator.py for tasks to queue
[2022-09-20T14:14:55.451+0000] {logging_mixin.py:117} INFO - [2022-09-20T14:14:55.450+0000] {dagbag.py:525} INFO - Filling up the DagBag from /home/airflow/.local/lib/python3.7/site-packages/airflow/example_dags/example_branch_datetime_operator.py
[2022-09-20T14:14:55.510+0000] {processor.py:768} INFO - DAG(s) dict_keys(['example_branch_datetime_operator_2', 'example_branch_datetime_operator', 'example_branch_datetime_operator_3']) retrieved from /home/airflow/.local/lib/python3.7/site-packages/airflow/example_dags/example_branch_datetime_operator.py
[2022-09-20T14:14:55.555+0000] {logging_mixin.py:117} INFO - [2022-09-20T14:14:55.555+0000] {dag.py:2573} INFO - Sync 3 DAGs
[2022-09-20T14:14:55.581+0000] {logging_mixin.py:117} INFO - [2022-09-20T14:14:55.581+0000] {dag.py:3328} INFO - Setting next_dagrun for example_branch_datetime_operator to 2022-09-19T00:00:00+00:00, run_after=2022-09-20T00:00:00+00:00
[2022-09-20T14:14:55.585+0000] {logging_mixin.py:117} INFO - [2022-09-20T14:14:55.585+0000] {dag.py:3328} INFO - Setting next_dagrun for example_branch_datetime_operator_2 to 2022-09-19T00:00:00+00:00, run_after=2022-09-20T00:00:00+00:00
[2022-09-20T14:14:55.588+0000] {logging_mixin.py:117} INFO - [2022-09-20T14:14:55.588+0000] {dag.py:3328} INFO - Setting next_dagrun for example_branch_datetime_operator_3 to 2022-09-19T00:00:00+00:00, run_after=2022-09-20T00:00:00+00:00
[2022-09-20T14:14:55.804+0000] {processor.py:178} INFO - Processing /home/airflow/.local/lib/python3.7/site-packages/airflow/example_dags/example_branch_datetime_operator.py took 0.479 seconds
[2022-09-20T14:16:22.611+0000] {processor.py:156} INFO - Started process (PID=779) to work on /home/airflow/.local/lib/python3.7/site-packages/airflow/example_dags/example_branch_datetime_operator.py
[2022-09-20T14:16:22.768+0000] {processor.py:758} INFO - Processing file /home/airflow/.local/lib/python3.7/site-packages/airflow/example_dags/example_branch_datetime_operator.py for tasks to queue
[2022-09-20T14:16:22.770+0000] {logging_mixin.py:117} INFO - [2022-09-20T14:16:22.770+0000] {dagbag.py:525} INFO - Filling up the DagBag from /home/airflow/.local/lib/python3.7/site-packages/airflow/example_dags/example_branch_datetime_operator.py
[2022-09-20T14:16:22.803+0000] {processor.py:768} INFO - DAG(s) dict_keys(['example_branch_datetime_operator', 'example_branch_datetime_operator_2', 'example_branch_datetime_operator_3']) retrieved from /home/airflow/.local/lib/python3.7/site-packages/airflow/example_dags/example_branch_datetime_operator.py
[2022-09-20T14:16:22.849+0000] {logging_mixin.py:117} INFO - [2022-09-20T14:16:22.848+0000] {dag.py:2573} INFO - Sync 3 DAGs
[2022-09-20T14:16:22.873+0000] {logging_mixin.py:117} INFO - [2022-09-20T14:16:22.873+0000] {dag.py:3328} INFO - Setting next_dagrun for example_branch_datetime_operator to 2022-09-19T00:00:00+00:00, run_after=2022-09-20T00:00:00+00:00
[2022-09-20T14:16:22.878+0000] {logging_mixin.py:117} INFO - [2022-09-20T14:16:22.878+0000] {dag.py:3328} INFO - Setting next_dagrun for example_branch_datetime_operator_2 to 2022-09-19T00:00:00+00:00, run_after=2022-09-20T00:00:00+00:00
[2022-09-20T14:16:22.880+0000] {logging_mixin.py:117} INFO - [2022-09-20T14:16:22.880+0000] {dag.py:3328} INFO - Setting next_dagrun for example_branch_datetime_operator_3 to 2022-09-19T00:00:00+00:00, run_after=2022-09-20T00:00:00+00:00
[2022-09-20T14:16:23.877+0000] {processor.py:178} INFO - Processing /home/airflow/.local/lib/python3.7/site-packages/airflow/example_dags/example_branch_datetime_operator.py took 1.270 seconds
[2022-09-20T14:17:19.260+0000] {processor.py:156} INFO - Started process (PID=842) to work on /home/airflow/.local/lib/python3.7/site-packages/airflow/example_dags/example_branch_datetime_operator.py
[2022-09-20T14:17:19.557+0000] {processor.py:758} INFO - Processing file /home/airflow/.local/lib/python3.7/site-packages/airflow/example_dags/example_branch_datetime_operator.py for tasks to queue
[2022-09-20T14:17:19.558+0000] {logging_mixin.py:117} INFO - [2022-09-20T14:17:19.558+0000] {dagbag.py:525} INFO - Filling up the DagBag from /home/airflow/.local/lib/python3.7/site-packages/airflow/example_dags/example_branch_datetime_operator.py
[2022-09-20T14:17:19.586+0000] {processor.py:768} INFO - DAG(s) dict_keys(['example_branch_datetime_operator', 'example_branch_datetime_operator_2', 'example_branch_datetime_operator_3']) retrieved from /home/airflow/.local/lib/python3.7/site-packages/airflow/example_dags/example_branch_datetime_operator.py
[2022-09-20T14:17:19.634+0000] {logging_mixin.py:117} INFO - [2022-09-20T14:17:19.634+0000] {dag.py:2573} INFO - Sync 3 DAGs
[2022-09-20T14:17:19.661+0000] {logging_mixin.py:117} INFO - [2022-09-20T14:17:19.661+0000] {dag.py:3328} INFO - Setting next_dagrun for example_branch_datetime_operator to 2022-09-19T00:00:00+00:00, run_after=2022-09-20T00:00:00+00:00
[2022-09-20T14:17:19.666+0000] {logging_mixin.py:117} INFO - [2022-09-20T14:17:19.666+0000] {dag.py:3328} INFO - Setting next_dagrun for example_branch_datetime_operator_2 to 2022-09-19T00:00:00+00:00, run_after=2022-09-20T00:00:00+00:00
[2022-09-20T14:17:19.669+0000] {logging_mixin.py:117} INFO - [2022-09-20T14:17:19.669+0000] {dag.py:3328} INFO - Setting next_dagrun for example_branch_datetime_operator_3 to 2022-09-19T00:00:00+00:00, run_after=2022-09-20T00:00:00+00:00
[2022-09-20T14:17:30.973+0000] {processor.py:178} INFO - Processing /home/airflow/.local/lib/python3.7/site-packages/airflow/example_dags/example_branch_datetime_operator.py took 11.716 seconds
[2022-09-20T14:19:04.766+0000] {processor.py:156} INFO - Started process (PID=913) to work on /home/airflow/.local/lib/python3.7/site-packages/airflow/example_dags/example_branch_datetime_operator.py
[2022-09-20T14:19:04.990+0000] {processor.py:758} INFO - Processing file /home/airflow/.local/lib/python3.7/site-packages/airflow/example_dags/example_branch_datetime_operator.py for tasks to queue
[2022-09-20T14:19:04.991+0000] {logging_mixin.py:117} INFO - [2022-09-20T14:19:04.991+0000] {dagbag.py:525} INFO - Filling up the DagBag from /home/airflow/.local/lib/python3.7/site-packages/airflow/example_dags/example_branch_datetime_operator.py
[2022-09-20T14:19:05.013+0000] {processor.py:768} INFO - DAG(s) dict_keys(['example_branch_datetime_operator_2', 'example_branch_datetime_operator', 'example_branch_datetime_operator_3']) retrieved from /home/airflow/.local/lib/python3.7/site-packages/airflow/example_dags/example_branch_datetime_operator.py
[2022-09-20T14:19:05.066+0000] {logging_mixin.py:117} INFO - [2022-09-20T14:19:05.066+0000] {dag.py:2573} INFO - Sync 3 DAGs
[2022-09-20T14:19:05.098+0000] {logging_mixin.py:117} INFO - [2022-09-20T14:19:05.098+0000] {dag.py:3328} INFO - Setting next_dagrun for example_branch_datetime_operator to 2022-09-19T00:00:00+00:00, run_after=2022-09-20T00:00:00+00:00
[2022-09-20T14:19:05.104+0000] {logging_mixin.py:117} INFO - [2022-09-20T14:19:05.104+0000] {dag.py:3328} INFO - Setting next_dagrun for example_branch_datetime_operator_2 to 2022-09-19T00:00:00+00:00, run_after=2022-09-20T00:00:00+00:00
[2022-09-20T14:19:05.108+0000] {logging_mixin.py:117} INFO - [2022-09-20T14:19:05.107+0000] {dag.py:3328} INFO - Setting next_dagrun for example_branch_datetime_operator_3 to 2022-09-19T00:00:00+00:00, run_after=2022-09-20T00:00:00+00:00
[2022-09-20T14:19:06.784+0000] {processor.py:178} INFO - Processing /home/airflow/.local/lib/python3.7/site-packages/airflow/example_dags/example_branch_datetime_operator.py took 2.022 seconds
[2022-09-20T14:21:25.843+0000] {processor.py:156} INFO - Started process (PID=963) to work on /home/airflow/.local/lib/python3.7/site-packages/airflow/example_dags/example_branch_datetime_operator.py
[2022-09-20T14:21:26.081+0000] {processor.py:758} INFO - Processing file /home/airflow/.local/lib/python3.7/site-packages/airflow/example_dags/example_branch_datetime_operator.py for tasks to queue
[2022-09-20T14:21:26.081+0000] {logging_mixin.py:117} INFO - [2022-09-20T14:21:26.081+0000] {dagbag.py:525} INFO - Filling up the DagBag from /home/airflow/.local/lib/python3.7/site-packages/airflow/example_dags/example_branch_datetime_operator.py
[2022-09-20T14:21:26.324+0000] {processor.py:768} INFO - DAG(s) dict_keys(['example_branch_datetime_operator_2', 'example_branch_datetime_operator', 'example_branch_datetime_operator_3']) retrieved from /home/airflow/.local/lib/python3.7/site-packages/airflow/example_dags/example_branch_datetime_operator.py
[2022-09-20T14:21:26.392+0000] {logging_mixin.py:117} INFO - [2022-09-20T14:21:26.391+0000] {dag.py:2573} INFO - Sync 3 DAGs
[2022-09-20T14:21:26.429+0000] {logging_mixin.py:117} INFO - [2022-09-20T14:21:26.428+0000] {dag.py:3328} INFO - Setting next_dagrun for example_branch_datetime_operator to 2022-09-19T00:00:00+00:00, run_after=2022-09-20T00:00:00+00:00
[2022-09-20T14:21:26.435+0000] {logging_mixin.py:117} INFO - [2022-09-20T14:21:26.435+0000] {dag.py:3328} INFO - Setting next_dagrun for example_branch_datetime_operator_2 to 2022-09-19T00:00:00+00:00, run_after=2022-09-20T00:00:00+00:00
[2022-09-20T14:21:26.439+0000] {logging_mixin.py:117} INFO - [2022-09-20T14:21:26.439+0000] {dag.py:3328} INFO - Setting next_dagrun for example_branch_datetime_operator_3 to 2022-09-19T00:00:00+00:00, run_after=2022-09-20T00:00:00+00:00
[2022-09-20T14:21:27.267+0000] {processor.py:178} INFO - Processing /home/airflow/.local/lib/python3.7/site-packages/airflow/example_dags/example_branch_datetime_operator.py took 1.427 seconds
[2022-09-20T14:24:53.376+0000] {processor.py:156} INFO - Started process (PID=1049) to work on /home/airflow/.local/lib/python3.7/site-packages/airflow/example_dags/example_branch_datetime_operator.py
[2022-09-20T14:24:53.940+0000] {processor.py:758} INFO - Processing file /home/airflow/.local/lib/python3.7/site-packages/airflow/example_dags/example_branch_datetime_operator.py for tasks to queue
[2022-09-20T14:24:53.941+0000] {logging_mixin.py:117} INFO - [2022-09-20T14:24:53.941+0000] {dagbag.py:525} INFO - Filling up the DagBag from /home/airflow/.local/lib/python3.7/site-packages/airflow/example_dags/example_branch_datetime_operator.py
[2022-09-20T14:24:53.986+0000] {processor.py:768} INFO - DAG(s) dict_keys(['example_branch_datetime_operator', 'example_branch_datetime_operator_2', 'example_branch_datetime_operator_3']) retrieved from /home/airflow/.local/lib/python3.7/site-packages/airflow/example_dags/example_branch_datetime_operator.py
[2022-09-20T14:24:54.034+0000] {logging_mixin.py:117} INFO - [2022-09-20T14:24:54.034+0000] {dag.py:2573} INFO - Sync 3 DAGs
[2022-09-20T14:24:54.061+0000] {logging_mixin.py:117} INFO - [2022-09-20T14:24:54.060+0000] {dag.py:3328} INFO - Setting next_dagrun for example_branch_datetime_operator to 2022-09-19T00:00:00+00:00, run_after=2022-09-20T00:00:00+00:00
[2022-09-20T14:24:54.066+0000] {logging_mixin.py:117} INFO - [2022-09-20T14:24:54.065+0000] {dag.py:3328} INFO - Setting next_dagrun for example_branch_datetime_operator_2 to 2022-09-19T00:00:00+00:00, run_after=2022-09-20T00:00:00+00:00
[2022-09-20T14:24:54.068+0000] {logging_mixin.py:117} INFO - [2022-09-20T14:24:54.068+0000] {dag.py:3328} INFO - Setting next_dagrun for example_branch_datetime_operator_3 to 2022-09-19T00:00:00+00:00, run_after=2022-09-20T00:00:00+00:00
[2022-09-20T14:24:54.542+0000] {processor.py:178} INFO - Processing /home/airflow/.local/lib/python3.7/site-packages/airflow/example_dags/example_branch_datetime_operator.py took 1.170 seconds
[2022-09-20T14:25:26.746+0000] {processor.py:156} INFO - Started process (PID=1103) to work on /home/airflow/.local/lib/python3.7/site-packages/airflow/example_dags/example_branch_datetime_operator.py
[2022-09-20T14:25:26.869+0000] {processor.py:758} INFO - Processing file /home/airflow/.local/lib/python3.7/site-packages/airflow/example_dags/example_branch_datetime_operator.py for tasks to queue
[2022-09-20T14:25:26.869+0000] {logging_mixin.py:117} INFO - [2022-09-20T14:25:26.869+0000] {dagbag.py:525} INFO - Filling up the DagBag from /home/airflow/.local/lib/python3.7/site-packages/airflow/example_dags/example_branch_datetime_operator.py
[2022-09-20T14:25:26.890+0000] {processor.py:768} INFO - DAG(s) dict_keys(['example_branch_datetime_operator_3', 'example_branch_datetime_operator', 'example_branch_datetime_operator_2']) retrieved from /home/airflow/.local/lib/python3.7/site-packages/airflow/example_dags/example_branch_datetime_operator.py
[2022-09-20T14:25:27.548+0000] {logging_mixin.py:117} INFO - [2022-09-20T14:25:27.548+0000] {dag.py:2573} INFO - Sync 3 DAGs
[2022-09-20T14:25:27.584+0000] {logging_mixin.py:117} INFO - [2022-09-20T14:25:27.584+0000] {dag.py:3328} INFO - Setting next_dagrun for example_branch_datetime_operator to 2022-09-19T00:00:00+00:00, run_after=2022-09-20T00:00:00+00:00
[2022-09-20T14:25:27.590+0000] {logging_mixin.py:117} INFO - [2022-09-20T14:25:27.590+0000] {dag.py:3328} INFO - Setting next_dagrun for example_branch_datetime_operator_2 to 2022-09-19T00:00:00+00:00, run_after=2022-09-20T00:00:00+00:00
[2022-09-20T14:25:27.593+0000] {logging_mixin.py:117} INFO - [2022-09-20T14:25:27.592+0000] {dag.py:3328} INFO - Setting next_dagrun for example_branch_datetime_operator_3 to 2022-09-19T00:00:00+00:00, run_after=2022-09-20T00:00:00+00:00
[2022-09-20T14:25:28.365+0000] {processor.py:178} INFO - Processing /home/airflow/.local/lib/python3.7/site-packages/airflow/example_dags/example_branch_datetime_operator.py took 1.623 seconds
[2022-09-20T14:26:49.218+0000] {processor.py:156} INFO - Started process (PID=1147) to work on /home/airflow/.local/lib/python3.7/site-packages/airflow/example_dags/example_branch_datetime_operator.py
[2022-09-20T14:26:49.501+0000] {processor.py:758} INFO - Processing file /home/airflow/.local/lib/python3.7/site-packages/airflow/example_dags/example_branch_datetime_operator.py for tasks to queue
[2022-09-20T14:26:49.502+0000] {logging_mixin.py:117} INFO - [2022-09-20T14:26:49.502+0000] {dagbag.py:525} INFO - Filling up the DagBag from /home/airflow/.local/lib/python3.7/site-packages/airflow/example_dags/example_branch_datetime_operator.py
[2022-09-20T14:26:49.522+0000] {processor.py:768} INFO - DAG(s) dict_keys(['example_branch_datetime_operator', 'example_branch_datetime_operator_2', 'example_branch_datetime_operator_3']) retrieved from /home/airflow/.local/lib/python3.7/site-packages/airflow/example_dags/example_branch_datetime_operator.py
[2022-09-20T14:26:49.571+0000] {logging_mixin.py:117} INFO - [2022-09-20T14:26:49.570+0000] {dag.py:2573} INFO - Sync 3 DAGs
[2022-09-20T14:26:49.598+0000] {logging_mixin.py:117} INFO - [2022-09-20T14:26:49.598+0000] {dag.py:3328} INFO - Setting next_dagrun for example_branch_datetime_operator to 2022-09-19T00:00:00+00:00, run_after=2022-09-20T00:00:00+00:00
[2022-09-20T14:26:49.603+0000] {logging_mixin.py:117} INFO - [2022-09-20T14:26:49.603+0000] {dag.py:3328} INFO - Setting next_dagrun for example_branch_datetime_operator_2 to 2022-09-19T00:00:00+00:00, run_after=2022-09-20T00:00:00+00:00
[2022-09-20T14:26:49.606+0000] {logging_mixin.py:117} INFO - [2022-09-20T14:26:49.605+0000] {dag.py:3328} INFO - Setting next_dagrun for example_branch_datetime_operator_3 to 2022-09-19T00:00:00+00:00, run_after=2022-09-20T00:00:00+00:00
[2022-09-20T14:26:56.278+0000] {processor.py:178} INFO - Processing /home/airflow/.local/lib/python3.7/site-packages/airflow/example_dags/example_branch_datetime_operator.py took 6.097 seconds
[2022-09-20T14:31:38.665+0000] {processor.py:156} INFO - Started process (PID=1223) to work on /home/airflow/.local/lib/python3.7/site-packages/airflow/example_dags/example_branch_datetime_operator.py
[2022-09-20T14:31:38.807+0000] {processor.py:758} INFO - Processing file /home/airflow/.local/lib/python3.7/site-packages/airflow/example_dags/example_branch_datetime_operator.py for tasks to queue
[2022-09-20T14:31:38.807+0000] {logging_mixin.py:117} INFO - [2022-09-20T14:31:38.807+0000] {dagbag.py:525} INFO - Filling up the DagBag from /home/airflow/.local/lib/python3.7/site-packages/airflow/example_dags/example_branch_datetime_operator.py
[2022-09-20T14:31:38.827+0000] {processor.py:768} INFO - DAG(s) dict_keys(['example_branch_datetime_operator_3', 'example_branch_datetime_operator', 'example_branch_datetime_operator_2']) retrieved from /home/airflow/.local/lib/python3.7/site-packages/airflow/example_dags/example_branch_datetime_operator.py
[2022-09-20T14:31:38.882+0000] {logging_mixin.py:117} INFO - [2022-09-20T14:31:38.882+0000] {dag.py:2573} INFO - Sync 3 DAGs
[2022-09-20T14:31:38.917+0000] {logging_mixin.py:117} INFO - [2022-09-20T14:31:38.917+0000] {dag.py:3328} INFO - Setting next_dagrun for example_branch_datetime_operator to 2022-09-19T00:00:00+00:00, run_after=2022-09-20T00:00:00+00:00
[2022-09-20T14:31:38.923+0000] {logging_mixin.py:117} INFO - [2022-09-20T14:31:38.923+0000] {dag.py:3328} INFO - Setting next_dagrun for example_branch_datetime_operator_2 to 2022-09-19T00:00:00+00:00, run_after=2022-09-20T00:00:00+00:00
[2022-09-20T14:31:38.926+0000] {logging_mixin.py:117} INFO - [2022-09-20T14:31:38.926+0000] {dag.py:3328} INFO - Setting next_dagrun for example_branch_datetime_operator_3 to 2022-09-19T00:00:00+00:00, run_after=2022-09-20T00:00:00+00:00
[2022-09-20T14:31:39.794+0000] {processor.py:178} INFO - Processing /home/airflow/.local/lib/python3.7/site-packages/airflow/example_dags/example_branch_datetime_operator.py took 1.133 seconds
[2022-09-20T14:33:24.949+0000] {processor.py:156} INFO - Started process (PID=1290) to work on /home/airflow/.local/lib/python3.7/site-packages/airflow/example_dags/example_branch_datetime_operator.py
[2022-09-20T14:33:25.330+0000] {processor.py:758} INFO - Processing file /home/airflow/.local/lib/python3.7/site-packages/airflow/example_dags/example_branch_datetime_operator.py for tasks to queue
[2022-09-20T14:33:25.333+0000] {logging_mixin.py:117} INFO - [2022-09-20T14:33:25.332+0000] {dagbag.py:525} INFO - Filling up the DagBag from /home/airflow/.local/lib/python3.7/site-packages/airflow/example_dags/example_branch_datetime_operator.py
[2022-09-20T14:33:25.369+0000] {processor.py:768} INFO - DAG(s) dict_keys(['example_branch_datetime_operator_3', 'example_branch_datetime_operator_2', 'example_branch_datetime_operator']) retrieved from /home/airflow/.local/lib/python3.7/site-packages/airflow/example_dags/example_branch_datetime_operator.py
[2022-09-20T14:33:25.415+0000] {logging_mixin.py:117} INFO - [2022-09-20T14:33:25.415+0000] {dag.py:2573} INFO - Sync 3 DAGs
[2022-09-20T14:33:25.441+0000] {logging_mixin.py:117} INFO - [2022-09-20T14:33:25.441+0000] {dag.py:3328} INFO - Setting next_dagrun for example_branch_datetime_operator to 2022-09-19T00:00:00+00:00, run_after=2022-09-20T00:00:00+00:00
[2022-09-20T14:33:25.445+0000] {logging_mixin.py:117} INFO - [2022-09-20T14:33:25.445+0000] {dag.py:3328} INFO - Setting next_dagrun for example_branch_datetime_operator_2 to 2022-09-19T00:00:00+00:00, run_after=2022-09-20T00:00:00+00:00
[2022-09-20T14:33:25.448+0000] {logging_mixin.py:117} INFO - [2022-09-20T14:33:25.448+0000] {dag.py:3328} INFO - Setting next_dagrun for example_branch_datetime_operator_3 to 2022-09-19T00:00:00+00:00, run_after=2022-09-20T00:00:00+00:00
[2022-09-20T14:33:26.453+0000] {processor.py:178} INFO - Processing /home/airflow/.local/lib/python3.7/site-packages/airflow/example_dags/example_branch_datetime_operator.py took 1.510 seconds
[2022-09-20T17:10:53.255+0000] {processor.py:156} INFO - Started process (PID=151) to work on /home/airflow/.local/lib/python3.7/site-packages/airflow/example_dags/example_branch_datetime_operator.py
[2022-09-20T17:10:53.302+0000] {processor.py:758} INFO - Processing file /home/airflow/.local/lib/python3.7/site-packages/airflow/example_dags/example_branch_datetime_operator.py for tasks to queue
[2022-09-20T17:10:53.499+0000] {logging_mixin.py:117} INFO - [2022-09-20T17:10:53.498+0000] {dagbag.py:525} INFO - Filling up the DagBag from /home/airflow/.local/lib/python3.7/site-packages/airflow/example_dags/example_branch_datetime_operator.py
[2022-09-20T17:10:53.913+0000] {processor.py:768} INFO - DAG(s) dict_keys(['example_branch_datetime_operator', 'example_branch_datetime_operator_2', 'example_branch_datetime_operator_3']) retrieved from /home/airflow/.local/lib/python3.7/site-packages/airflow/example_dags/example_branch_datetime_operator.py
[2022-09-20T17:10:54.324+0000] {logging_mixin.py:117} INFO - [2022-09-20T17:10:54.324+0000] {dag.py:2573} INFO - Sync 3 DAGs
[2022-09-20T17:10:54.365+0000] {logging_mixin.py:117} INFO - [2022-09-20T17:10:54.365+0000] {dag.py:3328} INFO - Setting next_dagrun for example_branch_datetime_operator to 2022-09-19T00:00:00+00:00, run_after=2022-09-20T00:00:00+00:00
[2022-09-20T17:10:54.372+0000] {logging_mixin.py:117} INFO - [2022-09-20T17:10:54.371+0000] {dag.py:3328} INFO - Setting next_dagrun for example_branch_datetime_operator_2 to 2022-09-19T00:00:00+00:00, run_after=2022-09-20T00:00:00+00:00
[2022-09-20T17:10:54.375+0000] {logging_mixin.py:117} INFO - [2022-09-20T17:10:54.375+0000] {dag.py:3328} INFO - Setting next_dagrun for example_branch_datetime_operator_3 to 2022-09-19T00:00:00+00:00, run_after=2022-09-20T00:00:00+00:00
[2022-09-20T17:10:54.817+0000] {processor.py:178} INFO - Processing /home/airflow/.local/lib/python3.7/site-packages/airflow/example_dags/example_branch_datetime_operator.py took 1.577 seconds
[2022-09-20T17:12:04.925+0000] {processor.py:156} INFO - Started process (PID=230) to work on /home/airflow/.local/lib/python3.7/site-packages/airflow/example_dags/example_branch_datetime_operator.py
[2022-09-20T17:12:05.277+0000] {processor.py:758} INFO - Processing file /home/airflow/.local/lib/python3.7/site-packages/airflow/example_dags/example_branch_datetime_operator.py for tasks to queue
[2022-09-20T17:12:05.280+0000] {logging_mixin.py:117} INFO - [2022-09-20T17:12:05.280+0000] {dagbag.py:525} INFO - Filling up the DagBag from /home/airflow/.local/lib/python3.7/site-packages/airflow/example_dags/example_branch_datetime_operator.py
[2022-09-20T17:12:05.335+0000] {processor.py:768} INFO - DAG(s) dict_keys(['example_branch_datetime_operator', 'example_branch_datetime_operator_2', 'example_branch_datetime_operator_3']) retrieved from /home/airflow/.local/lib/python3.7/site-packages/airflow/example_dags/example_branch_datetime_operator.py
[2022-09-20T17:12:05.669+0000] {logging_mixin.py:117} INFO - [2022-09-20T17:12:05.668+0000] {dag.py:2573} INFO - Sync 3 DAGs
[2022-09-20T17:12:05.763+0000] {logging_mixin.py:117} INFO - [2022-09-20T17:12:05.762+0000] {dag.py:3328} INFO - Setting next_dagrun for example_branch_datetime_operator to 2022-09-19T00:00:00+00:00, run_after=2022-09-20T00:00:00+00:00
[2022-09-20T17:12:05.771+0000] {logging_mixin.py:117} INFO - [2022-09-20T17:12:05.771+0000] {dag.py:3328} INFO - Setting next_dagrun for example_branch_datetime_operator_2 to 2022-09-19T00:00:00+00:00, run_after=2022-09-20T00:00:00+00:00
[2022-09-20T17:12:05.776+0000] {logging_mixin.py:117} INFO - [2022-09-20T17:12:05.776+0000] {dag.py:3328} INFO - Setting next_dagrun for example_branch_datetime_operator_3 to 2022-09-19T00:00:00+00:00, run_after=2022-09-20T00:00:00+00:00
[2022-09-20T17:12:07.024+0000] {processor.py:178} INFO - Processing /home/airflow/.local/lib/python3.7/site-packages/airflow/example_dags/example_branch_datetime_operator.py took 2.103 seconds
[2022-09-20T17:12:42.066+0000] {processor.py:156} INFO - Started process (PID=284) to work on /home/airflow/.local/lib/python3.7/site-packages/airflow/example_dags/example_branch_datetime_operator.py
[2022-09-20T17:12:42.402+0000] {processor.py:758} INFO - Processing file /home/airflow/.local/lib/python3.7/site-packages/airflow/example_dags/example_branch_datetime_operator.py for tasks to queue
[2022-09-20T17:12:42.404+0000] {logging_mixin.py:117} INFO - [2022-09-20T17:12:42.403+0000] {dagbag.py:525} INFO - Filling up the DagBag from /home/airflow/.local/lib/python3.7/site-packages/airflow/example_dags/example_branch_datetime_operator.py
[2022-09-20T17:12:42.609+0000] {processor.py:768} INFO - DAG(s) dict_keys(['example_branch_datetime_operator', 'example_branch_datetime_operator_2', 'example_branch_datetime_operator_3']) retrieved from /home/airflow/.local/lib/python3.7/site-packages/airflow/example_dags/example_branch_datetime_operator.py
[2022-09-20T17:12:42.712+0000] {logging_mixin.py:117} INFO - [2022-09-20T17:12:42.712+0000] {dag.py:2573} INFO - Sync 3 DAGs
[2022-09-20T17:12:42.796+0000] {logging_mixin.py:117} INFO - [2022-09-20T17:12:42.796+0000] {dag.py:3328} INFO - Setting next_dagrun for example_branch_datetime_operator to 2022-09-19T00:00:00+00:00, run_after=2022-09-20T00:00:00+00:00
[2022-09-20T17:12:42.808+0000] {logging_mixin.py:117} INFO - [2022-09-20T17:12:42.808+0000] {dag.py:3328} INFO - Setting next_dagrun for example_branch_datetime_operator_2 to 2022-09-19T00:00:00+00:00, run_after=2022-09-20T00:00:00+00:00
[2022-09-20T17:12:42.814+0000] {logging_mixin.py:117} INFO - [2022-09-20T17:12:42.814+0000] {dag.py:3328} INFO - Setting next_dagrun for example_branch_datetime_operator_3 to 2022-09-19T00:00:00+00:00, run_after=2022-09-20T00:00:00+00:00
[2022-09-20T17:12:44.449+0000] {processor.py:178} INFO - Processing /home/airflow/.local/lib/python3.7/site-packages/airflow/example_dags/example_branch_datetime_operator.py took 2.110 seconds
[2022-09-20T17:13:31.394+0000] {processor.py:156} INFO - Started process (PID=341) to work on /home/airflow/.local/lib/python3.7/site-packages/airflow/example_dags/example_branch_datetime_operator.py
[2022-09-20T17:13:32.103+0000] {processor.py:758} INFO - Processing file /home/airflow/.local/lib/python3.7/site-packages/airflow/example_dags/example_branch_datetime_operator.py for tasks to queue
[2022-09-20T17:13:32.104+0000] {logging_mixin.py:117} INFO - [2022-09-20T17:13:32.104+0000] {dagbag.py:525} INFO - Filling up the DagBag from /home/airflow/.local/lib/python3.7/site-packages/airflow/example_dags/example_branch_datetime_operator.py
[2022-09-20T17:13:32.135+0000] {processor.py:768} INFO - DAG(s) dict_keys(['example_branch_datetime_operator', 'example_branch_datetime_operator_3', 'example_branch_datetime_operator_2']) retrieved from /home/airflow/.local/lib/python3.7/site-packages/airflow/example_dags/example_branch_datetime_operator.py
[2022-09-20T17:13:32.196+0000] {logging_mixin.py:117} INFO - [2022-09-20T17:13:32.196+0000] {dag.py:2573} INFO - Sync 3 DAGs
[2022-09-20T17:13:32.230+0000] {logging_mixin.py:117} INFO - [2022-09-20T17:13:32.230+0000] {dag.py:3328} INFO - Setting next_dagrun for example_branch_datetime_operator to 2022-09-19T00:00:00+00:00, run_after=2022-09-20T00:00:00+00:00
[2022-09-20T17:13:32.237+0000] {logging_mixin.py:117} INFO - [2022-09-20T17:13:32.236+0000] {dag.py:3328} INFO - Setting next_dagrun for example_branch_datetime_operator_2 to 2022-09-19T00:00:00+00:00, run_after=2022-09-20T00:00:00+00:00
[2022-09-20T17:13:32.240+0000] {logging_mixin.py:117} INFO - [2022-09-20T17:13:32.240+0000] {dag.py:3328} INFO - Setting next_dagrun for example_branch_datetime_operator_3 to 2022-09-19T00:00:00+00:00, run_after=2022-09-20T00:00:00+00:00
[2022-09-20T17:13:33.132+0000] {processor.py:178} INFO - Processing /home/airflow/.local/lib/python3.7/site-packages/airflow/example_dags/example_branch_datetime_operator.py took 1.745 seconds
[2022-09-20T17:14:03.516+0000] {processor.py:156} INFO - Started process (PID=386) to work on /home/airflow/.local/lib/python3.7/site-packages/airflow/example_dags/example_branch_datetime_operator.py
[2022-09-20T17:14:03.520+0000] {processor.py:758} INFO - Processing file /home/airflow/.local/lib/python3.7/site-packages/airflow/example_dags/example_branch_datetime_operator.py for tasks to queue
[2022-09-20T17:14:03.523+0000] {logging_mixin.py:117} INFO - [2022-09-20T17:14:03.522+0000] {dagbag.py:525} INFO - Filling up the DagBag from /home/airflow/.local/lib/python3.7/site-packages/airflow/example_dags/example_branch_datetime_operator.py
[2022-09-20T17:14:03.576+0000] {processor.py:768} INFO - DAG(s) dict_keys(['example_branch_datetime_operator', 'example_branch_datetime_operator_3', 'example_branch_datetime_operator_2']) retrieved from /home/airflow/.local/lib/python3.7/site-packages/airflow/example_dags/example_branch_datetime_operator.py
[2022-09-20T17:14:03.739+0000] {logging_mixin.py:117} INFO - [2022-09-20T17:14:03.739+0000] {dag.py:2573} INFO - Sync 3 DAGs
[2022-09-20T17:14:03.801+0000] {logging_mixin.py:117} INFO - [2022-09-20T17:14:03.801+0000] {dag.py:3328} INFO - Setting next_dagrun for example_branch_datetime_operator to 2022-09-19T00:00:00+00:00, run_after=2022-09-20T00:00:00+00:00
[2022-09-20T17:14:03.808+0000] {logging_mixin.py:117} INFO - [2022-09-20T17:14:03.807+0000] {dag.py:3328} INFO - Setting next_dagrun for example_branch_datetime_operator_2 to 2022-09-19T00:00:00+00:00, run_after=2022-09-20T00:00:00+00:00
[2022-09-20T17:14:03.811+0000] {logging_mixin.py:117} INFO - [2022-09-20T17:14:03.811+0000] {dag.py:3328} INFO - Setting next_dagrun for example_branch_datetime_operator_3 to 2022-09-19T00:00:00+00:00, run_after=2022-09-20T00:00:00+00:00
[2022-09-20T17:14:04.863+0000] {processor.py:178} INFO - Processing /home/airflow/.local/lib/python3.7/site-packages/airflow/example_dags/example_branch_datetime_operator.py took 1.362 seconds
[2022-09-20T17:14:48.952+0000] {processor.py:156} INFO - Started process (PID=441) to work on /home/airflow/.local/lib/python3.7/site-packages/airflow/example_dags/example_branch_datetime_operator.py
[2022-09-20T17:14:49.167+0000] {processor.py:758} INFO - Processing file /home/airflow/.local/lib/python3.7/site-packages/airflow/example_dags/example_branch_datetime_operator.py for tasks to queue
[2022-09-20T17:14:49.171+0000] {logging_mixin.py:117} INFO - [2022-09-20T17:14:49.170+0000] {dagbag.py:525} INFO - Filling up the DagBag from /home/airflow/.local/lib/python3.7/site-packages/airflow/example_dags/example_branch_datetime_operator.py
[2022-09-20T17:14:49.232+0000] {processor.py:768} INFO - DAG(s) dict_keys(['example_branch_datetime_operator_3', 'example_branch_datetime_operator_2', 'example_branch_datetime_operator']) retrieved from /home/airflow/.local/lib/python3.7/site-packages/airflow/example_dags/example_branch_datetime_operator.py
[2022-09-20T17:14:49.318+0000] {logging_mixin.py:117} INFO - [2022-09-20T17:14:49.318+0000] {dag.py:2573} INFO - Sync 3 DAGs
[2022-09-20T17:14:49.351+0000] {logging_mixin.py:117} INFO - [2022-09-20T17:14:49.351+0000] {dag.py:3328} INFO - Setting next_dagrun for example_branch_datetime_operator to 2022-09-19T00:00:00+00:00, run_after=2022-09-20T00:00:00+00:00
[2022-09-20T17:14:49.359+0000] {logging_mixin.py:117} INFO - [2022-09-20T17:14:49.359+0000] {dag.py:3328} INFO - Setting next_dagrun for example_branch_datetime_operator_2 to 2022-09-19T00:00:00+00:00, run_after=2022-09-20T00:00:00+00:00
[2022-09-20T17:14:49.362+0000] {logging_mixin.py:117} INFO - [2022-09-20T17:14:49.362+0000] {dag.py:3328} INFO - Setting next_dagrun for example_branch_datetime_operator_3 to 2022-09-19T00:00:00+00:00, run_after=2022-09-20T00:00:00+00:00
[2022-09-20T17:14:50.140+0000] {processor.py:178} INFO - Processing /home/airflow/.local/lib/python3.7/site-packages/airflow/example_dags/example_branch_datetime_operator.py took 1.192 seconds
[2022-09-20T17:15:23.131+0000] {processor.py:156} INFO - Started process (PID=496) to work on /home/airflow/.local/lib/python3.7/site-packages/airflow/example_dags/example_branch_datetime_operator.py
[2022-09-20T17:15:23.367+0000] {processor.py:758} INFO - Processing file /home/airflow/.local/lib/python3.7/site-packages/airflow/example_dags/example_branch_datetime_operator.py for tasks to queue
[2022-09-20T17:15:23.369+0000] {logging_mixin.py:117} INFO - [2022-09-20T17:15:23.368+0000] {dagbag.py:525} INFO - Filling up the DagBag from /home/airflow/.local/lib/python3.7/site-packages/airflow/example_dags/example_branch_datetime_operator.py
[2022-09-20T17:15:23.426+0000] {processor.py:768} INFO - DAG(s) dict_keys(['example_branch_datetime_operator_3', 'example_branch_datetime_operator', 'example_branch_datetime_operator_2']) retrieved from /home/airflow/.local/lib/python3.7/site-packages/airflow/example_dags/example_branch_datetime_operator.py
[2022-09-20T17:15:23.527+0000] {logging_mixin.py:117} INFO - [2022-09-20T17:15:23.527+0000] {dag.py:2573} INFO - Sync 3 DAGs
[2022-09-20T17:15:23.599+0000] {logging_mixin.py:117} INFO - [2022-09-20T17:15:23.599+0000] {dag.py:3328} INFO - Setting next_dagrun for example_branch_datetime_operator to 2022-09-19T00:00:00+00:00, run_after=2022-09-20T00:00:00+00:00
[2022-09-20T17:15:23.615+0000] {logging_mixin.py:117} INFO - [2022-09-20T17:15:23.614+0000] {dag.py:3328} INFO - Setting next_dagrun for example_branch_datetime_operator_2 to 2022-09-19T00:00:00+00:00, run_after=2022-09-20T00:00:00+00:00
[2022-09-20T17:15:23.623+0000] {logging_mixin.py:117} INFO - [2022-09-20T17:15:23.622+0000] {dag.py:3328} INFO - Setting next_dagrun for example_branch_datetime_operator_3 to 2022-09-19T00:00:00+00:00, run_after=2022-09-20T00:00:00+00:00
[2022-09-20T17:15:24.177+0000] {processor.py:178} INFO - Processing /home/airflow/.local/lib/python3.7/site-packages/airflow/example_dags/example_branch_datetime_operator.py took 1.051 seconds
[2022-09-20T17:15:57.898+0000] {processor.py:156} INFO - Started process (PID=551) to work on /home/airflow/.local/lib/python3.7/site-packages/airflow/example_dags/example_branch_datetime_operator.py
[2022-09-20T17:15:58.393+0000] {processor.py:758} INFO - Processing file /home/airflow/.local/lib/python3.7/site-packages/airflow/example_dags/example_branch_datetime_operator.py for tasks to queue
[2022-09-20T17:15:58.395+0000] {logging_mixin.py:117} INFO - [2022-09-20T17:15:58.395+0000] {dagbag.py:525} INFO - Filling up the DagBag from /home/airflow/.local/lib/python3.7/site-packages/airflow/example_dags/example_branch_datetime_operator.py
[2022-09-20T17:15:58.420+0000] {processor.py:768} INFO - DAG(s) dict_keys(['example_branch_datetime_operator', 'example_branch_datetime_operator_2', 'example_branch_datetime_operator_3']) retrieved from /home/airflow/.local/lib/python3.7/site-packages/airflow/example_dags/example_branch_datetime_operator.py
[2022-09-20T17:15:58.500+0000] {logging_mixin.py:117} INFO - [2022-09-20T17:15:58.500+0000] {dag.py:2573} INFO - Sync 3 DAGs
[2022-09-20T17:15:58.535+0000] {logging_mixin.py:117} INFO - [2022-09-20T17:15:58.535+0000] {dag.py:3328} INFO - Setting next_dagrun for example_branch_datetime_operator to 2022-09-19T00:00:00+00:00, run_after=2022-09-20T00:00:00+00:00
[2022-09-20T17:15:58.542+0000] {logging_mixin.py:117} INFO - [2022-09-20T17:15:58.542+0000] {dag.py:3328} INFO - Setting next_dagrun for example_branch_datetime_operator_2 to 2022-09-19T00:00:00+00:00, run_after=2022-09-20T00:00:00+00:00
[2022-09-20T17:15:58.546+0000] {logging_mixin.py:117} INFO - [2022-09-20T17:15:58.546+0000] {dag.py:3328} INFO - Setting next_dagrun for example_branch_datetime_operator_3 to 2022-09-19T00:00:00+00:00, run_after=2022-09-20T00:00:00+00:00
[2022-09-20T17:15:59.745+0000] {processor.py:178} INFO - Processing /home/airflow/.local/lib/python3.7/site-packages/airflow/example_dags/example_branch_datetime_operator.py took 1.851 seconds
[2022-09-20T17:16:33.997+0000] {processor.py:156} INFO - Started process (PID=605) to work on /home/airflow/.local/lib/python3.7/site-packages/airflow/example_dags/example_branch_datetime_operator.py
[2022-09-20T17:16:34.052+0000] {processor.py:758} INFO - Processing file /home/airflow/.local/lib/python3.7/site-packages/airflow/example_dags/example_branch_datetime_operator.py for tasks to queue
[2022-09-20T17:16:34.054+0000] {logging_mixin.py:117} INFO - [2022-09-20T17:16:34.054+0000] {dagbag.py:525} INFO - Filling up the DagBag from /home/airflow/.local/lib/python3.7/site-packages/airflow/example_dags/example_branch_datetime_operator.py
[2022-09-20T17:16:34.083+0000] {processor.py:768} INFO - DAG(s) dict_keys(['example_branch_datetime_operator', 'example_branch_datetime_operator_2', 'example_branch_datetime_operator_3']) retrieved from /home/airflow/.local/lib/python3.7/site-packages/airflow/example_dags/example_branch_datetime_operator.py
[2022-09-20T17:16:34.161+0000] {logging_mixin.py:117} INFO - [2022-09-20T17:16:34.160+0000] {dag.py:2573} INFO - Sync 3 DAGs
[2022-09-20T17:16:34.205+0000] {logging_mixin.py:117} INFO - [2022-09-20T17:16:34.205+0000] {dag.py:3328} INFO - Setting next_dagrun for example_branch_datetime_operator to 2022-09-19T00:00:00+00:00, run_after=2022-09-20T00:00:00+00:00
[2022-09-20T17:16:34.212+0000] {logging_mixin.py:117} INFO - [2022-09-20T17:16:34.212+0000] {dag.py:3328} INFO - Setting next_dagrun for example_branch_datetime_operator_2 to 2022-09-19T00:00:00+00:00, run_after=2022-09-20T00:00:00+00:00
[2022-09-20T17:16:34.217+0000] {logging_mixin.py:117} INFO - [2022-09-20T17:16:34.216+0000] {dag.py:3328} INFO - Setting next_dagrun for example_branch_datetime_operator_3 to 2022-09-19T00:00:00+00:00, run_after=2022-09-20T00:00:00+00:00
[2022-09-20T17:16:35.374+0000] {processor.py:178} INFO - Processing /home/airflow/.local/lib/python3.7/site-packages/airflow/example_dags/example_branch_datetime_operator.py took 1.382 seconds
[2022-09-20T17:17:07.266+0000] {processor.py:156} INFO - Started process (PID=650) to work on /home/airflow/.local/lib/python3.7/site-packages/airflow/example_dags/example_branch_datetime_operator.py
[2022-09-20T17:17:07.523+0000] {processor.py:758} INFO - Processing file /home/airflow/.local/lib/python3.7/site-packages/airflow/example_dags/example_branch_datetime_operator.py for tasks to queue
[2022-09-20T17:17:07.525+0000] {logging_mixin.py:117} INFO - [2022-09-20T17:17:07.524+0000] {dagbag.py:525} INFO - Filling up the DagBag from /home/airflow/.local/lib/python3.7/site-packages/airflow/example_dags/example_branch_datetime_operator.py
[2022-09-20T17:17:07.582+0000] {processor.py:768} INFO - DAG(s) dict_keys(['example_branch_datetime_operator', 'example_branch_datetime_operator_3', 'example_branch_datetime_operator_2']) retrieved from /home/airflow/.local/lib/python3.7/site-packages/airflow/example_dags/example_branch_datetime_operator.py
[2022-09-20T17:17:07.689+0000] {logging_mixin.py:117} INFO - [2022-09-20T17:17:07.689+0000] {dag.py:2573} INFO - Sync 3 DAGs
[2022-09-20T17:17:07.739+0000] {logging_mixin.py:117} INFO - [2022-09-20T17:17:07.738+0000] {dag.py:3328} INFO - Setting next_dagrun for example_branch_datetime_operator to 2022-09-19T00:00:00+00:00, run_after=2022-09-20T00:00:00+00:00
[2022-09-20T17:17:07.749+0000] {logging_mixin.py:117} INFO - [2022-09-20T17:17:07.749+0000] {dag.py:3328} INFO - Setting next_dagrun for example_branch_datetime_operator_2 to 2022-09-19T00:00:00+00:00, run_after=2022-09-20T00:00:00+00:00
[2022-09-20T17:17:07.755+0000] {logging_mixin.py:117} INFO - [2022-09-20T17:17:07.755+0000] {dag.py:3328} INFO - Setting next_dagrun for example_branch_datetime_operator_3 to 2022-09-19T00:00:00+00:00, run_after=2022-09-20T00:00:00+00:00
[2022-09-20T17:17:08.547+0000] {processor.py:178} INFO - Processing /home/airflow/.local/lib/python3.7/site-packages/airflow/example_dags/example_branch_datetime_operator.py took 1.286 seconds
[2022-09-20T17:17:38.862+0000] {processor.py:156} INFO - Started process (PID=704) to work on /home/airflow/.local/lib/python3.7/site-packages/airflow/example_dags/example_branch_datetime_operator.py
[2022-09-20T17:17:38.909+0000] {processor.py:758} INFO - Processing file /home/airflow/.local/lib/python3.7/site-packages/airflow/example_dags/example_branch_datetime_operator.py for tasks to queue
[2022-09-20T17:17:38.911+0000] {logging_mixin.py:117} INFO - [2022-09-20T17:17:38.910+0000] {dagbag.py:525} INFO - Filling up the DagBag from /home/airflow/.local/lib/python3.7/site-packages/airflow/example_dags/example_branch_datetime_operator.py
[2022-09-20T17:17:38.978+0000] {processor.py:768} INFO - DAG(s) dict_keys(['example_branch_datetime_operator', 'example_branch_datetime_operator_2', 'example_branch_datetime_operator_3']) retrieved from /home/airflow/.local/lib/python3.7/site-packages/airflow/example_dags/example_branch_datetime_operator.py
[2022-09-20T17:17:39.152+0000] {logging_mixin.py:117} INFO - [2022-09-20T17:17:39.152+0000] {dag.py:2573} INFO - Sync 3 DAGs
[2022-09-20T17:17:39.236+0000] {logging_mixin.py:117} INFO - [2022-09-20T17:17:39.235+0000] {dag.py:3328} INFO - Setting next_dagrun for example_branch_datetime_operator to 2022-09-19T00:00:00+00:00, run_after=2022-09-20T00:00:00+00:00
[2022-09-20T17:17:39.260+0000] {logging_mixin.py:117} INFO - [2022-09-20T17:17:39.260+0000] {dag.py:3328} INFO - Setting next_dagrun for example_branch_datetime_operator_2 to 2022-09-19T00:00:00+00:00, run_after=2022-09-20T00:00:00+00:00
[2022-09-20T17:17:39.269+0000] {logging_mixin.py:117} INFO - [2022-09-20T17:17:39.269+0000] {dag.py:3328} INFO - Setting next_dagrun for example_branch_datetime_operator_3 to 2022-09-19T00:00:00+00:00, run_after=2022-09-20T00:00:00+00:00
[2022-09-20T17:17:39.442+0000] {processor.py:178} INFO - Processing /home/airflow/.local/lib/python3.7/site-packages/airflow/example_dags/example_branch_datetime_operator.py took 0.596 seconds
[2022-09-20T17:18:14.700+0000] {processor.py:156} INFO - Started process (PID=753) to work on /home/airflow/.local/lib/python3.7/site-packages/airflow/example_dags/example_branch_datetime_operator.py
[2022-09-20T17:18:14.847+0000] {processor.py:758} INFO - Processing file /home/airflow/.local/lib/python3.7/site-packages/airflow/example_dags/example_branch_datetime_operator.py for tasks to queue
[2022-09-20T17:18:14.851+0000] {logging_mixin.py:117} INFO - [2022-09-20T17:18:14.851+0000] {dagbag.py:525} INFO - Filling up the DagBag from /home/airflow/.local/lib/python3.7/site-packages/airflow/example_dags/example_branch_datetime_operator.py
[2022-09-20T17:18:14.936+0000] {processor.py:768} INFO - DAG(s) dict_keys(['example_branch_datetime_operator', 'example_branch_datetime_operator_2', 'example_branch_datetime_operator_3']) retrieved from /home/airflow/.local/lib/python3.7/site-packages/airflow/example_dags/example_branch_datetime_operator.py
[2022-09-20T17:18:15.054+0000] {logging_mixin.py:117} INFO - [2022-09-20T17:18:15.054+0000] {dag.py:2573} INFO - Sync 3 DAGs
[2022-09-20T17:18:15.127+0000] {logging_mixin.py:117} INFO - [2022-09-20T17:18:15.127+0000] {dag.py:3328} INFO - Setting next_dagrun for example_branch_datetime_operator to 2022-09-19T00:00:00+00:00, run_after=2022-09-20T00:00:00+00:00
[2022-09-20T17:18:15.139+0000] {logging_mixin.py:117} INFO - [2022-09-20T17:18:15.138+0000] {dag.py:3328} INFO - Setting next_dagrun for example_branch_datetime_operator_2 to 2022-09-19T00:00:00+00:00, run_after=2022-09-20T00:00:00+00:00
[2022-09-20T17:18:15.145+0000] {logging_mixin.py:117} INFO - [2022-09-20T17:18:15.145+0000] {dag.py:3328} INFO - Setting next_dagrun for example_branch_datetime_operator_3 to 2022-09-19T00:00:00+00:00, run_after=2022-09-20T00:00:00+00:00
[2022-09-20T17:18:16.005+0000] {processor.py:178} INFO - Processing /home/airflow/.local/lib/python3.7/site-packages/airflow/example_dags/example_branch_datetime_operator.py took 1.314 seconds
[2022-09-20T17:18:51.584+0000] {processor.py:156} INFO - Started process (PID=807) to work on /home/airflow/.local/lib/python3.7/site-packages/airflow/example_dags/example_branch_datetime_operator.py
[2022-09-20T17:18:51.631+0000] {processor.py:758} INFO - Processing file /home/airflow/.local/lib/python3.7/site-packages/airflow/example_dags/example_branch_datetime_operator.py for tasks to queue
[2022-09-20T17:18:51.633+0000] {logging_mixin.py:117} INFO - [2022-09-20T17:18:51.632+0000] {dagbag.py:525} INFO - Filling up the DagBag from /home/airflow/.local/lib/python3.7/site-packages/airflow/example_dags/example_branch_datetime_operator.py
[2022-09-20T17:18:51.666+0000] {processor.py:768} INFO - DAG(s) dict_keys(['example_branch_datetime_operator_3', 'example_branch_datetime_operator_2', 'example_branch_datetime_operator']) retrieved from /home/airflow/.local/lib/python3.7/site-packages/airflow/example_dags/example_branch_datetime_operator.py
[2022-09-20T17:18:51.700+0000] {logging_mixin.py:117} INFO - [2022-09-20T17:18:51.700+0000] {dag.py:2573} INFO - Sync 3 DAGs
[2022-09-20T17:18:51.734+0000] {logging_mixin.py:117} INFO - [2022-09-20T17:18:51.734+0000] {dag.py:3328} INFO - Setting next_dagrun for example_branch_datetime_operator to 2022-09-19T00:00:00+00:00, run_after=2022-09-20T00:00:00+00:00
[2022-09-20T17:18:51.740+0000] {logging_mixin.py:117} INFO - [2022-09-20T17:18:51.740+0000] {dag.py:3328} INFO - Setting next_dagrun for example_branch_datetime_operator_2 to 2022-09-19T00:00:00+00:00, run_after=2022-09-20T00:00:00+00:00
[2022-09-20T17:18:51.743+0000] {logging_mixin.py:117} INFO - [2022-09-20T17:18:51.743+0000] {dag.py:3328} INFO - Setting next_dagrun for example_branch_datetime_operator_3 to 2022-09-19T00:00:00+00:00, run_after=2022-09-20T00:00:00+00:00
[2022-09-20T17:18:52.039+0000] {processor.py:178} INFO - Processing /home/airflow/.local/lib/python3.7/site-packages/airflow/example_dags/example_branch_datetime_operator.py took 0.459 seconds
[2022-09-20T17:19:24.478+0000] {processor.py:156} INFO - Started process (PID=861) to work on /home/airflow/.local/lib/python3.7/site-packages/airflow/example_dags/example_branch_datetime_operator.py
[2022-09-20T17:19:24.482+0000] {processor.py:758} INFO - Processing file /home/airflow/.local/lib/python3.7/site-packages/airflow/example_dags/example_branch_datetime_operator.py for tasks to queue
[2022-09-20T17:19:24.484+0000] {logging_mixin.py:117} INFO - [2022-09-20T17:19:24.484+0000] {dagbag.py:525} INFO - Filling up the DagBag from /home/airflow/.local/lib/python3.7/site-packages/airflow/example_dags/example_branch_datetime_operator.py
[2022-09-20T17:19:24.526+0000] {processor.py:768} INFO - DAG(s) dict_keys(['example_branch_datetime_operator_3', 'example_branch_datetime_operator', 'example_branch_datetime_operator_2']) retrieved from /home/airflow/.local/lib/python3.7/site-packages/airflow/example_dags/example_branch_datetime_operator.py
[2022-09-20T17:19:24.636+0000] {logging_mixin.py:117} INFO - [2022-09-20T17:19:24.635+0000] {dag.py:2573} INFO - Sync 3 DAGs
[2022-09-20T17:19:24.712+0000] {logging_mixin.py:117} INFO - [2022-09-20T17:19:24.712+0000] {dag.py:3328} INFO - Setting next_dagrun for example_branch_datetime_operator to 2022-09-19T00:00:00+00:00, run_after=2022-09-20T00:00:00+00:00
[2022-09-20T17:19:24.725+0000] {logging_mixin.py:117} INFO - [2022-09-20T17:19:24.725+0000] {dag.py:3328} INFO - Setting next_dagrun for example_branch_datetime_operator_2 to 2022-09-19T00:00:00+00:00, run_after=2022-09-20T00:00:00+00:00
[2022-09-20T17:19:24.731+0000] {logging_mixin.py:117} INFO - [2022-09-20T17:19:24.730+0000] {dag.py:3328} INFO - Setting next_dagrun for example_branch_datetime_operator_3 to 2022-09-19T00:00:00+00:00, run_after=2022-09-20T00:00:00+00:00
[2022-09-20T17:19:24.993+0000] {processor.py:178} INFO - Processing /home/airflow/.local/lib/python3.7/site-packages/airflow/example_dags/example_branch_datetime_operator.py took 0.530 seconds
