[2022-09-20T13:54:00.891+0000] {processor.py:156} INFO - Started process (PID=128) to work on /home/airflow/.local/lib/python3.7/site-packages/airflow/example_dags/example_subdag_operator.py
[2022-09-20T13:54:00.892+0000] {processor.py:758} INFO - Processing file /home/airflow/.local/lib/python3.7/site-packages/airflow/example_dags/example_subdag_operator.py for tasks to queue
[2022-09-20T13:54:00.893+0000] {logging_mixin.py:117} INFO - [2022-09-20T13:54:00.893+0000] {dagbag.py:525} INFO - Filling up the DagBag from /home/airflow/.local/lib/python3.7/site-packages/airflow/example_dags/example_subdag_operator.py
[2022-09-20T13:54:04.152+0000] {processor.py:768} INFO - DAG(s) dict_keys(['example_subdag_operator.section-1', 'example_subdag_operator.section-2', 'example_subdag_operator']) retrieved from /home/airflow/.local/lib/python3.7/site-packages/airflow/example_dags/example_subdag_operator.py
[2022-09-20T14:01:11.025+0000] {processor.py:156} INFO - Started process (PID=182) to work on /home/airflow/.local/lib/python3.7/site-packages/airflow/example_dags/example_subdag_operator.py
[2022-09-20T14:01:20.397+0000] {processor.py:758} INFO - Processing file /home/airflow/.local/lib/python3.7/site-packages/airflow/example_dags/example_subdag_operator.py for tasks to queue
[2022-09-20T14:01:24.455+0000] {logging_mixin.py:117} INFO - [2022-09-20T14:01:24.454+0000] {dagbag.py:525} INFO - Filling up the DagBag from /home/airflow/.local/lib/python3.7/site-packages/airflow/example_dags/example_subdag_operator.py
[2022-09-20T14:01:24.573+0000] {processor.py:768} INFO - DAG(s) dict_keys(['example_subdag_operator.section-1', 'example_subdag_operator.section-2', 'example_subdag_operator']) retrieved from /home/airflow/.local/lib/python3.7/site-packages/airflow/example_dags/example_subdag_operator.py
[2022-09-20T14:01:39.301+0000] {logging_mixin.py:117} INFO - [2022-09-20T14:01:39.300+0000] {manager.py:508} INFO - Created Permission View: can delete on DAG:example_subdag_operator
[2022-09-20T14:01:50.721+0000] {logging_mixin.py:117} INFO - [2022-09-20T14:01:50.721+0000] {manager.py:508} INFO - Created Permission View: can read on DAG:example_subdag_operator
[2022-09-20T14:01:55.535+0000] {logging_mixin.py:117} INFO - [2022-09-20T14:01:55.535+0000] {manager.py:508} INFO - Created Permission View: can edit on DAG:example_subdag_operator
[2022-09-20T14:01:55.536+0000] {logging_mixin.py:117} INFO - [2022-09-20T14:01:55.536+0000] {dag.py:2573} INFO - Sync 3 DAGs
[2022-09-20T14:01:55.549+0000] {logging_mixin.py:117} INFO - [2022-09-20T14:01:55.549+0000] {dag.py:2594} INFO - Creating ORM DAG for example_subdag_operator
[2022-09-20T14:01:55.550+0000] {logging_mixin.py:117} INFO - [2022-09-20T14:01:55.550+0000] {dag.py:2594} INFO - Creating ORM DAG for example_subdag_operator.section-1
[2022-09-20T14:01:55.550+0000] {logging_mixin.py:117} INFO - [2022-09-20T14:01:55.550+0000] {dag.py:2594} INFO - Creating ORM DAG for example_subdag_operator.section-2
[2022-09-20T14:01:55.561+0000] {logging_mixin.py:117} INFO - [2022-09-20T14:01:55.561+0000] {dag.py:3328} INFO - Setting next_dagrun for example_subdag_operator to 2022-01-01T00:00:00+00:00, run_after=2022-01-01T00:00:00+00:00
[2022-09-20T14:01:55.562+0000] {logging_mixin.py:117} INFO - [2022-09-20T14:01:55.561+0000] {dag.py:3328} INFO - Setting next_dagrun for example_subdag_operator.section-1 to None, run_after=None
[2022-09-20T14:01:55.562+0000] {logging_mixin.py:117} INFO - [2022-09-20T14:01:55.562+0000] {dag.py:3328} INFO - Setting next_dagrun for example_subdag_operator.section-2 to None, run_after=None
[2022-09-20T14:01:55.571+0000] {logging_mixin.py:117} INFO - [2022-09-20T14:01:55.571+0000] {dag.py:2573} INFO - Sync 2 DAGs
[2022-09-20T14:01:55.577+0000] {logging_mixin.py:117} INFO - [2022-09-20T14:01:55.577+0000] {dag.py:3328} INFO - Setting next_dagrun for example_subdag_operator.section-1 to None, run_after=None
[2022-09-20T14:01:55.580+0000] {logging_mixin.py:117} INFO - [2022-09-20T14:01:55.580+0000] {dag.py:3328} INFO - Setting next_dagrun for example_subdag_operator.section-2 to None, run_after=None
[2022-09-20T14:04:39.903+0000] {processor.py:156} INFO - Started process (PID=253) to work on /home/airflow/.local/lib/python3.7/site-packages/airflow/example_dags/example_subdag_operator.py
[2022-09-20T14:04:40.156+0000] {processor.py:758} INFO - Processing file /home/airflow/.local/lib/python3.7/site-packages/airflow/example_dags/example_subdag_operator.py for tasks to queue
[2022-09-20T14:04:40.485+0000] {logging_mixin.py:117} INFO - [2022-09-20T14:04:40.484+0000] {dagbag.py:525} INFO - Filling up the DagBag from /home/airflow/.local/lib/python3.7/site-packages/airflow/example_dags/example_subdag_operator.py
[2022-09-20T14:04:40.594+0000] {processor.py:768} INFO - DAG(s) dict_keys(['example_subdag_operator.section-1', 'example_subdag_operator.section-2', 'example_subdag_operator']) retrieved from /home/airflow/.local/lib/python3.7/site-packages/airflow/example_dags/example_subdag_operator.py
[2022-09-20T14:04:40.898+0000] {logging_mixin.py:117} INFO - [2022-09-20T14:04:40.898+0000] {dag.py:2573} INFO - Sync 3 DAGs
[2022-09-20T14:04:40.931+0000] {logging_mixin.py:117} INFO - [2022-09-20T14:04:40.931+0000] {dag.py:3328} INFO - Setting next_dagrun for example_subdag_operator to 2022-01-01T00:00:00+00:00, run_after=2022-01-01T00:00:00+00:00
[2022-09-20T14:04:40.937+0000] {logging_mixin.py:117} INFO - [2022-09-20T14:04:40.937+0000] {dag.py:3328} INFO - Setting next_dagrun for example_subdag_operator.section-1 to None, run_after=None
[2022-09-20T14:04:40.939+0000] {logging_mixin.py:117} INFO - [2022-09-20T14:04:40.939+0000] {dag.py:3328} INFO - Setting next_dagrun for example_subdag_operator.section-2 to None, run_after=None
[2022-09-20T14:04:40.948+0000] {logging_mixin.py:117} INFO - [2022-09-20T14:04:40.948+0000] {dag.py:2573} INFO - Sync 2 DAGs
[2022-09-20T14:04:40.954+0000] {logging_mixin.py:117} INFO - [2022-09-20T14:04:40.954+0000] {dag.py:3328} INFO - Setting next_dagrun for example_subdag_operator.section-1 to None, run_after=None
[2022-09-20T14:04:40.955+0000] {logging_mixin.py:117} INFO - [2022-09-20T14:04:40.954+0000] {dag.py:3328} INFO - Setting next_dagrun for example_subdag_operator.section-2 to None, run_after=None
[2022-09-20T14:04:41.352+0000] {processor.py:178} INFO - Processing /home/airflow/.local/lib/python3.7/site-packages/airflow/example_dags/example_subdag_operator.py took 1.464 seconds
[2022-09-20T14:06:15.300+0000] {processor.py:156} INFO - Started process (PID=315) to work on /home/airflow/.local/lib/python3.7/site-packages/airflow/example_dags/example_subdag_operator.py
[2022-09-20T14:06:16.341+0000] {processor.py:758} INFO - Processing file /home/airflow/.local/lib/python3.7/site-packages/airflow/example_dags/example_subdag_operator.py for tasks to queue
[2022-09-20T14:06:16.342+0000] {logging_mixin.py:117} INFO - [2022-09-20T14:06:16.342+0000] {dagbag.py:525} INFO - Filling up the DagBag from /home/airflow/.local/lib/python3.7/site-packages/airflow/example_dags/example_subdag_operator.py
[2022-09-20T14:06:16.524+0000] {processor.py:768} INFO - DAG(s) dict_keys(['example_subdag_operator.section-1', 'example_subdag_operator.section-2', 'example_subdag_operator']) retrieved from /home/airflow/.local/lib/python3.7/site-packages/airflow/example_dags/example_subdag_operator.py
[2022-09-20T14:06:16.785+0000] {logging_mixin.py:117} INFO - [2022-09-20T14:06:16.785+0000] {dag.py:2573} INFO - Sync 3 DAGs
[2022-09-20T14:06:16.813+0000] {logging_mixin.py:117} INFO - [2022-09-20T14:06:16.813+0000] {dag.py:3328} INFO - Setting next_dagrun for example_subdag_operator to 2022-01-01T00:00:00+00:00, run_after=2022-01-01T00:00:00+00:00
[2022-09-20T14:06:16.818+0000] {logging_mixin.py:117} INFO - [2022-09-20T14:06:16.818+0000] {dag.py:3328} INFO - Setting next_dagrun for example_subdag_operator.section-1 to None, run_after=None
[2022-09-20T14:06:16.819+0000] {logging_mixin.py:117} INFO - [2022-09-20T14:06:16.819+0000] {dag.py:3328} INFO - Setting next_dagrun for example_subdag_operator.section-2 to None, run_after=None
[2022-09-20T14:06:16.829+0000] {logging_mixin.py:117} INFO - [2022-09-20T14:06:16.829+0000] {dag.py:2573} INFO - Sync 2 DAGs
[2022-09-20T14:06:16.837+0000] {logging_mixin.py:117} INFO - [2022-09-20T14:06:16.836+0000] {dag.py:3328} INFO - Setting next_dagrun for example_subdag_operator.section-1 to None, run_after=None
[2022-09-20T14:06:16.837+0000] {logging_mixin.py:117} INFO - [2022-09-20T14:06:16.837+0000] {dag.py:3328} INFO - Setting next_dagrun for example_subdag_operator.section-2 to None, run_after=None
[2022-09-20T14:06:17.693+0000] {processor.py:178} INFO - Processing /home/airflow/.local/lib/python3.7/site-packages/airflow/example_dags/example_subdag_operator.py took 2.398 seconds
[2022-09-20T14:07:28.357+0000] {processor.py:156} INFO - Started process (PID=386) to work on /home/airflow/.local/lib/python3.7/site-packages/airflow/example_dags/example_subdag_operator.py
[2022-09-20T14:07:28.664+0000] {processor.py:758} INFO - Processing file /home/airflow/.local/lib/python3.7/site-packages/airflow/example_dags/example_subdag_operator.py for tasks to queue
[2022-09-20T14:07:28.667+0000] {logging_mixin.py:117} INFO - [2022-09-20T14:07:28.666+0000] {dagbag.py:525} INFO - Filling up the DagBag from /home/airflow/.local/lib/python3.7/site-packages/airflow/example_dags/example_subdag_operator.py
[2022-09-20T14:07:28.742+0000] {processor.py:768} INFO - DAG(s) dict_keys(['example_subdag_operator.section-1', 'example_subdag_operator.section-2', 'example_subdag_operator']) retrieved from /home/airflow/.local/lib/python3.7/site-packages/airflow/example_dags/example_subdag_operator.py
[2022-09-20T14:07:28.958+0000] {logging_mixin.py:117} INFO - [2022-09-20T14:07:28.958+0000] {dag.py:2573} INFO - Sync 3 DAGs
[2022-09-20T14:07:28.983+0000] {logging_mixin.py:117} INFO - [2022-09-20T14:07:28.983+0000] {dag.py:3328} INFO - Setting next_dagrun for example_subdag_operator to 2022-01-01T00:00:00+00:00, run_after=2022-01-01T00:00:00+00:00
[2022-09-20T14:07:29.124+0000] {logging_mixin.py:117} INFO - [2022-09-20T14:07:29.124+0000] {dag.py:3328} INFO - Setting next_dagrun for example_subdag_operator.section-1 to None, run_after=None
[2022-09-20T14:07:29.127+0000] {logging_mixin.py:117} INFO - [2022-09-20T14:07:29.127+0000] {dag.py:3328} INFO - Setting next_dagrun for example_subdag_operator.section-2 to None, run_after=None
[2022-09-20T14:07:29.143+0000] {logging_mixin.py:117} INFO - [2022-09-20T14:07:29.143+0000] {dag.py:2573} INFO - Sync 2 DAGs
[2022-09-20T14:07:29.154+0000] {logging_mixin.py:117} INFO - [2022-09-20T14:07:29.154+0000] {dag.py:3328} INFO - Setting next_dagrun for example_subdag_operator.section-1 to None, run_after=None
[2022-09-20T14:07:29.154+0000] {logging_mixin.py:117} INFO - [2022-09-20T14:07:29.154+0000] {dag.py:3328} INFO - Setting next_dagrun for example_subdag_operator.section-2 to None, run_after=None
[2022-09-20T14:07:30.100+0000] {processor.py:178} INFO - Processing /home/airflow/.local/lib/python3.7/site-packages/airflow/example_dags/example_subdag_operator.py took 1.745 seconds
[2022-09-20T14:08:03.302+0000] {processor.py:156} INFO - Started process (PID=443) to work on /home/airflow/.local/lib/python3.7/site-packages/airflow/example_dags/example_subdag_operator.py
[2022-09-20T14:08:03.748+0000] {processor.py:758} INFO - Processing file /home/airflow/.local/lib/python3.7/site-packages/airflow/example_dags/example_subdag_operator.py for tasks to queue
[2022-09-20T14:08:03.749+0000] {logging_mixin.py:117} INFO - [2022-09-20T14:08:03.749+0000] {dagbag.py:525} INFO - Filling up the DagBag from /home/airflow/.local/lib/python3.7/site-packages/airflow/example_dags/example_subdag_operator.py
[2022-09-20T14:08:03.826+0000] {processor.py:768} INFO - DAG(s) dict_keys(['example_subdag_operator.section-1', 'example_subdag_operator.section-2', 'example_subdag_operator']) retrieved from /home/airflow/.local/lib/python3.7/site-packages/airflow/example_dags/example_subdag_operator.py
[2022-09-20T14:08:04.341+0000] {logging_mixin.py:117} INFO - [2022-09-20T14:08:04.340+0000] {dag.py:2573} INFO - Sync 3 DAGs
[2022-09-20T14:08:04.400+0000] {logging_mixin.py:117} INFO - [2022-09-20T14:08:04.399+0000] {dag.py:3328} INFO - Setting next_dagrun for example_subdag_operator to 2022-01-01T00:00:00+00:00, run_after=2022-01-01T00:00:00+00:00
[2022-09-20T14:08:04.406+0000] {logging_mixin.py:117} INFO - [2022-09-20T14:08:04.406+0000] {dag.py:3328} INFO - Setting next_dagrun for example_subdag_operator.section-1 to None, run_after=None
[2022-09-20T14:08:04.408+0000] {logging_mixin.py:117} INFO - [2022-09-20T14:08:04.408+0000] {dag.py:3328} INFO - Setting next_dagrun for example_subdag_operator.section-2 to None, run_after=None
[2022-09-20T14:08:04.423+0000] {logging_mixin.py:117} INFO - [2022-09-20T14:08:04.422+0000] {dag.py:2573} INFO - Sync 2 DAGs
[2022-09-20T14:08:04.434+0000] {logging_mixin.py:117} INFO - [2022-09-20T14:08:04.433+0000] {dag.py:3328} INFO - Setting next_dagrun for example_subdag_operator.section-1 to None, run_after=None
[2022-09-20T14:08:04.434+0000] {logging_mixin.py:117} INFO - [2022-09-20T14:08:04.434+0000] {dag.py:3328} INFO - Setting next_dagrun for example_subdag_operator.section-2 to None, run_after=None
[2022-09-20T14:08:05.140+0000] {processor.py:178} INFO - Processing /home/airflow/.local/lib/python3.7/site-packages/airflow/example_dags/example_subdag_operator.py took 1.842 seconds
[2022-09-20T14:08:59.468+0000] {processor.py:156} INFO - Started process (PID=495) to work on /home/airflow/.local/lib/python3.7/site-packages/airflow/example_dags/example_subdag_operator.py
[2022-09-20T14:08:59.695+0000] {processor.py:758} INFO - Processing file /home/airflow/.local/lib/python3.7/site-packages/airflow/example_dags/example_subdag_operator.py for tasks to queue
[2022-09-20T14:08:59.698+0000] {logging_mixin.py:117} INFO - [2022-09-20T14:08:59.698+0000] {dagbag.py:525} INFO - Filling up the DagBag from /home/airflow/.local/lib/python3.7/site-packages/airflow/example_dags/example_subdag_operator.py
[2022-09-20T14:08:59.762+0000] {processor.py:768} INFO - DAG(s) dict_keys(['example_subdag_operator.section-1', 'example_subdag_operator.section-2', 'example_subdag_operator']) retrieved from /home/airflow/.local/lib/python3.7/site-packages/airflow/example_dags/example_subdag_operator.py
[2022-09-20T14:08:59.967+0000] {logging_mixin.py:117} INFO - [2022-09-20T14:08:59.967+0000] {dag.py:2573} INFO - Sync 3 DAGs
[2022-09-20T14:08:59.990+0000] {logging_mixin.py:117} INFO - [2022-09-20T14:08:59.989+0000] {dag.py:3328} INFO - Setting next_dagrun for example_subdag_operator to 2022-01-01T00:00:00+00:00, run_after=2022-01-01T00:00:00+00:00
[2022-09-20T14:08:59.992+0000] {logging_mixin.py:117} INFO - [2022-09-20T14:08:59.992+0000] {dag.py:3328} INFO - Setting next_dagrun for example_subdag_operator.section-1 to None, run_after=None
[2022-09-20T14:08:59.993+0000] {logging_mixin.py:117} INFO - [2022-09-20T14:08:59.993+0000] {dag.py:3328} INFO - Setting next_dagrun for example_subdag_operator.section-2 to None, run_after=None
[2022-09-20T14:09:00.000+0000] {logging_mixin.py:117} INFO - [2022-09-20T14:08:59.999+0000] {dag.py:2573} INFO - Sync 2 DAGs
[2022-09-20T14:09:00.005+0000] {logging_mixin.py:117} INFO - [2022-09-20T14:09:00.005+0000] {dag.py:3328} INFO - Setting next_dagrun for example_subdag_operator.section-1 to None, run_after=None
[2022-09-20T14:09:00.005+0000] {logging_mixin.py:117} INFO - [2022-09-20T14:09:00.005+0000] {dag.py:3328} INFO - Setting next_dagrun for example_subdag_operator.section-2 to None, run_after=None
[2022-09-20T14:09:01.739+0000] {processor.py:178} INFO - Processing /home/airflow/.local/lib/python3.7/site-packages/airflow/example_dags/example_subdag_operator.py took 2.277 seconds
[2022-09-20T14:11:22.738+0000] {processor.py:156} INFO - Started process (PID=555) to work on /home/airflow/.local/lib/python3.7/site-packages/airflow/example_dags/example_subdag_operator.py
[2022-09-20T14:11:23.300+0000] {processor.py:758} INFO - Processing file /home/airflow/.local/lib/python3.7/site-packages/airflow/example_dags/example_subdag_operator.py for tasks to queue
[2022-09-20T14:11:23.303+0000] {logging_mixin.py:117} INFO - [2022-09-20T14:11:23.303+0000] {dagbag.py:525} INFO - Filling up the DagBag from /home/airflow/.local/lib/python3.7/site-packages/airflow/example_dags/example_subdag_operator.py
[2022-09-20T14:11:23.385+0000] {processor.py:768} INFO - DAG(s) dict_keys(['example_subdag_operator.section-1', 'example_subdag_operator.section-2', 'example_subdag_operator']) retrieved from /home/airflow/.local/lib/python3.7/site-packages/airflow/example_dags/example_subdag_operator.py
[2022-09-20T14:11:23.590+0000] {logging_mixin.py:117} INFO - [2022-09-20T14:11:23.590+0000] {dag.py:2573} INFO - Sync 3 DAGs
[2022-09-20T14:11:23.614+0000] {logging_mixin.py:117} INFO - [2022-09-20T14:11:23.614+0000] {dag.py:3328} INFO - Setting next_dagrun for example_subdag_operator to 2022-01-01T00:00:00+00:00, run_after=2022-01-01T00:00:00+00:00
[2022-09-20T14:11:23.617+0000] {logging_mixin.py:117} INFO - [2022-09-20T14:11:23.617+0000] {dag.py:3328} INFO - Setting next_dagrun for example_subdag_operator.section-1 to None, run_after=None
[2022-09-20T14:11:23.619+0000] {logging_mixin.py:117} INFO - [2022-09-20T14:11:23.618+0000] {dag.py:3328} INFO - Setting next_dagrun for example_subdag_operator.section-2 to None, run_after=None
[2022-09-20T14:11:23.625+0000] {logging_mixin.py:117} INFO - [2022-09-20T14:11:23.625+0000] {dag.py:2573} INFO - Sync 2 DAGs
[2022-09-20T14:11:23.630+0000] {logging_mixin.py:117} INFO - [2022-09-20T14:11:23.630+0000] {dag.py:3328} INFO - Setting next_dagrun for example_subdag_operator.section-1 to None, run_after=None
[2022-09-20T14:11:23.631+0000] {logging_mixin.py:117} INFO - [2022-09-20T14:11:23.631+0000] {dag.py:3328} INFO - Setting next_dagrun for example_subdag_operator.section-2 to None, run_after=None
[2022-09-20T14:11:24.142+0000] {processor.py:178} INFO - Processing /home/airflow/.local/lib/python3.7/site-packages/airflow/example_dags/example_subdag_operator.py took 1.411 seconds
[2022-09-20T14:12:31.875+0000] {processor.py:156} INFO - Started process (PID=614) to work on /home/airflow/.local/lib/python3.7/site-packages/airflow/example_dags/example_subdag_operator.py
[2022-09-20T14:12:32.057+0000] {processor.py:758} INFO - Processing file /home/airflow/.local/lib/python3.7/site-packages/airflow/example_dags/example_subdag_operator.py for tasks to queue
[2022-09-20T14:12:32.058+0000] {logging_mixin.py:117} INFO - [2022-09-20T14:12:32.058+0000] {dagbag.py:525} INFO - Filling up the DagBag from /home/airflow/.local/lib/python3.7/site-packages/airflow/example_dags/example_subdag_operator.py
[2022-09-20T14:12:32.138+0000] {processor.py:768} INFO - DAG(s) dict_keys(['example_subdag_operator.section-1', 'example_subdag_operator.section-2', 'example_subdag_operator']) retrieved from /home/airflow/.local/lib/python3.7/site-packages/airflow/example_dags/example_subdag_operator.py
[2022-09-20T14:12:32.344+0000] {logging_mixin.py:117} INFO - [2022-09-20T14:12:32.344+0000] {dag.py:2573} INFO - Sync 3 DAGs
[2022-09-20T14:12:32.367+0000] {logging_mixin.py:117} INFO - [2022-09-20T14:12:32.366+0000] {dag.py:3328} INFO - Setting next_dagrun for example_subdag_operator to 2022-01-01T00:00:00+00:00, run_after=2022-01-01T00:00:00+00:00
[2022-09-20T14:12:32.370+0000] {logging_mixin.py:117} INFO - [2022-09-20T14:12:32.369+0000] {dag.py:3328} INFO - Setting next_dagrun for example_subdag_operator.section-1 to None, run_after=None
[2022-09-20T14:12:32.371+0000] {logging_mixin.py:117} INFO - [2022-09-20T14:12:32.370+0000] {dag.py:3328} INFO - Setting next_dagrun for example_subdag_operator.section-2 to None, run_after=None
[2022-09-20T14:12:32.377+0000] {logging_mixin.py:117} INFO - [2022-09-20T14:12:32.377+0000] {dag.py:2573} INFO - Sync 2 DAGs
[2022-09-20T14:12:32.382+0000] {logging_mixin.py:117} INFO - [2022-09-20T14:12:32.382+0000] {dag.py:3328} INFO - Setting next_dagrun for example_subdag_operator.section-1 to None, run_after=None
[2022-09-20T14:12:32.382+0000] {logging_mixin.py:117} INFO - [2022-09-20T14:12:32.382+0000] {dag.py:3328} INFO - Setting next_dagrun for example_subdag_operator.section-2 to None, run_after=None
[2022-09-20T14:12:35.240+0000] {processor.py:178} INFO - Processing /home/airflow/.local/lib/python3.7/site-packages/airflow/example_dags/example_subdag_operator.py took 3.368 seconds
[2022-09-20T14:14:17.405+0000] {processor.py:156} INFO - Started process (PID=674) to work on /home/airflow/.local/lib/python3.7/site-packages/airflow/example_dags/example_subdag_operator.py
[2022-09-20T14:14:17.528+0000] {processor.py:758} INFO - Processing file /home/airflow/.local/lib/python3.7/site-packages/airflow/example_dags/example_subdag_operator.py for tasks to queue
[2022-09-20T14:14:17.528+0000] {logging_mixin.py:117} INFO - [2022-09-20T14:14:17.528+0000] {dagbag.py:525} INFO - Filling up the DagBag from /home/airflow/.local/lib/python3.7/site-packages/airflow/example_dags/example_subdag_operator.py
[2022-09-20T14:14:17.569+0000] {processor.py:768} INFO - DAG(s) dict_keys(['example_subdag_operator.section-1', 'example_subdag_operator.section-2', 'example_subdag_operator']) retrieved from /home/airflow/.local/lib/python3.7/site-packages/airflow/example_dags/example_subdag_operator.py
[2022-09-20T14:14:17.831+0000] {logging_mixin.py:117} INFO - [2022-09-20T14:14:17.831+0000] {dag.py:2573} INFO - Sync 3 DAGs
[2022-09-20T14:14:17.859+0000] {logging_mixin.py:117} INFO - [2022-09-20T14:14:17.859+0000] {dag.py:3328} INFO - Setting next_dagrun for example_subdag_operator to 2022-01-01T00:00:00+00:00, run_after=2022-01-01T00:00:00+00:00
[2022-09-20T14:14:17.863+0000] {logging_mixin.py:117} INFO - [2022-09-20T14:14:17.863+0000] {dag.py:3328} INFO - Setting next_dagrun for example_subdag_operator.section-1 to None, run_after=None
[2022-09-20T14:14:17.864+0000] {logging_mixin.py:117} INFO - [2022-09-20T14:14:17.864+0000] {dag.py:3328} INFO - Setting next_dagrun for example_subdag_operator.section-2 to None, run_after=None
[2022-09-20T14:14:17.874+0000] {logging_mixin.py:117} INFO - [2022-09-20T14:14:17.874+0000] {dag.py:2573} INFO - Sync 2 DAGs
[2022-09-20T14:14:17.882+0000] {logging_mixin.py:117} INFO - [2022-09-20T14:14:17.881+0000] {dag.py:3328} INFO - Setting next_dagrun for example_subdag_operator.section-1 to None, run_after=None
[2022-09-20T14:14:17.882+0000] {logging_mixin.py:117} INFO - [2022-09-20T14:14:17.882+0000] {dag.py:3328} INFO - Setting next_dagrun for example_subdag_operator.section-2 to None, run_after=None
[2022-09-20T14:14:18.585+0000] {processor.py:178} INFO - Processing /home/airflow/.local/lib/python3.7/site-packages/airflow/example_dags/example_subdag_operator.py took 1.185 seconds
[2022-09-20T14:15:02.036+0000] {processor.py:156} INFO - Started process (PID=720) to work on /home/airflow/.local/lib/python3.7/site-packages/airflow/example_dags/example_subdag_operator.py
[2022-09-20T14:15:02.133+0000] {processor.py:758} INFO - Processing file /home/airflow/.local/lib/python3.7/site-packages/airflow/example_dags/example_subdag_operator.py for tasks to queue
[2022-09-20T14:15:02.135+0000] {logging_mixin.py:117} INFO - [2022-09-20T14:15:02.134+0000] {dagbag.py:525} INFO - Filling up the DagBag from /home/airflow/.local/lib/python3.7/site-packages/airflow/example_dags/example_subdag_operator.py
[2022-09-20T14:15:02.187+0000] {processor.py:768} INFO - DAG(s) dict_keys(['example_subdag_operator.section-1', 'example_subdag_operator.section-2', 'example_subdag_operator']) retrieved from /home/airflow/.local/lib/python3.7/site-packages/airflow/example_dags/example_subdag_operator.py
[2022-09-20T14:15:02.398+0000] {logging_mixin.py:117} INFO - [2022-09-20T14:15:02.398+0000] {dag.py:2573} INFO - Sync 3 DAGs
[2022-09-20T14:15:02.421+0000] {logging_mixin.py:117} INFO - [2022-09-20T14:15:02.421+0000] {dag.py:3328} INFO - Setting next_dagrun for example_subdag_operator to 2022-01-01T00:00:00+00:00, run_after=2022-01-01T00:00:00+00:00
[2022-09-20T14:15:02.424+0000] {logging_mixin.py:117} INFO - [2022-09-20T14:15:02.424+0000] {dag.py:3328} INFO - Setting next_dagrun for example_subdag_operator.section-1 to None, run_after=None
[2022-09-20T14:15:02.425+0000] {logging_mixin.py:117} INFO - [2022-09-20T14:15:02.425+0000] {dag.py:3328} INFO - Setting next_dagrun for example_subdag_operator.section-2 to None, run_after=None
[2022-09-20T14:15:02.431+0000] {logging_mixin.py:117} INFO - [2022-09-20T14:15:02.431+0000] {dag.py:2573} INFO - Sync 2 DAGs
[2022-09-20T14:15:02.436+0000] {logging_mixin.py:117} INFO - [2022-09-20T14:15:02.436+0000] {dag.py:3328} INFO - Setting next_dagrun for example_subdag_operator.section-1 to None, run_after=None
[2022-09-20T14:15:02.436+0000] {logging_mixin.py:117} INFO - [2022-09-20T14:15:02.436+0000] {dag.py:3328} INFO - Setting next_dagrun for example_subdag_operator.section-2 to None, run_after=None
[2022-09-20T14:15:02.759+0000] {processor.py:178} INFO - Processing /home/airflow/.local/lib/python3.7/site-packages/airflow/example_dags/example_subdag_operator.py took 0.728 seconds
[2022-09-20T14:16:25.718+0000] {processor.py:156} INFO - Started process (PID=786) to work on /home/airflow/.local/lib/python3.7/site-packages/airflow/example_dags/example_subdag_operator.py
[2022-09-20T14:16:25.942+0000] {processor.py:758} INFO - Processing file /home/airflow/.local/lib/python3.7/site-packages/airflow/example_dags/example_subdag_operator.py for tasks to queue
[2022-09-20T14:16:25.945+0000] {logging_mixin.py:117} INFO - [2022-09-20T14:16:25.945+0000] {dagbag.py:525} INFO - Filling up the DagBag from /home/airflow/.local/lib/python3.7/site-packages/airflow/example_dags/example_subdag_operator.py
[2022-09-20T14:16:26.002+0000] {processor.py:768} INFO - DAG(s) dict_keys(['example_subdag_operator.section-1', 'example_subdag_operator.section-2', 'example_subdag_operator']) retrieved from /home/airflow/.local/lib/python3.7/site-packages/airflow/example_dags/example_subdag_operator.py
[2022-09-20T14:16:26.212+0000] {logging_mixin.py:117} INFO - [2022-09-20T14:16:26.212+0000] {dag.py:2573} INFO - Sync 3 DAGs
[2022-09-20T14:16:26.235+0000] {logging_mixin.py:117} INFO - [2022-09-20T14:16:26.235+0000] {dag.py:3328} INFO - Setting next_dagrun for example_subdag_operator to 2022-01-01T00:00:00+00:00, run_after=2022-01-01T00:00:00+00:00
[2022-09-20T14:16:26.238+0000] {logging_mixin.py:117} INFO - [2022-09-20T14:16:26.238+0000] {dag.py:3328} INFO - Setting next_dagrun for example_subdag_operator.section-1 to None, run_after=None
[2022-09-20T14:16:26.239+0000] {logging_mixin.py:117} INFO - [2022-09-20T14:16:26.239+0000] {dag.py:3328} INFO - Setting next_dagrun for example_subdag_operator.section-2 to None, run_after=None
[2022-09-20T14:16:26.245+0000] {logging_mixin.py:117} INFO - [2022-09-20T14:16:26.245+0000] {dag.py:2573} INFO - Sync 2 DAGs
[2022-09-20T14:16:26.251+0000] {logging_mixin.py:117} INFO - [2022-09-20T14:16:26.250+0000] {dag.py:3328} INFO - Setting next_dagrun for example_subdag_operator.section-1 to None, run_after=None
[2022-09-20T14:16:26.251+0000] {logging_mixin.py:117} INFO - [2022-09-20T14:16:26.251+0000] {dag.py:3328} INFO - Setting next_dagrun for example_subdag_operator.section-2 to None, run_after=None
[2022-09-20T14:16:27.013+0000] {processor.py:178} INFO - Processing /home/airflow/.local/lib/python3.7/site-packages/airflow/example_dags/example_subdag_operator.py took 1.298 seconds
[2022-09-20T14:18:01.008+0000] {processor.py:156} INFO - Started process (PID=873) to work on /home/airflow/.local/lib/python3.7/site-packages/airflow/example_dags/example_subdag_operator.py
[2022-09-20T14:18:01.181+0000] {processor.py:758} INFO - Processing file /home/airflow/.local/lib/python3.7/site-packages/airflow/example_dags/example_subdag_operator.py for tasks to queue
[2022-09-20T14:18:01.183+0000] {logging_mixin.py:117} INFO - [2022-09-20T14:18:01.183+0000] {dagbag.py:525} INFO - Filling up the DagBag from /home/airflow/.local/lib/python3.7/site-packages/airflow/example_dags/example_subdag_operator.py
[2022-09-20T14:18:01.237+0000] {processor.py:768} INFO - DAG(s) dict_keys(['example_subdag_operator.section-1', 'example_subdag_operator.section-2', 'example_subdag_operator']) retrieved from /home/airflow/.local/lib/python3.7/site-packages/airflow/example_dags/example_subdag_operator.py
[2022-09-20T14:18:01.445+0000] {logging_mixin.py:117} INFO - [2022-09-20T14:18:01.444+0000] {dag.py:2573} INFO - Sync 3 DAGs
[2022-09-20T14:18:01.468+0000] {logging_mixin.py:117} INFO - [2022-09-20T14:18:01.468+0000] {dag.py:3328} INFO - Setting next_dagrun for example_subdag_operator to 2022-01-01T00:00:00+00:00, run_after=2022-01-01T00:00:00+00:00
[2022-09-20T14:18:01.471+0000] {logging_mixin.py:117} INFO - [2022-09-20T14:18:01.471+0000] {dag.py:3328} INFO - Setting next_dagrun for example_subdag_operator.section-1 to None, run_after=None
[2022-09-20T14:18:01.472+0000] {logging_mixin.py:117} INFO - [2022-09-20T14:18:01.472+0000] {dag.py:3328} INFO - Setting next_dagrun for example_subdag_operator.section-2 to None, run_after=None
[2022-09-20T14:18:01.479+0000] {logging_mixin.py:117} INFO - [2022-09-20T14:18:01.478+0000] {dag.py:2573} INFO - Sync 2 DAGs
[2022-09-20T14:18:01.484+0000] {logging_mixin.py:117} INFO - [2022-09-20T14:18:01.484+0000] {dag.py:3328} INFO - Setting next_dagrun for example_subdag_operator.section-1 to None, run_after=None
[2022-09-20T14:18:01.485+0000] {logging_mixin.py:117} INFO - [2022-09-20T14:18:01.485+0000] {dag.py:3328} INFO - Setting next_dagrun for example_subdag_operator.section-2 to None, run_after=None
[2022-09-20T14:18:01.753+0000] {processor.py:178} INFO - Processing /home/airflow/.local/lib/python3.7/site-packages/airflow/example_dags/example_subdag_operator.py took 0.748 seconds
[2022-09-20T14:19:13.059+0000] {processor.py:156} INFO - Started process (PID=920) to work on /home/airflow/.local/lib/python3.7/site-packages/airflow/example_dags/example_subdag_operator.py
[2022-09-20T14:19:13.250+0000] {processor.py:758} INFO - Processing file /home/airflow/.local/lib/python3.7/site-packages/airflow/example_dags/example_subdag_operator.py for tasks to queue
[2022-09-20T14:19:13.524+0000] {logging_mixin.py:117} INFO - [2022-09-20T14:19:13.523+0000] {dagbag.py:525} INFO - Filling up the DagBag from /home/airflow/.local/lib/python3.7/site-packages/airflow/example_dags/example_subdag_operator.py
[2022-09-20T14:19:13.574+0000] {processor.py:768} INFO - DAG(s) dict_keys(['example_subdag_operator.section-1', 'example_subdag_operator.section-2', 'example_subdag_operator']) retrieved from /home/airflow/.local/lib/python3.7/site-packages/airflow/example_dags/example_subdag_operator.py
[2022-09-20T14:19:13.777+0000] {logging_mixin.py:117} INFO - [2022-09-20T14:19:13.777+0000] {dag.py:2573} INFO - Sync 3 DAGs
[2022-09-20T14:19:13.800+0000] {logging_mixin.py:117} INFO - [2022-09-20T14:19:13.799+0000] {dag.py:3328} INFO - Setting next_dagrun for example_subdag_operator to 2022-01-01T00:00:00+00:00, run_after=2022-01-01T00:00:00+00:00
[2022-09-20T14:19:13.803+0000] {logging_mixin.py:117} INFO - [2022-09-20T14:19:13.803+0000] {dag.py:3328} INFO - Setting next_dagrun for example_subdag_operator.section-1 to None, run_after=None
[2022-09-20T14:19:13.804+0000] {logging_mixin.py:117} INFO - [2022-09-20T14:19:13.804+0000] {dag.py:3328} INFO - Setting next_dagrun for example_subdag_operator.section-2 to None, run_after=None
[2022-09-20T14:19:13.811+0000] {logging_mixin.py:117} INFO - [2022-09-20T14:19:13.811+0000] {dag.py:2573} INFO - Sync 2 DAGs
[2022-09-20T14:19:13.816+0000] {logging_mixin.py:117} INFO - [2022-09-20T14:19:13.816+0000] {dag.py:3328} INFO - Setting next_dagrun for example_subdag_operator.section-1 to None, run_after=None
[2022-09-20T14:19:13.816+0000] {logging_mixin.py:117} INFO - [2022-09-20T14:19:13.816+0000] {dag.py:3328} INFO - Setting next_dagrun for example_subdag_operator.section-2 to None, run_after=None
[2022-09-20T14:19:14.544+0000] {processor.py:178} INFO - Processing /home/airflow/.local/lib/python3.7/site-packages/airflow/example_dags/example_subdag_operator.py took 1.489 seconds
[2022-09-20T14:21:37.966+0000] {processor.py:156} INFO - Started process (PID=977) to work on /home/airflow/.local/lib/python3.7/site-packages/airflow/example_dags/example_subdag_operator.py
[2022-09-20T14:21:38.205+0000] {processor.py:758} INFO - Processing file /home/airflow/.local/lib/python3.7/site-packages/airflow/example_dags/example_subdag_operator.py for tasks to queue
[2022-09-20T14:21:38.206+0000] {logging_mixin.py:117} INFO - [2022-09-20T14:21:38.206+0000] {dagbag.py:525} INFO - Filling up the DagBag from /home/airflow/.local/lib/python3.7/site-packages/airflow/example_dags/example_subdag_operator.py
[2022-09-20T14:21:38.285+0000] {processor.py:768} INFO - DAG(s) dict_keys(['example_subdag_operator.section-1', 'example_subdag_operator.section-2', 'example_subdag_operator']) retrieved from /home/airflow/.local/lib/python3.7/site-packages/airflow/example_dags/example_subdag_operator.py
[2022-09-20T14:21:38.490+0000] {logging_mixin.py:117} INFO - [2022-09-20T14:21:38.490+0000] {dag.py:2573} INFO - Sync 3 DAGs
[2022-09-20T14:21:38.513+0000] {logging_mixin.py:117} INFO - [2022-09-20T14:21:38.513+0000] {dag.py:3328} INFO - Setting next_dagrun for example_subdag_operator to 2022-01-01T00:00:00+00:00, run_after=2022-01-01T00:00:00+00:00
[2022-09-20T14:21:38.516+0000] {logging_mixin.py:117} INFO - [2022-09-20T14:21:38.516+0000] {dag.py:3328} INFO - Setting next_dagrun for example_subdag_operator.section-1 to None, run_after=None
[2022-09-20T14:21:38.517+0000] {logging_mixin.py:117} INFO - [2022-09-20T14:21:38.517+0000] {dag.py:3328} INFO - Setting next_dagrun for example_subdag_operator.section-2 to None, run_after=None
[2022-09-20T14:21:38.525+0000] {logging_mixin.py:117} INFO - [2022-09-20T14:21:38.525+0000] {dag.py:2573} INFO - Sync 2 DAGs
[2022-09-20T14:21:38.530+0000] {logging_mixin.py:117} INFO - [2022-09-20T14:21:38.530+0000] {dag.py:3328} INFO - Setting next_dagrun for example_subdag_operator.section-1 to None, run_after=None
[2022-09-20T14:21:38.531+0000] {logging_mixin.py:117} INFO - [2022-09-20T14:21:38.530+0000] {dag.py:3328} INFO - Setting next_dagrun for example_subdag_operator.section-2 to None, run_after=None
[2022-09-20T14:21:39.568+0000] {processor.py:178} INFO - Processing /home/airflow/.local/lib/python3.7/site-packages/airflow/example_dags/example_subdag_operator.py took 1.616 seconds
[2022-09-20T14:24:56.474+0000] {processor.py:156} INFO - Started process (PID=1056) to work on /home/airflow/.local/lib/python3.7/site-packages/airflow/example_dags/example_subdag_operator.py
[2022-09-20T14:24:56.665+0000] {processor.py:758} INFO - Processing file /home/airflow/.local/lib/python3.7/site-packages/airflow/example_dags/example_subdag_operator.py for tasks to queue
[2022-09-20T14:24:56.858+0000] {logging_mixin.py:117} INFO - [2022-09-20T14:24:56.858+0000] {dagbag.py:525} INFO - Filling up the DagBag from /home/airflow/.local/lib/python3.7/site-packages/airflow/example_dags/example_subdag_operator.py
[2022-09-20T14:24:56.898+0000] {processor.py:768} INFO - DAG(s) dict_keys(['example_subdag_operator.section-1', 'example_subdag_operator.section-2', 'example_subdag_operator']) retrieved from /home/airflow/.local/lib/python3.7/site-packages/airflow/example_dags/example_subdag_operator.py
[2022-09-20T14:24:57.111+0000] {logging_mixin.py:117} INFO - [2022-09-20T14:24:57.111+0000] {dag.py:2573} INFO - Sync 3 DAGs
[2022-09-20T14:24:57.136+0000] {logging_mixin.py:117} INFO - [2022-09-20T14:24:57.135+0000] {dag.py:3328} INFO - Setting next_dagrun for example_subdag_operator to 2022-01-01T00:00:00+00:00, run_after=2022-01-01T00:00:00+00:00
[2022-09-20T14:24:57.139+0000] {logging_mixin.py:117} INFO - [2022-09-20T14:24:57.139+0000] {dag.py:3328} INFO - Setting next_dagrun for example_subdag_operator.section-1 to None, run_after=None
[2022-09-20T14:24:57.140+0000] {logging_mixin.py:117} INFO - [2022-09-20T14:24:57.140+0000] {dag.py:3328} INFO - Setting next_dagrun for example_subdag_operator.section-2 to None, run_after=None
[2022-09-20T14:24:57.146+0000] {logging_mixin.py:117} INFO - [2022-09-20T14:24:57.146+0000] {dag.py:2573} INFO - Sync 2 DAGs
[2022-09-20T14:24:57.151+0000] {logging_mixin.py:117} INFO - [2022-09-20T14:24:57.151+0000] {dag.py:3328} INFO - Setting next_dagrun for example_subdag_operator.section-1 to None, run_after=None
[2022-09-20T14:24:57.152+0000] {logging_mixin.py:117} INFO - [2022-09-20T14:24:57.152+0000] {dag.py:3328} INFO - Setting next_dagrun for example_subdag_operator.section-2 to None, run_after=None
[2022-09-20T14:25:00.132+0000] {processor.py:178} INFO - Processing /home/airflow/.local/lib/python3.7/site-packages/airflow/example_dags/example_subdag_operator.py took 3.661 seconds
[2022-09-20T14:25:32.618+0000] {processor.py:156} INFO - Started process (PID=1111) to work on /home/airflow/.local/lib/python3.7/site-packages/airflow/example_dags/example_subdag_operator.py
[2022-09-20T14:25:32.795+0000] {processor.py:758} INFO - Processing file /home/airflow/.local/lib/python3.7/site-packages/airflow/example_dags/example_subdag_operator.py for tasks to queue
[2022-09-20T14:25:32.798+0000] {logging_mixin.py:117} INFO - [2022-09-20T14:25:32.797+0000] {dagbag.py:525} INFO - Filling up the DagBag from /home/airflow/.local/lib/python3.7/site-packages/airflow/example_dags/example_subdag_operator.py
[2022-09-20T14:25:32.859+0000] {processor.py:768} INFO - DAG(s) dict_keys(['example_subdag_operator.section-1', 'example_subdag_operator.section-2', 'example_subdag_operator']) retrieved from /home/airflow/.local/lib/python3.7/site-packages/airflow/example_dags/example_subdag_operator.py
[2022-09-20T14:25:33.062+0000] {logging_mixin.py:117} INFO - [2022-09-20T14:25:33.062+0000] {dag.py:2573} INFO - Sync 3 DAGs
[2022-09-20T14:25:33.086+0000] {logging_mixin.py:117} INFO - [2022-09-20T14:25:33.086+0000] {dag.py:3328} INFO - Setting next_dagrun for example_subdag_operator to 2022-01-01T00:00:00+00:00, run_after=2022-01-01T00:00:00+00:00
[2022-09-20T14:25:33.089+0000] {logging_mixin.py:117} INFO - [2022-09-20T14:25:33.089+0000] {dag.py:3328} INFO - Setting next_dagrun for example_subdag_operator.section-1 to None, run_after=None
[2022-09-20T14:25:33.090+0000] {logging_mixin.py:117} INFO - [2022-09-20T14:25:33.090+0000] {dag.py:3328} INFO - Setting next_dagrun for example_subdag_operator.section-2 to None, run_after=None
[2022-09-20T14:25:33.096+0000] {logging_mixin.py:117} INFO - [2022-09-20T14:25:33.096+0000] {dag.py:2573} INFO - Sync 2 DAGs
[2022-09-20T14:25:33.102+0000] {logging_mixin.py:117} INFO - [2022-09-20T14:25:33.102+0000] {dag.py:3328} INFO - Setting next_dagrun for example_subdag_operator.section-1 to None, run_after=None
[2022-09-20T14:25:33.102+0000] {logging_mixin.py:117} INFO - [2022-09-20T14:25:33.102+0000] {dag.py:3328} INFO - Setting next_dagrun for example_subdag_operator.section-2 to None, run_after=None
[2022-09-20T14:25:33.533+0000] {processor.py:178} INFO - Processing /home/airflow/.local/lib/python3.7/site-packages/airflow/example_dags/example_subdag_operator.py took 0.918 seconds
[2022-09-20T14:28:34.333+0000] {processor.py:156} INFO - Started process (PID=1186) to work on /home/airflow/.local/lib/python3.7/site-packages/airflow/example_dags/example_subdag_operator.py
[2022-09-20T14:28:34.477+0000] {processor.py:758} INFO - Processing file /home/airflow/.local/lib/python3.7/site-packages/airflow/example_dags/example_subdag_operator.py for tasks to queue
[2022-09-20T14:28:34.479+0000] {logging_mixin.py:117} INFO - [2022-09-20T14:28:34.479+0000] {dagbag.py:525} INFO - Filling up the DagBag from /home/airflow/.local/lib/python3.7/site-packages/airflow/example_dags/example_subdag_operator.py
[2022-09-20T14:28:34.548+0000] {processor.py:768} INFO - DAG(s) dict_keys(['example_subdag_operator.section-1', 'example_subdag_operator.section-2', 'example_subdag_operator']) retrieved from /home/airflow/.local/lib/python3.7/site-packages/airflow/example_dags/example_subdag_operator.py
[2022-09-20T14:28:34.763+0000] {logging_mixin.py:117} INFO - [2022-09-20T14:28:34.763+0000] {dag.py:2573} INFO - Sync 3 DAGs
[2022-09-20T14:28:34.786+0000] {logging_mixin.py:117} INFO - [2022-09-20T14:28:34.786+0000] {dag.py:3328} INFO - Setting next_dagrun for example_subdag_operator to 2022-01-01T00:00:00+00:00, run_after=2022-01-01T00:00:00+00:00
[2022-09-20T14:28:34.790+0000] {logging_mixin.py:117} INFO - [2022-09-20T14:28:34.789+0000] {dag.py:3328} INFO - Setting next_dagrun for example_subdag_operator.section-1 to None, run_after=None
[2022-09-20T14:28:34.791+0000] {logging_mixin.py:117} INFO - [2022-09-20T14:28:34.790+0000] {dag.py:3328} INFO - Setting next_dagrun for example_subdag_operator.section-2 to None, run_after=None
[2022-09-20T14:28:34.797+0000] {logging_mixin.py:117} INFO - [2022-09-20T14:28:34.797+0000] {dag.py:2573} INFO - Sync 2 DAGs
[2022-09-20T14:28:34.802+0000] {logging_mixin.py:117} INFO - [2022-09-20T14:28:34.802+0000] {dag.py:3328} INFO - Setting next_dagrun for example_subdag_operator.section-1 to None, run_after=None
[2022-09-20T14:28:34.803+0000] {logging_mixin.py:117} INFO - [2022-09-20T14:28:34.803+0000] {dag.py:3328} INFO - Setting next_dagrun for example_subdag_operator.section-2 to None, run_after=None
[2022-09-20T14:31:46.903+0000] {processor.py:156} INFO - Started process (PID=1232) to work on /home/airflow/.local/lib/python3.7/site-packages/airflow/example_dags/example_subdag_operator.py
[2022-09-20T14:31:47.350+0000] {processor.py:758} INFO - Processing file /home/airflow/.local/lib/python3.7/site-packages/airflow/example_dags/example_subdag_operator.py for tasks to queue
[2022-09-20T14:31:47.351+0000] {logging_mixin.py:117} INFO - [2022-09-20T14:31:47.351+0000] {dagbag.py:525} INFO - Filling up the DagBag from /home/airflow/.local/lib/python3.7/site-packages/airflow/example_dags/example_subdag_operator.py
[2022-09-20T14:31:47.385+0000] {processor.py:768} INFO - DAG(s) dict_keys(['example_subdag_operator.section-1', 'example_subdag_operator.section-2', 'example_subdag_operator']) retrieved from /home/airflow/.local/lib/python3.7/site-packages/airflow/example_dags/example_subdag_operator.py
[2022-09-20T14:31:47.592+0000] {logging_mixin.py:117} INFO - [2022-09-20T14:31:47.591+0000] {dag.py:2573} INFO - Sync 3 DAGs
[2022-09-20T14:31:47.615+0000] {logging_mixin.py:117} INFO - [2022-09-20T14:31:47.614+0000] {dag.py:3328} INFO - Setting next_dagrun for example_subdag_operator to 2022-01-01T00:00:00+00:00, run_after=2022-01-01T00:00:00+00:00
[2022-09-20T14:31:47.618+0000] {logging_mixin.py:117} INFO - [2022-09-20T14:31:47.618+0000] {dag.py:3328} INFO - Setting next_dagrun for example_subdag_operator.section-1 to None, run_after=None
[2022-09-20T14:31:47.619+0000] {logging_mixin.py:117} INFO - [2022-09-20T14:31:47.619+0000] {dag.py:3328} INFO - Setting next_dagrun for example_subdag_operator.section-2 to None, run_after=None
[2022-09-20T14:31:48.002+0000] {logging_mixin.py:117} INFO - [2022-09-20T14:31:48.002+0000] {dag.py:2573} INFO - Sync 2 DAGs
[2022-09-20T14:31:48.009+0000] {logging_mixin.py:117} INFO - [2022-09-20T14:31:48.009+0000] {dag.py:3328} INFO - Setting next_dagrun for example_subdag_operator.section-1 to None, run_after=None
[2022-09-20T14:31:48.010+0000] {logging_mixin.py:117} INFO - [2022-09-20T14:31:48.010+0000] {dag.py:3328} INFO - Setting next_dagrun for example_subdag_operator.section-2 to None, run_after=None
[2022-09-20T14:31:48.381+0000] {processor.py:178} INFO - Processing /home/airflow/.local/lib/python3.7/site-packages/airflow/example_dags/example_subdag_operator.py took 1.481 seconds
[2022-09-20T14:33:32.623+0000] {processor.py:156} INFO - Started process (PID=1297) to work on /home/airflow/.local/lib/python3.7/site-packages/airflow/example_dags/example_subdag_operator.py
[2022-09-20T14:33:33.207+0000] {processor.py:758} INFO - Processing file /home/airflow/.local/lib/python3.7/site-packages/airflow/example_dags/example_subdag_operator.py for tasks to queue
[2022-09-20T14:33:33.554+0000] {logging_mixin.py:117} INFO - [2022-09-20T14:33:33.554+0000] {dagbag.py:525} INFO - Filling up the DagBag from /home/airflow/.local/lib/python3.7/site-packages/airflow/example_dags/example_subdag_operator.py
[2022-09-20T14:33:33.588+0000] {processor.py:768} INFO - DAG(s) dict_keys(['example_subdag_operator.section-1', 'example_subdag_operator.section-2', 'example_subdag_operator']) retrieved from /home/airflow/.local/lib/python3.7/site-packages/airflow/example_dags/example_subdag_operator.py
[2022-09-20T14:33:33.808+0000] {logging_mixin.py:117} INFO - [2022-09-20T14:33:33.808+0000] {dag.py:2573} INFO - Sync 3 DAGs
[2022-09-20T14:33:33.834+0000] {logging_mixin.py:117} INFO - [2022-09-20T14:33:33.834+0000] {dag.py:3328} INFO - Setting next_dagrun for example_subdag_operator to 2022-01-01T00:00:00+00:00, run_after=2022-01-01T00:00:00+00:00
[2022-09-20T14:33:33.838+0000] {logging_mixin.py:117} INFO - [2022-09-20T14:33:33.838+0000] {dag.py:3328} INFO - Setting next_dagrun for example_subdag_operator.section-1 to None, run_after=None
[2022-09-20T14:33:33.839+0000] {logging_mixin.py:117} INFO - [2022-09-20T14:33:33.839+0000] {dag.py:3328} INFO - Setting next_dagrun for example_subdag_operator.section-2 to None, run_after=None
[2022-09-20T14:33:33.846+0000] {logging_mixin.py:117} INFO - [2022-09-20T14:33:33.846+0000] {dag.py:2573} INFO - Sync 2 DAGs
[2022-09-20T14:33:33.851+0000] {logging_mixin.py:117} INFO - [2022-09-20T14:33:33.851+0000] {dag.py:3328} INFO - Setting next_dagrun for example_subdag_operator.section-1 to None, run_after=None
[2022-09-20T14:33:33.852+0000] {logging_mixin.py:117} INFO - [2022-09-20T14:33:33.851+0000] {dag.py:3328} INFO - Setting next_dagrun for example_subdag_operator.section-2 to None, run_after=None
[2022-09-20T14:33:35.835+0000] {processor.py:178} INFO - Processing /home/airflow/.local/lib/python3.7/site-packages/airflow/example_dags/example_subdag_operator.py took 3.215 seconds
[2022-09-20T17:11:00.766+0000] {processor.py:156} INFO - Started process (PID=167) to work on /home/airflow/.local/lib/python3.7/site-packages/airflow/example_dags/example_subdag_operator.py
[2022-09-20T17:11:00.801+0000] {processor.py:758} INFO - Processing file /home/airflow/.local/lib/python3.7/site-packages/airflow/example_dags/example_subdag_operator.py for tasks to queue
[2022-09-20T17:11:00.802+0000] {logging_mixin.py:117} INFO - [2022-09-20T17:11:00.802+0000] {dagbag.py:525} INFO - Filling up the DagBag from /home/airflow/.local/lib/python3.7/site-packages/airflow/example_dags/example_subdag_operator.py
[2022-09-20T17:11:00.843+0000] {processor.py:768} INFO - DAG(s) dict_keys(['example_subdag_operator.section-1', 'example_subdag_operator.section-2', 'example_subdag_operator']) retrieved from /home/airflow/.local/lib/python3.7/site-packages/airflow/example_dags/example_subdag_operator.py
[2022-09-20T17:11:33.212+0000] {logging_mixin.py:117} INFO - [2022-09-20T17:11:33.211+0000] {dag.py:2573} INFO - Sync 3 DAGs
[2022-09-20T17:11:33.280+0000] {logging_mixin.py:117} INFO - [2022-09-20T17:11:33.279+0000] {dag.py:3328} INFO - Setting next_dagrun for example_subdag_operator to 2022-01-01T00:00:00+00:00, run_after=2022-01-01T00:00:00+00:00
[2022-09-20T17:11:33.285+0000] {logging_mixin.py:117} INFO - [2022-09-20T17:11:33.285+0000] {dag.py:3328} INFO - Setting next_dagrun for example_subdag_operator.section-1 to None, run_after=None
[2022-09-20T17:11:33.287+0000] {logging_mixin.py:117} INFO - [2022-09-20T17:11:33.287+0000] {dag.py:3328} INFO - Setting next_dagrun for example_subdag_operator.section-2 to None, run_after=None
[2022-09-20T17:11:33.299+0000] {logging_mixin.py:117} INFO - [2022-09-20T17:11:33.299+0000] {dag.py:2573} INFO - Sync 2 DAGs
[2022-09-20T17:11:33.309+0000] {logging_mixin.py:117} INFO - [2022-09-20T17:11:33.308+0000] {dag.py:3328} INFO - Setting next_dagrun for example_subdag_operator.section-1 to None, run_after=None
[2022-09-20T17:11:33.309+0000] {logging_mixin.py:117} INFO - [2022-09-20T17:11:33.309+0000] {dag.py:3328} INFO - Setting next_dagrun for example_subdag_operator.section-2 to None, run_after=None
[2022-09-20T17:11:34.208+0000] {processor.py:178} INFO - Processing /home/airflow/.local/lib/python3.7/site-packages/airflow/example_dags/example_subdag_operator.py took 33.447 seconds
[2022-09-20T17:12:11.951+0000] {processor.py:156} INFO - Started process (PID=238) to work on /home/airflow/.local/lib/python3.7/site-packages/airflow/example_dags/example_subdag_operator.py
[2022-09-20T17:12:12.050+0000] {processor.py:758} INFO - Processing file /home/airflow/.local/lib/python3.7/site-packages/airflow/example_dags/example_subdag_operator.py for tasks to queue
[2022-09-20T17:12:12.051+0000] {logging_mixin.py:117} INFO - [2022-09-20T17:12:12.051+0000] {dagbag.py:525} INFO - Filling up the DagBag from /home/airflow/.local/lib/python3.7/site-packages/airflow/example_dags/example_subdag_operator.py
[2022-09-20T17:12:12.330+0000] {processor.py:768} INFO - DAG(s) dict_keys(['example_subdag_operator.section-1', 'example_subdag_operator.section-2', 'example_subdag_operator']) retrieved from /home/airflow/.local/lib/python3.7/site-packages/airflow/example_dags/example_subdag_operator.py
[2022-09-20T17:12:12.664+0000] {logging_mixin.py:117} INFO - [2022-09-20T17:12:12.663+0000] {dag.py:2573} INFO - Sync 3 DAGs
[2022-09-20T17:12:12.711+0000] {logging_mixin.py:117} INFO - [2022-09-20T17:12:12.711+0000] {dag.py:3328} INFO - Setting next_dagrun for example_subdag_operator to 2022-01-01T00:00:00+00:00, run_after=2022-01-01T00:00:00+00:00
[2022-09-20T17:12:12.732+0000] {logging_mixin.py:117} INFO - [2022-09-20T17:12:12.732+0000] {dag.py:3328} INFO - Setting next_dagrun for example_subdag_operator.section-1 to None, run_after=None
[2022-09-20T17:12:12.738+0000] {logging_mixin.py:117} INFO - [2022-09-20T17:12:12.737+0000] {dag.py:3328} INFO - Setting next_dagrun for example_subdag_operator.section-2 to None, run_after=None
[2022-09-20T17:12:12.758+0000] {logging_mixin.py:117} INFO - [2022-09-20T17:12:12.758+0000] {dag.py:2573} INFO - Sync 2 DAGs
[2022-09-20T17:12:12.772+0000] {logging_mixin.py:117} INFO - [2022-09-20T17:12:12.771+0000] {dag.py:3328} INFO - Setting next_dagrun for example_subdag_operator.section-1 to None, run_after=None
[2022-09-20T17:12:12.772+0000] {logging_mixin.py:117} INFO - [2022-09-20T17:12:12.772+0000] {dag.py:3328} INFO - Setting next_dagrun for example_subdag_operator.section-2 to None, run_after=None
[2022-09-20T17:12:13.073+0000] {processor.py:178} INFO - Processing /home/airflow/.local/lib/python3.7/site-packages/airflow/example_dags/example_subdag_operator.py took 1.406 seconds
[2022-09-20T17:12:52.608+0000] {processor.py:156} INFO - Started process (PID=291) to work on /home/airflow/.local/lib/python3.7/site-packages/airflow/example_dags/example_subdag_operator.py
[2022-09-20T17:12:52.669+0000] {processor.py:758} INFO - Processing file /home/airflow/.local/lib/python3.7/site-packages/airflow/example_dags/example_subdag_operator.py for tasks to queue
[2022-09-20T17:12:52.670+0000] {logging_mixin.py:117} INFO - [2022-09-20T17:12:52.670+0000] {dagbag.py:525} INFO - Filling up the DagBag from /home/airflow/.local/lib/python3.7/site-packages/airflow/example_dags/example_subdag_operator.py
[2022-09-20T17:12:52.801+0000] {processor.py:768} INFO - DAG(s) dict_keys(['example_subdag_operator.section-1', 'example_subdag_operator.section-2', 'example_subdag_operator']) retrieved from /home/airflow/.local/lib/python3.7/site-packages/airflow/example_dags/example_subdag_operator.py
[2022-09-20T17:12:53.208+0000] {logging_mixin.py:117} INFO - [2022-09-20T17:12:53.208+0000] {dag.py:2573} INFO - Sync 3 DAGs
[2022-09-20T17:12:53.235+0000] {logging_mixin.py:117} INFO - [2022-09-20T17:12:53.234+0000] {dag.py:3328} INFO - Setting next_dagrun for example_subdag_operator to 2022-01-01T00:00:00+00:00, run_after=2022-01-01T00:00:00+00:00
[2022-09-20T17:12:53.238+0000] {logging_mixin.py:117} INFO - [2022-09-20T17:12:53.238+0000] {dag.py:3328} INFO - Setting next_dagrun for example_subdag_operator.section-1 to None, run_after=None
[2022-09-20T17:12:53.239+0000] {logging_mixin.py:117} INFO - [2022-09-20T17:12:53.239+0000] {dag.py:3328} INFO - Setting next_dagrun for example_subdag_operator.section-2 to None, run_after=None
[2022-09-20T17:12:53.252+0000] {logging_mixin.py:117} INFO - [2022-09-20T17:12:53.252+0000] {dag.py:2573} INFO - Sync 2 DAGs
[2022-09-20T17:12:53.277+0000] {logging_mixin.py:117} INFO - [2022-09-20T17:12:53.276+0000] {dag.py:3328} INFO - Setting next_dagrun for example_subdag_operator.section-1 to None, run_after=None
[2022-09-20T17:12:53.279+0000] {logging_mixin.py:117} INFO - [2022-09-20T17:12:53.278+0000] {dag.py:3328} INFO - Setting next_dagrun for example_subdag_operator.section-2 to None, run_after=None
[2022-09-20T17:12:54.467+0000] {processor.py:178} INFO - Processing /home/airflow/.local/lib/python3.7/site-packages/airflow/example_dags/example_subdag_operator.py took 1.862 seconds
[2022-09-20T17:13:39.296+0000] {processor.py:156} INFO - Started process (PID=348) to work on /home/airflow/.local/lib/python3.7/site-packages/airflow/example_dags/example_subdag_operator.py
[2022-09-20T17:13:39.433+0000] {processor.py:758} INFO - Processing file /home/airflow/.local/lib/python3.7/site-packages/airflow/example_dags/example_subdag_operator.py for tasks to queue
[2022-09-20T17:13:39.439+0000] {logging_mixin.py:117} INFO - [2022-09-20T17:13:39.438+0000] {dagbag.py:525} INFO - Filling up the DagBag from /home/airflow/.local/lib/python3.7/site-packages/airflow/example_dags/example_subdag_operator.py
[2022-09-20T17:13:39.586+0000] {processor.py:768} INFO - DAG(s) dict_keys(['example_subdag_operator.section-1', 'example_subdag_operator.section-2', 'example_subdag_operator']) retrieved from /home/airflow/.local/lib/python3.7/site-packages/airflow/example_dags/example_subdag_operator.py
[2022-09-20T17:13:39.947+0000] {logging_mixin.py:117} INFO - [2022-09-20T17:13:39.947+0000] {dag.py:2573} INFO - Sync 3 DAGs
[2022-09-20T17:13:40.005+0000] {logging_mixin.py:117} INFO - [2022-09-20T17:13:40.005+0000] {dag.py:3328} INFO - Setting next_dagrun for example_subdag_operator to 2022-01-01T00:00:00+00:00, run_after=2022-01-01T00:00:00+00:00
[2022-09-20T17:13:40.010+0000] {logging_mixin.py:117} INFO - [2022-09-20T17:13:40.010+0000] {dag.py:3328} INFO - Setting next_dagrun for example_subdag_operator.section-1 to None, run_after=None
[2022-09-20T17:13:40.012+0000] {logging_mixin.py:117} INFO - [2022-09-20T17:13:40.012+0000] {dag.py:3328} INFO - Setting next_dagrun for example_subdag_operator.section-2 to None, run_after=None
[2022-09-20T17:13:40.022+0000] {logging_mixin.py:117} INFO - [2022-09-20T17:13:40.022+0000] {dag.py:2573} INFO - Sync 2 DAGs
[2022-09-20T17:13:40.030+0000] {logging_mixin.py:117} INFO - [2022-09-20T17:13:40.030+0000] {dag.py:3328} INFO - Setting next_dagrun for example_subdag_operator.section-1 to None, run_after=None
[2022-09-20T17:13:40.031+0000] {logging_mixin.py:117} INFO - [2022-09-20T17:13:40.031+0000] {dag.py:3328} INFO - Setting next_dagrun for example_subdag_operator.section-2 to None, run_after=None
[2022-09-20T17:13:40.807+0000] {processor.py:178} INFO - Processing /home/airflow/.local/lib/python3.7/site-packages/airflow/example_dags/example_subdag_operator.py took 1.517 seconds
[2022-09-20T17:14:11.998+0000] {processor.py:156} INFO - Started process (PID=403) to work on /home/airflow/.local/lib/python3.7/site-packages/airflow/example_dags/example_subdag_operator.py
[2022-09-20T17:14:12.177+0000] {processor.py:758} INFO - Processing file /home/airflow/.local/lib/python3.7/site-packages/airflow/example_dags/example_subdag_operator.py for tasks to queue
[2022-09-20T17:14:12.178+0000] {logging_mixin.py:117} INFO - [2022-09-20T17:14:12.178+0000] {dagbag.py:525} INFO - Filling up the DagBag from /home/airflow/.local/lib/python3.7/site-packages/airflow/example_dags/example_subdag_operator.py
[2022-09-20T17:14:12.225+0000] {processor.py:768} INFO - DAG(s) dict_keys(['example_subdag_operator.section-1', 'example_subdag_operator.section-2', 'example_subdag_operator']) retrieved from /home/airflow/.local/lib/python3.7/site-packages/airflow/example_dags/example_subdag_operator.py
[2022-09-20T17:14:12.514+0000] {logging_mixin.py:117} INFO - [2022-09-20T17:14:12.514+0000] {dag.py:2573} INFO - Sync 3 DAGs
[2022-09-20T17:14:12.542+0000] {logging_mixin.py:117} INFO - [2022-09-20T17:14:12.542+0000] {dag.py:3328} INFO - Setting next_dagrun for example_subdag_operator to 2022-01-01T00:00:00+00:00, run_after=2022-01-01T00:00:00+00:00
[2022-09-20T17:14:12.545+0000] {logging_mixin.py:117} INFO - [2022-09-20T17:14:12.545+0000] {dag.py:3328} INFO - Setting next_dagrun for example_subdag_operator.section-1 to None, run_after=None
[2022-09-20T17:14:12.547+0000] {logging_mixin.py:117} INFO - [2022-09-20T17:14:12.547+0000] {dag.py:3328} INFO - Setting next_dagrun for example_subdag_operator.section-2 to None, run_after=None
[2022-09-20T17:14:12.554+0000] {logging_mixin.py:117} INFO - [2022-09-20T17:14:12.554+0000] {dag.py:2573} INFO - Sync 2 DAGs
[2022-09-20T17:14:12.560+0000] {logging_mixin.py:117} INFO - [2022-09-20T17:14:12.560+0000] {dag.py:3328} INFO - Setting next_dagrun for example_subdag_operator.section-1 to None, run_after=None
[2022-09-20T17:14:12.560+0000] {logging_mixin.py:117} INFO - [2022-09-20T17:14:12.560+0000] {dag.py:3328} INFO - Setting next_dagrun for example_subdag_operator.section-2 to None, run_after=None
[2022-09-20T17:14:13.000+0000] {processor.py:178} INFO - Processing /home/airflow/.local/lib/python3.7/site-packages/airflow/example_dags/example_subdag_operator.py took 1.005 seconds
[2022-09-20T17:15:02.007+0000] {processor.py:156} INFO - Started process (PID=464) to work on /home/airflow/.local/lib/python3.7/site-packages/airflow/example_dags/example_subdag_operator.py
[2022-09-20T17:15:02.187+0000] {processor.py:758} INFO - Processing file /home/airflow/.local/lib/python3.7/site-packages/airflow/example_dags/example_subdag_operator.py for tasks to queue
[2022-09-20T17:15:02.188+0000] {logging_mixin.py:117} INFO - [2022-09-20T17:15:02.187+0000] {dagbag.py:525} INFO - Filling up the DagBag from /home/airflow/.local/lib/python3.7/site-packages/airflow/example_dags/example_subdag_operator.py
[2022-09-20T17:15:03.621+0000] {processor.py:768} INFO - DAG(s) dict_keys(['example_subdag_operator.section-1', 'example_subdag_operator.section-2', 'example_subdag_operator']) retrieved from /home/airflow/.local/lib/python3.7/site-packages/airflow/example_dags/example_subdag_operator.py
[2022-09-20T17:15:04.166+0000] {logging_mixin.py:117} INFO - [2022-09-20T17:15:04.166+0000] {dag.py:2573} INFO - Sync 3 DAGs
[2022-09-20T17:15:04.213+0000] {logging_mixin.py:117} INFO - [2022-09-20T17:15:04.213+0000] {dag.py:3328} INFO - Setting next_dagrun for example_subdag_operator to 2022-01-01T00:00:00+00:00, run_after=2022-01-01T00:00:00+00:00
[2022-09-20T17:15:04.220+0000] {logging_mixin.py:117} INFO - [2022-09-20T17:15:04.220+0000] {dag.py:3328} INFO - Setting next_dagrun for example_subdag_operator.section-1 to None, run_after=None
[2022-09-20T17:15:04.222+0000] {logging_mixin.py:117} INFO - [2022-09-20T17:15:04.222+0000] {dag.py:3328} INFO - Setting next_dagrun for example_subdag_operator.section-2 to None, run_after=None
[2022-09-20T17:15:04.242+0000] {logging_mixin.py:117} INFO - [2022-09-20T17:15:04.241+0000] {dag.py:2573} INFO - Sync 2 DAGs
[2022-09-20T17:15:04.252+0000] {logging_mixin.py:117} INFO - [2022-09-20T17:15:04.252+0000] {dag.py:3328} INFO - Setting next_dagrun for example_subdag_operator.section-1 to None, run_after=None
[2022-09-20T17:15:04.253+0000] {logging_mixin.py:117} INFO - [2022-09-20T17:15:04.252+0000] {dag.py:3328} INFO - Setting next_dagrun for example_subdag_operator.section-2 to None, run_after=None
[2022-09-20T17:15:05.589+0000] {processor.py:178} INFO - Processing /home/airflow/.local/lib/python3.7/site-packages/airflow/example_dags/example_subdag_operator.py took 3.593 seconds
[2022-09-20T17:15:36.388+0000] {processor.py:156} INFO - Started process (PID=520) to work on /home/airflow/.local/lib/python3.7/site-packages/airflow/example_dags/example_subdag_operator.py
[2022-09-20T17:15:36.533+0000] {processor.py:758} INFO - Processing file /home/airflow/.local/lib/python3.7/site-packages/airflow/example_dags/example_subdag_operator.py for tasks to queue
[2022-09-20T17:15:36.534+0000] {logging_mixin.py:117} INFO - [2022-09-20T17:15:36.534+0000] {dagbag.py:525} INFO - Filling up the DagBag from /home/airflow/.local/lib/python3.7/site-packages/airflow/example_dags/example_subdag_operator.py
[2022-09-20T17:15:36.586+0000] {processor.py:768} INFO - DAG(s) dict_keys(['example_subdag_operator.section-1', 'example_subdag_operator.section-2', 'example_subdag_operator']) retrieved from /home/airflow/.local/lib/python3.7/site-packages/airflow/example_dags/example_subdag_operator.py
[2022-09-20T17:15:36.852+0000] {logging_mixin.py:117} INFO - [2022-09-20T17:15:36.852+0000] {dag.py:2573} INFO - Sync 3 DAGs
[2022-09-20T17:15:36.887+0000] {logging_mixin.py:117} INFO - [2022-09-20T17:15:36.887+0000] {dag.py:3328} INFO - Setting next_dagrun for example_subdag_operator to 2022-01-01T00:00:00+00:00, run_after=2022-01-01T00:00:00+00:00
[2022-09-20T17:15:36.892+0000] {logging_mixin.py:117} INFO - [2022-09-20T17:15:36.892+0000] {dag.py:3328} INFO - Setting next_dagrun for example_subdag_operator.section-1 to None, run_after=None
[2022-09-20T17:15:36.893+0000] {logging_mixin.py:117} INFO - [2022-09-20T17:15:36.893+0000] {dag.py:3328} INFO - Setting next_dagrun for example_subdag_operator.section-2 to None, run_after=None
[2022-09-20T17:15:36.901+0000] {logging_mixin.py:117} INFO - [2022-09-20T17:15:36.901+0000] {dag.py:2573} INFO - Sync 2 DAGs
[2022-09-20T17:15:36.907+0000] {logging_mixin.py:117} INFO - [2022-09-20T17:15:36.907+0000] {dag.py:3328} INFO - Setting next_dagrun for example_subdag_operator.section-1 to None, run_after=None
[2022-09-20T17:15:36.907+0000] {logging_mixin.py:117} INFO - [2022-09-20T17:15:36.907+0000] {dag.py:3328} INFO - Setting next_dagrun for example_subdag_operator.section-2 to None, run_after=None
[2022-09-20T17:15:37.574+0000] {processor.py:178} INFO - Processing /home/airflow/.local/lib/python3.7/site-packages/airflow/example_dags/example_subdag_operator.py took 1.191 seconds
[2022-09-20T17:16:24.102+0000] {processor.py:156} INFO - Started process (PID=580) to work on /home/airflow/.local/lib/python3.7/site-packages/airflow/example_dags/example_subdag_operator.py
[2022-09-20T17:16:24.305+0000] {processor.py:758} INFO - Processing file /home/airflow/.local/lib/python3.7/site-packages/airflow/example_dags/example_subdag_operator.py for tasks to queue
[2022-09-20T17:16:24.307+0000] {logging_mixin.py:117} INFO - [2022-09-20T17:16:24.307+0000] {dagbag.py:525} INFO - Filling up the DagBag from /home/airflow/.local/lib/python3.7/site-packages/airflow/example_dags/example_subdag_operator.py
[2022-09-20T17:16:24.415+0000] {processor.py:768} INFO - DAG(s) dict_keys(['example_subdag_operator.section-1', 'example_subdag_operator.section-2', 'example_subdag_operator']) retrieved from /home/airflow/.local/lib/python3.7/site-packages/airflow/example_dags/example_subdag_operator.py
[2022-09-20T17:16:24.702+0000] {logging_mixin.py:117} INFO - [2022-09-20T17:16:24.701+0000] {dag.py:2573} INFO - Sync 3 DAGs
[2022-09-20T17:16:24.745+0000] {logging_mixin.py:117} INFO - [2022-09-20T17:16:24.745+0000] {dag.py:3328} INFO - Setting next_dagrun for example_subdag_operator to 2022-01-01T00:00:00+00:00, run_after=2022-01-01T00:00:00+00:00
[2022-09-20T17:16:24.757+0000] {logging_mixin.py:117} INFO - [2022-09-20T17:16:24.757+0000] {dag.py:3328} INFO - Setting next_dagrun for example_subdag_operator.section-1 to None, run_after=None
[2022-09-20T17:16:24.761+0000] {logging_mixin.py:117} INFO - [2022-09-20T17:16:24.760+0000] {dag.py:3328} INFO - Setting next_dagrun for example_subdag_operator.section-2 to None, run_after=None
[2022-09-20T17:16:24.779+0000] {logging_mixin.py:117} INFO - [2022-09-20T17:16:24.779+0000] {dag.py:2573} INFO - Sync 2 DAGs
[2022-09-20T17:16:24.794+0000] {logging_mixin.py:117} INFO - [2022-09-20T17:16:24.793+0000] {dag.py:3328} INFO - Setting next_dagrun for example_subdag_operator.section-1 to None, run_after=None
[2022-09-20T17:16:24.795+0000] {logging_mixin.py:117} INFO - [2022-09-20T17:16:24.794+0000] {dag.py:3328} INFO - Setting next_dagrun for example_subdag_operator.section-2 to None, run_after=None
[2022-09-20T17:16:25.909+0000] {processor.py:178} INFO - Processing /home/airflow/.local/lib/python3.7/site-packages/airflow/example_dags/example_subdag_operator.py took 1.810 seconds
[2022-09-20T17:17:03.176+0000] {processor.py:156} INFO - Started process (PID=640) to work on /home/airflow/.local/lib/python3.7/site-packages/airflow/example_dags/example_subdag_operator.py
[2022-09-20T17:17:03.267+0000] {processor.py:758} INFO - Processing file /home/airflow/.local/lib/python3.7/site-packages/airflow/example_dags/example_subdag_operator.py for tasks to queue
[2022-09-20T17:17:03.269+0000] {logging_mixin.py:117} INFO - [2022-09-20T17:17:03.269+0000] {dagbag.py:525} INFO - Filling up the DagBag from /home/airflow/.local/lib/python3.7/site-packages/airflow/example_dags/example_subdag_operator.py
[2022-09-20T17:17:03.335+0000] {processor.py:768} INFO - DAG(s) dict_keys(['example_subdag_operator.section-1', 'example_subdag_operator.section-2', 'example_subdag_operator']) retrieved from /home/airflow/.local/lib/python3.7/site-packages/airflow/example_dags/example_subdag_operator.py
[2022-09-20T17:17:03.769+0000] {logging_mixin.py:117} INFO - [2022-09-20T17:17:03.769+0000] {dag.py:2573} INFO - Sync 3 DAGs
[2022-09-20T17:17:03.845+0000] {logging_mixin.py:117} INFO - [2022-09-20T17:17:03.844+0000] {dag.py:3328} INFO - Setting next_dagrun for example_subdag_operator to 2022-01-01T00:00:00+00:00, run_after=2022-01-01T00:00:00+00:00
[2022-09-20T17:17:03.857+0000] {logging_mixin.py:117} INFO - [2022-09-20T17:17:03.857+0000] {dag.py:3328} INFO - Setting next_dagrun for example_subdag_operator.section-1 to None, run_after=None
[2022-09-20T17:17:03.860+0000] {logging_mixin.py:117} INFO - [2022-09-20T17:17:03.860+0000] {dag.py:3328} INFO - Setting next_dagrun for example_subdag_operator.section-2 to None, run_after=None
[2022-09-20T17:17:03.890+0000] {logging_mixin.py:117} INFO - [2022-09-20T17:17:03.889+0000] {dag.py:2573} INFO - Sync 2 DAGs
[2022-09-20T17:17:03.915+0000] {logging_mixin.py:117} INFO - [2022-09-20T17:17:03.914+0000] {dag.py:3328} INFO - Setting next_dagrun for example_subdag_operator.section-1 to None, run_after=None
[2022-09-20T17:17:03.916+0000] {logging_mixin.py:117} INFO - [2022-09-20T17:17:03.916+0000] {dag.py:3328} INFO - Setting next_dagrun for example_subdag_operator.section-2 to None, run_after=None
[2022-09-20T17:17:04.054+0000] {processor.py:178} INFO - Processing /home/airflow/.local/lib/python3.7/site-packages/airflow/example_dags/example_subdag_operator.py took 0.893 seconds
[2022-09-20T17:17:34.441+0000] {processor.py:156} INFO - Started process (PID=694) to work on /home/airflow/.local/lib/python3.7/site-packages/airflow/example_dags/example_subdag_operator.py
[2022-09-20T17:17:34.507+0000] {processor.py:758} INFO - Processing file /home/airflow/.local/lib/python3.7/site-packages/airflow/example_dags/example_subdag_operator.py for tasks to queue
[2022-09-20T17:17:34.508+0000] {logging_mixin.py:117} INFO - [2022-09-20T17:17:34.508+0000] {dagbag.py:525} INFO - Filling up the DagBag from /home/airflow/.local/lib/python3.7/site-packages/airflow/example_dags/example_subdag_operator.py
[2022-09-20T17:17:34.571+0000] {processor.py:768} INFO - DAG(s) dict_keys(['example_subdag_operator.section-1', 'example_subdag_operator.section-2', 'example_subdag_operator']) retrieved from /home/airflow/.local/lib/python3.7/site-packages/airflow/example_dags/example_subdag_operator.py
[2022-09-20T17:17:34.997+0000] {logging_mixin.py:117} INFO - [2022-09-20T17:17:34.997+0000] {dag.py:2573} INFO - Sync 3 DAGs
[2022-09-20T17:17:35.066+0000] {logging_mixin.py:117} INFO - [2022-09-20T17:17:35.065+0000] {dag.py:3328} INFO - Setting next_dagrun for example_subdag_operator to 2022-01-01T00:00:00+00:00, run_after=2022-01-01T00:00:00+00:00
[2022-09-20T17:17:35.078+0000] {logging_mixin.py:117} INFO - [2022-09-20T17:17:35.078+0000] {dag.py:3328} INFO - Setting next_dagrun for example_subdag_operator.section-1 to None, run_after=None
[2022-09-20T17:17:35.083+0000] {logging_mixin.py:117} INFO - [2022-09-20T17:17:35.082+0000] {dag.py:3328} INFO - Setting next_dagrun for example_subdag_operator.section-2 to None, run_after=None
[2022-09-20T17:17:35.116+0000] {logging_mixin.py:117} INFO - [2022-09-20T17:17:35.116+0000] {dag.py:2573} INFO - Sync 2 DAGs
[2022-09-20T17:17:35.137+0000] {logging_mixin.py:117} INFO - [2022-09-20T17:17:35.137+0000] {dag.py:3328} INFO - Setting next_dagrun for example_subdag_operator.section-1 to None, run_after=None
[2022-09-20T17:17:35.139+0000] {logging_mixin.py:117} INFO - [2022-09-20T17:17:35.138+0000] {dag.py:3328} INFO - Setting next_dagrun for example_subdag_operator.section-2 to None, run_after=None
[2022-09-20T17:17:35.267+0000] {processor.py:178} INFO - Processing /home/airflow/.local/lib/python3.7/site-packages/airflow/example_dags/example_subdag_operator.py took 0.832 seconds
[2022-09-20T17:18:14.964+0000] {processor.py:156} INFO - Started process (PID=754) to work on /home/airflow/.local/lib/python3.7/site-packages/airflow/example_dags/example_subdag_operator.py
[2022-09-20T17:18:15.058+0000] {processor.py:758} INFO - Processing file /home/airflow/.local/lib/python3.7/site-packages/airflow/example_dags/example_subdag_operator.py for tasks to queue
[2022-09-20T17:18:15.060+0000] {logging_mixin.py:117} INFO - [2022-09-20T17:18:15.060+0000] {dagbag.py:525} INFO - Filling up the DagBag from /home/airflow/.local/lib/python3.7/site-packages/airflow/example_dags/example_subdag_operator.py
[2022-09-20T17:18:15.135+0000] {processor.py:768} INFO - DAG(s) dict_keys(['example_subdag_operator.section-1', 'example_subdag_operator.section-2', 'example_subdag_operator']) retrieved from /home/airflow/.local/lib/python3.7/site-packages/airflow/example_dags/example_subdag_operator.py
[2022-09-20T17:18:15.552+0000] {logging_mixin.py:117} INFO - [2022-09-20T17:18:15.552+0000] {dag.py:2573} INFO - Sync 3 DAGs
[2022-09-20T17:18:15.589+0000] {logging_mixin.py:117} INFO - [2022-09-20T17:18:15.589+0000] {dag.py:3328} INFO - Setting next_dagrun for example_subdag_operator to 2022-01-01T00:00:00+00:00, run_after=2022-01-01T00:00:00+00:00
[2022-09-20T17:18:15.596+0000] {logging_mixin.py:117} INFO - [2022-09-20T17:18:15.596+0000] {dag.py:3328} INFO - Setting next_dagrun for example_subdag_operator.section-1 to None, run_after=None
[2022-09-20T17:18:15.599+0000] {logging_mixin.py:117} INFO - [2022-09-20T17:18:15.598+0000] {dag.py:3328} INFO - Setting next_dagrun for example_subdag_operator.section-2 to None, run_after=None
[2022-09-20T17:18:15.616+0000] {logging_mixin.py:117} INFO - [2022-09-20T17:18:15.616+0000] {dag.py:2573} INFO - Sync 2 DAGs
[2022-09-20T17:18:15.635+0000] {logging_mixin.py:117} INFO - [2022-09-20T17:18:15.634+0000] {dag.py:3328} INFO - Setting next_dagrun for example_subdag_operator.section-1 to None, run_after=None
[2022-09-20T17:18:15.635+0000] {logging_mixin.py:117} INFO - [2022-09-20T17:18:15.635+0000] {dag.py:3328} INFO - Setting next_dagrun for example_subdag_operator.section-2 to None, run_after=None
[2022-09-20T17:18:16.424+0000] {processor.py:178} INFO - Processing /home/airflow/.local/lib/python3.7/site-packages/airflow/example_dags/example_subdag_operator.py took 1.477 seconds
[2022-09-20T17:18:52.121+0000] {processor.py:156} INFO - Started process (PID=808) to work on /home/airflow/.local/lib/python3.7/site-packages/airflow/example_dags/example_subdag_operator.py
[2022-09-20T17:18:52.299+0000] {processor.py:758} INFO - Processing file /home/airflow/.local/lib/python3.7/site-packages/airflow/example_dags/example_subdag_operator.py for tasks to queue
[2022-09-20T17:18:52.302+0000] {logging_mixin.py:117} INFO - [2022-09-20T17:18:52.301+0000] {dagbag.py:525} INFO - Filling up the DagBag from /home/airflow/.local/lib/python3.7/site-packages/airflow/example_dags/example_subdag_operator.py
[2022-09-20T17:18:52.439+0000] {processor.py:768} INFO - DAG(s) dict_keys(['example_subdag_operator.section-1', 'example_subdag_operator.section-2', 'example_subdag_operator']) retrieved from /home/airflow/.local/lib/python3.7/site-packages/airflow/example_dags/example_subdag_operator.py
[2022-09-20T17:18:52.484+0000] {logging_mixin.py:117} INFO - [2022-09-20T17:18:52.484+0000] {dag.py:2573} INFO - Sync 3 DAGs
[2022-09-20T17:18:52.571+0000] {logging_mixin.py:117} INFO - [2022-09-20T17:18:52.571+0000] {dag.py:3328} INFO - Setting next_dagrun for example_subdag_operator to 2022-01-01T00:00:00+00:00, run_after=2022-01-01T00:00:00+00:00
[2022-09-20T17:18:52.578+0000] {logging_mixin.py:117} INFO - [2022-09-20T17:18:52.578+0000] {dag.py:3328} INFO - Setting next_dagrun for example_subdag_operator.section-1 to None, run_after=None
[2022-09-20T17:18:52.581+0000] {logging_mixin.py:117} INFO - [2022-09-20T17:18:52.581+0000] {dag.py:3328} INFO - Setting next_dagrun for example_subdag_operator.section-2 to None, run_after=None
[2022-09-20T17:18:52.597+0000] {logging_mixin.py:117} INFO - [2022-09-20T17:18:52.597+0000] {dag.py:2573} INFO - Sync 2 DAGs
[2022-09-20T17:18:52.611+0000] {logging_mixin.py:117} INFO - [2022-09-20T17:18:52.610+0000] {dag.py:3328} INFO - Setting next_dagrun for example_subdag_operator.section-1 to None, run_after=None
[2022-09-20T17:18:52.611+0000] {logging_mixin.py:117} INFO - [2022-09-20T17:18:52.611+0000] {dag.py:3328} INFO - Setting next_dagrun for example_subdag_operator.section-2 to None, run_after=None
[2022-09-20T17:18:52.941+0000] {processor.py:178} INFO - Processing /home/airflow/.local/lib/python3.7/site-packages/airflow/example_dags/example_subdag_operator.py took 0.834 seconds
[2022-09-20T17:19:26.282+0000] {processor.py:156} INFO - Started process (PID=865) to work on /home/airflow/.local/lib/python3.7/site-packages/airflow/example_dags/example_subdag_operator.py
[2022-09-20T17:19:26.284+0000] {processor.py:758} INFO - Processing file /home/airflow/.local/lib/python3.7/site-packages/airflow/example_dags/example_subdag_operator.py for tasks to queue
[2022-09-20T17:19:26.285+0000] {logging_mixin.py:117} INFO - [2022-09-20T17:19:26.285+0000] {dagbag.py:525} INFO - Filling up the DagBag from /home/airflow/.local/lib/python3.7/site-packages/airflow/example_dags/example_subdag_operator.py
[2022-09-20T17:19:26.334+0000] {processor.py:768} INFO - DAG(s) dict_keys(['example_subdag_operator.section-1', 'example_subdag_operator.section-2', 'example_subdag_operator']) retrieved from /home/airflow/.local/lib/python3.7/site-packages/airflow/example_dags/example_subdag_operator.py
[2022-09-20T17:19:26.738+0000] {logging_mixin.py:117} INFO - [2022-09-20T17:19:26.738+0000] {dag.py:2573} INFO - Sync 3 DAGs
[2022-09-20T17:19:26.784+0000] {logging_mixin.py:117} INFO - [2022-09-20T17:19:26.784+0000] {dag.py:3328} INFO - Setting next_dagrun for example_subdag_operator to 2022-01-01T00:00:00+00:00, run_after=2022-01-01T00:00:00+00:00
[2022-09-20T17:19:26.789+0000] {logging_mixin.py:117} INFO - [2022-09-20T17:19:26.789+0000] {dag.py:3328} INFO - Setting next_dagrun for example_subdag_operator.section-1 to None, run_after=None
[2022-09-20T17:19:26.790+0000] {logging_mixin.py:117} INFO - [2022-09-20T17:19:26.790+0000] {dag.py:3328} INFO - Setting next_dagrun for example_subdag_operator.section-2 to None, run_after=None
[2022-09-20T17:19:26.800+0000] {logging_mixin.py:117} INFO - [2022-09-20T17:19:26.800+0000] {dag.py:2573} INFO - Sync 2 DAGs
[2022-09-20T17:19:26.809+0000] {logging_mixin.py:117} INFO - [2022-09-20T17:19:26.808+0000] {dag.py:3328} INFO - Setting next_dagrun for example_subdag_operator.section-1 to None, run_after=None
[2022-09-20T17:19:26.809+0000] {logging_mixin.py:117} INFO - [2022-09-20T17:19:26.809+0000] {dag.py:3328} INFO - Setting next_dagrun for example_subdag_operator.section-2 to None, run_after=None
[2022-09-20T17:19:27.411+0000] {processor.py:178} INFO - Processing /home/airflow/.local/lib/python3.7/site-packages/airflow/example_dags/example_subdag_operator.py took 1.137 seconds
