[2022-09-20T13:47:07.229+0000] {processor.py:156} INFO - Started process (PID=90) to work on /home/airflow/.local/lib/python3.7/site-packages/airflow/example_dags/tutorial_dag.py
[2022-09-20T13:47:07.230+0000] {processor.py:758} INFO - Processing file /home/airflow/.local/lib/python3.7/site-packages/airflow/example_dags/tutorial_dag.py for tasks to queue
[2022-09-20T13:47:07.232+0000] {logging_mixin.py:117} INFO - [2022-09-20T13:47:07.231+0000] {dagbag.py:525} INFO - Filling up the DagBag from /home/airflow/.local/lib/python3.7/site-packages/airflow/example_dags/tutorial_dag.py
[2022-09-20T13:47:07.260+0000] {processor.py:768} INFO - DAG(s) dict_keys(['tutorial_dag']) retrieved from /home/airflow/.local/lib/python3.7/site-packages/airflow/example_dags/tutorial_dag.py
[2022-09-20T13:47:11.149+0000] {logging_mixin.py:117} INFO - [2022-09-20T13:47:11.148+0000] {manager.py:508} INFO - Created Permission View: can delete on DAG:tutorial_dag
[2022-09-20T13:47:13.102+0000] {logging_mixin.py:117} INFO - [2022-09-20T13:47:13.101+0000] {manager.py:508} INFO - Created Permission View: can read on DAG:tutorial_dag
[2022-09-20T13:47:14.671+0000] {logging_mixin.py:117} INFO - [2022-09-20T13:47:14.670+0000] {manager.py:508} INFO - Created Permission View: can edit on DAG:tutorial_dag
[2022-09-20T13:47:14.673+0000] {logging_mixin.py:117} INFO - [2022-09-20T13:47:14.672+0000] {dag.py:2573} INFO - Sync 1 DAGs
[2022-09-20T13:47:14.706+0000] {logging_mixin.py:117} INFO - [2022-09-20T13:47:14.706+0000] {dag.py:2594} INFO - Creating ORM DAG for tutorial_dag
[2022-09-20T13:47:14.721+0000] {logging_mixin.py:117} INFO - [2022-09-20T13:47:14.721+0000] {dag.py:3328} INFO - Setting next_dagrun for tutorial_dag to None, run_after=None
[2022-09-20T13:47:15.922+0000] {processor.py:178} INFO - Processing /home/airflow/.local/lib/python3.7/site-packages/airflow/example_dags/tutorial_dag.py took 8.701 seconds
[2022-09-20T13:56:05.808+0000] {processor.py:156} INFO - Started process (PID=153) to work on /home/airflow/.local/lib/python3.7/site-packages/airflow/example_dags/tutorial_dag.py
[2022-09-20T13:56:06.010+0000] {processor.py:758} INFO - Processing file /home/airflow/.local/lib/python3.7/site-packages/airflow/example_dags/tutorial_dag.py for tasks to queue
[2022-09-20T13:56:06.011+0000] {logging_mixin.py:117} INFO - [2022-09-20T13:56:06.011+0000] {dagbag.py:525} INFO - Filling up the DagBag from /home/airflow/.local/lib/python3.7/site-packages/airflow/example_dags/tutorial_dag.py
[2022-09-20T13:56:06.036+0000] {processor.py:768} INFO - DAG(s) dict_keys(['tutorial_dag']) retrieved from /home/airflow/.local/lib/python3.7/site-packages/airflow/example_dags/tutorial_dag.py
[2022-09-20T13:56:06.810+0000] {logging_mixin.py:117} INFO - [2022-09-20T13:56:06.810+0000] {dag.py:2573} INFO - Sync 1 DAGs
[2022-09-20T13:56:07.073+0000] {logging_mixin.py:117} INFO - [2022-09-20T13:56:07.073+0000] {dag.py:3328} INFO - Setting next_dagrun for tutorial_dag to None, run_after=None
[2022-09-20T13:56:08.091+0000] {processor.py:178} INFO - Processing /home/airflow/.local/lib/python3.7/site-packages/airflow/example_dags/tutorial_dag.py took 2.288 seconds
[2022-09-20T14:03:46.617+0000] {processor.py:156} INFO - Started process (PID=216) to work on /home/airflow/.local/lib/python3.7/site-packages/airflow/example_dags/tutorial_dag.py
[2022-09-20T14:03:53.446+0000] {processor.py:758} INFO - Processing file /home/airflow/.local/lib/python3.7/site-packages/airflow/example_dags/tutorial_dag.py for tasks to queue
[2022-09-20T14:03:53.448+0000] {logging_mixin.py:117} INFO - [2022-09-20T14:03:53.447+0000] {dagbag.py:525} INFO - Filling up the DagBag from /home/airflow/.local/lib/python3.7/site-packages/airflow/example_dags/tutorial_dag.py
[2022-09-20T14:03:53.464+0000] {processor.py:768} INFO - DAG(s) dict_keys(['tutorial_dag']) retrieved from /home/airflow/.local/lib/python3.7/site-packages/airflow/example_dags/tutorial_dag.py
[2022-09-20T14:03:53.503+0000] {logging_mixin.py:117} INFO - [2022-09-20T14:03:53.503+0000] {dag.py:2573} INFO - Sync 1 DAGs
[2022-09-20T14:03:53.529+0000] {logging_mixin.py:117} INFO - [2022-09-20T14:03:53.528+0000] {dag.py:3328} INFO - Setting next_dagrun for tutorial_dag to None, run_after=None
[2022-09-20T14:03:57.141+0000] {processor.py:178} INFO - Processing /home/airflow/.local/lib/python3.7/site-packages/airflow/example_dags/tutorial_dag.py took 8.003 seconds
[2022-09-20T14:05:27.296+0000] {processor.py:156} INFO - Started process (PID=275) to work on /home/airflow/.local/lib/python3.7/site-packages/airflow/example_dags/tutorial_dag.py
[2022-09-20T14:05:27.797+0000] {processor.py:758} INFO - Processing file /home/airflow/.local/lib/python3.7/site-packages/airflow/example_dags/tutorial_dag.py for tasks to queue
[2022-09-20T14:05:27.797+0000] {logging_mixin.py:117} INFO - [2022-09-20T14:05:27.797+0000] {dagbag.py:525} INFO - Filling up the DagBag from /home/airflow/.local/lib/python3.7/site-packages/airflow/example_dags/tutorial_dag.py
[2022-09-20T14:05:27.813+0000] {processor.py:768} INFO - DAG(s) dict_keys(['tutorial_dag']) retrieved from /home/airflow/.local/lib/python3.7/site-packages/airflow/example_dags/tutorial_dag.py
[2022-09-20T14:05:27.862+0000] {logging_mixin.py:117} INFO - [2022-09-20T14:05:27.862+0000] {dag.py:2573} INFO - Sync 1 DAGs
[2022-09-20T14:05:27.902+0000] {logging_mixin.py:117} INFO - [2022-09-20T14:05:27.902+0000] {dag.py:3328} INFO - Setting next_dagrun for tutorial_dag to None, run_after=None
[2022-09-20T14:05:29.724+0000] {processor.py:178} INFO - Processing /home/airflow/.local/lib/python3.7/site-packages/airflow/example_dags/tutorial_dag.py took 2.432 seconds
[2022-09-20T14:06:25.105+0000] {processor.py:156} INFO - Started process (PID=332) to work on /home/airflow/.local/lib/python3.7/site-packages/airflow/example_dags/tutorial_dag.py
[2022-09-20T14:06:25.624+0000] {processor.py:758} INFO - Processing file /home/airflow/.local/lib/python3.7/site-packages/airflow/example_dags/tutorial_dag.py for tasks to queue
[2022-09-20T14:06:25.625+0000] {logging_mixin.py:117} INFO - [2022-09-20T14:06:25.625+0000] {dagbag.py:525} INFO - Filling up the DagBag from /home/airflow/.local/lib/python3.7/site-packages/airflow/example_dags/tutorial_dag.py
[2022-09-20T14:06:25.664+0000] {processor.py:768} INFO - DAG(s) dict_keys(['tutorial_dag']) retrieved from /home/airflow/.local/lib/python3.7/site-packages/airflow/example_dags/tutorial_dag.py
[2022-09-20T14:06:25.703+0000] {logging_mixin.py:117} INFO - [2022-09-20T14:06:25.703+0000] {dag.py:2573} INFO - Sync 1 DAGs
[2022-09-20T14:06:25.727+0000] {logging_mixin.py:117} INFO - [2022-09-20T14:06:25.727+0000] {dag.py:3328} INFO - Setting next_dagrun for tutorial_dag to None, run_after=None
[2022-09-20T14:06:26.274+0000] {processor.py:178} INFO - Processing /home/airflow/.local/lib/python3.7/site-packages/airflow/example_dags/tutorial_dag.py took 1.177 seconds
[2022-09-20T14:07:07.330+0000] {processor.py:156} INFO - Started process (PID=364) to work on /home/airflow/.local/lib/python3.7/site-packages/airflow/example_dags/tutorial_dag.py
[2022-09-20T14:07:08.370+0000] {processor.py:758} INFO - Processing file /home/airflow/.local/lib/python3.7/site-packages/airflow/example_dags/tutorial_dag.py for tasks to queue
[2022-09-20T14:07:08.373+0000] {logging_mixin.py:117} INFO - [2022-09-20T14:07:08.372+0000] {dagbag.py:525} INFO - Filling up the DagBag from /home/airflow/.local/lib/python3.7/site-packages/airflow/example_dags/tutorial_dag.py
[2022-09-20T14:07:08.400+0000] {processor.py:768} INFO - DAG(s) dict_keys(['tutorial_dag']) retrieved from /home/airflow/.local/lib/python3.7/site-packages/airflow/example_dags/tutorial_dag.py
[2022-09-20T14:07:08.441+0000] {logging_mixin.py:117} INFO - [2022-09-20T14:07:08.441+0000] {dag.py:2573} INFO - Sync 1 DAGs
[2022-09-20T14:07:08.465+0000] {logging_mixin.py:117} INFO - [2022-09-20T14:07:08.464+0000] {dag.py:3328} INFO - Setting next_dagrun for tutorial_dag to None, run_after=None
[2022-09-20T14:07:09.716+0000] {processor.py:178} INFO - Processing /home/airflow/.local/lib/python3.7/site-packages/airflow/example_dags/tutorial_dag.py took 2.390 seconds
[2022-09-20T14:07:48.021+0000] {processor.py:156} INFO - Started process (PID=417) to work on /home/airflow/.local/lib/python3.7/site-packages/airflow/example_dags/tutorial_dag.py
[2022-09-20T14:07:48.525+0000] {processor.py:758} INFO - Processing file /home/airflow/.local/lib/python3.7/site-packages/airflow/example_dags/tutorial_dag.py for tasks to queue
[2022-09-20T14:07:48.527+0000] {logging_mixin.py:117} INFO - [2022-09-20T14:07:48.526+0000] {dagbag.py:525} INFO - Filling up the DagBag from /home/airflow/.local/lib/python3.7/site-packages/airflow/example_dags/tutorial_dag.py
[2022-09-20T14:07:48.540+0000] {processor.py:768} INFO - DAG(s) dict_keys(['tutorial_dag']) retrieved from /home/airflow/.local/lib/python3.7/site-packages/airflow/example_dags/tutorial_dag.py
[2022-09-20T14:07:48.581+0000] {logging_mixin.py:117} INFO - [2022-09-20T14:07:48.581+0000] {dag.py:2573} INFO - Sync 1 DAGs
[2022-09-20T14:07:48.605+0000] {logging_mixin.py:117} INFO - [2022-09-20T14:07:48.605+0000] {dag.py:3328} INFO - Setting next_dagrun for tutorial_dag to None, run_after=None
[2022-09-20T14:07:49.425+0000] {processor.py:178} INFO - Processing /home/airflow/.local/lib/python3.7/site-packages/airflow/example_dags/tutorial_dag.py took 1.407 seconds
[2022-09-20T14:08:23.020+0000] {processor.py:156} INFO - Started process (PID=472) to work on /home/airflow/.local/lib/python3.7/site-packages/airflow/example_dags/tutorial_dag.py
[2022-09-20T14:08:23.130+0000] {processor.py:758} INFO - Processing file /home/airflow/.local/lib/python3.7/site-packages/airflow/example_dags/tutorial_dag.py for tasks to queue
[2022-09-20T14:08:23.131+0000] {logging_mixin.py:117} INFO - [2022-09-20T14:08:23.131+0000] {dagbag.py:525} INFO - Filling up the DagBag from /home/airflow/.local/lib/python3.7/site-packages/airflow/example_dags/tutorial_dag.py
[2022-09-20T14:08:23.147+0000] {processor.py:768} INFO - DAG(s) dict_keys(['tutorial_dag']) retrieved from /home/airflow/.local/lib/python3.7/site-packages/airflow/example_dags/tutorial_dag.py
[2022-09-20T14:08:23.193+0000] {logging_mixin.py:117} INFO - [2022-09-20T14:08:23.192+0000] {dag.py:2573} INFO - Sync 1 DAGs
[2022-09-20T14:08:23.217+0000] {logging_mixin.py:117} INFO - [2022-09-20T14:08:23.217+0000] {dag.py:3328} INFO - Setting next_dagrun for tutorial_dag to None, run_after=None
[2022-09-20T14:08:24.634+0000] {processor.py:178} INFO - Processing /home/airflow/.local/lib/python3.7/site-packages/airflow/example_dags/tutorial_dag.py took 1.620 seconds
[2022-09-20T14:10:04.325+0000] {processor.py:156} INFO - Started process (PID=506) to work on /home/airflow/.local/lib/python3.7/site-packages/airflow/example_dags/tutorial_dag.py
[2022-09-20T14:10:04.975+0000] {processor.py:758} INFO - Processing file /home/airflow/.local/lib/python3.7/site-packages/airflow/example_dags/tutorial_dag.py for tasks to queue
[2022-09-20T14:10:04.976+0000] {logging_mixin.py:117} INFO - [2022-09-20T14:10:04.976+0000] {dagbag.py:525} INFO - Filling up the DagBag from /home/airflow/.local/lib/python3.7/site-packages/airflow/example_dags/tutorial_dag.py
[2022-09-20T14:10:04.997+0000] {processor.py:768} INFO - DAG(s) dict_keys(['tutorial_dag']) retrieved from /home/airflow/.local/lib/python3.7/site-packages/airflow/example_dags/tutorial_dag.py
[2022-09-20T14:10:08.401+0000] {logging_mixin.py:117} INFO - [2022-09-20T14:10:08.401+0000] {dag.py:2573} INFO - Sync 1 DAGs
[2022-09-20T14:10:08.431+0000] {logging_mixin.py:117} INFO - [2022-09-20T14:10:08.431+0000] {dag.py:3328} INFO - Setting next_dagrun for tutorial_dag to None, run_after=None
[2022-09-20T14:10:17.478+0000] {processor.py:178} INFO - Processing /home/airflow/.local/lib/python3.7/site-packages/airflow/example_dags/tutorial_dag.py took 13.557 seconds
[2022-09-20T14:11:35.880+0000] {processor.py:156} INFO - Started process (PID=567) to work on /home/airflow/.local/lib/python3.7/site-packages/airflow/example_dags/tutorial_dag.py
[2022-09-20T14:11:36.234+0000] {processor.py:758} INFO - Processing file /home/airflow/.local/lib/python3.7/site-packages/airflow/example_dags/tutorial_dag.py for tasks to queue
[2022-09-20T14:11:36.236+0000] {logging_mixin.py:117} INFO - [2022-09-20T14:11:36.236+0000] {dagbag.py:525} INFO - Filling up the DagBag from /home/airflow/.local/lib/python3.7/site-packages/airflow/example_dags/tutorial_dag.py
[2022-09-20T14:11:36.277+0000] {processor.py:768} INFO - DAG(s) dict_keys(['tutorial_dag']) retrieved from /home/airflow/.local/lib/python3.7/site-packages/airflow/example_dags/tutorial_dag.py
[2022-09-20T14:11:36.785+0000] {logging_mixin.py:117} INFO - [2022-09-20T14:11:36.785+0000] {dag.py:2573} INFO - Sync 1 DAGs
[2022-09-20T14:11:36.809+0000] {logging_mixin.py:117} INFO - [2022-09-20T14:11:36.809+0000] {dag.py:3328} INFO - Setting next_dagrun for tutorial_dag to None, run_after=None
[2022-09-20T14:11:37.871+0000] {processor.py:178} INFO - Processing /home/airflow/.local/lib/python3.7/site-packages/airflow/example_dags/tutorial_dag.py took 1.998 seconds
[2022-09-20T14:13:29.138+0000] {processor.py:156} INFO - Started process (PID=631) to work on /home/airflow/.local/lib/python3.7/site-packages/airflow/example_dags/tutorial_dag.py
[2022-09-20T14:13:29.252+0000] {processor.py:758} INFO - Processing file /home/airflow/.local/lib/python3.7/site-packages/airflow/example_dags/tutorial_dag.py for tasks to queue
[2022-09-20T14:13:29.253+0000] {logging_mixin.py:117} INFO - [2022-09-20T14:13:29.252+0000] {dagbag.py:525} INFO - Filling up the DagBag from /home/airflow/.local/lib/python3.7/site-packages/airflow/example_dags/tutorial_dag.py
[2022-09-20T14:13:29.269+0000] {processor.py:768} INFO - DAG(s) dict_keys(['tutorial_dag']) retrieved from /home/airflow/.local/lib/python3.7/site-packages/airflow/example_dags/tutorial_dag.py
[2022-09-20T14:13:31.440+0000] {logging_mixin.py:117} INFO - [2022-09-20T14:13:31.440+0000] {dag.py:2573} INFO - Sync 1 DAGs
[2022-09-20T14:13:32.158+0000] {logging_mixin.py:117} INFO - [2022-09-20T14:13:32.158+0000] {dag.py:3328} INFO - Setting next_dagrun for tutorial_dag to None, run_after=None
[2022-09-20T14:13:47.520+0000] {processor.py:178} INFO - Processing /home/airflow/.local/lib/python3.7/site-packages/airflow/example_dags/tutorial_dag.py took 18.388 seconds
[2022-09-20T14:14:37.126+0000] {processor.py:156} INFO - Started process (PID=690) to work on /home/airflow/.local/lib/python3.7/site-packages/airflow/example_dags/tutorial_dag.py
[2022-09-20T14:14:37.314+0000] {processor.py:758} INFO - Processing file /home/airflow/.local/lib/python3.7/site-packages/airflow/example_dags/tutorial_dag.py for tasks to queue
[2022-09-20T14:14:37.315+0000] {logging_mixin.py:117} INFO - [2022-09-20T14:14:37.315+0000] {dagbag.py:525} INFO - Filling up the DagBag from /home/airflow/.local/lib/python3.7/site-packages/airflow/example_dags/tutorial_dag.py
[2022-09-20T14:14:37.336+0000] {processor.py:768} INFO - DAG(s) dict_keys(['tutorial_dag']) retrieved from /home/airflow/.local/lib/python3.7/site-packages/airflow/example_dags/tutorial_dag.py
[2022-09-20T14:14:37.395+0000] {logging_mixin.py:117} INFO - [2022-09-20T14:14:37.395+0000] {dag.py:2573} INFO - Sync 1 DAGs
[2022-09-20T14:14:37.434+0000] {logging_mixin.py:117} INFO - [2022-09-20T14:14:37.434+0000] {dag.py:3328} INFO - Setting next_dagrun for tutorial_dag to None, run_after=None
[2022-09-20T14:14:37.970+0000] {processor.py:178} INFO - Processing /home/airflow/.local/lib/python3.7/site-packages/airflow/example_dags/tutorial_dag.py took 0.848 seconds
[2022-09-20T14:15:08.234+0000] {processor.py:156} INFO - Started process (PID=736) to work on /home/airflow/.local/lib/python3.7/site-packages/airflow/example_dags/tutorial_dag.py
[2022-09-20T14:15:08.234+0000] {processor.py:758} INFO - Processing file /home/airflow/.local/lib/python3.7/site-packages/airflow/example_dags/tutorial_dag.py for tasks to queue
[2022-09-20T14:15:08.235+0000] {logging_mixin.py:117} INFO - [2022-09-20T14:15:08.235+0000] {dagbag.py:525} INFO - Filling up the DagBag from /home/airflow/.local/lib/python3.7/site-packages/airflow/example_dags/tutorial_dag.py
[2022-09-20T14:15:08.249+0000] {processor.py:768} INFO - DAG(s) dict_keys(['tutorial_dag']) retrieved from /home/airflow/.local/lib/python3.7/site-packages/airflow/example_dags/tutorial_dag.py
[2022-09-20T14:15:08.289+0000] {logging_mixin.py:117} INFO - [2022-09-20T14:15:08.289+0000] {dag.py:2573} INFO - Sync 1 DAGs
[2022-09-20T14:15:08.313+0000] {logging_mixin.py:117} INFO - [2022-09-20T14:15:08.313+0000] {dag.py:3328} INFO - Setting next_dagrun for tutorial_dag to None, run_after=None
[2022-09-20T14:15:08.607+0000] {processor.py:178} INFO - Processing /home/airflow/.local/lib/python3.7/site-packages/airflow/example_dags/tutorial_dag.py took 0.377 seconds
[2022-09-20T14:16:19.638+0000] {processor.py:156} INFO - Started process (PID=771) to work on /home/airflow/.local/lib/python3.7/site-packages/airflow/example_dags/tutorial_dag.py
[2022-09-20T14:16:19.761+0000] {processor.py:758} INFO - Processing file /home/airflow/.local/lib/python3.7/site-packages/airflow/example_dags/tutorial_dag.py for tasks to queue
[2022-09-20T14:16:19.762+0000] {logging_mixin.py:117} INFO - [2022-09-20T14:16:19.762+0000] {dagbag.py:525} INFO - Filling up the DagBag from /home/airflow/.local/lib/python3.7/site-packages/airflow/example_dags/tutorial_dag.py
[2022-09-20T14:16:19.777+0000] {processor.py:768} INFO - DAG(s) dict_keys(['tutorial_dag']) retrieved from /home/airflow/.local/lib/python3.7/site-packages/airflow/example_dags/tutorial_dag.py
[2022-09-20T14:16:19.825+0000] {logging_mixin.py:117} INFO - [2022-09-20T14:16:19.825+0000] {dag.py:2573} INFO - Sync 1 DAGs
[2022-09-20T14:16:19.855+0000] {logging_mixin.py:117} INFO - [2022-09-20T14:16:19.855+0000] {dag.py:3328} INFO - Setting next_dagrun for tutorial_dag to None, run_after=None
[2022-09-20T14:16:20.036+0000] {processor.py:178} INFO - Processing /home/airflow/.local/lib/python3.7/site-packages/airflow/example_dags/tutorial_dag.py took 0.402 seconds
[2022-09-20T14:16:56.806+0000] {processor.py:156} INFO - Started process (PID=825) to work on /home/airflow/.local/lib/python3.7/site-packages/airflow/example_dags/tutorial_dag.py
[2022-09-20T14:16:56.868+0000] {processor.py:758} INFO - Processing file /home/airflow/.local/lib/python3.7/site-packages/airflow/example_dags/tutorial_dag.py for tasks to queue
[2022-09-20T14:16:56.871+0000] {logging_mixin.py:117} INFO - [2022-09-20T14:16:56.871+0000] {dagbag.py:525} INFO - Filling up the DagBag from /home/airflow/.local/lib/python3.7/site-packages/airflow/example_dags/tutorial_dag.py
[2022-09-20T14:16:56.902+0000] {processor.py:768} INFO - DAG(s) dict_keys(['tutorial_dag']) retrieved from /home/airflow/.local/lib/python3.7/site-packages/airflow/example_dags/tutorial_dag.py
[2022-09-20T14:16:56.942+0000] {logging_mixin.py:117} INFO - [2022-09-20T14:16:56.942+0000] {dag.py:2573} INFO - Sync 1 DAGs
[2022-09-20T14:16:56.965+0000] {logging_mixin.py:117} INFO - [2022-09-20T14:16:56.965+0000] {dag.py:3328} INFO - Setting next_dagrun for tutorial_dag to None, run_after=None
[2022-09-20T14:17:00.986+0000] {processor.py:178} INFO - Processing /home/airflow/.local/lib/python3.7/site-packages/airflow/example_dags/tutorial_dag.py took 4.182 seconds
[2022-09-20T14:18:54.589+0000] {processor.py:156} INFO - Started process (PID=892) to work on /home/airflow/.local/lib/python3.7/site-packages/airflow/example_dags/tutorial_dag.py
[2022-09-20T14:18:54.821+0000] {processor.py:758} INFO - Processing file /home/airflow/.local/lib/python3.7/site-packages/airflow/example_dags/tutorial_dag.py for tasks to queue
[2022-09-20T14:18:54.822+0000] {logging_mixin.py:117} INFO - [2022-09-20T14:18:54.821+0000] {dagbag.py:525} INFO - Filling up the DagBag from /home/airflow/.local/lib/python3.7/site-packages/airflow/example_dags/tutorial_dag.py
[2022-09-20T14:18:54.838+0000] {processor.py:768} INFO - DAG(s) dict_keys(['tutorial_dag']) retrieved from /home/airflow/.local/lib/python3.7/site-packages/airflow/example_dags/tutorial_dag.py
[2022-09-20T14:18:54.884+0000] {logging_mixin.py:117} INFO - [2022-09-20T14:18:54.884+0000] {dag.py:2573} INFO - Sync 1 DAGs
[2022-09-20T14:18:54.912+0000] {logging_mixin.py:117} INFO - [2022-09-20T14:18:54.912+0000] {dag.py:3328} INFO - Setting next_dagrun for tutorial_dag to None, run_after=None
[2022-09-20T14:18:55.852+0000] {processor.py:178} INFO - Processing /home/airflow/.local/lib/python3.7/site-packages/airflow/example_dags/tutorial_dag.py took 1.266 seconds
[2022-09-20T14:20:07.990+0000] {processor.py:156} INFO - Started process (PID=941) to work on /home/airflow/.local/lib/python3.7/site-packages/airflow/example_dags/tutorial_dag.py
[2022-09-20T14:20:08.216+0000] {processor.py:758} INFO - Processing file /home/airflow/.local/lib/python3.7/site-packages/airflow/example_dags/tutorial_dag.py for tasks to queue
[2022-09-20T14:20:08.218+0000] {logging_mixin.py:117} INFO - [2022-09-20T14:20:08.218+0000] {dagbag.py:525} INFO - Filling up the DagBag from /home/airflow/.local/lib/python3.7/site-packages/airflow/example_dags/tutorial_dag.py
[2022-09-20T14:20:08.259+0000] {processor.py:768} INFO - DAG(s) dict_keys(['tutorial_dag']) retrieved from /home/airflow/.local/lib/python3.7/site-packages/airflow/example_dags/tutorial_dag.py
[2022-09-20T14:20:08.298+0000] {logging_mixin.py:117} INFO - [2022-09-20T14:20:08.298+0000] {dag.py:2573} INFO - Sync 1 DAGs
[2022-09-20T14:20:08.323+0000] {logging_mixin.py:117} INFO - [2022-09-20T14:20:08.322+0000] {dag.py:3328} INFO - Setting next_dagrun for tutorial_dag to None, run_after=None
[2022-09-20T14:20:09.039+0000] {processor.py:178} INFO - Processing /home/airflow/.local/lib/python3.7/site-packages/airflow/example_dags/tutorial_dag.py took 1.053 seconds
[2022-09-20T14:21:54.527+0000] {processor.py:156} INFO - Started process (PID=1000) to work on /home/airflow/.local/lib/python3.7/site-packages/airflow/example_dags/tutorial_dag.py
[2022-09-20T14:21:54.687+0000] {processor.py:758} INFO - Processing file /home/airflow/.local/lib/python3.7/site-packages/airflow/example_dags/tutorial_dag.py for tasks to queue
[2022-09-20T14:21:54.690+0000] {logging_mixin.py:117} INFO - [2022-09-20T14:21:54.689+0000] {dagbag.py:525} INFO - Filling up the DagBag from /home/airflow/.local/lib/python3.7/site-packages/airflow/example_dags/tutorial_dag.py
[2022-09-20T14:21:54.723+0000] {processor.py:768} INFO - DAG(s) dict_keys(['tutorial_dag']) retrieved from /home/airflow/.local/lib/python3.7/site-packages/airflow/example_dags/tutorial_dag.py
[2022-09-20T14:21:54.762+0000] {logging_mixin.py:117} INFO - [2022-09-20T14:21:54.762+0000] {dag.py:2573} INFO - Sync 1 DAGs
[2022-09-20T14:21:54.786+0000] {logging_mixin.py:117} INFO - [2022-09-20T14:21:54.786+0000] {dag.py:3328} INFO - Setting next_dagrun for tutorial_dag to None, run_after=None
[2022-09-20T14:21:55.435+0000] {processor.py:178} INFO - Processing /home/airflow/.local/lib/python3.7/site-packages/airflow/example_dags/tutorial_dag.py took 0.911 seconds
[2022-09-20T14:23:39.979+0000] {processor.py:156} INFO - Started process (PID=1032) to work on /home/airflow/.local/lib/python3.7/site-packages/airflow/example_dags/tutorial_dag.py
[2022-09-20T14:23:40.341+0000] {processor.py:758} INFO - Processing file /home/airflow/.local/lib/python3.7/site-packages/airflow/example_dags/tutorial_dag.py for tasks to queue
[2022-09-20T14:23:40.545+0000] {logging_mixin.py:117} INFO - [2022-09-20T14:23:40.544+0000] {dagbag.py:525} INFO - Filling up the DagBag from /home/airflow/.local/lib/python3.7/site-packages/airflow/example_dags/tutorial_dag.py
[2022-09-20T14:23:40.586+0000] {processor.py:768} INFO - DAG(s) dict_keys(['tutorial_dag']) retrieved from /home/airflow/.local/lib/python3.7/site-packages/airflow/example_dags/tutorial_dag.py
[2022-09-20T14:23:40.627+0000] {logging_mixin.py:117} INFO - [2022-09-20T14:23:40.627+0000] {dag.py:2573} INFO - Sync 1 DAGs
[2022-09-20T14:23:40.650+0000] {logging_mixin.py:117} INFO - [2022-09-20T14:23:40.650+0000] {dag.py:3328} INFO - Setting next_dagrun for tutorial_dag to None, run_after=None
[2022-09-20T14:23:41.930+0000] {processor.py:178} INFO - Processing /home/airflow/.local/lib/python3.7/site-packages/airflow/example_dags/tutorial_dag.py took 1.958 seconds
[2022-09-20T14:25:13.559+0000] {processor.py:156} INFO - Started process (PID=1079) to work on /home/airflow/.local/lib/python3.7/site-packages/airflow/example_dags/tutorial_dag.py
[2022-09-20T14:25:13.743+0000] {processor.py:758} INFO - Processing file /home/airflow/.local/lib/python3.7/site-packages/airflow/example_dags/tutorial_dag.py for tasks to queue
[2022-09-20T14:25:13.745+0000] {logging_mixin.py:117} INFO - [2022-09-20T14:25:13.744+0000] {dagbag.py:525} INFO - Filling up the DagBag from /home/airflow/.local/lib/python3.7/site-packages/airflow/example_dags/tutorial_dag.py
[2022-09-20T14:25:13.779+0000] {processor.py:768} INFO - DAG(s) dict_keys(['tutorial_dag']) retrieved from /home/airflow/.local/lib/python3.7/site-packages/airflow/example_dags/tutorial_dag.py
[2022-09-20T14:25:13.819+0000] {logging_mixin.py:117} INFO - [2022-09-20T14:25:13.818+0000] {dag.py:2573} INFO - Sync 1 DAGs
[2022-09-20T14:25:13.843+0000] {logging_mixin.py:117} INFO - [2022-09-20T14:25:13.843+0000] {dag.py:3328} INFO - Setting next_dagrun for tutorial_dag to None, run_after=None
[2022-09-20T14:25:14.608+0000] {processor.py:178} INFO - Processing /home/airflow/.local/lib/python3.7/site-packages/airflow/example_dags/tutorial_dag.py took 1.053 seconds
[2022-09-20T14:25:53.306+0000] {processor.py:156} INFO - Started process (PID=1133) to work on /home/airflow/.local/lib/python3.7/site-packages/airflow/example_dags/tutorial_dag.py
[2022-09-20T14:25:53.543+0000] {processor.py:758} INFO - Processing file /home/airflow/.local/lib/python3.7/site-packages/airflow/example_dags/tutorial_dag.py for tasks to queue
[2022-09-20T14:25:53.546+0000] {logging_mixin.py:117} INFO - [2022-09-20T14:25:53.545+0000] {dagbag.py:525} INFO - Filling up the DagBag from /home/airflow/.local/lib/python3.7/site-packages/airflow/example_dags/tutorial_dag.py
[2022-09-20T14:25:53.579+0000] {processor.py:768} INFO - DAG(s) dict_keys(['tutorial_dag']) retrieved from /home/airflow/.local/lib/python3.7/site-packages/airflow/example_dags/tutorial_dag.py
[2022-09-20T14:25:53.618+0000] {logging_mixin.py:117} INFO - [2022-09-20T14:25:53.618+0000] {dag.py:2573} INFO - Sync 1 DAGs
[2022-09-20T14:25:53.641+0000] {logging_mixin.py:117} INFO - [2022-09-20T14:25:53.641+0000] {dag.py:3328} INFO - Setting next_dagrun for tutorial_dag to None, run_after=None
[2022-09-20T14:25:54.011+0000] {processor.py:178} INFO - Processing /home/airflow/.local/lib/python3.7/site-packages/airflow/example_dags/tutorial_dag.py took 0.708 seconds
[2022-09-20T14:27:51.090+0000] {processor.py:156} INFO - Started process (PID=1161) to work on /home/airflow/.local/lib/python3.7/site-packages/airflow/example_dags/tutorial_dag.py
[2022-09-20T14:27:51.553+0000] {processor.py:758} INFO - Processing file /home/airflow/.local/lib/python3.7/site-packages/airflow/example_dags/tutorial_dag.py for tasks to queue
[2022-09-20T14:27:51.555+0000] {logging_mixin.py:117} INFO - [2022-09-20T14:27:51.554+0000] {dagbag.py:525} INFO - Filling up the DagBag from /home/airflow/.local/lib/python3.7/site-packages/airflow/example_dags/tutorial_dag.py
[2022-09-20T14:27:51.595+0000] {processor.py:768} INFO - DAG(s) dict_keys(['tutorial_dag']) retrieved from /home/airflow/.local/lib/python3.7/site-packages/airflow/example_dags/tutorial_dag.py
[2022-09-20T14:27:51.633+0000] {logging_mixin.py:117} INFO - [2022-09-20T14:27:51.633+0000] {dag.py:2573} INFO - Sync 1 DAGs
[2022-09-20T14:27:51.657+0000] {logging_mixin.py:117} INFO - [2022-09-20T14:27:51.657+0000] {dag.py:3328} INFO - Setting next_dagrun for tutorial_dag to None, run_after=None
[2022-09-20T14:27:55.333+0000] {processor.py:178} INFO - Processing /home/airflow/.local/lib/python3.7/site-packages/airflow/example_dags/tutorial_dag.py took 4.246 seconds
[2022-09-20T14:31:25.992+0000] {processor.py:156} INFO - Started process (PID=1205) to work on /home/airflow/.local/lib/python3.7/site-packages/airflow/example_dags/tutorial_dag.py
[2022-09-20T14:31:26.086+0000] {processor.py:758} INFO - Processing file /home/airflow/.local/lib/python3.7/site-packages/airflow/example_dags/tutorial_dag.py for tasks to queue
[2022-09-20T14:31:26.087+0000] {logging_mixin.py:117} INFO - [2022-09-20T14:31:26.086+0000] {dagbag.py:525} INFO - Filling up the DagBag from /home/airflow/.local/lib/python3.7/site-packages/airflow/example_dags/tutorial_dag.py
[2022-09-20T14:31:26.101+0000] {processor.py:768} INFO - DAG(s) dict_keys(['tutorial_dag']) retrieved from /home/airflow/.local/lib/python3.7/site-packages/airflow/example_dags/tutorial_dag.py
[2022-09-20T14:31:26.141+0000] {logging_mixin.py:117} INFO - [2022-09-20T14:31:26.141+0000] {dag.py:2573} INFO - Sync 1 DAGs
[2022-09-20T14:31:26.167+0000] {logging_mixin.py:117} INFO - [2022-09-20T14:31:26.166+0000] {dag.py:3328} INFO - Setting next_dagrun for tutorial_dag to None, run_after=None
[2022-09-20T14:31:26.911+0000] {processor.py:178} INFO - Processing /home/airflow/.local/lib/python3.7/site-packages/airflow/example_dags/tutorial_dag.py took 0.923 seconds
[2022-09-20T14:32:49.483+0000] {processor.py:156} INFO - Started process (PID=1260) to work on /home/airflow/.local/lib/python3.7/site-packages/airflow/example_dags/tutorial_dag.py
[2022-09-20T14:32:55.961+0000] {processor.py:758} INFO - Processing file /home/airflow/.local/lib/python3.7/site-packages/airflow/example_dags/tutorial_dag.py for tasks to queue
[2022-09-20T14:32:55.384+0000] {logging_mixin.py:117} INFO - [2022-09-20T14:32:55.381+0000] {dagbag.py:525} INFO - Filling up the DagBag from /home/airflow/.local/lib/python3.7/site-packages/airflow/example_dags/tutorial_dag.py
[2022-09-20T14:32:55.439+0000] {processor.py:768} INFO - DAG(s) dict_keys(['tutorial_dag']) retrieved from /home/airflow/.local/lib/python3.7/site-packages/airflow/example_dags/tutorial_dag.py
[2022-09-20T14:32:55.494+0000] {logging_mixin.py:117} INFO - [2022-09-20T14:32:55.493+0000] {dag.py:2573} INFO - Sync 1 DAGs
[2022-09-20T14:32:55.521+0000] {logging_mixin.py:117} INFO - [2022-09-20T14:32:55.521+0000] {dag.py:3328} INFO - Setting next_dagrun for tutorial_dag to None, run_after=None
[2022-09-20T14:33:01.693+0000] {processor.py:178} INFO - Processing /home/airflow/.local/lib/python3.7/site-packages/airflow/example_dags/tutorial_dag.py took 12.801 seconds
[2022-09-20T14:33:46.361+0000] {processor.py:156} INFO - Started process (PID=1315) to work on /home/airflow/.local/lib/python3.7/site-packages/airflow/example_dags/tutorial_dag.py
[2022-09-20T14:33:46.473+0000] {processor.py:758} INFO - Processing file /home/airflow/.local/lib/python3.7/site-packages/airflow/example_dags/tutorial_dag.py for tasks to queue
[2022-09-20T14:33:46.474+0000] {logging_mixin.py:117} INFO - [2022-09-20T14:33:46.473+0000] {dagbag.py:525} INFO - Filling up the DagBag from /home/airflow/.local/lib/python3.7/site-packages/airflow/example_dags/tutorial_dag.py
[2022-09-20T14:33:46.488+0000] {processor.py:768} INFO - DAG(s) dict_keys(['tutorial_dag']) retrieved from /home/airflow/.local/lib/python3.7/site-packages/airflow/example_dags/tutorial_dag.py
[2022-09-20T14:33:46.527+0000] {logging_mixin.py:117} INFO - [2022-09-20T14:33:46.527+0000] {dag.py:2573} INFO - Sync 1 DAGs
[2022-09-20T14:33:46.551+0000] {logging_mixin.py:117} INFO - [2022-09-20T14:33:46.551+0000] {dag.py:3328} INFO - Setting next_dagrun for tutorial_dag to None, run_after=None
[2022-09-20T14:33:46.900+0000] {processor.py:178} INFO - Processing /home/airflow/.local/lib/python3.7/site-packages/airflow/example_dags/tutorial_dag.py took 0.543 seconds
[2022-09-20T17:10:46.263+0000] {processor.py:156} INFO - Started process (PID=140) to work on /home/airflow/.local/lib/python3.7/site-packages/airflow/example_dags/tutorial_dag.py
[2022-09-20T17:10:46.557+0000] {processor.py:758} INFO - Processing file /home/airflow/.local/lib/python3.7/site-packages/airflow/example_dags/tutorial_dag.py for tasks to queue
[2022-09-20T17:10:46.558+0000] {logging_mixin.py:117} INFO - [2022-09-20T17:10:46.558+0000] {dagbag.py:525} INFO - Filling up the DagBag from /home/airflow/.local/lib/python3.7/site-packages/airflow/example_dags/tutorial_dag.py
[2022-09-20T17:10:46.594+0000] {processor.py:768} INFO - DAG(s) dict_keys(['tutorial_dag']) retrieved from /home/airflow/.local/lib/python3.7/site-packages/airflow/example_dags/tutorial_dag.py
[2022-09-20T17:10:46.860+0000] {logging_mixin.py:117} INFO - [2022-09-20T17:10:46.860+0000] {dag.py:2573} INFO - Sync 1 DAGs
[2022-09-20T17:10:46.894+0000] {logging_mixin.py:117} INFO - [2022-09-20T17:10:46.894+0000] {dag.py:3328} INFO - Setting next_dagrun for tutorial_dag to None, run_after=None
[2022-09-20T17:10:47.465+0000] {processor.py:178} INFO - Processing /home/airflow/.local/lib/python3.7/site-packages/airflow/example_dags/tutorial_dag.py took 1.209 seconds
[2022-09-20T17:11:57.175+0000] {processor.py:156} INFO - Started process (PID=212) to work on /home/airflow/.local/lib/python3.7/site-packages/airflow/example_dags/tutorial_dag.py
[2022-09-20T17:11:57.404+0000] {processor.py:758} INFO - Processing file /home/airflow/.local/lib/python3.7/site-packages/airflow/example_dags/tutorial_dag.py for tasks to queue
[2022-09-20T17:11:57.405+0000] {logging_mixin.py:117} INFO - [2022-09-20T17:11:57.405+0000] {dagbag.py:525} INFO - Filling up the DagBag from /home/airflow/.local/lib/python3.7/site-packages/airflow/example_dags/tutorial_dag.py
[2022-09-20T17:11:57.425+0000] {processor.py:768} INFO - DAG(s) dict_keys(['tutorial_dag']) retrieved from /home/airflow/.local/lib/python3.7/site-packages/airflow/example_dags/tutorial_dag.py
[2022-09-20T17:11:57.630+0000] {logging_mixin.py:117} INFO - [2022-09-20T17:11:57.629+0000] {dag.py:2573} INFO - Sync 1 DAGs
[2022-09-20T17:11:57.656+0000] {logging_mixin.py:117} INFO - [2022-09-20T17:11:57.656+0000] {dag.py:3328} INFO - Setting next_dagrun for tutorial_dag to None, run_after=None
[2022-09-20T17:11:58.490+0000] {processor.py:178} INFO - Processing /home/airflow/.local/lib/python3.7/site-packages/airflow/example_dags/tutorial_dag.py took 1.321 seconds
[2022-09-20T17:12:30.754+0000] {processor.py:156} INFO - Started process (PID=265) to work on /home/airflow/.local/lib/python3.7/site-packages/airflow/example_dags/tutorial_dag.py
[2022-09-20T17:12:30.757+0000] {processor.py:758} INFO - Processing file /home/airflow/.local/lib/python3.7/site-packages/airflow/example_dags/tutorial_dag.py for tasks to queue
[2022-09-20T17:12:30.946+0000] {logging_mixin.py:117} INFO - [2022-09-20T17:12:30.946+0000] {dagbag.py:525} INFO - Filling up the DagBag from /home/airflow/.local/lib/python3.7/site-packages/airflow/example_dags/tutorial_dag.py
[2022-09-20T17:12:31.113+0000] {processor.py:768} INFO - DAG(s) dict_keys(['tutorial_dag']) retrieved from /home/airflow/.local/lib/python3.7/site-packages/airflow/example_dags/tutorial_dag.py
[2022-09-20T17:12:31.160+0000] {logging_mixin.py:117} INFO - [2022-09-20T17:12:31.160+0000] {dag.py:2573} INFO - Sync 1 DAGs
[2022-09-20T17:12:31.196+0000] {logging_mixin.py:117} INFO - [2022-09-20T17:12:31.196+0000] {dag.py:3328} INFO - Setting next_dagrun for tutorial_dag to None, run_after=None
[2022-09-20T17:12:32.527+0000] {processor.py:178} INFO - Processing /home/airflow/.local/lib/python3.7/site-packages/airflow/example_dags/tutorial_dag.py took 1.780 seconds
[2022-09-20T17:13:12.126+0000] {processor.py:156} INFO - Started process (PID=318) to work on /home/airflow/.local/lib/python3.7/site-packages/airflow/example_dags/tutorial_dag.py
[2022-09-20T17:13:12.786+0000] {processor.py:758} INFO - Processing file /home/airflow/.local/lib/python3.7/site-packages/airflow/example_dags/tutorial_dag.py for tasks to queue
[2022-09-20T17:13:12.790+0000] {logging_mixin.py:117} INFO - [2022-09-20T17:13:12.790+0000] {dagbag.py:525} INFO - Filling up the DagBag from /home/airflow/.local/lib/python3.7/site-packages/airflow/example_dags/tutorial_dag.py
[2022-09-20T17:13:12.861+0000] {processor.py:768} INFO - DAG(s) dict_keys(['tutorial_dag']) retrieved from /home/airflow/.local/lib/python3.7/site-packages/airflow/example_dags/tutorial_dag.py
[2022-09-20T17:13:12.915+0000] {logging_mixin.py:117} INFO - [2022-09-20T17:13:12.915+0000] {dag.py:2573} INFO - Sync 1 DAGs
[2022-09-20T17:13:12.946+0000] {logging_mixin.py:117} INFO - [2022-09-20T17:13:12.946+0000] {dag.py:3328} INFO - Setting next_dagrun for tutorial_dag to None, run_after=None
[2022-09-20T17:13:13.244+0000] {processor.py:178} INFO - Processing /home/airflow/.local/lib/python3.7/site-packages/airflow/example_dags/tutorial_dag.py took 1.123 seconds
[2022-09-20T17:13:54.643+0000] {processor.py:156} INFO - Started process (PID=373) to work on /home/airflow/.local/lib/python3.7/site-packages/airflow/example_dags/tutorial_dag.py
[2022-09-20T17:13:54.781+0000] {processor.py:758} INFO - Processing file /home/airflow/.local/lib/python3.7/site-packages/airflow/example_dags/tutorial_dag.py for tasks to queue
[2022-09-20T17:13:54.782+0000] {logging_mixin.py:117} INFO - [2022-09-20T17:13:54.782+0000] {dagbag.py:525} INFO - Filling up the DagBag from /home/airflow/.local/lib/python3.7/site-packages/airflow/example_dags/tutorial_dag.py
[2022-09-20T17:13:54.800+0000] {processor.py:768} INFO - DAG(s) dict_keys(['tutorial_dag']) retrieved from /home/airflow/.local/lib/python3.7/site-packages/airflow/example_dags/tutorial_dag.py
[2022-09-20T17:13:54.854+0000] {logging_mixin.py:117} INFO - [2022-09-20T17:13:54.854+0000] {dag.py:2573} INFO - Sync 1 DAGs
[2022-09-20T17:13:54.886+0000] {logging_mixin.py:117} INFO - [2022-09-20T17:13:54.886+0000] {dag.py:3328} INFO - Setting next_dagrun for tutorial_dag to None, run_after=None
[2022-09-20T17:13:55.482+0000] {processor.py:178} INFO - Processing /home/airflow/.local/lib/python3.7/site-packages/airflow/example_dags/tutorial_dag.py took 0.856 seconds
[2022-09-20T17:14:28.825+0000] {processor.py:156} INFO - Started process (PID=425) to work on /home/airflow/.local/lib/python3.7/site-packages/airflow/example_dags/tutorial_dag.py
[2022-09-20T17:14:29.093+0000] {processor.py:758} INFO - Processing file /home/airflow/.local/lib/python3.7/site-packages/airflow/example_dags/tutorial_dag.py for tasks to queue
[2022-09-20T17:14:29.530+0000] {logging_mixin.py:117} INFO - [2022-09-20T17:14:29.530+0000] {dagbag.py:525} INFO - Filling up the DagBag from /home/airflow/.local/lib/python3.7/site-packages/airflow/example_dags/tutorial_dag.py
[2022-09-20T17:14:30.283+0000] {processor.py:768} INFO - DAG(s) dict_keys(['tutorial_dag']) retrieved from /home/airflow/.local/lib/python3.7/site-packages/airflow/example_dags/tutorial_dag.py
[2022-09-20T17:14:31.790+0000] {logging_mixin.py:117} INFO - [2022-09-20T17:14:31.790+0000] {dag.py:2573} INFO - Sync 1 DAGs
[2022-09-20T17:14:33.024+0000] {logging_mixin.py:117} INFO - [2022-09-20T17:14:33.024+0000] {dag.py:3328} INFO - Setting next_dagrun for tutorial_dag to None, run_after=None
[2022-09-20T17:14:35.488+0000] {processor.py:178} INFO - Processing /home/airflow/.local/lib/python3.7/site-packages/airflow/example_dags/tutorial_dag.py took 6.667 seconds
[2022-09-20T17:15:14.621+0000] {processor.py:156} INFO - Started process (PID=484) to work on /home/airflow/.local/lib/python3.7/site-packages/airflow/example_dags/tutorial_dag.py
[2022-09-20T17:15:14.789+0000] {processor.py:758} INFO - Processing file /home/airflow/.local/lib/python3.7/site-packages/airflow/example_dags/tutorial_dag.py for tasks to queue
[2022-09-20T17:15:14.790+0000] {logging_mixin.py:117} INFO - [2022-09-20T17:15:14.790+0000] {dagbag.py:525} INFO - Filling up the DagBag from /home/airflow/.local/lib/python3.7/site-packages/airflow/example_dags/tutorial_dag.py
[2022-09-20T17:15:14.813+0000] {processor.py:768} INFO - DAG(s) dict_keys(['tutorial_dag']) retrieved from /home/airflow/.local/lib/python3.7/site-packages/airflow/example_dags/tutorial_dag.py
[2022-09-20T17:15:14.868+0000] {logging_mixin.py:117} INFO - [2022-09-20T17:15:14.868+0000] {dag.py:2573} INFO - Sync 1 DAGs
[2022-09-20T17:15:14.903+0000] {logging_mixin.py:117} INFO - [2022-09-20T17:15:14.903+0000] {dag.py:3328} INFO - Setting next_dagrun for tutorial_dag to None, run_after=None
[2022-09-20T17:15:15.437+0000] {processor.py:178} INFO - Processing /home/airflow/.local/lib/python3.7/site-packages/airflow/example_dags/tutorial_dag.py took 0.821 seconds
[2022-09-20T17:15:48.412+0000] {processor.py:156} INFO - Started process (PID=530) to work on /home/airflow/.local/lib/python3.7/site-packages/airflow/example_dags/tutorial_dag.py
[2022-09-20T17:15:48.444+0000] {processor.py:758} INFO - Processing file /home/airflow/.local/lib/python3.7/site-packages/airflow/example_dags/tutorial_dag.py for tasks to queue
[2022-09-20T17:15:48.447+0000] {logging_mixin.py:117} INFO - [2022-09-20T17:15:48.446+0000] {dagbag.py:525} INFO - Filling up the DagBag from /home/airflow/.local/lib/python3.7/site-packages/airflow/example_dags/tutorial_dag.py
[2022-09-20T17:15:48.508+0000] {processor.py:768} INFO - DAG(s) dict_keys(['tutorial_dag']) retrieved from /home/airflow/.local/lib/python3.7/site-packages/airflow/example_dags/tutorial_dag.py
[2022-09-20T17:15:48.755+0000] {logging_mixin.py:117} INFO - [2022-09-20T17:15:48.755+0000] {dag.py:2573} INFO - Sync 1 DAGs
[2022-09-20T17:15:48.790+0000] {logging_mixin.py:117} INFO - [2022-09-20T17:15:48.789+0000] {dag.py:3328} INFO - Setting next_dagrun for tutorial_dag to None, run_after=None
[2022-09-20T17:15:49.439+0000] {processor.py:178} INFO - Processing /home/airflow/.local/lib/python3.7/site-packages/airflow/example_dags/tutorial_dag.py took 1.040 seconds
[2022-09-20T17:16:25.005+0000] {processor.py:156} INFO - Started process (PID=582) to work on /home/airflow/.local/lib/python3.7/site-packages/airflow/example_dags/tutorial_dag.py
[2022-09-20T17:16:25.304+0000] {processor.py:758} INFO - Processing file /home/airflow/.local/lib/python3.7/site-packages/airflow/example_dags/tutorial_dag.py for tasks to queue
[2022-09-20T17:16:25.305+0000] {logging_mixin.py:117} INFO - [2022-09-20T17:16:25.305+0000] {dagbag.py:525} INFO - Filling up the DagBag from /home/airflow/.local/lib/python3.7/site-packages/airflow/example_dags/tutorial_dag.py
[2022-09-20T17:16:25.320+0000] {processor.py:768} INFO - DAG(s) dict_keys(['tutorial_dag']) retrieved from /home/airflow/.local/lib/python3.7/site-packages/airflow/example_dags/tutorial_dag.py
[2022-09-20T17:16:25.361+0000] {logging_mixin.py:117} INFO - [2022-09-20T17:16:25.361+0000] {dag.py:2573} INFO - Sync 1 DAGs
[2022-09-20T17:16:25.389+0000] {logging_mixin.py:117} INFO - [2022-09-20T17:16:25.389+0000] {dag.py:3328} INFO - Setting next_dagrun for tutorial_dag to None, run_after=None
[2022-09-20T17:16:26.983+0000] {processor.py:178} INFO - Processing /home/airflow/.local/lib/python3.7/site-packages/airflow/example_dags/tutorial_dag.py took 1.987 seconds
[2022-09-20T17:17:00.524+0000] {processor.py:156} INFO - Started process (PID=633) to work on /home/airflow/.local/lib/python3.7/site-packages/airflow/example_dags/tutorial_dag.py
[2022-09-20T17:17:00.655+0000] {processor.py:758} INFO - Processing file /home/airflow/.local/lib/python3.7/site-packages/airflow/example_dags/tutorial_dag.py for tasks to queue
[2022-09-20T17:17:00.656+0000] {logging_mixin.py:117} INFO - [2022-09-20T17:17:00.656+0000] {dagbag.py:525} INFO - Filling up the DagBag from /home/airflow/.local/lib/python3.7/site-packages/airflow/example_dags/tutorial_dag.py
[2022-09-20T17:17:00.685+0000] {processor.py:768} INFO - DAG(s) dict_keys(['tutorial_dag']) retrieved from /home/airflow/.local/lib/python3.7/site-packages/airflow/example_dags/tutorial_dag.py
[2022-09-20T17:17:00.750+0000] {logging_mixin.py:117} INFO - [2022-09-20T17:17:00.750+0000] {dag.py:2573} INFO - Sync 1 DAGs
[2022-09-20T17:17:00.794+0000] {logging_mixin.py:117} INFO - [2022-09-20T17:17:00.794+0000] {dag.py:3328} INFO - Setting next_dagrun for tutorial_dag to None, run_after=None
[2022-09-20T17:17:01.241+0000] {processor.py:178} INFO - Processing /home/airflow/.local/lib/python3.7/site-packages/airflow/example_dags/tutorial_dag.py took 0.724 seconds
[2022-09-20T17:17:31.533+0000] {processor.py:156} INFO - Started process (PID=687) to work on /home/airflow/.local/lib/python3.7/site-packages/airflow/example_dags/tutorial_dag.py
[2022-09-20T17:17:31.602+0000] {processor.py:758} INFO - Processing file /home/airflow/.local/lib/python3.7/site-packages/airflow/example_dags/tutorial_dag.py for tasks to queue
[2022-09-20T17:17:31.603+0000] {logging_mixin.py:117} INFO - [2022-09-20T17:17:31.603+0000] {dagbag.py:525} INFO - Filling up the DagBag from /home/airflow/.local/lib/python3.7/site-packages/airflow/example_dags/tutorial_dag.py
[2022-09-20T17:17:31.634+0000] {processor.py:768} INFO - DAG(s) dict_keys(['tutorial_dag']) retrieved from /home/airflow/.local/lib/python3.7/site-packages/airflow/example_dags/tutorial_dag.py
[2022-09-20T17:17:31.712+0000] {logging_mixin.py:117} INFO - [2022-09-20T17:17:31.712+0000] {dag.py:2573} INFO - Sync 1 DAGs
[2022-09-20T17:17:31.752+0000] {logging_mixin.py:117} INFO - [2022-09-20T17:17:31.752+0000] {dag.py:3328} INFO - Setting next_dagrun for tutorial_dag to None, run_after=None
[2022-09-20T17:17:31.879+0000] {processor.py:178} INFO - Processing /home/airflow/.local/lib/python3.7/site-packages/airflow/example_dags/tutorial_dag.py took 0.351 seconds
[2022-09-20T17:18:06.787+0000] {processor.py:156} INFO - Started process (PID=741) to work on /home/airflow/.local/lib/python3.7/site-packages/airflow/example_dags/tutorial_dag.py
[2022-09-20T17:18:06.849+0000] {processor.py:758} INFO - Processing file /home/airflow/.local/lib/python3.7/site-packages/airflow/example_dags/tutorial_dag.py for tasks to queue
[2022-09-20T17:18:06.852+0000] {logging_mixin.py:117} INFO - [2022-09-20T17:18:06.852+0000] {dagbag.py:525} INFO - Filling up the DagBag from /home/airflow/.local/lib/python3.7/site-packages/airflow/example_dags/tutorial_dag.py
[2022-09-20T17:18:06.902+0000] {processor.py:768} INFO - DAG(s) dict_keys(['tutorial_dag']) retrieved from /home/airflow/.local/lib/python3.7/site-packages/airflow/example_dags/tutorial_dag.py
[2022-09-20T17:18:07.015+0000] {logging_mixin.py:117} INFO - [2022-09-20T17:18:07.015+0000] {dag.py:2573} INFO - Sync 1 DAGs
[2022-09-20T17:18:07.088+0000] {logging_mixin.py:117} INFO - [2022-09-20T17:18:07.088+0000] {dag.py:3328} INFO - Setting next_dagrun for tutorial_dag to None, run_after=None
[2022-09-20T17:18:07.685+0000] {processor.py:178} INFO - Processing /home/airflow/.local/lib/python3.7/site-packages/airflow/example_dags/tutorial_dag.py took 0.907 seconds
[2022-09-20T17:18:43.896+0000] {processor.py:156} INFO - Started process (PID=796) to work on /home/airflow/.local/lib/python3.7/site-packages/airflow/example_dags/tutorial_dag.py
[2022-09-20T17:18:44.176+0000] {processor.py:758} INFO - Processing file /home/airflow/.local/lib/python3.7/site-packages/airflow/example_dags/tutorial_dag.py for tasks to queue
[2022-09-20T17:18:44.178+0000] {logging_mixin.py:117} INFO - [2022-09-20T17:18:44.177+0000] {dagbag.py:525} INFO - Filling up the DagBag from /home/airflow/.local/lib/python3.7/site-packages/airflow/example_dags/tutorial_dag.py
[2022-09-20T17:18:44.214+0000] {processor.py:768} INFO - DAG(s) dict_keys(['tutorial_dag']) retrieved from /home/airflow/.local/lib/python3.7/site-packages/airflow/example_dags/tutorial_dag.py
[2022-09-20T17:18:44.279+0000] {logging_mixin.py:117} INFO - [2022-09-20T17:18:44.279+0000] {dag.py:2573} INFO - Sync 1 DAGs
[2022-09-20T17:18:44.331+0000] {logging_mixin.py:117} INFO - [2022-09-20T17:18:44.331+0000] {dag.py:3328} INFO - Setting next_dagrun for tutorial_dag to None, run_after=None
[2022-09-20T17:18:44.889+0000] {processor.py:178} INFO - Processing /home/airflow/.local/lib/python3.7/site-packages/airflow/example_dags/tutorial_dag.py took 0.998 seconds
[2022-09-20T17:19:15.327+0000] {processor.py:156} INFO - Started process (PID=841) to work on /home/airflow/.local/lib/python3.7/site-packages/airflow/example_dags/tutorial_dag.py
[2022-09-20T17:19:15.419+0000] {processor.py:758} INFO - Processing file /home/airflow/.local/lib/python3.7/site-packages/airflow/example_dags/tutorial_dag.py for tasks to queue
[2022-09-20T17:19:15.420+0000] {logging_mixin.py:117} INFO - [2022-09-20T17:19:15.420+0000] {dagbag.py:525} INFO - Filling up the DagBag from /home/airflow/.local/lib/python3.7/site-packages/airflow/example_dags/tutorial_dag.py
[2022-09-20T17:19:15.451+0000] {processor.py:768} INFO - DAG(s) dict_keys(['tutorial_dag']) retrieved from /home/airflow/.local/lib/python3.7/site-packages/airflow/example_dags/tutorial_dag.py
[2022-09-20T17:19:15.534+0000] {logging_mixin.py:117} INFO - [2022-09-20T17:19:15.534+0000] {dag.py:2573} INFO - Sync 1 DAGs
[2022-09-20T17:19:15.587+0000] {logging_mixin.py:117} INFO - [2022-09-20T17:19:15.586+0000] {dag.py:3328} INFO - Setting next_dagrun for tutorial_dag to None, run_after=None
[2022-09-20T17:19:16.184+0000] {processor.py:178} INFO - Processing /home/airflow/.local/lib/python3.7/site-packages/airflow/example_dags/tutorial_dag.py took 0.863 seconds
