[2022-09-20T13:48:06.357+0000] {processor.py:156} INFO - Started process (PID=102) to work on /home/airflow/.local/lib/python3.7/site-packages/airflow/example_dags/tutorial_taskflow_api.py
[2022-09-20T13:48:06.358+0000] {processor.py:758} INFO - Processing file /home/airflow/.local/lib/python3.7/site-packages/airflow/example_dags/tutorial_taskflow_api.py for tasks to queue
[2022-09-20T13:48:06.360+0000] {logging_mixin.py:117} INFO - [2022-09-20T13:48:06.360+0000] {dagbag.py:525} INFO - Filling up the DagBag from /home/airflow/.local/lib/python3.7/site-packages/airflow/example_dags/tutorial_taskflow_api.py
[2022-09-20T13:48:06.415+0000] {processor.py:768} INFO - DAG(s) dict_keys(['tutorial_taskflow_api']) retrieved from /home/airflow/.local/lib/python3.7/site-packages/airflow/example_dags/tutorial_taskflow_api.py
[2022-09-20T13:48:19.267+0000] {logging_mixin.py:117} INFO - [2022-09-20T13:48:19.266+0000] {manager.py:508} INFO - Created Permission View: can delete on DAG:tutorial_taskflow_api
[2022-09-20T13:48:22.826+0000] {logging_mixin.py:117} INFO - [2022-09-20T13:48:22.826+0000] {manager.py:508} INFO - Created Permission View: can read on DAG:tutorial_taskflow_api
[2022-09-20T13:48:34.502+0000] {logging_mixin.py:117} INFO - [2022-09-20T13:48:34.502+0000] {manager.py:508} INFO - Created Permission View: can edit on DAG:tutorial_taskflow_api
[2022-09-20T13:48:34.503+0000] {logging_mixin.py:117} INFO - [2022-09-20T13:48:34.503+0000] {dag.py:2573} INFO - Sync 1 DAGs
[2022-09-20T13:48:34.531+0000] {logging_mixin.py:117} INFO - [2022-09-20T13:48:34.531+0000] {dag.py:2594} INFO - Creating ORM DAG for tutorial_taskflow_api
[2022-09-20T13:48:34.554+0000] {logging_mixin.py:117} INFO - [2022-09-20T13:48:34.553+0000] {dag.py:3328} INFO - Setting next_dagrun for tutorial_taskflow_api to None, run_after=None
[2022-09-20T13:48:48.445+0000] {processor.py:178} INFO - Processing /home/airflow/.local/lib/python3.7/site-packages/airflow/example_dags/tutorial_taskflow_api.py took 42.000 seconds
[2022-09-20T13:56:57.872+0000] {processor.py:156} INFO - Started process (PID=158) to work on /home/airflow/.local/lib/python3.7/site-packages/airflow/example_dags/tutorial_taskflow_api.py
[2022-09-20T13:56:58.326+0000] {processor.py:758} INFO - Processing file /home/airflow/.local/lib/python3.7/site-packages/airflow/example_dags/tutorial_taskflow_api.py for tasks to queue
[2022-09-20T13:56:58.562+0000] {logging_mixin.py:117} INFO - [2022-09-20T13:56:58.561+0000] {dagbag.py:525} INFO - Filling up the DagBag from /home/airflow/.local/lib/python3.7/site-packages/airflow/example_dags/tutorial_taskflow_api.py
[2022-09-20T13:56:59.412+0000] {processor.py:768} INFO - DAG(s) dict_keys(['tutorial_taskflow_api']) retrieved from /home/airflow/.local/lib/python3.7/site-packages/airflow/example_dags/tutorial_taskflow_api.py
[2022-09-20T13:57:00.289+0000] {logging_mixin.py:117} INFO - [2022-09-20T13:57:00.289+0000] {dag.py:2573} INFO - Sync 1 DAGs
[2022-09-20T13:57:00.331+0000] {logging_mixin.py:117} INFO - [2022-09-20T13:57:00.331+0000] {dag.py:3328} INFO - Setting next_dagrun for tutorial_taskflow_api to None, run_after=None
[2022-09-20T13:57:12.871+0000] {processor.py:178} INFO - Processing /home/airflow/.local/lib/python3.7/site-packages/airflow/example_dags/tutorial_taskflow_api.py took 15.005 seconds
[2022-09-20T14:04:06.416+0000] {processor.py:156} INFO - Started process (PID=227) to work on /home/airflow/.local/lib/python3.7/site-packages/airflow/example_dags/tutorial_taskflow_api.py
[2022-09-20T14:04:06.623+0000] {processor.py:758} INFO - Processing file /home/airflow/.local/lib/python3.7/site-packages/airflow/example_dags/tutorial_taskflow_api.py for tasks to queue
[2022-09-20T14:04:06.624+0000] {logging_mixin.py:117} INFO - [2022-09-20T14:04:06.624+0000] {dagbag.py:525} INFO - Filling up the DagBag from /home/airflow/.local/lib/python3.7/site-packages/airflow/example_dags/tutorial_taskflow_api.py
[2022-09-20T14:04:06.650+0000] {processor.py:768} INFO - DAG(s) dict_keys(['tutorial_taskflow_api']) retrieved from /home/airflow/.local/lib/python3.7/site-packages/airflow/example_dags/tutorial_taskflow_api.py
[2022-09-20T14:04:06.693+0000] {logging_mixin.py:117} INFO - [2022-09-20T14:04:06.693+0000] {dag.py:2573} INFO - Sync 1 DAGs
[2022-09-20T14:04:06.719+0000] {logging_mixin.py:117} INFO - [2022-09-20T14:04:06.719+0000] {dag.py:3328} INFO - Setting next_dagrun for tutorial_taskflow_api to None, run_after=None
[2022-09-20T14:04:07.782+0000] {processor.py:178} INFO - Processing /home/airflow/.local/lib/python3.7/site-packages/airflow/example_dags/tutorial_taskflow_api.py took 1.371 seconds
[2022-09-20T14:05:37.325+0000] {processor.py:156} INFO - Started process (PID=281) to work on /home/airflow/.local/lib/python3.7/site-packages/airflow/example_dags/tutorial_taskflow_api.py
[2022-09-20T14:05:38.015+0000] {processor.py:758} INFO - Processing file /home/airflow/.local/lib/python3.7/site-packages/airflow/example_dags/tutorial_taskflow_api.py for tasks to queue
[2022-09-20T14:05:38.135+0000] {logging_mixin.py:117} INFO - [2022-09-20T14:05:38.135+0000] {dagbag.py:525} INFO - Filling up the DagBag from /home/airflow/.local/lib/python3.7/site-packages/airflow/example_dags/tutorial_taskflow_api.py
[2022-09-20T14:05:40.353+0000] {processor.py:768} INFO - DAG(s) dict_keys(['tutorial_taskflow_api']) retrieved from /home/airflow/.local/lib/python3.7/site-packages/airflow/example_dags/tutorial_taskflow_api.py
[2022-09-20T14:05:42.074+0000] {logging_mixin.py:117} INFO - [2022-09-20T14:05:42.074+0000] {dag.py:2573} INFO - Sync 1 DAGs
[2022-09-20T14:05:42.100+0000] {logging_mixin.py:117} INFO - [2022-09-20T14:05:42.100+0000] {dag.py:3328} INFO - Setting next_dagrun for tutorial_taskflow_api to None, run_after=None
[2022-09-20T14:05:43.861+0000] {processor.py:178} INFO - Processing /home/airflow/.local/lib/python3.7/site-packages/airflow/example_dags/tutorial_taskflow_api.py took 6.539 seconds
[2022-09-20T14:06:28.520+0000] {processor.py:156} INFO - Started process (PID=335) to work on /home/airflow/.local/lib/python3.7/site-packages/airflow/example_dags/tutorial_taskflow_api.py
[2022-09-20T14:06:29.033+0000] {processor.py:758} INFO - Processing file /home/airflow/.local/lib/python3.7/site-packages/airflow/example_dags/tutorial_taskflow_api.py for tasks to queue
[2022-09-20T14:06:29.034+0000] {logging_mixin.py:117} INFO - [2022-09-20T14:06:29.034+0000] {dagbag.py:525} INFO - Filling up the DagBag from /home/airflow/.local/lib/python3.7/site-packages/airflow/example_dags/tutorial_taskflow_api.py
[2022-09-20T14:06:29.056+0000] {processor.py:768} INFO - DAG(s) dict_keys(['tutorial_taskflow_api']) retrieved from /home/airflow/.local/lib/python3.7/site-packages/airflow/example_dags/tutorial_taskflow_api.py
[2022-09-20T14:06:29.096+0000] {logging_mixin.py:117} INFO - [2022-09-20T14:06:29.095+0000] {dag.py:2573} INFO - Sync 1 DAGs
[2022-09-20T14:06:29.624+0000] {logging_mixin.py:117} INFO - [2022-09-20T14:06:29.624+0000] {dag.py:3328} INFO - Setting next_dagrun for tutorial_taskflow_api to None, run_after=None
[2022-09-20T14:06:31.118+0000] {processor.py:178} INFO - Processing /home/airflow/.local/lib/python3.7/site-packages/airflow/example_dags/tutorial_taskflow_api.py took 2.603 seconds
[2022-09-20T14:07:38.604+0000] {processor.py:156} INFO - Started process (PID=403) to work on /home/airflow/.local/lib/python3.7/site-packages/airflow/example_dags/tutorial_taskflow_api.py
[2022-09-20T14:07:39.032+0000] {processor.py:758} INFO - Processing file /home/airflow/.local/lib/python3.7/site-packages/airflow/example_dags/tutorial_taskflow_api.py for tasks to queue
[2022-09-20T14:07:39.033+0000] {logging_mixin.py:117} INFO - [2022-09-20T14:07:39.033+0000] {dagbag.py:525} INFO - Filling up the DagBag from /home/airflow/.local/lib/python3.7/site-packages/airflow/example_dags/tutorial_taskflow_api.py
[2022-09-20T14:07:39.828+0000] {processor.py:768} INFO - DAG(s) dict_keys(['tutorial_taskflow_api']) retrieved from /home/airflow/.local/lib/python3.7/site-packages/airflow/example_dags/tutorial_taskflow_api.py
[2022-09-20T14:07:39.894+0000] {logging_mixin.py:117} INFO - [2022-09-20T14:07:39.894+0000] {dag.py:2573} INFO - Sync 1 DAGs
[2022-09-20T14:07:39.918+0000] {logging_mixin.py:117} INFO - [2022-09-20T14:07:39.918+0000] {dag.py:3328} INFO - Setting next_dagrun for tutorial_taskflow_api to None, run_after=None
[2022-09-20T14:07:40.868+0000] {processor.py:178} INFO - Processing /home/airflow/.local/lib/python3.7/site-packages/airflow/example_dags/tutorial_taskflow_api.py took 2.268 seconds
[2022-09-20T14:08:14.394+0000] {processor.py:156} INFO - Started process (PID=452) to work on /home/airflow/.local/lib/python3.7/site-packages/airflow/example_dags/tutorial_taskflow_api.py
[2022-09-20T14:08:14.666+0000] {processor.py:758} INFO - Processing file /home/airflow/.local/lib/python3.7/site-packages/airflow/example_dags/tutorial_taskflow_api.py for tasks to queue
[2022-09-20T14:08:14.670+0000] {logging_mixin.py:117} INFO - [2022-09-20T14:08:14.669+0000] {dagbag.py:525} INFO - Filling up the DagBag from /home/airflow/.local/lib/python3.7/site-packages/airflow/example_dags/tutorial_taskflow_api.py
[2022-09-20T14:08:14.730+0000] {processor.py:768} INFO - DAG(s) dict_keys(['tutorial_taskflow_api']) retrieved from /home/airflow/.local/lib/python3.7/site-packages/airflow/example_dags/tutorial_taskflow_api.py
[2022-09-20T14:08:14.770+0000] {logging_mixin.py:117} INFO - [2022-09-20T14:08:14.770+0000] {dag.py:2573} INFO - Sync 1 DAGs
[2022-09-20T14:08:14.795+0000] {logging_mixin.py:117} INFO - [2022-09-20T14:08:14.795+0000] {dag.py:3328} INFO - Setting next_dagrun for tutorial_taskflow_api to None, run_after=None
[2022-09-20T14:08:15.202+0000] {processor.py:178} INFO - Processing /home/airflow/.local/lib/python3.7/site-packages/airflow/example_dags/tutorial_taskflow_api.py took 0.811 seconds
[2022-09-20T14:10:18.253+0000] {processor.py:156} INFO - Started process (PID=519) to work on /home/airflow/.local/lib/python3.7/site-packages/airflow/example_dags/tutorial_taskflow_api.py
[2022-09-20T14:10:18.523+0000] {processor.py:758} INFO - Processing file /home/airflow/.local/lib/python3.7/site-packages/airflow/example_dags/tutorial_taskflow_api.py for tasks to queue
[2022-09-20T14:10:18.523+0000] {logging_mixin.py:117} INFO - [2022-09-20T14:10:18.523+0000] {dagbag.py:525} INFO - Filling up the DagBag from /home/airflow/.local/lib/python3.7/site-packages/airflow/example_dags/tutorial_taskflow_api.py
[2022-09-20T14:10:18.563+0000] {processor.py:768} INFO - DAG(s) dict_keys(['tutorial_taskflow_api']) retrieved from /home/airflow/.local/lib/python3.7/site-packages/airflow/example_dags/tutorial_taskflow_api.py
[2022-09-20T14:10:18.600+0000] {logging_mixin.py:117} INFO - [2022-09-20T14:10:18.600+0000] {dag.py:2573} INFO - Sync 1 DAGs
[2022-09-20T14:10:18.625+0000] {logging_mixin.py:117} INFO - [2022-09-20T14:10:18.624+0000] {dag.py:3328} INFO - Setting next_dagrun for tutorial_taskflow_api to None, run_after=None
[2022-09-20T14:10:19.784+0000] {processor.py:178} INFO - Processing /home/airflow/.local/lib/python3.7/site-packages/airflow/example_dags/tutorial_taskflow_api.py took 1.536 seconds
[2022-09-20T14:11:37.889+0000] {processor.py:156} INFO - Started process (PID=570) to work on /home/airflow/.local/lib/python3.7/site-packages/airflow/example_dags/tutorial_taskflow_api.py
[2022-09-20T14:11:38.099+0000] {processor.py:758} INFO - Processing file /home/airflow/.local/lib/python3.7/site-packages/airflow/example_dags/tutorial_taskflow_api.py for tasks to queue
[2022-09-20T14:11:38.099+0000] {logging_mixin.py:117} INFO - [2022-09-20T14:11:38.099+0000] {dagbag.py:525} INFO - Filling up the DagBag from /home/airflow/.local/lib/python3.7/site-packages/airflow/example_dags/tutorial_taskflow_api.py
[2022-09-20T14:11:38.122+0000] {processor.py:768} INFO - DAG(s) dict_keys(['tutorial_taskflow_api']) retrieved from /home/airflow/.local/lib/python3.7/site-packages/airflow/example_dags/tutorial_taskflow_api.py
[2022-09-20T14:11:38.164+0000] {logging_mixin.py:117} INFO - [2022-09-20T14:11:38.163+0000] {dag.py:2573} INFO - Sync 1 DAGs
[2022-09-20T14:11:38.190+0000] {logging_mixin.py:117} INFO - [2022-09-20T14:11:38.190+0000] {dag.py:3328} INFO - Setting next_dagrun for tutorial_taskflow_api to None, run_after=None
[2022-09-20T14:11:39.446+0000] {processor.py:178} INFO - Processing /home/airflow/.local/lib/python3.7/site-packages/airflow/example_dags/tutorial_taskflow_api.py took 1.561 seconds
[2022-09-20T14:13:57.725+0000] {processor.py:156} INFO - Started process (PID=635) to work on /home/airflow/.local/lib/python3.7/site-packages/airflow/example_dags/tutorial_taskflow_api.py
[2022-09-20T14:13:58.527+0000] {processor.py:758} INFO - Processing file /home/airflow/.local/lib/python3.7/site-packages/airflow/example_dags/tutorial_taskflow_api.py for tasks to queue
[2022-09-20T14:13:58.528+0000] {logging_mixin.py:117} INFO - [2022-09-20T14:13:58.528+0000] {dagbag.py:525} INFO - Filling up the DagBag from /home/airflow/.local/lib/python3.7/site-packages/airflow/example_dags/tutorial_taskflow_api.py
[2022-09-20T14:13:58.553+0000] {processor.py:768} INFO - DAG(s) dict_keys(['tutorial_taskflow_api']) retrieved from /home/airflow/.local/lib/python3.7/site-packages/airflow/example_dags/tutorial_taskflow_api.py
[2022-09-20T14:13:58.858+0000] {logging_mixin.py:117} INFO - [2022-09-20T14:13:58.858+0000] {dag.py:2573} INFO - Sync 1 DAGs
[2022-09-20T14:13:58.890+0000] {logging_mixin.py:117} INFO - [2022-09-20T14:13:58.889+0000] {dag.py:3328} INFO - Setting next_dagrun for tutorial_taskflow_api to None, run_after=None
[2022-09-20T14:13:59.817+0000] {processor.py:178} INFO - Processing /home/airflow/.local/lib/python3.7/site-packages/airflow/example_dags/tutorial_taskflow_api.py took 2.096 seconds
[2022-09-20T14:14:37.561+0000] {processor.py:156} INFO - Started process (PID=691) to work on /home/airflow/.local/lib/python3.7/site-packages/airflow/example_dags/tutorial_taskflow_api.py
[2022-09-20T14:14:37.742+0000] {processor.py:758} INFO - Processing file /home/airflow/.local/lib/python3.7/site-packages/airflow/example_dags/tutorial_taskflow_api.py for tasks to queue
[2022-09-20T14:14:37.743+0000] {logging_mixin.py:117} INFO - [2022-09-20T14:14:37.742+0000] {dagbag.py:525} INFO - Filling up the DagBag from /home/airflow/.local/lib/python3.7/site-packages/airflow/example_dags/tutorial_taskflow_api.py
[2022-09-20T14:14:37.779+0000] {processor.py:768} INFO - DAG(s) dict_keys(['tutorial_taskflow_api']) retrieved from /home/airflow/.local/lib/python3.7/site-packages/airflow/example_dags/tutorial_taskflow_api.py
[2022-09-20T14:14:37.846+0000] {logging_mixin.py:117} INFO - [2022-09-20T14:14:37.846+0000] {dag.py:2573} INFO - Sync 1 DAGs
[2022-09-20T14:14:37.876+0000] {logging_mixin.py:117} INFO - [2022-09-20T14:14:37.876+0000] {dag.py:3328} INFO - Setting next_dagrun for tutorial_taskflow_api to None, run_after=None
[2022-09-20T14:14:38.415+0000] {processor.py:178} INFO - Processing /home/airflow/.local/lib/python3.7/site-packages/airflow/example_dags/tutorial_taskflow_api.py took 0.857 seconds
[2022-09-20T14:15:08.637+0000] {processor.py:156} INFO - Started process (PID=737) to work on /home/airflow/.local/lib/python3.7/site-packages/airflow/example_dags/tutorial_taskflow_api.py
[2022-09-20T14:15:08.637+0000] {processor.py:758} INFO - Processing file /home/airflow/.local/lib/python3.7/site-packages/airflow/example_dags/tutorial_taskflow_api.py for tasks to queue
[2022-09-20T14:15:08.638+0000] {logging_mixin.py:117} INFO - [2022-09-20T14:15:08.638+0000] {dagbag.py:525} INFO - Filling up the DagBag from /home/airflow/.local/lib/python3.7/site-packages/airflow/example_dags/tutorial_taskflow_api.py
[2022-09-20T14:15:08.659+0000] {processor.py:768} INFO - DAG(s) dict_keys(['tutorial_taskflow_api']) retrieved from /home/airflow/.local/lib/python3.7/site-packages/airflow/example_dags/tutorial_taskflow_api.py
[2022-09-20T14:15:08.697+0000] {logging_mixin.py:117} INFO - [2022-09-20T14:15:08.697+0000] {dag.py:2573} INFO - Sync 1 DAGs
[2022-09-20T14:15:08.721+0000] {logging_mixin.py:117} INFO - [2022-09-20T14:15:08.721+0000] {dag.py:3328} INFO - Setting next_dagrun for tutorial_taskflow_api to None, run_after=None
[2022-09-20T14:15:09.417+0000] {processor.py:178} INFO - Processing /home/airflow/.local/lib/python3.7/site-packages/airflow/example_dags/tutorial_taskflow_api.py took 0.784 seconds
[2022-09-20T14:16:20.223+0000] {processor.py:156} INFO - Started process (PID=774) to work on /home/airflow/.local/lib/python3.7/site-packages/airflow/example_dags/tutorial_taskflow_api.py
[2022-09-20T14:16:20.384+0000] {processor.py:758} INFO - Processing file /home/airflow/.local/lib/python3.7/site-packages/airflow/example_dags/tutorial_taskflow_api.py for tasks to queue
[2022-09-20T14:16:20.386+0000] {logging_mixin.py:117} INFO - [2022-09-20T14:16:20.385+0000] {dagbag.py:525} INFO - Filling up the DagBag from /home/airflow/.local/lib/python3.7/site-packages/airflow/example_dags/tutorial_taskflow_api.py
[2022-09-20T14:16:20.438+0000] {processor.py:768} INFO - DAG(s) dict_keys(['tutorial_taskflow_api']) retrieved from /home/airflow/.local/lib/python3.7/site-packages/airflow/example_dags/tutorial_taskflow_api.py
[2022-09-20T14:16:20.476+0000] {logging_mixin.py:117} INFO - [2022-09-20T14:16:20.476+0000] {dag.py:2573} INFO - Sync 1 DAGs
[2022-09-20T14:16:20.499+0000] {logging_mixin.py:117} INFO - [2022-09-20T14:16:20.499+0000] {dag.py:3328} INFO - Setting next_dagrun for tutorial_taskflow_api to None, run_after=None
[2022-09-20T14:16:20.823+0000] {processor.py:178} INFO - Processing /home/airflow/.local/lib/python3.7/site-packages/airflow/example_dags/tutorial_taskflow_api.py took 0.603 seconds
[2022-09-20T14:17:07.140+0000] {processor.py:156} INFO - Started process (PID=837) to work on /home/airflow/.local/lib/python3.7/site-packages/airflow/example_dags/tutorial_taskflow_api.py
[2022-09-20T14:17:07.334+0000] {processor.py:758} INFO - Processing file /home/airflow/.local/lib/python3.7/site-packages/airflow/example_dags/tutorial_taskflow_api.py for tasks to queue
[2022-09-20T14:17:07.334+0000] {logging_mixin.py:117} INFO - [2022-09-20T14:17:07.334+0000] {dagbag.py:525} INFO - Filling up the DagBag from /home/airflow/.local/lib/python3.7/site-packages/airflow/example_dags/tutorial_taskflow_api.py
[2022-09-20T14:17:07.363+0000] {processor.py:768} INFO - DAG(s) dict_keys(['tutorial_taskflow_api']) retrieved from /home/airflow/.local/lib/python3.7/site-packages/airflow/example_dags/tutorial_taskflow_api.py
[2022-09-20T14:17:07.414+0000] {logging_mixin.py:117} INFO - [2022-09-20T14:17:07.414+0000] {dag.py:2573} INFO - Sync 1 DAGs
[2022-09-20T14:17:07.448+0000] {logging_mixin.py:117} INFO - [2022-09-20T14:17:07.448+0000] {dag.py:3328} INFO - Setting next_dagrun for tutorial_taskflow_api to None, run_after=None
[2022-09-20T14:17:09.940+0000] {processor.py:178} INFO - Processing /home/airflow/.local/lib/python3.7/site-packages/airflow/example_dags/tutorial_taskflow_api.py took 2.805 seconds
[2022-09-20T14:18:56.125+0000] {processor.py:156} INFO - Started process (PID=895) to work on /home/airflow/.local/lib/python3.7/site-packages/airflow/example_dags/tutorial_taskflow_api.py
[2022-09-20T14:18:56.396+0000] {processor.py:758} INFO - Processing file /home/airflow/.local/lib/python3.7/site-packages/airflow/example_dags/tutorial_taskflow_api.py for tasks to queue
[2022-09-20T14:18:56.399+0000] {logging_mixin.py:117} INFO - [2022-09-20T14:18:56.399+0000] {dagbag.py:525} INFO - Filling up the DagBag from /home/airflow/.local/lib/python3.7/site-packages/airflow/example_dags/tutorial_taskflow_api.py
[2022-09-20T14:18:56.448+0000] {processor.py:768} INFO - DAG(s) dict_keys(['tutorial_taskflow_api']) retrieved from /home/airflow/.local/lib/python3.7/site-packages/airflow/example_dags/tutorial_taskflow_api.py
[2022-09-20T14:18:56.486+0000] {logging_mixin.py:117} INFO - [2022-09-20T14:18:56.486+0000] {dag.py:2573} INFO - Sync 1 DAGs
[2022-09-20T14:18:56.509+0000] {logging_mixin.py:117} INFO - [2022-09-20T14:18:56.509+0000] {dag.py:3328} INFO - Setting next_dagrun for tutorial_taskflow_api to None, run_after=None
[2022-09-20T14:18:57.035+0000] {processor.py:178} INFO - Processing /home/airflow/.local/lib/python3.7/site-packages/airflow/example_dags/tutorial_taskflow_api.py took 0.913 seconds
[2022-09-20T14:20:09.251+0000] {processor.py:156} INFO - Started process (PID=944) to work on /home/airflow/.local/lib/python3.7/site-packages/airflow/example_dags/tutorial_taskflow_api.py
[2022-09-20T14:20:09.278+0000] {processor.py:758} INFO - Processing file /home/airflow/.local/lib/python3.7/site-packages/airflow/example_dags/tutorial_taskflow_api.py for tasks to queue
[2022-09-20T14:20:09.279+0000] {logging_mixin.py:117} INFO - [2022-09-20T14:20:09.278+0000] {dagbag.py:525} INFO - Filling up the DagBag from /home/airflow/.local/lib/python3.7/site-packages/airflow/example_dags/tutorial_taskflow_api.py
[2022-09-20T14:20:09.303+0000] {processor.py:768} INFO - DAG(s) dict_keys(['tutorial_taskflow_api']) retrieved from /home/airflow/.local/lib/python3.7/site-packages/airflow/example_dags/tutorial_taskflow_api.py
[2022-09-20T14:20:09.357+0000] {logging_mixin.py:117} INFO - [2022-09-20T14:20:09.357+0000] {dag.py:2573} INFO - Sync 1 DAGs
[2022-09-20T14:20:09.384+0000] {logging_mixin.py:117} INFO - [2022-09-20T14:20:09.384+0000] {dag.py:3328} INFO - Setting next_dagrun for tutorial_taskflow_api to None, run_after=None
[2022-09-20T14:20:09.985+0000] {processor.py:178} INFO - Processing /home/airflow/.local/lib/python3.7/site-packages/airflow/example_dags/tutorial_taskflow_api.py took 0.738 seconds
[2022-09-20T14:21:56.150+0000] {processor.py:156} INFO - Started process (PID=1003) to work on /home/airflow/.local/lib/python3.7/site-packages/airflow/example_dags/tutorial_taskflow_api.py
[2022-09-20T14:21:56.353+0000] {processor.py:758} INFO - Processing file /home/airflow/.local/lib/python3.7/site-packages/airflow/example_dags/tutorial_taskflow_api.py for tasks to queue
[2022-09-20T14:21:56.356+0000] {logging_mixin.py:117} INFO - [2022-09-20T14:21:56.356+0000] {dagbag.py:525} INFO - Filling up the DagBag from /home/airflow/.local/lib/python3.7/site-packages/airflow/example_dags/tutorial_taskflow_api.py
[2022-09-20T14:21:56.400+0000] {processor.py:768} INFO - DAG(s) dict_keys(['tutorial_taskflow_api']) retrieved from /home/airflow/.local/lib/python3.7/site-packages/airflow/example_dags/tutorial_taskflow_api.py
[2022-09-20T14:21:56.440+0000] {logging_mixin.py:117} INFO - [2022-09-20T14:21:56.439+0000] {dag.py:2573} INFO - Sync 1 DAGs
[2022-09-20T14:21:56.466+0000] {logging_mixin.py:117} INFO - [2022-09-20T14:21:56.466+0000] {dag.py:3328} INFO - Setting next_dagrun for tutorial_taskflow_api to None, run_after=None
[2022-09-20T14:21:56.865+0000] {processor.py:178} INFO - Processing /home/airflow/.local/lib/python3.7/site-packages/airflow/example_dags/tutorial_taskflow_api.py took 0.718 seconds
[2022-09-20T14:23:54.428+0000] {processor.py:156} INFO - Started process (PID=1041) to work on /home/airflow/.local/lib/python3.7/site-packages/airflow/example_dags/tutorial_taskflow_api.py
[2022-09-20T14:23:55.131+0000] {processor.py:758} INFO - Processing file /home/airflow/.local/lib/python3.7/site-packages/airflow/example_dags/tutorial_taskflow_api.py for tasks to queue
[2022-09-20T14:23:55.133+0000] {logging_mixin.py:117} INFO - [2022-09-20T14:23:55.133+0000] {dagbag.py:525} INFO - Filling up the DagBag from /home/airflow/.local/lib/python3.7/site-packages/airflow/example_dags/tutorial_taskflow_api.py
[2022-09-20T14:23:55.180+0000] {processor.py:768} INFO - DAG(s) dict_keys(['tutorial_taskflow_api']) retrieved from /home/airflow/.local/lib/python3.7/site-packages/airflow/example_dags/tutorial_taskflow_api.py
[2022-09-20T14:23:55.219+0000] {logging_mixin.py:117} INFO - [2022-09-20T14:23:55.219+0000] {dag.py:2573} INFO - Sync 1 DAGs
[2022-09-20T14:23:55.242+0000] {logging_mixin.py:117} INFO - [2022-09-20T14:23:55.242+0000] {dag.py:3328} INFO - Setting next_dagrun for tutorial_taskflow_api to None, run_after=None
[2022-09-20T14:24:39.645+0000] {processor.py:178} INFO - Processing /home/airflow/.local/lib/python3.7/site-packages/airflow/example_dags/tutorial_taskflow_api.py took 42.214 seconds
[2022-09-20T14:25:17.003+0000] {processor.py:156} INFO - Started process (PID=1086) to work on /home/airflow/.local/lib/python3.7/site-packages/airflow/example_dags/tutorial_taskflow_api.py
[2022-09-20T14:25:17.274+0000] {processor.py:758} INFO - Processing file /home/airflow/.local/lib/python3.7/site-packages/airflow/example_dags/tutorial_taskflow_api.py for tasks to queue
[2022-09-20T14:25:17.366+0000] {logging_mixin.py:117} INFO - [2022-09-20T14:25:17.365+0000] {dagbag.py:525} INFO - Filling up the DagBag from /home/airflow/.local/lib/python3.7/site-packages/airflow/example_dags/tutorial_taskflow_api.py
[2022-09-20T14:25:17.420+0000] {processor.py:768} INFO - DAG(s) dict_keys(['tutorial_taskflow_api']) retrieved from /home/airflow/.local/lib/python3.7/site-packages/airflow/example_dags/tutorial_taskflow_api.py
[2022-09-20T14:25:17.458+0000] {logging_mixin.py:117} INFO - [2022-09-20T14:25:17.458+0000] {dag.py:2573} INFO - Sync 1 DAGs
[2022-09-20T14:25:17.501+0000] {logging_mixin.py:117} INFO - [2022-09-20T14:25:17.500+0000] {dag.py:3328} INFO - Setting next_dagrun for tutorial_taskflow_api to None, run_after=None
[2022-09-20T14:25:17.938+0000] {processor.py:178} INFO - Processing /home/airflow/.local/lib/python3.7/site-packages/airflow/example_dags/tutorial_taskflow_api.py took 0.938 seconds
[2022-09-20T14:25:54.668+0000] {processor.py:156} INFO - Started process (PID=1136) to work on /home/airflow/.local/lib/python3.7/site-packages/airflow/example_dags/tutorial_taskflow_api.py
[2022-09-20T14:25:54.880+0000] {processor.py:758} INFO - Processing file /home/airflow/.local/lib/python3.7/site-packages/airflow/example_dags/tutorial_taskflow_api.py for tasks to queue
[2022-09-20T14:25:54.880+0000] {logging_mixin.py:117} INFO - [2022-09-20T14:25:54.880+0000] {dagbag.py:525} INFO - Filling up the DagBag from /home/airflow/.local/lib/python3.7/site-packages/airflow/example_dags/tutorial_taskflow_api.py
[2022-09-20T14:25:54.925+0000] {processor.py:768} INFO - DAG(s) dict_keys(['tutorial_taskflow_api']) retrieved from /home/airflow/.local/lib/python3.7/site-packages/airflow/example_dags/tutorial_taskflow_api.py
[2022-09-20T14:25:54.964+0000] {logging_mixin.py:117} INFO - [2022-09-20T14:25:54.964+0000] {dag.py:2573} INFO - Sync 1 DAGs
[2022-09-20T14:25:54.987+0000] {logging_mixin.py:117} INFO - [2022-09-20T14:25:54.987+0000] {dag.py:3328} INFO - Setting next_dagrun for tutorial_taskflow_api to None, run_after=None
[2022-09-20T14:25:55.726+0000] {processor.py:178} INFO - Processing /home/airflow/.local/lib/python3.7/site-packages/airflow/example_dags/tutorial_taskflow_api.py took 1.062 seconds
[2022-09-20T14:27:56.357+0000] {processor.py:156} INFO - Started process (PID=1164) to work on /home/airflow/.local/lib/python3.7/site-packages/airflow/example_dags/tutorial_taskflow_api.py
[2022-09-20T14:27:56.497+0000] {processor.py:758} INFO - Processing file /home/airflow/.local/lib/python3.7/site-packages/airflow/example_dags/tutorial_taskflow_api.py for tasks to queue
[2022-09-20T14:27:56.498+0000] {logging_mixin.py:117} INFO - [2022-09-20T14:27:56.498+0000] {dagbag.py:525} INFO - Filling up the DagBag from /home/airflow/.local/lib/python3.7/site-packages/airflow/example_dags/tutorial_taskflow_api.py
[2022-09-20T14:27:56.552+0000] {processor.py:768} INFO - DAG(s) dict_keys(['tutorial_taskflow_api']) retrieved from /home/airflow/.local/lib/python3.7/site-packages/airflow/example_dags/tutorial_taskflow_api.py
[2022-09-20T14:27:56.608+0000] {logging_mixin.py:117} INFO - [2022-09-20T14:27:56.608+0000] {dag.py:2573} INFO - Sync 1 DAGs
[2022-09-20T14:27:56.632+0000] {logging_mixin.py:117} INFO - [2022-09-20T14:27:56.632+0000] {dag.py:3328} INFO - Setting next_dagrun for tutorial_taskflow_api to None, run_after=None
[2022-09-20T14:27:58.292+0000] {processor.py:178} INFO - Processing /home/airflow/.local/lib/python3.7/site-packages/airflow/example_dags/tutorial_taskflow_api.py took 1.939 seconds
[2022-09-20T14:31:28.398+0000] {processor.py:156} INFO - Started process (PID=1208) to work on /home/airflow/.local/lib/python3.7/site-packages/airflow/example_dags/tutorial_taskflow_api.py
[2022-09-20T14:31:28.760+0000] {processor.py:758} INFO - Processing file /home/airflow/.local/lib/python3.7/site-packages/airflow/example_dags/tutorial_taskflow_api.py for tasks to queue
[2022-09-20T14:31:28.763+0000] {logging_mixin.py:117} INFO - [2022-09-20T14:31:28.763+0000] {dagbag.py:525} INFO - Filling up the DagBag from /home/airflow/.local/lib/python3.7/site-packages/airflow/example_dags/tutorial_taskflow_api.py
[2022-09-20T14:31:28.807+0000] {processor.py:768} INFO - DAG(s) dict_keys(['tutorial_taskflow_api']) retrieved from /home/airflow/.local/lib/python3.7/site-packages/airflow/example_dags/tutorial_taskflow_api.py
[2022-09-20T14:31:28.845+0000] {logging_mixin.py:117} INFO - [2022-09-20T14:31:28.845+0000] {dag.py:2573} INFO - Sync 1 DAGs
[2022-09-20T14:31:28.869+0000] {logging_mixin.py:117} INFO - [2022-09-20T14:31:28.869+0000] {dag.py:3328} INFO - Setting next_dagrun for tutorial_taskflow_api to None, run_after=None
[2022-09-20T14:31:29.647+0000] {processor.py:178} INFO - Processing /home/airflow/.local/lib/python3.7/site-packages/airflow/example_dags/tutorial_taskflow_api.py took 1.255 seconds
[2022-09-20T14:33:03.087+0000] {processor.py:156} INFO - Started process (PID=1263) to work on /home/airflow/.local/lib/python3.7/site-packages/airflow/example_dags/tutorial_taskflow_api.py
[2022-09-20T14:33:03.301+0000] {processor.py:758} INFO - Processing file /home/airflow/.local/lib/python3.7/site-packages/airflow/example_dags/tutorial_taskflow_api.py for tasks to queue
[2022-09-20T14:33:03.304+0000] {logging_mixin.py:117} INFO - [2022-09-20T14:33:03.304+0000] {dagbag.py:525} INFO - Filling up the DagBag from /home/airflow/.local/lib/python3.7/site-packages/airflow/example_dags/tutorial_taskflow_api.py
[2022-09-20T14:33:03.333+0000] {processor.py:768} INFO - DAG(s) dict_keys(['tutorial_taskflow_api']) retrieved from /home/airflow/.local/lib/python3.7/site-packages/airflow/example_dags/tutorial_taskflow_api.py
[2022-09-20T14:33:03.375+0000] {logging_mixin.py:117} INFO - [2022-09-20T14:33:03.375+0000] {dag.py:2573} INFO - Sync 1 DAGs
[2022-09-20T14:33:03.400+0000] {logging_mixin.py:117} INFO - [2022-09-20T14:33:03.400+0000] {dag.py:3328} INFO - Setting next_dagrun for tutorial_taskflow_api to None, run_after=None
[2022-09-20T14:33:04.995+0000] {processor.py:178} INFO - Processing /home/airflow/.local/lib/python3.7/site-packages/airflow/example_dags/tutorial_taskflow_api.py took 1.910 seconds
[2022-09-20T14:33:48.009+0000] {processor.py:156} INFO - Started process (PID=1318) to work on /home/airflow/.local/lib/python3.7/site-packages/airflow/example_dags/tutorial_taskflow_api.py
[2022-09-20T14:33:48.143+0000] {processor.py:758} INFO - Processing file /home/airflow/.local/lib/python3.7/site-packages/airflow/example_dags/tutorial_taskflow_api.py for tasks to queue
[2022-09-20T14:33:48.145+0000] {logging_mixin.py:117} INFO - [2022-09-20T14:33:48.144+0000] {dagbag.py:525} INFO - Filling up the DagBag from /home/airflow/.local/lib/python3.7/site-packages/airflow/example_dags/tutorial_taskflow_api.py
[2022-09-20T14:33:48.218+0000] {processor.py:768} INFO - DAG(s) dict_keys(['tutorial_taskflow_api']) retrieved from /home/airflow/.local/lib/python3.7/site-packages/airflow/example_dags/tutorial_taskflow_api.py
[2022-09-20T14:33:48.261+0000] {logging_mixin.py:117} INFO - [2022-09-20T14:33:48.261+0000] {dag.py:2573} INFO - Sync 1 DAGs
[2022-09-20T14:33:48.287+0000] {logging_mixin.py:117} INFO - [2022-09-20T14:33:48.287+0000] {dag.py:3328} INFO - Setting next_dagrun for tutorial_taskflow_api to None, run_after=None
[2022-09-20T14:33:56.036+0000] {processor.py:178} INFO - Processing /home/airflow/.local/lib/python3.7/site-packages/airflow/example_dags/tutorial_taskflow_api.py took 8.031 seconds
[2022-09-20T17:10:48.143+0000] {processor.py:156} INFO - Started process (PID=143) to work on /home/airflow/.local/lib/python3.7/site-packages/airflow/example_dags/tutorial_taskflow_api.py
[2022-09-20T17:10:48.244+0000] {processor.py:758} INFO - Processing file /home/airflow/.local/lib/python3.7/site-packages/airflow/example_dags/tutorial_taskflow_api.py for tasks to queue
[2022-09-20T17:10:48.244+0000] {logging_mixin.py:117} INFO - [2022-09-20T17:10:48.244+0000] {dagbag.py:525} INFO - Filling up the DagBag from /home/airflow/.local/lib/python3.7/site-packages/airflow/example_dags/tutorial_taskflow_api.py
[2022-09-20T17:10:48.279+0000] {processor.py:768} INFO - DAG(s) dict_keys(['tutorial_taskflow_api']) retrieved from /home/airflow/.local/lib/python3.7/site-packages/airflow/example_dags/tutorial_taskflow_api.py
[2022-09-20T17:10:48.530+0000] {logging_mixin.py:117} INFO - [2022-09-20T17:10:48.530+0000] {dag.py:2573} INFO - Sync 1 DAGs
[2022-09-20T17:10:48.566+0000] {logging_mixin.py:117} INFO - [2022-09-20T17:10:48.565+0000] {dag.py:3328} INFO - Setting next_dagrun for tutorial_taskflow_api to None, run_after=None
[2022-09-20T17:10:48.788+0000] {processor.py:178} INFO - Processing /home/airflow/.local/lib/python3.7/site-packages/airflow/example_dags/tutorial_taskflow_api.py took 0.649 seconds
[2022-09-20T17:11:59.423+0000] {processor.py:156} INFO - Started process (PID=215) to work on /home/airflow/.local/lib/python3.7/site-packages/airflow/example_dags/tutorial_taskflow_api.py
[2022-09-20T17:11:59.721+0000] {processor.py:758} INFO - Processing file /home/airflow/.local/lib/python3.7/site-packages/airflow/example_dags/tutorial_taskflow_api.py for tasks to queue
[2022-09-20T17:11:59.723+0000] {logging_mixin.py:117} INFO - [2022-09-20T17:11:59.723+0000] {dagbag.py:525} INFO - Filling up the DagBag from /home/airflow/.local/lib/python3.7/site-packages/airflow/example_dags/tutorial_taskflow_api.py
[2022-09-20T17:11:59.984+0000] {processor.py:768} INFO - DAG(s) dict_keys(['tutorial_taskflow_api']) retrieved from /home/airflow/.local/lib/python3.7/site-packages/airflow/example_dags/tutorial_taskflow_api.py
[2022-09-20T17:12:00.032+0000] {logging_mixin.py:117} INFO - [2022-09-20T17:12:00.032+0000] {dag.py:2573} INFO - Sync 1 DAGs
[2022-09-20T17:12:00.075+0000] {logging_mixin.py:117} INFO - [2022-09-20T17:12:00.074+0000] {dag.py:3328} INFO - Setting next_dagrun for tutorial_taskflow_api to None, run_after=None
[2022-09-20T17:12:01.668+0000] {processor.py:178} INFO - Processing /home/airflow/.local/lib/python3.7/site-packages/airflow/example_dags/tutorial_taskflow_api.py took 2.249 seconds
[2022-09-20T17:12:35.880+0000] {processor.py:156} INFO - Started process (PID=268) to work on /home/airflow/.local/lib/python3.7/site-packages/airflow/example_dags/tutorial_taskflow_api.py
[2022-09-20T17:12:36.216+0000] {processor.py:758} INFO - Processing file /home/airflow/.local/lib/python3.7/site-packages/airflow/example_dags/tutorial_taskflow_api.py for tasks to queue
[2022-09-20T17:12:36.217+0000] {logging_mixin.py:117} INFO - [2022-09-20T17:12:36.217+0000] {dagbag.py:525} INFO - Filling up the DagBag from /home/airflow/.local/lib/python3.7/site-packages/airflow/example_dags/tutorial_taskflow_api.py
[2022-09-20T17:12:36.378+0000] {processor.py:768} INFO - DAG(s) dict_keys(['tutorial_taskflow_api']) retrieved from /home/airflow/.local/lib/python3.7/site-packages/airflow/example_dags/tutorial_taskflow_api.py
[2022-09-20T17:12:36.423+0000] {logging_mixin.py:117} INFO - [2022-09-20T17:12:36.423+0000] {dag.py:2573} INFO - Sync 1 DAGs
[2022-09-20T17:12:36.462+0000] {logging_mixin.py:117} INFO - [2022-09-20T17:12:36.461+0000] {dag.py:3328} INFO - Setting next_dagrun for tutorial_taskflow_api to None, run_after=None
[2022-09-20T17:12:37.975+0000] {processor.py:178} INFO - Processing /home/airflow/.local/lib/python3.7/site-packages/airflow/example_dags/tutorial_taskflow_api.py took 2.105 seconds
[2022-09-20T17:13:17.978+0000] {processor.py:156} INFO - Started process (PID=322) to work on /home/airflow/.local/lib/python3.7/site-packages/airflow/example_dags/tutorial_taskflow_api.py
[2022-09-20T17:13:18.467+0000] {processor.py:758} INFO - Processing file /home/airflow/.local/lib/python3.7/site-packages/airflow/example_dags/tutorial_taskflow_api.py for tasks to queue
[2022-09-20T17:13:18.468+0000] {logging_mixin.py:117} INFO - [2022-09-20T17:13:18.468+0000] {dagbag.py:525} INFO - Filling up the DagBag from /home/airflow/.local/lib/python3.7/site-packages/airflow/example_dags/tutorial_taskflow_api.py
[2022-09-20T17:13:18.510+0000] {processor.py:768} INFO - DAG(s) dict_keys(['tutorial_taskflow_api']) retrieved from /home/airflow/.local/lib/python3.7/site-packages/airflow/example_dags/tutorial_taskflow_api.py
[2022-09-20T17:13:18.565+0000] {logging_mixin.py:117} INFO - [2022-09-20T17:13:18.564+0000] {dag.py:2573} INFO - Sync 1 DAGs
[2022-09-20T17:13:18.596+0000] {logging_mixin.py:117} INFO - [2022-09-20T17:13:18.596+0000] {dag.py:3328} INFO - Setting next_dagrun for tutorial_taskflow_api to None, run_after=None
[2022-09-20T17:13:20.068+0000] {processor.py:178} INFO - Processing /home/airflow/.local/lib/python3.7/site-packages/airflow/example_dags/tutorial_taskflow_api.py took 2.094 seconds
[2022-09-20T17:13:56.512+0000] {processor.py:156} INFO - Started process (PID=377) to work on /home/airflow/.local/lib/python3.7/site-packages/airflow/example_dags/tutorial_taskflow_api.py
[2022-09-20T17:13:56.540+0000] {processor.py:758} INFO - Processing file /home/airflow/.local/lib/python3.7/site-packages/airflow/example_dags/tutorial_taskflow_api.py for tasks to queue
[2022-09-20T17:13:56.541+0000] {logging_mixin.py:117} INFO - [2022-09-20T17:13:56.541+0000] {dagbag.py:525} INFO - Filling up the DagBag from /home/airflow/.local/lib/python3.7/site-packages/airflow/example_dags/tutorial_taskflow_api.py
[2022-09-20T17:13:56.570+0000] {processor.py:768} INFO - DAG(s) dict_keys(['tutorial_taskflow_api']) retrieved from /home/airflow/.local/lib/python3.7/site-packages/airflow/example_dags/tutorial_taskflow_api.py
[2022-09-20T17:13:56.663+0000] {logging_mixin.py:117} INFO - [2022-09-20T17:13:56.663+0000] {dag.py:2573} INFO - Sync 1 DAGs
[2022-09-20T17:13:56.705+0000] {logging_mixin.py:117} INFO - [2022-09-20T17:13:56.705+0000] {dag.py:3328} INFO - Setting next_dagrun for tutorial_taskflow_api to None, run_after=None
[2022-09-20T17:13:57.418+0000] {processor.py:178} INFO - Processing /home/airflow/.local/lib/python3.7/site-packages/airflow/example_dags/tutorial_taskflow_api.py took 0.913 seconds
[2022-09-20T17:14:41.017+0000] {processor.py:156} INFO - Started process (PID=434) to work on /home/airflow/.local/lib/python3.7/site-packages/airflow/example_dags/tutorial_taskflow_api.py
[2022-09-20T17:14:41.062+0000] {processor.py:758} INFO - Processing file /home/airflow/.local/lib/python3.7/site-packages/airflow/example_dags/tutorial_taskflow_api.py for tasks to queue
[2022-09-20T17:14:41.062+0000] {logging_mixin.py:117} INFO - [2022-09-20T17:14:41.062+0000] {dagbag.py:525} INFO - Filling up the DagBag from /home/airflow/.local/lib/python3.7/site-packages/airflow/example_dags/tutorial_taskflow_api.py
[2022-09-20T17:14:41.090+0000] {processor.py:768} INFO - DAG(s) dict_keys(['tutorial_taskflow_api']) retrieved from /home/airflow/.local/lib/python3.7/site-packages/airflow/example_dags/tutorial_taskflow_api.py
[2022-09-20T17:14:41.251+0000] {logging_mixin.py:117} INFO - [2022-09-20T17:14:41.251+0000] {dag.py:2573} INFO - Sync 1 DAGs
[2022-09-20T17:14:41.292+0000] {logging_mixin.py:117} INFO - [2022-09-20T17:14:41.292+0000] {dag.py:3328} INFO - Setting next_dagrun for tutorial_taskflow_api to None, run_after=None
[2022-09-20T17:14:42.287+0000] {processor.py:178} INFO - Processing /home/airflow/.local/lib/python3.7/site-packages/airflow/example_dags/tutorial_taskflow_api.py took 1.274 seconds
[2022-09-20T17:15:15.711+0000] {processor.py:156} INFO - Started process (PID=487) to work on /home/airflow/.local/lib/python3.7/site-packages/airflow/example_dags/tutorial_taskflow_api.py
[2022-09-20T17:15:15.841+0000] {processor.py:758} INFO - Processing file /home/airflow/.local/lib/python3.7/site-packages/airflow/example_dags/tutorial_taskflow_api.py for tasks to queue
[2022-09-20T17:15:15.846+0000] {logging_mixin.py:117} INFO - [2022-09-20T17:15:15.844+0000] {dagbag.py:525} INFO - Filling up the DagBag from /home/airflow/.local/lib/python3.7/site-packages/airflow/example_dags/tutorial_taskflow_api.py
[2022-09-20T17:15:15.919+0000] {processor.py:768} INFO - DAG(s) dict_keys(['tutorial_taskflow_api']) retrieved from /home/airflow/.local/lib/python3.7/site-packages/airflow/example_dags/tutorial_taskflow_api.py
[2022-09-20T17:15:15.971+0000] {logging_mixin.py:117} INFO - [2022-09-20T17:15:15.971+0000] {dag.py:2573} INFO - Sync 1 DAGs
[2022-09-20T17:15:16.008+0000] {logging_mixin.py:117} INFO - [2022-09-20T17:15:16.007+0000] {dag.py:3328} INFO - Setting next_dagrun for tutorial_taskflow_api to None, run_after=None
[2022-09-20T17:15:16.979+0000] {processor.py:178} INFO - Processing /home/airflow/.local/lib/python3.7/site-packages/airflow/example_dags/tutorial_taskflow_api.py took 1.351 seconds
[2022-09-20T17:15:49.845+0000] {processor.py:156} INFO - Started process (PID=539) to work on /home/airflow/.local/lib/python3.7/site-packages/airflow/example_dags/tutorial_taskflow_api.py
[2022-09-20T17:15:50.047+0000] {processor.py:758} INFO - Processing file /home/airflow/.local/lib/python3.7/site-packages/airflow/example_dags/tutorial_taskflow_api.py for tasks to queue
[2022-09-20T17:15:50.050+0000] {logging_mixin.py:117} INFO - [2022-09-20T17:15:50.049+0000] {dagbag.py:525} INFO - Filling up the DagBag from /home/airflow/.local/lib/python3.7/site-packages/airflow/example_dags/tutorial_taskflow_api.py
[2022-09-20T17:15:50.169+0000] {processor.py:768} INFO - DAG(s) dict_keys(['tutorial_taskflow_api']) retrieved from /home/airflow/.local/lib/python3.7/site-packages/airflow/example_dags/tutorial_taskflow_api.py
[2022-09-20T17:15:50.332+0000] {logging_mixin.py:117} INFO - [2022-09-20T17:15:50.332+0000] {dag.py:2573} INFO - Sync 1 DAGs
[2022-09-20T17:15:50.399+0000] {logging_mixin.py:117} INFO - [2022-09-20T17:15:50.398+0000] {dag.py:3328} INFO - Setting next_dagrun for tutorial_taskflow_api to None, run_after=None
[2022-09-20T17:15:50.838+0000] {processor.py:178} INFO - Processing /home/airflow/.local/lib/python3.7/site-packages/airflow/example_dags/tutorial_taskflow_api.py took 0.997 seconds
[2022-09-20T17:16:27.352+0000] {processor.py:156} INFO - Started process (PID=585) to work on /home/airflow/.local/lib/python3.7/site-packages/airflow/example_dags/tutorial_taskflow_api.py
[2022-09-20T17:16:27.518+0000] {processor.py:758} INFO - Processing file /home/airflow/.local/lib/python3.7/site-packages/airflow/example_dags/tutorial_taskflow_api.py for tasks to queue
[2022-09-20T17:16:27.519+0000] {logging_mixin.py:117} INFO - [2022-09-20T17:16:27.519+0000] {dagbag.py:525} INFO - Filling up the DagBag from /home/airflow/.local/lib/python3.7/site-packages/airflow/example_dags/tutorial_taskflow_api.py
[2022-09-20T17:16:27.565+0000] {processor.py:768} INFO - DAG(s) dict_keys(['tutorial_taskflow_api']) retrieved from /home/airflow/.local/lib/python3.7/site-packages/airflow/example_dags/tutorial_taskflow_api.py
[2022-09-20T17:16:27.640+0000] {logging_mixin.py:117} INFO - [2022-09-20T17:16:27.639+0000] {dag.py:2573} INFO - Sync 1 DAGs
[2022-09-20T17:16:27.680+0000] {logging_mixin.py:117} INFO - [2022-09-20T17:16:27.680+0000] {dag.py:3328} INFO - Setting next_dagrun for tutorial_taskflow_api to None, run_after=None
[2022-09-20T17:16:28.810+0000] {processor.py:178} INFO - Processing /home/airflow/.local/lib/python3.7/site-packages/airflow/example_dags/tutorial_taskflow_api.py took 1.463 seconds
[2022-09-20T17:17:01.881+0000] {processor.py:156} INFO - Started process (PID=636) to work on /home/airflow/.local/lib/python3.7/site-packages/airflow/example_dags/tutorial_taskflow_api.py
[2022-09-20T17:17:02.116+0000] {processor.py:758} INFO - Processing file /home/airflow/.local/lib/python3.7/site-packages/airflow/example_dags/tutorial_taskflow_api.py for tasks to queue
[2022-09-20T17:17:02.118+0000] {logging_mixin.py:117} INFO - [2022-09-20T17:17:02.118+0000] {dagbag.py:525} INFO - Filling up the DagBag from /home/airflow/.local/lib/python3.7/site-packages/airflow/example_dags/tutorial_taskflow_api.py
[2022-09-20T17:17:02.172+0000] {processor.py:768} INFO - DAG(s) dict_keys(['tutorial_taskflow_api']) retrieved from /home/airflow/.local/lib/python3.7/site-packages/airflow/example_dags/tutorial_taskflow_api.py
[2022-09-20T17:17:02.260+0000] {logging_mixin.py:117} INFO - [2022-09-20T17:17:02.260+0000] {dag.py:2573} INFO - Sync 1 DAGs
[2022-09-20T17:17:02.328+0000] {logging_mixin.py:117} INFO - [2022-09-20T17:17:02.328+0000] {dag.py:3328} INFO - Setting next_dagrun for tutorial_taskflow_api to None, run_after=None
[2022-09-20T17:17:02.517+0000] {processor.py:178} INFO - Processing /home/airflow/.local/lib/python3.7/site-packages/airflow/example_dags/tutorial_taskflow_api.py took 0.640 seconds
[2022-09-20T17:17:33.370+0000] {processor.py:156} INFO - Started process (PID=690) to work on /home/airflow/.local/lib/python3.7/site-packages/airflow/example_dags/tutorial_taskflow_api.py
[2022-09-20T17:17:33.423+0000] {processor.py:758} INFO - Processing file /home/airflow/.local/lib/python3.7/site-packages/airflow/example_dags/tutorial_taskflow_api.py for tasks to queue
[2022-09-20T17:17:33.424+0000] {logging_mixin.py:117} INFO - [2022-09-20T17:17:33.424+0000] {dagbag.py:525} INFO - Filling up the DagBag from /home/airflow/.local/lib/python3.7/site-packages/airflow/example_dags/tutorial_taskflow_api.py
[2022-09-20T17:17:33.480+0000] {processor.py:768} INFO - DAG(s) dict_keys(['tutorial_taskflow_api']) retrieved from /home/airflow/.local/lib/python3.7/site-packages/airflow/example_dags/tutorial_taskflow_api.py
[2022-09-20T17:17:33.664+0000] {logging_mixin.py:117} INFO - [2022-09-20T17:17:33.664+0000] {dag.py:2573} INFO - Sync 1 DAGs
[2022-09-20T17:17:33.744+0000] {logging_mixin.py:117} INFO - [2022-09-20T17:17:33.744+0000] {dag.py:3328} INFO - Setting next_dagrun for tutorial_taskflow_api to None, run_after=None
[2022-09-20T17:17:34.139+0000] {processor.py:178} INFO - Processing /home/airflow/.local/lib/python3.7/site-packages/airflow/example_dags/tutorial_taskflow_api.py took 0.777 seconds
[2022-09-20T17:18:08.791+0000] {processor.py:156} INFO - Started process (PID=744) to work on /home/airflow/.local/lib/python3.7/site-packages/airflow/example_dags/tutorial_taskflow_api.py
[2022-09-20T17:18:09.004+0000] {processor.py:758} INFO - Processing file /home/airflow/.local/lib/python3.7/site-packages/airflow/example_dags/tutorial_taskflow_api.py for tasks to queue
[2022-09-20T17:18:09.005+0000] {logging_mixin.py:117} INFO - [2022-09-20T17:18:09.005+0000] {dagbag.py:525} INFO - Filling up the DagBag from /home/airflow/.local/lib/python3.7/site-packages/airflow/example_dags/tutorial_taskflow_api.py
[2022-09-20T17:18:09.064+0000] {processor.py:768} INFO - DAG(s) dict_keys(['tutorial_taskflow_api']) retrieved from /home/airflow/.local/lib/python3.7/site-packages/airflow/example_dags/tutorial_taskflow_api.py
[2022-09-20T17:18:09.124+0000] {logging_mixin.py:117} INFO - [2022-09-20T17:18:09.124+0000] {dag.py:2573} INFO - Sync 1 DAGs
[2022-09-20T17:18:09.162+0000] {logging_mixin.py:117} INFO - [2022-09-20T17:18:09.162+0000] {dag.py:3328} INFO - Setting next_dagrun for tutorial_taskflow_api to None, run_after=None
[2022-09-20T17:18:09.860+0000] {processor.py:178} INFO - Processing /home/airflow/.local/lib/python3.7/site-packages/airflow/example_dags/tutorial_taskflow_api.py took 1.077 seconds
[2022-09-20T17:18:46.250+0000] {processor.py:156} INFO - Started process (PID=799) to work on /home/airflow/.local/lib/python3.7/site-packages/airflow/example_dags/tutorial_taskflow_api.py
[2022-09-20T17:18:46.419+0000] {processor.py:758} INFO - Processing file /home/airflow/.local/lib/python3.7/site-packages/airflow/example_dags/tutorial_taskflow_api.py for tasks to queue
[2022-09-20T17:18:46.420+0000] {logging_mixin.py:117} INFO - [2022-09-20T17:18:46.420+0000] {dagbag.py:525} INFO - Filling up the DagBag from /home/airflow/.local/lib/python3.7/site-packages/airflow/example_dags/tutorial_taskflow_api.py
[2022-09-20T17:18:46.466+0000] {processor.py:768} INFO - DAG(s) dict_keys(['tutorial_taskflow_api']) retrieved from /home/airflow/.local/lib/python3.7/site-packages/airflow/example_dags/tutorial_taskflow_api.py
[2022-09-20T17:18:46.499+0000] {logging_mixin.py:117} INFO - [2022-09-20T17:18:46.499+0000] {dag.py:2573} INFO - Sync 1 DAGs
[2022-09-20T17:18:46.569+0000] {logging_mixin.py:117} INFO - [2022-09-20T17:18:46.569+0000] {dag.py:3328} INFO - Setting next_dagrun for tutorial_taskflow_api to None, run_after=None
[2022-09-20T17:18:48.360+0000] {processor.py:178} INFO - Processing /home/airflow/.local/lib/python3.7/site-packages/airflow/example_dags/tutorial_taskflow_api.py took 2.117 seconds
[2022-09-20T17:19:19.266+0000] {processor.py:156} INFO - Started process (PID=851) to work on /home/airflow/.local/lib/python3.7/site-packages/airflow/example_dags/tutorial_taskflow_api.py
[2022-09-20T17:19:19.390+0000] {processor.py:758} INFO - Processing file /home/airflow/.local/lib/python3.7/site-packages/airflow/example_dags/tutorial_taskflow_api.py for tasks to queue
[2022-09-20T17:19:19.392+0000] {logging_mixin.py:117} INFO - [2022-09-20T17:19:19.391+0000] {dagbag.py:525} INFO - Filling up the DagBag from /home/airflow/.local/lib/python3.7/site-packages/airflow/example_dags/tutorial_taskflow_api.py
[2022-09-20T17:19:19.475+0000] {processor.py:768} INFO - DAG(s) dict_keys(['tutorial_taskflow_api']) retrieved from /home/airflow/.local/lib/python3.7/site-packages/airflow/example_dags/tutorial_taskflow_api.py
[2022-09-20T17:19:19.557+0000] {logging_mixin.py:117} INFO - [2022-09-20T17:19:19.556+0000] {dag.py:2573} INFO - Sync 1 DAGs
[2022-09-20T17:19:19.763+0000] {logging_mixin.py:117} INFO - [2022-09-20T17:19:19.762+0000] {dag.py:3328} INFO - Setting next_dagrun for tutorial_taskflow_api to None, run_after=None
[2022-09-20T17:19:20.668+0000] {processor.py:178} INFO - Processing /home/airflow/.local/lib/python3.7/site-packages/airflow/example_dags/tutorial_taskflow_api.py took 1.411 seconds
