[2022-09-20T13:47:06.513+0000] {processor.py:156} INFO - Started process (PID=89) to work on /home/airflow/.local/lib/python3.7/site-packages/airflow/example_dags/tutorial.py
[2022-09-20T13:47:06.515+0000] {processor.py:758} INFO - Processing file /home/airflow/.local/lib/python3.7/site-packages/airflow/example_dags/tutorial.py for tasks to queue
[2022-09-20T13:47:06.516+0000] {logging_mixin.py:117} INFO - [2022-09-20T13:47:06.516+0000] {dagbag.py:525} INFO - Filling up the DagBag from /home/airflow/.local/lib/python3.7/site-packages/airflow/example_dags/tutorial.py
[2022-09-20T13:47:06.542+0000] {processor.py:768} INFO - DAG(s) dict_keys(['tutorial']) retrieved from /home/airflow/.local/lib/python3.7/site-packages/airflow/example_dags/tutorial.py
[2022-09-20T13:47:10.741+0000] {logging_mixin.py:117} INFO - [2022-09-20T13:47:10.740+0000] {manager.py:508} INFO - Created Permission View: can delete on DAG:tutorial
[2022-09-20T13:47:12.129+0000] {logging_mixin.py:117} INFO - [2022-09-20T13:47:12.128+0000] {manager.py:508} INFO - Created Permission View: can read on DAG:tutorial
[2022-09-20T13:47:14.055+0000] {logging_mixin.py:117} INFO - [2022-09-20T13:47:14.054+0000] {manager.py:508} INFO - Created Permission View: can edit on DAG:tutorial
[2022-09-20T13:47:14.056+0000] {logging_mixin.py:117} INFO - [2022-09-20T13:47:14.056+0000] {dag.py:2573} INFO - Sync 1 DAGs
[2022-09-20T13:47:14.103+0000] {logging_mixin.py:117} INFO - [2022-09-20T13:47:14.102+0000] {dag.py:2594} INFO - Creating ORM DAG for tutorial
[2022-09-20T13:47:14.124+0000] {logging_mixin.py:117} INFO - [2022-09-20T13:47:14.124+0000] {dag.py:3328} INFO - Setting next_dagrun for tutorial to 2022-09-19T13:47:14.124403+00:00, run_after=2022-09-20T13:47:14.124403+00:00
[2022-09-20T13:47:15.307+0000] {processor.py:178} INFO - Processing /home/airflow/.local/lib/python3.7/site-packages/airflow/example_dags/tutorial.py took 8.801 seconds
[2022-09-20T13:55:58.312+0000] {processor.py:156} INFO - Started process (PID=145) to work on /home/airflow/.local/lib/python3.7/site-packages/airflow/example_dags/tutorial.py
[2022-09-20T13:55:58.409+0000] {processor.py:758} INFO - Processing file /home/airflow/.local/lib/python3.7/site-packages/airflow/example_dags/tutorial.py for tasks to queue
[2022-09-20T13:55:59.200+0000] {logging_mixin.py:117} INFO - [2022-09-20T13:55:59.199+0000] {dagbag.py:525} INFO - Filling up the DagBag from /home/airflow/.local/lib/python3.7/site-packages/airflow/example_dags/tutorial.py
[2022-09-20T13:56:01.513+0000] {processor.py:768} INFO - DAG(s) dict_keys(['tutorial']) retrieved from /home/airflow/.local/lib/python3.7/site-packages/airflow/example_dags/tutorial.py
[2022-09-20T13:56:02.445+0000] {logging_mixin.py:117} INFO - [2022-09-20T13:56:02.445+0000] {dag.py:2573} INFO - Sync 1 DAGs
[2022-09-20T13:56:03.319+0000] {logging_mixin.py:117} INFO - [2022-09-20T13:56:03.319+0000] {dag.py:3328} INFO - Setting next_dagrun for tutorial to 2022-09-19T13:56:03.318411+00:00, run_after=2022-09-20T13:56:03.318411+00:00
[2022-09-20T13:56:05.783+0000] {processor.py:178} INFO - Processing /home/airflow/.local/lib/python3.7/site-packages/airflow/example_dags/tutorial.py took 7.483 seconds
[2022-09-20T14:03:43.085+0000] {processor.py:156} INFO - Started process (PID=215) to work on /home/airflow/.local/lib/python3.7/site-packages/airflow/example_dags/tutorial.py
[2022-09-20T14:03:43.619+0000] {processor.py:758} INFO - Processing file /home/airflow/.local/lib/python3.7/site-packages/airflow/example_dags/tutorial.py for tasks to queue
[2022-09-20T14:03:43.622+0000] {logging_mixin.py:117} INFO - [2022-09-20T14:03:43.621+0000] {dagbag.py:525} INFO - Filling up the DagBag from /home/airflow/.local/lib/python3.7/site-packages/airflow/example_dags/tutorial.py
[2022-09-20T14:03:43.685+0000] {processor.py:768} INFO - DAG(s) dict_keys(['tutorial']) retrieved from /home/airflow/.local/lib/python3.7/site-packages/airflow/example_dags/tutorial.py
[2022-09-20T14:03:43.748+0000] {logging_mixin.py:117} INFO - [2022-09-20T14:03:43.748+0000] {dag.py:2573} INFO - Sync 1 DAGs
[2022-09-20T14:03:43.788+0000] {logging_mixin.py:117} INFO - [2022-09-20T14:03:43.788+0000] {dag.py:3328} INFO - Setting next_dagrun for tutorial to 2022-09-19T14:03:43.788098+00:00, run_after=2022-09-20T14:03:43.788098+00:00
[2022-09-20T14:03:55.410+0000] {processor.py:178} INFO - Processing /home/airflow/.local/lib/python3.7/site-packages/airflow/example_dags/tutorial.py took 9.803 seconds
[2022-09-20T14:05:25.240+0000] {processor.py:156} INFO - Started process (PID=274) to work on /home/airflow/.local/lib/python3.7/site-packages/airflow/example_dags/tutorial.py
[2022-09-20T14:05:26.191+0000] {processor.py:758} INFO - Processing file /home/airflow/.local/lib/python3.7/site-packages/airflow/example_dags/tutorial.py for tasks to queue
[2022-09-20T14:05:26.191+0000] {logging_mixin.py:117} INFO - [2022-09-20T14:05:26.191+0000] {dagbag.py:525} INFO - Filling up the DagBag from /home/airflow/.local/lib/python3.7/site-packages/airflow/example_dags/tutorial.py
[2022-09-20T14:05:26.205+0000] {processor.py:768} INFO - DAG(s) dict_keys(['tutorial']) retrieved from /home/airflow/.local/lib/python3.7/site-packages/airflow/example_dags/tutorial.py
[2022-09-20T14:05:26.243+0000] {logging_mixin.py:117} INFO - [2022-09-20T14:05:26.243+0000] {dag.py:2573} INFO - Sync 1 DAGs
[2022-09-20T14:05:26.266+0000] {logging_mixin.py:117} INFO - [2022-09-20T14:05:26.265+0000] {dag.py:3328} INFO - Setting next_dagrun for tutorial to 2022-09-19T14:05:26.265702+00:00, run_after=2022-09-20T14:05:26.265702+00:00
[2022-09-20T14:05:28.860+0000] {processor.py:178} INFO - Processing /home/airflow/.local/lib/python3.7/site-packages/airflow/example_dags/tutorial.py took 3.622 seconds
[2022-09-20T14:06:23.751+0000] {processor.py:156} INFO - Started process (PID=331) to work on /home/airflow/.local/lib/python3.7/site-packages/airflow/example_dags/tutorial.py
[2022-09-20T14:06:23.980+0000] {processor.py:758} INFO - Processing file /home/airflow/.local/lib/python3.7/site-packages/airflow/example_dags/tutorial.py for tasks to queue
[2022-09-20T14:06:23.983+0000] {logging_mixin.py:117} INFO - [2022-09-20T14:06:23.983+0000] {dagbag.py:525} INFO - Filling up the DagBag from /home/airflow/.local/lib/python3.7/site-packages/airflow/example_dags/tutorial.py
[2022-09-20T14:06:24.007+0000] {processor.py:768} INFO - DAG(s) dict_keys(['tutorial']) retrieved from /home/airflow/.local/lib/python3.7/site-packages/airflow/example_dags/tutorial.py
[2022-09-20T14:06:24.049+0000] {logging_mixin.py:117} INFO - [2022-09-20T14:06:24.049+0000] {dag.py:2573} INFO - Sync 1 DAGs
[2022-09-20T14:06:24.075+0000] {logging_mixin.py:117} INFO - [2022-09-20T14:06:24.075+0000] {dag.py:3328} INFO - Setting next_dagrun for tutorial to 2022-09-19T14:06:24.075012+00:00, run_after=2022-09-20T14:06:24.075012+00:00
[2022-09-20T14:06:25.639+0000] {processor.py:178} INFO - Processing /home/airflow/.local/lib/python3.7/site-packages/airflow/example_dags/tutorial.py took 1.892 seconds
[2022-09-20T14:07:06.430+0000] {processor.py:156} INFO - Started process (PID=363) to work on /home/airflow/.local/lib/python3.7/site-packages/airflow/example_dags/tutorial.py
[2022-09-20T14:07:07.294+0000] {processor.py:758} INFO - Processing file /home/airflow/.local/lib/python3.7/site-packages/airflow/example_dags/tutorial.py for tasks to queue
[2022-09-20T14:07:07.295+0000] {logging_mixin.py:117} INFO - [2022-09-20T14:07:07.294+0000] {dagbag.py:525} INFO - Filling up the DagBag from /home/airflow/.local/lib/python3.7/site-packages/airflow/example_dags/tutorial.py
[2022-09-20T14:07:07.311+0000] {processor.py:768} INFO - DAG(s) dict_keys(['tutorial']) retrieved from /home/airflow/.local/lib/python3.7/site-packages/airflow/example_dags/tutorial.py
[2022-09-20T14:07:07.621+0000] {logging_mixin.py:117} INFO - [2022-09-20T14:07:07.620+0000] {dag.py:2573} INFO - Sync 1 DAGs
[2022-09-20T14:07:07.647+0000] {logging_mixin.py:117} INFO - [2022-09-20T14:07:07.647+0000] {dag.py:3328} INFO - Setting next_dagrun for tutorial to 2022-09-19T14:07:07.646957+00:00, run_after=2022-09-20T14:07:07.646957+00:00
[2022-09-20T14:07:09.716+0000] {processor.py:178} INFO - Processing /home/airflow/.local/lib/python3.7/site-packages/airflow/example_dags/tutorial.py took 3.289 seconds
[2022-09-20T14:07:47.556+0000] {processor.py:156} INFO - Started process (PID=416) to work on /home/airflow/.local/lib/python3.7/site-packages/airflow/example_dags/tutorial.py
[2022-09-20T14:07:47.881+0000] {processor.py:758} INFO - Processing file /home/airflow/.local/lib/python3.7/site-packages/airflow/example_dags/tutorial.py for tasks to queue
[2022-09-20T14:07:47.882+0000] {logging_mixin.py:117} INFO - [2022-09-20T14:07:47.882+0000] {dagbag.py:525} INFO - Filling up the DagBag from /home/airflow/.local/lib/python3.7/site-packages/airflow/example_dags/tutorial.py
[2022-09-20T14:07:47.897+0000] {processor.py:768} INFO - DAG(s) dict_keys(['tutorial']) retrieved from /home/airflow/.local/lib/python3.7/site-packages/airflow/example_dags/tutorial.py
[2022-09-20T14:07:47.936+0000] {logging_mixin.py:117} INFO - [2022-09-20T14:07:47.935+0000] {dag.py:2573} INFO - Sync 1 DAGs
[2022-09-20T14:07:47.959+0000] {logging_mixin.py:117} INFO - [2022-09-20T14:07:47.959+0000] {dag.py:3328} INFO - Setting next_dagrun for tutorial to 2022-09-19T14:07:47.958917+00:00, run_after=2022-09-20T14:07:47.958917+00:00
[2022-09-20T14:07:49.425+0000] {processor.py:178} INFO - Processing /home/airflow/.local/lib/python3.7/site-packages/airflow/example_dags/tutorial.py took 1.872 seconds
[2022-09-20T14:08:21.590+0000] {processor.py:156} INFO - Started process (PID=471) to work on /home/airflow/.local/lib/python3.7/site-packages/airflow/example_dags/tutorial.py
[2022-09-20T14:08:21.998+0000] {processor.py:758} INFO - Processing file /home/airflow/.local/lib/python3.7/site-packages/airflow/example_dags/tutorial.py for tasks to queue
[2022-09-20T14:08:21.999+0000] {logging_mixin.py:117} INFO - [2022-09-20T14:08:21.998+0000] {dagbag.py:525} INFO - Filling up the DagBag from /home/airflow/.local/lib/python3.7/site-packages/airflow/example_dags/tutorial.py
[2022-09-20T14:08:22.021+0000] {processor.py:768} INFO - DAG(s) dict_keys(['tutorial']) retrieved from /home/airflow/.local/lib/python3.7/site-packages/airflow/example_dags/tutorial.py
[2022-09-20T14:08:23.049+0000] {logging_mixin.py:117} INFO - [2022-09-20T14:08:23.049+0000] {dag.py:2573} INFO - Sync 1 DAGs
[2022-09-20T14:08:23.080+0000] {logging_mixin.py:117} INFO - [2022-09-20T14:08:23.080+0000] {dag.py:3328} INFO - Setting next_dagrun for tutorial to 2022-09-19T14:08:23.080256+00:00, run_after=2022-09-20T14:08:23.080256+00:00
[2022-09-20T14:08:23.399+0000] {processor.py:178} INFO - Processing /home/airflow/.local/lib/python3.7/site-packages/airflow/example_dags/tutorial.py took 1.813 seconds
[2022-09-20T14:10:03.744+0000] {processor.py:156} INFO - Started process (PID=505) to work on /home/airflow/.local/lib/python3.7/site-packages/airflow/example_dags/tutorial.py
[2022-09-20T14:10:04.381+0000] {processor.py:758} INFO - Processing file /home/airflow/.local/lib/python3.7/site-packages/airflow/example_dags/tutorial.py for tasks to queue
[2022-09-20T14:10:04.382+0000] {logging_mixin.py:117} INFO - [2022-09-20T14:10:04.382+0000] {dagbag.py:525} INFO - Filling up the DagBag from /home/airflow/.local/lib/python3.7/site-packages/airflow/example_dags/tutorial.py
[2022-09-20T14:10:04.405+0000] {processor.py:768} INFO - DAG(s) dict_keys(['tutorial']) retrieved from /home/airflow/.local/lib/python3.7/site-packages/airflow/example_dags/tutorial.py
[2022-09-20T14:10:04.468+0000] {logging_mixin.py:117} INFO - [2022-09-20T14:10:04.468+0000] {dag.py:2573} INFO - Sync 1 DAGs
[2022-09-20T14:10:04.504+0000] {logging_mixin.py:117} INFO - [2022-09-20T14:10:04.504+0000] {dag.py:3328} INFO - Setting next_dagrun for tutorial to 2022-09-19T14:10:04.503913+00:00, run_after=2022-09-20T14:10:04.503913+00:00
[2022-09-20T14:10:04.946+0000] {processor.py:178} INFO - Processing /home/airflow/.local/lib/python3.7/site-packages/airflow/example_dags/tutorial.py took 1.206 seconds
[2022-09-20T14:11:34.917+0000] {processor.py:156} INFO - Started process (PID=566) to work on /home/airflow/.local/lib/python3.7/site-packages/airflow/example_dags/tutorial.py
[2022-09-20T14:11:35.144+0000] {processor.py:758} INFO - Processing file /home/airflow/.local/lib/python3.7/site-packages/airflow/example_dags/tutorial.py for tasks to queue
[2022-09-20T14:11:35.146+0000] {logging_mixin.py:117} INFO - [2022-09-20T14:11:35.146+0000] {dagbag.py:525} INFO - Filling up the DagBag from /home/airflow/.local/lib/python3.7/site-packages/airflow/example_dags/tutorial.py
[2022-09-20T14:11:35.166+0000] {processor.py:768} INFO - DAG(s) dict_keys(['tutorial']) retrieved from /home/airflow/.local/lib/python3.7/site-packages/airflow/example_dags/tutorial.py
[2022-09-20T14:11:35.204+0000] {logging_mixin.py:117} INFO - [2022-09-20T14:11:35.204+0000] {dag.py:2573} INFO - Sync 1 DAGs
[2022-09-20T14:11:35.228+0000] {logging_mixin.py:117} INFO - [2022-09-20T14:11:35.228+0000] {dag.py:3328} INFO - Setting next_dagrun for tutorial to 2022-09-19T14:11:35.228267+00:00, run_after=2022-09-20T14:11:35.228267+00:00
[2022-09-20T14:11:36.483+0000] {processor.py:178} INFO - Processing /home/airflow/.local/lib/python3.7/site-packages/airflow/example_dags/tutorial.py took 1.572 seconds
[2022-09-20T14:13:27.863+0000] {processor.py:156} INFO - Started process (PID=630) to work on /home/airflow/.local/lib/python3.7/site-packages/airflow/example_dags/tutorial.py
[2022-09-20T14:13:28.441+0000] {processor.py:758} INFO - Processing file /home/airflow/.local/lib/python3.7/site-packages/airflow/example_dags/tutorial.py for tasks to queue
[2022-09-20T14:13:28.441+0000] {logging_mixin.py:117} INFO - [2022-09-20T14:13:28.441+0000] {dagbag.py:525} INFO - Filling up the DagBag from /home/airflow/.local/lib/python3.7/site-packages/airflow/example_dags/tutorial.py
[2022-09-20T14:13:28.455+0000] {processor.py:768} INFO - DAG(s) dict_keys(['tutorial']) retrieved from /home/airflow/.local/lib/python3.7/site-packages/airflow/example_dags/tutorial.py
[2022-09-20T14:13:29.028+0000] {logging_mixin.py:117} INFO - [2022-09-20T14:13:29.028+0000] {dag.py:2573} INFO - Sync 1 DAGs
[2022-09-20T14:13:29.052+0000] {logging_mixin.py:117} INFO - [2022-09-20T14:13:29.052+0000] {dag.py:3328} INFO - Setting next_dagrun for tutorial to 2022-09-19T14:13:29.051879+00:00, run_after=2022-09-20T14:13:29.051879+00:00
[2022-09-20T14:13:29.464+0000] {processor.py:178} INFO - Processing /home/airflow/.local/lib/python3.7/site-packages/airflow/example_dags/tutorial.py took 1.611 seconds
[2022-09-20T14:14:14.245+0000] {processor.py:156} INFO - Started process (PID=668) to work on /home/airflow/.local/lib/python3.7/site-packages/airflow/example_dags/tutorial.py
[2022-09-20T14:14:14.391+0000] {processor.py:758} INFO - Processing file /home/airflow/.local/lib/python3.7/site-packages/airflow/example_dags/tutorial.py for tasks to queue
[2022-09-20T14:14:14.394+0000] {logging_mixin.py:117} INFO - [2022-09-20T14:14:14.393+0000] {dagbag.py:525} INFO - Filling up the DagBag from /home/airflow/.local/lib/python3.7/site-packages/airflow/example_dags/tutorial.py
[2022-09-20T14:14:14.427+0000] {processor.py:768} INFO - DAG(s) dict_keys(['tutorial']) retrieved from /home/airflow/.local/lib/python3.7/site-packages/airflow/example_dags/tutorial.py
[2022-09-20T14:14:14.476+0000] {logging_mixin.py:117} INFO - [2022-09-20T14:14:14.476+0000] {dag.py:2573} INFO - Sync 1 DAGs
[2022-09-20T14:14:14.502+0000] {logging_mixin.py:117} INFO - [2022-09-20T14:14:14.502+0000] {dag.py:3328} INFO - Setting next_dagrun for tutorial to 2022-09-19T14:14:14.501971+00:00, run_after=2022-09-20T14:14:14.501971+00:00
[2022-09-20T14:14:14.766+0000] {processor.py:178} INFO - Processing /home/airflow/.local/lib/python3.7/site-packages/airflow/example_dags/tutorial.py took 0.524 seconds
[2022-09-20T14:14:58.795+0000] {processor.py:156} INFO - Started process (PID=713) to work on /home/airflow/.local/lib/python3.7/site-packages/airflow/example_dags/tutorial.py
[2022-09-20T14:14:59.004+0000] {processor.py:758} INFO - Processing file /home/airflow/.local/lib/python3.7/site-packages/airflow/example_dags/tutorial.py for tasks to queue
[2022-09-20T14:14:59.005+0000] {logging_mixin.py:117} INFO - [2022-09-20T14:14:59.005+0000] {dagbag.py:525} INFO - Filling up the DagBag from /home/airflow/.local/lib/python3.7/site-packages/airflow/example_dags/tutorial.py
[2022-09-20T14:14:59.039+0000] {processor.py:768} INFO - DAG(s) dict_keys(['tutorial']) retrieved from /home/airflow/.local/lib/python3.7/site-packages/airflow/example_dags/tutorial.py
[2022-09-20T14:14:59.093+0000] {logging_mixin.py:117} INFO - [2022-09-20T14:14:59.092+0000] {dag.py:2573} INFO - Sync 1 DAGs
[2022-09-20T14:14:59.117+0000] {logging_mixin.py:117} INFO - [2022-09-20T14:14:59.117+0000] {dag.py:3328} INFO - Setting next_dagrun for tutorial to 2022-09-19T14:14:59.117083+00:00, run_after=2022-09-20T14:14:59.117083+00:00
[2022-09-20T14:15:00.168+0000] {processor.py:178} INFO - Processing /home/airflow/.local/lib/python3.7/site-packages/airflow/example_dags/tutorial.py took 0.880 seconds
[2022-09-20T14:16:19.145+0000] {processor.py:156} INFO - Started process (PID=770) to work on /home/airflow/.local/lib/python3.7/site-packages/airflow/example_dags/tutorial.py
[2022-09-20T14:16:19.211+0000] {processor.py:758} INFO - Processing file /home/airflow/.local/lib/python3.7/site-packages/airflow/example_dags/tutorial.py for tasks to queue
[2022-09-20T14:16:19.211+0000] {logging_mixin.py:117} INFO - [2022-09-20T14:16:19.211+0000] {dagbag.py:525} INFO - Filling up the DagBag from /home/airflow/.local/lib/python3.7/site-packages/airflow/example_dags/tutorial.py
[2022-09-20T14:16:19.225+0000] {processor.py:768} INFO - DAG(s) dict_keys(['tutorial']) retrieved from /home/airflow/.local/lib/python3.7/site-packages/airflow/example_dags/tutorial.py
[2022-09-20T14:16:19.266+0000] {logging_mixin.py:117} INFO - [2022-09-20T14:16:19.266+0000] {dag.py:2573} INFO - Sync 1 DAGs
[2022-09-20T14:16:19.292+0000] {logging_mixin.py:117} INFO - [2022-09-20T14:16:19.291+0000] {dag.py:3328} INFO - Setting next_dagrun for tutorial to 2022-09-19T14:16:19.291676+00:00, run_after=2022-09-20T14:16:19.291676+00:00
[2022-09-20T14:16:19.617+0000] {processor.py:178} INFO - Processing /home/airflow/.local/lib/python3.7/site-packages/airflow/example_dags/tutorial.py took 0.478 seconds
[2022-09-20T14:16:55.825+0000] {processor.py:156} INFO - Started process (PID=824) to work on /home/airflow/.local/lib/python3.7/site-packages/airflow/example_dags/tutorial.py
[2022-09-20T14:16:55.826+0000] {processor.py:758} INFO - Processing file /home/airflow/.local/lib/python3.7/site-packages/airflow/example_dags/tutorial.py for tasks to queue
[2022-09-20T14:16:55.827+0000] {logging_mixin.py:117} INFO - [2022-09-20T14:16:55.827+0000] {dagbag.py:525} INFO - Filling up the DagBag from /home/airflow/.local/lib/python3.7/site-packages/airflow/example_dags/tutorial.py
[2022-09-20T14:16:55.856+0000] {processor.py:768} INFO - DAG(s) dict_keys(['tutorial']) retrieved from /home/airflow/.local/lib/python3.7/site-packages/airflow/example_dags/tutorial.py
[2022-09-20T14:16:55.893+0000] {logging_mixin.py:117} INFO - [2022-09-20T14:16:55.893+0000] {dag.py:2573} INFO - Sync 1 DAGs
[2022-09-20T14:16:55.916+0000] {logging_mixin.py:117} INFO - [2022-09-20T14:16:55.916+0000] {dag.py:3328} INFO - Setting next_dagrun for tutorial to 2022-09-19T14:16:55.916547+00:00, run_after=2022-09-20T14:16:55.916547+00:00
[2022-09-20T14:16:56.790+0000] {processor.py:178} INFO - Processing /home/airflow/.local/lib/python3.7/site-packages/airflow/example_dags/tutorial.py took 0.972 seconds
[2022-09-20T14:17:53.097+0000] {processor.py:156} INFO - Started process (PID=864) to work on /home/airflow/.local/lib/python3.7/site-packages/airflow/example_dags/tutorial.py
[2022-09-20T14:17:53.808+0000] {processor.py:758} INFO - Processing file /home/airflow/.local/lib/python3.7/site-packages/airflow/example_dags/tutorial.py for tasks to queue
[2022-09-20T14:17:53.811+0000] {logging_mixin.py:117} INFO - [2022-09-20T14:17:53.811+0000] {dagbag.py:525} INFO - Filling up the DagBag from /home/airflow/.local/lib/python3.7/site-packages/airflow/example_dags/tutorial.py
[2022-09-20T14:17:53.848+0000] {processor.py:768} INFO - DAG(s) dict_keys(['tutorial']) retrieved from /home/airflow/.local/lib/python3.7/site-packages/airflow/example_dags/tutorial.py
[2022-09-20T14:17:53.892+0000] {logging_mixin.py:117} INFO - [2022-09-20T14:17:53.892+0000] {dag.py:2573} INFO - Sync 1 DAGs
[2022-09-20T14:17:53.918+0000] {logging_mixin.py:117} INFO - [2022-09-20T14:17:53.918+0000] {dag.py:3328} INFO - Setting next_dagrun for tutorial to 2022-09-19T14:17:53.918172+00:00, run_after=2022-09-20T14:17:53.918172+00:00
[2022-09-20T14:17:54.842+0000] {processor.py:178} INFO - Processing /home/airflow/.local/lib/python3.7/site-packages/airflow/example_dags/tutorial.py took 1.750 seconds
[2022-09-20T14:18:54.579+0000] {processor.py:156} INFO - Started process (PID=891) to work on /home/airflow/.local/lib/python3.7/site-packages/airflow/example_dags/tutorial.py
[2022-09-20T14:18:54.813+0000] {processor.py:758} INFO - Processing file /home/airflow/.local/lib/python3.7/site-packages/airflow/example_dags/tutorial.py for tasks to queue
[2022-09-20T14:18:54.813+0000] {logging_mixin.py:117} INFO - [2022-09-20T14:18:54.813+0000] {dagbag.py:525} INFO - Filling up the DagBag from /home/airflow/.local/lib/python3.7/site-packages/airflow/example_dags/tutorial.py
[2022-09-20T14:18:54.827+0000] {processor.py:768} INFO - DAG(s) dict_keys(['tutorial']) retrieved from /home/airflow/.local/lib/python3.7/site-packages/airflow/example_dags/tutorial.py
[2022-09-20T14:18:54.875+0000] {logging_mixin.py:117} INFO - [2022-09-20T14:18:54.874+0000] {dag.py:2573} INFO - Sync 1 DAGs
[2022-09-20T14:18:54.904+0000] {logging_mixin.py:117} INFO - [2022-09-20T14:18:54.904+0000] {dag.py:3328} INFO - Setting next_dagrun for tutorial to 2022-09-19T14:18:54.903993+00:00, run_after=2022-09-20T14:18:54.903993+00:00
[2022-09-20T14:18:55.352+0000] {processor.py:178} INFO - Processing /home/airflow/.local/lib/python3.7/site-packages/airflow/example_dags/tutorial.py took 0.777 seconds
[2022-09-20T14:20:07.588+0000] {processor.py:156} INFO - Started process (PID=940) to work on /home/airflow/.local/lib/python3.7/site-packages/airflow/example_dags/tutorial.py
[2022-09-20T14:20:07.969+0000] {processor.py:758} INFO - Processing file /home/airflow/.local/lib/python3.7/site-packages/airflow/example_dags/tutorial.py for tasks to queue
[2022-09-20T14:20:07.970+0000] {logging_mixin.py:117} INFO - [2022-09-20T14:20:07.970+0000] {dagbag.py:525} INFO - Filling up the DagBag from /home/airflow/.local/lib/python3.7/site-packages/airflow/example_dags/tutorial.py
[2022-09-20T14:20:07.986+0000] {processor.py:768} INFO - DAG(s) dict_keys(['tutorial']) retrieved from /home/airflow/.local/lib/python3.7/site-packages/airflow/example_dags/tutorial.py
[2022-09-20T14:20:08.026+0000] {logging_mixin.py:117} INFO - [2022-09-20T14:20:08.026+0000] {dag.py:2573} INFO - Sync 1 DAGs
[2022-09-20T14:20:08.049+0000] {logging_mixin.py:117} INFO - [2022-09-20T14:20:08.049+0000] {dag.py:3328} INFO - Setting next_dagrun for tutorial to 2022-09-19T14:20:08.049334+00:00, run_after=2022-09-20T14:20:08.049334+00:00
[2022-09-20T14:20:08.519+0000] {processor.py:178} INFO - Processing /home/airflow/.local/lib/python3.7/site-packages/airflow/example_dags/tutorial.py took 0.934 seconds
[2022-09-20T14:21:54.042+0000] {processor.py:156} INFO - Started process (PID=999) to work on /home/airflow/.local/lib/python3.7/site-packages/airflow/example_dags/tutorial.py
[2022-09-20T14:21:54.195+0000] {processor.py:758} INFO - Processing file /home/airflow/.local/lib/python3.7/site-packages/airflow/example_dags/tutorial.py for tasks to queue
[2022-09-20T14:21:54.197+0000] {logging_mixin.py:117} INFO - [2022-09-20T14:21:54.197+0000] {dagbag.py:525} INFO - Filling up the DagBag from /home/airflow/.local/lib/python3.7/site-packages/airflow/example_dags/tutorial.py
[2022-09-20T14:21:54.238+0000] {processor.py:768} INFO - DAG(s) dict_keys(['tutorial']) retrieved from /home/airflow/.local/lib/python3.7/site-packages/airflow/example_dags/tutorial.py
[2022-09-20T14:21:54.280+0000] {logging_mixin.py:117} INFO - [2022-09-20T14:21:54.280+0000] {dag.py:2573} INFO - Sync 1 DAGs
[2022-09-20T14:21:54.527+0000] {logging_mixin.py:117} INFO - [2022-09-20T14:21:54.527+0000] {dag.py:3328} INFO - Setting next_dagrun for tutorial to 2022-09-19T14:21:54.527063+00:00, run_after=2022-09-20T14:21:54.527063+00:00
[2022-09-20T14:21:55.177+0000] {processor.py:178} INFO - Processing /home/airflow/.local/lib/python3.7/site-packages/airflow/example_dags/tutorial.py took 1.139 seconds
[2022-09-20T14:23:39.205+0000] {processor.py:156} INFO - Started process (PID=1031) to work on /home/airflow/.local/lib/python3.7/site-packages/airflow/example_dags/tutorial.py
[2022-09-20T14:23:39.674+0000] {processor.py:758} INFO - Processing file /home/airflow/.local/lib/python3.7/site-packages/airflow/example_dags/tutorial.py for tasks to queue
[2022-09-20T14:23:39.675+0000] {logging_mixin.py:117} INFO - [2022-09-20T14:23:39.674+0000] {dagbag.py:525} INFO - Filling up the DagBag from /home/airflow/.local/lib/python3.7/site-packages/airflow/example_dags/tutorial.py
[2022-09-20T14:23:39.690+0000] {processor.py:768} INFO - DAG(s) dict_keys(['tutorial']) retrieved from /home/airflow/.local/lib/python3.7/site-packages/airflow/example_dags/tutorial.py
[2022-09-20T14:23:39.730+0000] {logging_mixin.py:117} INFO - [2022-09-20T14:23:39.730+0000] {dag.py:2573} INFO - Sync 1 DAGs
[2022-09-20T14:23:39.755+0000] {logging_mixin.py:117} INFO - [2022-09-20T14:23:39.755+0000] {dag.py:3328} INFO - Setting next_dagrun for tutorial to 2022-09-19T14:23:39.755428+00:00, run_after=2022-09-20T14:23:39.755428+00:00
[2022-09-20T14:23:40.813+0000] {processor.py:178} INFO - Processing /home/airflow/.local/lib/python3.7/site-packages/airflow/example_dags/tutorial.py took 1.611 seconds
[2022-09-20T14:25:12.677+0000] {processor.py:156} INFO - Started process (PID=1078) to work on /home/airflow/.local/lib/python3.7/site-packages/airflow/example_dags/tutorial.py
[2022-09-20T14:25:13.198+0000] {processor.py:758} INFO - Processing file /home/airflow/.local/lib/python3.7/site-packages/airflow/example_dags/tutorial.py for tasks to queue
[2022-09-20T14:25:13.199+0000] {logging_mixin.py:117} INFO - [2022-09-20T14:25:13.199+0000] {dagbag.py:525} INFO - Filling up the DagBag from /home/airflow/.local/lib/python3.7/site-packages/airflow/example_dags/tutorial.py
[2022-09-20T14:25:13.243+0000] {processor.py:768} INFO - DAG(s) dict_keys(['tutorial']) retrieved from /home/airflow/.local/lib/python3.7/site-packages/airflow/example_dags/tutorial.py
[2022-09-20T14:25:13.282+0000] {logging_mixin.py:117} INFO - [2022-09-20T14:25:13.281+0000] {dag.py:2573} INFO - Sync 1 DAGs
[2022-09-20T14:25:13.307+0000] {logging_mixin.py:117} INFO - [2022-09-20T14:25:13.307+0000] {dag.py:3328} INFO - Setting next_dagrun for tutorial to 2022-09-19T14:25:13.307031+00:00, run_after=2022-09-20T14:25:13.307031+00:00
[2022-09-20T14:25:14.045+0000] {processor.py:178} INFO - Processing /home/airflow/.local/lib/python3.7/site-packages/airflow/example_dags/tutorial.py took 1.371 seconds
[2022-09-20T14:25:52.727+0000] {processor.py:156} INFO - Started process (PID=1132) to work on /home/airflow/.local/lib/python3.7/site-packages/airflow/example_dags/tutorial.py
[2022-09-20T14:25:53.219+0000] {processor.py:758} INFO - Processing file /home/airflow/.local/lib/python3.7/site-packages/airflow/example_dags/tutorial.py for tasks to queue
[2022-09-20T14:25:53.220+0000] {logging_mixin.py:117} INFO - [2022-09-20T14:25:53.220+0000] {dagbag.py:525} INFO - Filling up the DagBag from /home/airflow/.local/lib/python3.7/site-packages/airflow/example_dags/tutorial.py
[2022-09-20T14:25:53.239+0000] {processor.py:768} INFO - DAG(s) dict_keys(['tutorial']) retrieved from /home/airflow/.local/lib/python3.7/site-packages/airflow/example_dags/tutorial.py
[2022-09-20T14:25:53.279+0000] {logging_mixin.py:117} INFO - [2022-09-20T14:25:53.279+0000] {dag.py:2573} INFO - Sync 1 DAGs
[2022-09-20T14:25:53.306+0000] {logging_mixin.py:117} INFO - [2022-09-20T14:25:53.306+0000] {dag.py:3328} INFO - Setting next_dagrun for tutorial to 2022-09-19T14:25:53.305843+00:00, run_after=2022-09-20T14:25:53.305843+00:00
[2022-09-20T14:25:53.762+0000] {processor.py:178} INFO - Processing /home/airflow/.local/lib/python3.7/site-packages/airflow/example_dags/tutorial.py took 1.039 seconds
[2022-09-20T14:27:50.569+0000] {processor.py:156} INFO - Started process (PID=1160) to work on /home/airflow/.local/lib/python3.7/site-packages/airflow/example_dags/tutorial.py
[2022-09-20T14:27:51.030+0000] {processor.py:758} INFO - Processing file /home/airflow/.local/lib/python3.7/site-packages/airflow/example_dags/tutorial.py for tasks to queue
[2022-09-20T14:27:51.031+0000] {logging_mixin.py:117} INFO - [2022-09-20T14:27:51.031+0000] {dagbag.py:525} INFO - Filling up the DagBag from /home/airflow/.local/lib/python3.7/site-packages/airflow/example_dags/tutorial.py
[2022-09-20T14:27:51.045+0000] {processor.py:768} INFO - DAG(s) dict_keys(['tutorial']) retrieved from /home/airflow/.local/lib/python3.7/site-packages/airflow/example_dags/tutorial.py
[2022-09-20T14:27:51.088+0000] {logging_mixin.py:117} INFO - [2022-09-20T14:27:51.088+0000] {dag.py:2573} INFO - Sync 1 DAGs
[2022-09-20T14:27:51.115+0000] {logging_mixin.py:117} INFO - [2022-09-20T14:27:51.115+0000] {dag.py:3328} INFO - Setting next_dagrun for tutorial to 2022-09-19T14:27:51.115294+00:00, run_after=2022-09-20T14:27:51.115294+00:00
[2022-09-20T14:27:54.319+0000] {processor.py:178} INFO - Processing /home/airflow/.local/lib/python3.7/site-packages/airflow/example_dags/tutorial.py took 3.754 seconds
[2022-09-20T14:31:25.551+0000] {processor.py:156} INFO - Started process (PID=1204) to work on /home/airflow/.local/lib/python3.7/site-packages/airflow/example_dags/tutorial.py
[2022-09-20T14:31:26.507+0000] {processor.py:758} INFO - Processing file /home/airflow/.local/lib/python3.7/site-packages/airflow/example_dags/tutorial.py for tasks to queue
[2022-09-20T14:31:26.509+0000] {logging_mixin.py:117} INFO - [2022-09-20T14:31:26.509+0000] {dagbag.py:525} INFO - Filling up the DagBag from /home/airflow/.local/lib/python3.7/site-packages/airflow/example_dags/tutorial.py
[2022-09-20T14:31:26.544+0000] {processor.py:768} INFO - DAG(s) dict_keys(['tutorial']) retrieved from /home/airflow/.local/lib/python3.7/site-packages/airflow/example_dags/tutorial.py
[2022-09-20T14:31:26.582+0000] {logging_mixin.py:117} INFO - [2022-09-20T14:31:26.581+0000] {dag.py:2573} INFO - Sync 1 DAGs
[2022-09-20T14:31:26.605+0000] {logging_mixin.py:117} INFO - [2022-09-20T14:31:26.605+0000] {dag.py:3328} INFO - Setting next_dagrun for tutorial to 2022-09-19T14:31:26.605482+00:00, run_after=2022-09-20T14:31:26.605482+00:00
[2022-09-20T14:31:26.911+0000] {processor.py:178} INFO - Processing /home/airflow/.local/lib/python3.7/site-packages/airflow/example_dags/tutorial.py took 1.363 seconds
[2022-09-20T14:32:49.475+0000] {processor.py:156} INFO - Started process (PID=1259) to work on /home/airflow/.local/lib/python3.7/site-packages/airflow/example_dags/tutorial.py
[2022-09-20T14:32:55.961+0000] {processor.py:758} INFO - Processing file /home/airflow/.local/lib/python3.7/site-packages/airflow/example_dags/tutorial.py for tasks to queue
[2022-09-20T14:32:55.384+0000] {logging_mixin.py:117} INFO - [2022-09-20T14:32:55.381+0000] {dagbag.py:525} INFO - Filling up the DagBag from /home/airflow/.local/lib/python3.7/site-packages/airflow/example_dags/tutorial.py
[2022-09-20T14:32:55.439+0000] {processor.py:768} INFO - DAG(s) dict_keys(['tutorial']) retrieved from /home/airflow/.local/lib/python3.7/site-packages/airflow/example_dags/tutorial.py
[2022-09-20T14:32:55.494+0000] {logging_mixin.py:117} INFO - [2022-09-20T14:32:55.494+0000] {dag.py:2573} INFO - Sync 1 DAGs
[2022-09-20T14:32:55.522+0000] {logging_mixin.py:117} INFO - [2022-09-20T14:32:55.522+0000] {dag.py:3328} INFO - Setting next_dagrun for tutorial to 2022-09-19T14:32:55.521914+00:00, run_after=2022-09-20T14:32:55.521914+00:00
[2022-09-20T14:33:01.693+0000] {processor.py:178} INFO - Processing /home/airflow/.local/lib/python3.7/site-packages/airflow/example_dags/tutorial.py took 12.810 seconds
[2022-09-20T14:33:44.282+0000] {processor.py:156} INFO - Started process (PID=1314) to work on /home/airflow/.local/lib/python3.7/site-packages/airflow/example_dags/tutorial.py
[2022-09-20T14:33:45.075+0000] {processor.py:758} INFO - Processing file /home/airflow/.local/lib/python3.7/site-packages/airflow/example_dags/tutorial.py for tasks to queue
[2022-09-20T14:33:45.079+0000] {logging_mixin.py:117} INFO - [2022-09-20T14:33:45.078+0000] {dagbag.py:525} INFO - Filling up the DagBag from /home/airflow/.local/lib/python3.7/site-packages/airflow/example_dags/tutorial.py
[2022-09-20T14:33:45.125+0000] {processor.py:768} INFO - DAG(s) dict_keys(['tutorial']) retrieved from /home/airflow/.local/lib/python3.7/site-packages/airflow/example_dags/tutorial.py
[2022-09-20T14:33:45.164+0000] {logging_mixin.py:117} INFO - [2022-09-20T14:33:45.164+0000] {dag.py:2573} INFO - Sync 1 DAGs
[2022-09-20T14:33:45.188+0000] {logging_mixin.py:117} INFO - [2022-09-20T14:33:45.187+0000] {dag.py:3328} INFO - Setting next_dagrun for tutorial to 2022-09-19T14:33:45.187700+00:00, run_after=2022-09-20T14:33:45.187700+00:00
[2022-09-20T14:33:46.329+0000] {processor.py:178} INFO - Processing /home/airflow/.local/lib/python3.7/site-packages/airflow/example_dags/tutorial.py took 2.051 seconds
[2022-09-20T17:10:45.745+0000] {processor.py:156} INFO - Started process (PID=139) to work on /home/airflow/.local/lib/python3.7/site-packages/airflow/example_dags/tutorial.py
[2022-09-20T17:10:45.790+0000] {processor.py:758} INFO - Processing file /home/airflow/.local/lib/python3.7/site-packages/airflow/example_dags/tutorial.py for tasks to queue
[2022-09-20T17:10:45.791+0000] {logging_mixin.py:117} INFO - [2022-09-20T17:10:45.791+0000] {dagbag.py:525} INFO - Filling up the DagBag from /home/airflow/.local/lib/python3.7/site-packages/airflow/example_dags/tutorial.py
[2022-09-20T17:10:45.830+0000] {processor.py:768} INFO - DAG(s) dict_keys(['tutorial']) retrieved from /home/airflow/.local/lib/python3.7/site-packages/airflow/example_dags/tutorial.py
[2022-09-20T17:10:46.084+0000] {logging_mixin.py:117} INFO - [2022-09-20T17:10:46.083+0000] {dag.py:2573} INFO - Sync 1 DAGs
[2022-09-20T17:10:46.125+0000] {logging_mixin.py:117} INFO - [2022-09-20T17:10:46.125+0000] {dag.py:3328} INFO - Setting next_dagrun for tutorial to 2022-09-19T17:10:46.124922+00:00, run_after=2022-09-20T17:10:46.124922+00:00
[2022-09-20T17:10:46.722+0000] {processor.py:178} INFO - Processing /home/airflow/.local/lib/python3.7/site-packages/airflow/example_dags/tutorial.py took 0.988 seconds
[2022-09-20T17:11:57.191+0000] {processor.py:156} INFO - Started process (PID=211) to work on /home/airflow/.local/lib/python3.7/site-packages/airflow/example_dags/tutorial.py
[2022-09-20T17:11:57.272+0000] {processor.py:758} INFO - Processing file /home/airflow/.local/lib/python3.7/site-packages/airflow/example_dags/tutorial.py for tasks to queue
[2022-09-20T17:11:57.273+0000] {logging_mixin.py:117} INFO - [2022-09-20T17:11:57.273+0000] {dagbag.py:525} INFO - Filling up the DagBag from /home/airflow/.local/lib/python3.7/site-packages/airflow/example_dags/tutorial.py
[2022-09-20T17:11:57.290+0000] {processor.py:768} INFO - DAG(s) dict_keys(['tutorial']) retrieved from /home/airflow/.local/lib/python3.7/site-packages/airflow/example_dags/tutorial.py
[2022-09-20T17:11:57.496+0000] {logging_mixin.py:117} INFO - [2022-09-20T17:11:57.495+0000] {dag.py:2573} INFO - Sync 1 DAGs
[2022-09-20T17:11:57.539+0000] {logging_mixin.py:117} INFO - [2022-09-20T17:11:57.539+0000] {dag.py:3328} INFO - Setting next_dagrun for tutorial to 2022-09-19T17:11:57.539418+00:00, run_after=2022-09-20T17:11:57.539418+00:00
[2022-09-20T17:11:58.010+0000] {processor.py:178} INFO - Processing /home/airflow/.local/lib/python3.7/site-packages/airflow/example_dags/tutorial.py took 0.824 seconds
[2022-09-20T17:12:29.970+0000] {processor.py:156} INFO - Started process (PID=264) to work on /home/airflow/.local/lib/python3.7/site-packages/airflow/example_dags/tutorial.py
[2022-09-20T17:12:29.972+0000] {processor.py:758} INFO - Processing file /home/airflow/.local/lib/python3.7/site-packages/airflow/example_dags/tutorial.py for tasks to queue
[2022-09-20T17:12:29.974+0000] {logging_mixin.py:117} INFO - [2022-09-20T17:12:29.974+0000] {dagbag.py:525} INFO - Filling up the DagBag from /home/airflow/.local/lib/python3.7/site-packages/airflow/example_dags/tutorial.py
[2022-09-20T17:12:30.179+0000] {processor.py:768} INFO - DAG(s) dict_keys(['tutorial']) retrieved from /home/airflow/.local/lib/python3.7/site-packages/airflow/example_dags/tutorial.py
[2022-09-20T17:12:30.285+0000] {logging_mixin.py:117} INFO - [2022-09-20T17:12:30.285+0000] {dag.py:2573} INFO - Sync 1 DAGs
[2022-09-20T17:12:30.317+0000] {logging_mixin.py:117} INFO - [2022-09-20T17:12:30.317+0000] {dag.py:3328} INFO - Setting next_dagrun for tutorial to 2022-09-19T17:12:30.316787+00:00, run_after=2022-09-20T17:12:30.316787+00:00
[2022-09-20T17:12:32.528+0000] {processor.py:178} INFO - Processing /home/airflow/.local/lib/python3.7/site-packages/airflow/example_dags/tutorial.py took 2.567 seconds
[2022-09-20T17:13:11.463+0000] {processor.py:156} INFO - Started process (PID=317) to work on /home/airflow/.local/lib/python3.7/site-packages/airflow/example_dags/tutorial.py
[2022-09-20T17:13:11.630+0000] {processor.py:758} INFO - Processing file /home/airflow/.local/lib/python3.7/site-packages/airflow/example_dags/tutorial.py for tasks to queue
[2022-09-20T17:13:11.634+0000] {logging_mixin.py:117} INFO - [2022-09-20T17:13:11.633+0000] {dagbag.py:525} INFO - Filling up the DagBag from /home/airflow/.local/lib/python3.7/site-packages/airflow/example_dags/tutorial.py
[2022-09-20T17:13:11.709+0000] {processor.py:768} INFO - DAG(s) dict_keys(['tutorial']) retrieved from /home/airflow/.local/lib/python3.7/site-packages/airflow/example_dags/tutorial.py
[2022-09-20T17:13:11.833+0000] {logging_mixin.py:117} INFO - [2022-09-20T17:13:11.833+0000] {dag.py:2573} INFO - Sync 1 DAGs
[2022-09-20T17:13:11.885+0000] {logging_mixin.py:117} INFO - [2022-09-20T17:13:11.884+0000] {dag.py:3328} INFO - Setting next_dagrun for tutorial to 2022-09-19T17:13:11.884191+00:00, run_after=2022-09-20T17:13:11.884191+00:00
[2022-09-20T17:13:12.250+0000] {processor.py:178} INFO - Processing /home/airflow/.local/lib/python3.7/site-packages/airflow/example_dags/tutorial.py took 0.800 seconds
[2022-09-20T17:13:52.026+0000] {processor.py:156} INFO - Started process (PID=371) to work on /home/airflow/.local/lib/python3.7/site-packages/airflow/example_dags/tutorial.py
[2022-09-20T17:13:52.286+0000] {processor.py:758} INFO - Processing file /home/airflow/.local/lib/python3.7/site-packages/airflow/example_dags/tutorial.py for tasks to queue
[2022-09-20T17:13:52.809+0000] {logging_mixin.py:117} INFO - [2022-09-20T17:13:52.809+0000] {dagbag.py:525} INFO - Filling up the DagBag from /home/airflow/.local/lib/python3.7/site-packages/airflow/example_dags/tutorial.py
[2022-09-20T17:13:52.850+0000] {processor.py:768} INFO - DAG(s) dict_keys(['tutorial']) retrieved from /home/airflow/.local/lib/python3.7/site-packages/airflow/example_dags/tutorial.py
[2022-09-20T17:13:52.922+0000] {logging_mixin.py:117} INFO - [2022-09-20T17:13:52.921+0000] {dag.py:2573} INFO - Sync 1 DAGs
[2022-09-20T17:13:52.958+0000] {logging_mixin.py:117} INFO - [2022-09-20T17:13:52.958+0000] {dag.py:3328} INFO - Setting next_dagrun for tutorial to 2022-09-19T17:13:52.957968+00:00, run_after=2022-09-20T17:13:52.957968+00:00
[2022-09-20T17:13:54.567+0000] {processor.py:178} INFO - Processing /home/airflow/.local/lib/python3.7/site-packages/airflow/example_dags/tutorial.py took 2.545 seconds
[2022-09-20T17:14:27.711+0000] {processor.py:156} INFO - Started process (PID=424) to work on /home/airflow/.local/lib/python3.7/site-packages/airflow/example_dags/tutorial.py
[2022-09-20T17:14:28.200+0000] {processor.py:758} INFO - Processing file /home/airflow/.local/lib/python3.7/site-packages/airflow/example_dags/tutorial.py for tasks to queue
[2022-09-20T17:14:28.201+0000] {logging_mixin.py:117} INFO - [2022-09-20T17:14:28.200+0000] {dagbag.py:525} INFO - Filling up the DagBag from /home/airflow/.local/lib/python3.7/site-packages/airflow/example_dags/tutorial.py
[2022-09-20T17:14:28.222+0000] {processor.py:768} INFO - DAG(s) dict_keys(['tutorial']) retrieved from /home/airflow/.local/lib/python3.7/site-packages/airflow/example_dags/tutorial.py
[2022-09-20T17:14:29.118+0000] {logging_mixin.py:117} INFO - [2022-09-20T17:14:29.118+0000] {dag.py:2573} INFO - Sync 1 DAGs
[2022-09-20T17:14:30.263+0000] {logging_mixin.py:117} INFO - [2022-09-20T17:14:30.262+0000] {dag.py:3328} INFO - Setting next_dagrun for tutorial to 2022-09-19T17:14:30.262691+00:00, run_after=2022-09-20T17:14:30.262691+00:00
[2022-09-20T17:14:31.258+0000] {processor.py:178} INFO - Processing /home/airflow/.local/lib/python3.7/site-packages/airflow/example_dags/tutorial.py took 3.551 seconds
[2022-09-20T17:15:08.687+0000] {processor.py:156} INFO - Started process (PID=468) to work on /home/airflow/.local/lib/python3.7/site-packages/airflow/example_dags/tutorial.py
[2022-09-20T17:15:08.904+0000] {processor.py:758} INFO - Processing file /home/airflow/.local/lib/python3.7/site-packages/airflow/example_dags/tutorial.py for tasks to queue
[2022-09-20T17:15:08.905+0000] {logging_mixin.py:117} INFO - [2022-09-20T17:15:08.905+0000] {dagbag.py:525} INFO - Filling up the DagBag from /home/airflow/.local/lib/python3.7/site-packages/airflow/example_dags/tutorial.py
[2022-09-20T17:15:08.929+0000] {processor.py:768} INFO - DAG(s) dict_keys(['tutorial']) retrieved from /home/airflow/.local/lib/python3.7/site-packages/airflow/example_dags/tutorial.py
[2022-09-20T17:15:09.803+0000] {logging_mixin.py:117} INFO - [2022-09-20T17:15:09.802+0000] {dag.py:2573} INFO - Sync 1 DAGs
[2022-09-20T17:15:09.838+0000] {logging_mixin.py:117} INFO - [2022-09-20T17:15:09.837+0000] {dag.py:3328} INFO - Setting next_dagrun for tutorial to 2022-09-19T17:15:09.837577+00:00, run_after=2022-09-20T17:15:09.837577+00:00
[2022-09-20T17:15:11.078+0000] {processor.py:178} INFO - Processing /home/airflow/.local/lib/python3.7/site-packages/airflow/example_dags/tutorial.py took 2.399 seconds
[2022-09-20T17:15:42.425+0000] {processor.py:156} INFO - Started process (PID=523) to work on /home/airflow/.local/lib/python3.7/site-packages/airflow/example_dags/tutorial.py
[2022-09-20T17:15:42.441+0000] {processor.py:758} INFO - Processing file /home/airflow/.local/lib/python3.7/site-packages/airflow/example_dags/tutorial.py for tasks to queue
[2022-09-20T17:15:42.442+0000] {logging_mixin.py:117} INFO - [2022-09-20T17:15:42.441+0000] {dagbag.py:525} INFO - Filling up the DagBag from /home/airflow/.local/lib/python3.7/site-packages/airflow/example_dags/tutorial.py
[2022-09-20T17:15:42.465+0000] {processor.py:768} INFO - DAG(s) dict_keys(['tutorial']) retrieved from /home/airflow/.local/lib/python3.7/site-packages/airflow/example_dags/tutorial.py
[2022-09-20T17:15:42.516+0000] {logging_mixin.py:117} INFO - [2022-09-20T17:15:42.516+0000] {dag.py:2573} INFO - Sync 1 DAGs
[2022-09-20T17:15:42.554+0000] {logging_mixin.py:117} INFO - [2022-09-20T17:15:42.553+0000] {dag.py:3328} INFO - Setting next_dagrun for tutorial to 2022-09-19T17:15:42.553544+00:00, run_after=2022-09-20T17:15:42.553544+00:00
[2022-09-20T17:15:43.278+0000] {processor.py:178} INFO - Processing /home/airflow/.local/lib/python3.7/site-packages/airflow/example_dags/tutorial.py took 0.861 seconds
[2022-09-20T17:16:23.293+0000] {processor.py:156} INFO - Started process (PID=578) to work on /home/airflow/.local/lib/python3.7/site-packages/airflow/example_dags/tutorial.py
[2022-09-20T17:16:23.463+0000] {processor.py:758} INFO - Processing file /home/airflow/.local/lib/python3.7/site-packages/airflow/example_dags/tutorial.py for tasks to queue
[2022-09-20T17:16:23.466+0000] {logging_mixin.py:117} INFO - [2022-09-20T17:16:23.465+0000] {dagbag.py:525} INFO - Filling up the DagBag from /home/airflow/.local/lib/python3.7/site-packages/airflow/example_dags/tutorial.py
[2022-09-20T17:16:23.527+0000] {processor.py:768} INFO - DAG(s) dict_keys(['tutorial']) retrieved from /home/airflow/.local/lib/python3.7/site-packages/airflow/example_dags/tutorial.py
[2022-09-20T17:16:23.656+0000] {logging_mixin.py:117} INFO - [2022-09-20T17:16:23.655+0000] {dag.py:2573} INFO - Sync 1 DAGs
[2022-09-20T17:16:23.734+0000] {logging_mixin.py:117} INFO - [2022-09-20T17:16:23.733+0000] {dag.py:3328} INFO - Setting next_dagrun for tutorial to 2022-09-19T17:16:23.732731+00:00, run_after=2022-09-20T17:16:23.732731+00:00
[2022-09-20T17:16:24.082+0000] {processor.py:178} INFO - Processing /home/airflow/.local/lib/python3.7/site-packages/airflow/example_dags/tutorial.py took 0.793 seconds
[2022-09-20T17:17:00.478+0000] {processor.py:156} INFO - Started process (PID=632) to work on /home/airflow/.local/lib/python3.7/site-packages/airflow/example_dags/tutorial.py
[2022-09-20T17:17:00.604+0000] {processor.py:758} INFO - Processing file /home/airflow/.local/lib/python3.7/site-packages/airflow/example_dags/tutorial.py for tasks to queue
[2022-09-20T17:17:00.605+0000] {logging_mixin.py:117} INFO - [2022-09-20T17:17:00.605+0000] {dagbag.py:525} INFO - Filling up the DagBag from /home/airflow/.local/lib/python3.7/site-packages/airflow/example_dags/tutorial.py
[2022-09-20T17:17:00.650+0000] {processor.py:768} INFO - DAG(s) dict_keys(['tutorial']) retrieved from /home/airflow/.local/lib/python3.7/site-packages/airflow/example_dags/tutorial.py
[2022-09-20T17:17:00.720+0000] {logging_mixin.py:117} INFO - [2022-09-20T17:17:00.720+0000] {dag.py:2573} INFO - Sync 1 DAGs
[2022-09-20T17:17:00.766+0000] {logging_mixin.py:117} INFO - [2022-09-20T17:17:00.766+0000] {dag.py:3328} INFO - Setting next_dagrun for tutorial to 2022-09-19T17:17:00.766484+00:00, run_after=2022-09-20T17:17:00.766484+00:00
[2022-09-20T17:17:00.954+0000] {processor.py:178} INFO - Processing /home/airflow/.local/lib/python3.7/site-packages/airflow/example_dags/tutorial.py took 0.481 seconds
[2022-09-20T17:17:31.224+0000] {processor.py:156} INFO - Started process (PID=686) to work on /home/airflow/.local/lib/python3.7/site-packages/airflow/example_dags/tutorial.py
[2022-09-20T17:17:31.232+0000] {processor.py:758} INFO - Processing file /home/airflow/.local/lib/python3.7/site-packages/airflow/example_dags/tutorial.py for tasks to queue
[2022-09-20T17:17:31.234+0000] {logging_mixin.py:117} INFO - [2022-09-20T17:17:31.233+0000] {dagbag.py:525} INFO - Filling up the DagBag from /home/airflow/.local/lib/python3.7/site-packages/airflow/example_dags/tutorial.py
[2022-09-20T17:17:31.261+0000] {processor.py:768} INFO - DAG(s) dict_keys(['tutorial']) retrieved from /home/airflow/.local/lib/python3.7/site-packages/airflow/example_dags/tutorial.py
[2022-09-20T17:17:31.338+0000] {logging_mixin.py:117} INFO - [2022-09-20T17:17:31.338+0000] {dag.py:2573} INFO - Sync 1 DAGs
[2022-09-20T17:17:31.381+0000] {logging_mixin.py:117} INFO - [2022-09-20T17:17:31.381+0000] {dag.py:3328} INFO - Setting next_dagrun for tutorial to 2022-09-19T17:17:31.380720+00:00, run_after=2022-09-20T17:17:31.380720+00:00
[2022-09-20T17:17:31.507+0000] {processor.py:178} INFO - Processing /home/airflow/.local/lib/python3.7/site-packages/airflow/example_dags/tutorial.py took 0.288 seconds
[2022-09-20T17:18:04.932+0000] {processor.py:156} INFO - Started process (PID=740) to work on /home/airflow/.local/lib/python3.7/site-packages/airflow/example_dags/tutorial.py
[2022-09-20T17:18:05.018+0000] {processor.py:758} INFO - Processing file /home/airflow/.local/lib/python3.7/site-packages/airflow/example_dags/tutorial.py for tasks to queue
[2022-09-20T17:18:05.019+0000] {logging_mixin.py:117} INFO - [2022-09-20T17:18:05.019+0000] {dagbag.py:525} INFO - Filling up the DagBag from /home/airflow/.local/lib/python3.7/site-packages/airflow/example_dags/tutorial.py
[2022-09-20T17:18:05.034+0000] {processor.py:768} INFO - DAG(s) dict_keys(['tutorial']) retrieved from /home/airflow/.local/lib/python3.7/site-packages/airflow/example_dags/tutorial.py
[2022-09-20T17:18:05.075+0000] {logging_mixin.py:117} INFO - [2022-09-20T17:18:05.075+0000] {dag.py:2573} INFO - Sync 1 DAGs
[2022-09-20T17:18:05.112+0000] {logging_mixin.py:117} INFO - [2022-09-20T17:18:05.112+0000] {dag.py:3328} INFO - Setting next_dagrun for tutorial to 2022-09-19T17:18:05.112287+00:00, run_after=2022-09-20T17:18:05.112287+00:00
[2022-09-20T17:18:06.739+0000] {processor.py:178} INFO - Processing /home/airflow/.local/lib/python3.7/site-packages/airflow/example_dags/tutorial.py took 1.815 seconds
[2022-09-20T17:18:37.556+0000] {processor.py:156} INFO - Started process (PID=794) to work on /home/airflow/.local/lib/python3.7/site-packages/airflow/example_dags/tutorial.py
[2022-09-20T17:18:37.672+0000] {processor.py:758} INFO - Processing file /home/airflow/.local/lib/python3.7/site-packages/airflow/example_dags/tutorial.py for tasks to queue
[2022-09-20T17:18:37.674+0000] {logging_mixin.py:117} INFO - [2022-09-20T17:18:37.673+0000] {dagbag.py:525} INFO - Filling up the DagBag from /home/airflow/.local/lib/python3.7/site-packages/airflow/example_dags/tutorial.py
[2022-09-20T17:18:37.785+0000] {processor.py:768} INFO - DAG(s) dict_keys(['tutorial']) retrieved from /home/airflow/.local/lib/python3.7/site-packages/airflow/example_dags/tutorial.py
[2022-09-20T17:18:42.544+0000] {logging_mixin.py:117} INFO - [2022-09-20T17:18:42.544+0000] {dag.py:2573} INFO - Sync 1 DAGs
[2022-09-20T17:18:42.632+0000] {logging_mixin.py:117} INFO - [2022-09-20T17:18:42.632+0000] {dag.py:3328} INFO - Setting next_dagrun for tutorial to 2022-09-19T17:18:42.631713+00:00, run_after=2022-09-20T17:18:42.631713+00:00
[2022-09-20T17:18:43.866+0000] {processor.py:178} INFO - Processing /home/airflow/.local/lib/python3.7/site-packages/airflow/example_dags/tutorial.py took 6.349 seconds
[2022-09-20T17:19:14.250+0000] {processor.py:156} INFO - Started process (PID=839) to work on /home/airflow/.local/lib/python3.7/site-packages/airflow/example_dags/tutorial.py
[2022-09-20T17:19:14.398+0000] {processor.py:758} INFO - Processing file /home/airflow/.local/lib/python3.7/site-packages/airflow/example_dags/tutorial.py for tasks to queue
[2022-09-20T17:19:14.400+0000] {logging_mixin.py:117} INFO - [2022-09-20T17:19:14.399+0000] {dagbag.py:525} INFO - Filling up the DagBag from /home/airflow/.local/lib/python3.7/site-packages/airflow/example_dags/tutorial.py
[2022-09-20T17:19:14.466+0000] {processor.py:768} INFO - DAG(s) dict_keys(['tutorial']) retrieved from /home/airflow/.local/lib/python3.7/site-packages/airflow/example_dags/tutorial.py
[2022-09-20T17:19:14.625+0000] {logging_mixin.py:117} INFO - [2022-09-20T17:19:14.625+0000] {dag.py:2573} INFO - Sync 1 DAGs
[2022-09-20T17:19:14.725+0000] {logging_mixin.py:117} INFO - [2022-09-20T17:19:14.725+0000] {dag.py:3328} INFO - Setting next_dagrun for tutorial to 2022-09-19T17:19:14.724362+00:00, run_after=2022-09-20T17:19:14.724362+00:00
[2022-09-20T17:19:15.288+0000] {processor.py:178} INFO - Processing /home/airflow/.local/lib/python3.7/site-packages/airflow/example_dags/tutorial.py took 1.053 seconds
