[2022-09-20T13:55:42.186+0000] {processor.py:156} INFO - Started process (PID=132) to work on /home/airflow/.local/lib/python3.7/site-packages/airflow/example_dags/plugins/workday.py
[2022-09-20T13:55:42.188+0000] {processor.py:758} INFO - Processing file /home/airflow/.local/lib/python3.7/site-packages/airflow/example_dags/plugins/workday.py for tasks to queue
[2022-09-20T13:55:42.234+0000] {logging_mixin.py:117} INFO - [2022-09-20T13:55:42.189+0000] {dagbag.py:525} INFO - Filling up the DagBag from /home/airflow/.local/lib/python3.7/site-packages/airflow/example_dags/plugins/workday.py
[2022-09-20T13:55:45.047+0000] {processor.py:770} WARNING - No viable dags retrieved from /home/airflow/.local/lib/python3.7/site-packages/airflow/example_dags/plugins/workday.py
[2022-09-20T13:55:45.495+0000] {processor.py:178} INFO - Processing /home/airflow/.local/lib/python3.7/site-packages/airflow/example_dags/plugins/workday.py took 3.317 seconds
[2022-09-20T14:04:40.710+0000] {processor.py:156} INFO - Started process (PID=255) to work on /home/airflow/.local/lib/python3.7/site-packages/airflow/example_dags/plugins/workday.py
[2022-09-20T14:04:41.317+0000] {processor.py:758} INFO - Processing file /home/airflow/.local/lib/python3.7/site-packages/airflow/example_dags/plugins/workday.py for tasks to queue
[2022-09-20T14:04:41.320+0000] {logging_mixin.py:117} INFO - [2022-09-20T14:04:41.319+0000] {dagbag.py:525} INFO - Filling up the DagBag from /home/airflow/.local/lib/python3.7/site-packages/airflow/example_dags/plugins/workday.py
[2022-09-20T14:04:41.328+0000] {processor.py:770} WARNING - No viable dags retrieved from /home/airflow/.local/lib/python3.7/site-packages/airflow/example_dags/plugins/workday.py
[2022-09-20T14:04:41.374+0000] {processor.py:178} INFO - Processing /home/airflow/.local/lib/python3.7/site-packages/airflow/example_dags/plugins/workday.py took 0.667 seconds
[2022-09-20T14:06:17.045+0000] {processor.py:156} INFO - Started process (PID=323) to work on /home/airflow/.local/lib/python3.7/site-packages/airflow/example_dags/plugins/workday.py
[2022-09-20T14:06:17.460+0000] {processor.py:758} INFO - Processing file /home/airflow/.local/lib/python3.7/site-packages/airflow/example_dags/plugins/workday.py for tasks to queue
[2022-09-20T14:06:17.460+0000] {logging_mixin.py:117} INFO - [2022-09-20T14:06:17.460+0000] {dagbag.py:525} INFO - Filling up the DagBag from /home/airflow/.local/lib/python3.7/site-packages/airflow/example_dags/plugins/workday.py
[2022-09-20T14:06:17.462+0000] {processor.py:770} WARNING - No viable dags retrieved from /home/airflow/.local/lib/python3.7/site-packages/airflow/example_dags/plugins/workday.py
[2022-09-20T14:06:17.477+0000] {processor.py:178} INFO - Processing /home/airflow/.local/lib/python3.7/site-packages/airflow/example_dags/plugins/workday.py took 0.436 seconds
[2022-09-20T14:07:29.633+0000] {processor.py:156} INFO - Started process (PID=388) to work on /home/airflow/.local/lib/python3.7/site-packages/airflow/example_dags/plugins/workday.py
[2022-09-20T14:07:29.712+0000] {processor.py:758} INFO - Processing file /home/airflow/.local/lib/python3.7/site-packages/airflow/example_dags/plugins/workday.py for tasks to queue
[2022-09-20T14:07:29.713+0000] {logging_mixin.py:117} INFO - [2022-09-20T14:07:29.713+0000] {dagbag.py:525} INFO - Filling up the DagBag from /home/airflow/.local/lib/python3.7/site-packages/airflow/example_dags/plugins/workday.py
[2022-09-20T14:07:29.717+0000] {processor.py:770} WARNING - No viable dags retrieved from /home/airflow/.local/lib/python3.7/site-packages/airflow/example_dags/plugins/workday.py
[2022-09-20T14:07:29.748+0000] {processor.py:178} INFO - Processing /home/airflow/.local/lib/python3.7/site-packages/airflow/example_dags/plugins/workday.py took 0.120 seconds
[2022-09-20T14:08:01.099+0000] {processor.py:156} INFO - Started process (PID=441) to work on /home/airflow/.local/lib/python3.7/site-packages/airflow/example_dags/plugins/workday.py
[2022-09-20T14:08:01.227+0000] {processor.py:758} INFO - Processing file /home/airflow/.local/lib/python3.7/site-packages/airflow/example_dags/plugins/workday.py for tasks to queue
[2022-09-20T14:08:01.229+0000] {logging_mixin.py:117} INFO - [2022-09-20T14:08:01.228+0000] {dagbag.py:525} INFO - Filling up the DagBag from /home/airflow/.local/lib/python3.7/site-packages/airflow/example_dags/plugins/workday.py
[2022-09-20T14:08:01.232+0000] {processor.py:770} WARNING - No viable dags retrieved from /home/airflow/.local/lib/python3.7/site-packages/airflow/example_dags/plugins/workday.py
[2022-09-20T14:08:01.261+0000] {processor.py:178} INFO - Processing /home/airflow/.local/lib/python3.7/site-packages/airflow/example_dags/plugins/workday.py took 0.172 seconds
[2022-09-20T14:09:01.786+0000] {processor.py:156} INFO - Started process (PID=497) to work on /home/airflow/.local/lib/python3.7/site-packages/airflow/example_dags/plugins/workday.py
[2022-09-20T14:09:01.963+0000] {processor.py:758} INFO - Processing file /home/airflow/.local/lib/python3.7/site-packages/airflow/example_dags/plugins/workday.py for tasks to queue
[2022-09-20T14:09:01.964+0000] {logging_mixin.py:117} INFO - [2022-09-20T14:09:01.964+0000] {dagbag.py:525} INFO - Filling up the DagBag from /home/airflow/.local/lib/python3.7/site-packages/airflow/example_dags/plugins/workday.py
[2022-09-20T14:09:01.965+0000] {processor.py:770} WARNING - No viable dags retrieved from /home/airflow/.local/lib/python3.7/site-packages/airflow/example_dags/plugins/workday.py
[2022-09-20T14:09:01.979+0000] {processor.py:178} INFO - Processing /home/airflow/.local/lib/python3.7/site-packages/airflow/example_dags/plugins/workday.py took 0.197 seconds
[2022-09-20T14:11:23.999+0000] {processor.py:156} INFO - Started process (PID=557) to work on /home/airflow/.local/lib/python3.7/site-packages/airflow/example_dags/plugins/workday.py
[2022-09-20T14:11:24.110+0000] {processor.py:758} INFO - Processing file /home/airflow/.local/lib/python3.7/site-packages/airflow/example_dags/plugins/workday.py for tasks to queue
[2022-09-20T14:11:24.112+0000] {logging_mixin.py:117} INFO - [2022-09-20T14:11:24.112+0000] {dagbag.py:525} INFO - Filling up the DagBag from /home/airflow/.local/lib/python3.7/site-packages/airflow/example_dags/plugins/workday.py
[2022-09-20T14:11:24.117+0000] {processor.py:770} WARNING - No viable dags retrieved from /home/airflow/.local/lib/python3.7/site-packages/airflow/example_dags/plugins/workday.py
[2022-09-20T14:11:24.159+0000] {processor.py:178} INFO - Processing /home/airflow/.local/lib/python3.7/site-packages/airflow/example_dags/plugins/workday.py took 0.163 seconds
[2022-09-20T14:12:33.652+0000] {processor.py:156} INFO - Started process (PID=616) to work on /home/airflow/.local/lib/python3.7/site-packages/airflow/example_dags/plugins/workday.py
[2022-09-20T14:12:34.291+0000] {processor.py:758} INFO - Processing file /home/airflow/.local/lib/python3.7/site-packages/airflow/example_dags/plugins/workday.py for tasks to queue
[2022-09-20T14:12:34.295+0000] {logging_mixin.py:117} INFO - [2022-09-20T14:12:34.294+0000] {dagbag.py:525} INFO - Filling up the DagBag from /home/airflow/.local/lib/python3.7/site-packages/airflow/example_dags/plugins/workday.py
[2022-09-20T14:12:34.301+0000] {processor.py:770} WARNING - No viable dags retrieved from /home/airflow/.local/lib/python3.7/site-packages/airflow/example_dags/plugins/workday.py
[2022-09-20T14:12:34.343+0000] {processor.py:178} INFO - Processing /home/airflow/.local/lib/python3.7/site-packages/airflow/example_dags/plugins/workday.py took 0.696 seconds
[2022-09-20T14:14:18.083+0000] {processor.py:156} INFO - Started process (PID=676) to work on /home/airflow/.local/lib/python3.7/site-packages/airflow/example_dags/plugins/workday.py
[2022-09-20T14:14:18.203+0000] {processor.py:758} INFO - Processing file /home/airflow/.local/lib/python3.7/site-packages/airflow/example_dags/plugins/workday.py for tasks to queue
[2022-09-20T14:14:18.205+0000] {logging_mixin.py:117} INFO - [2022-09-20T14:14:18.204+0000] {dagbag.py:525} INFO - Filling up the DagBag from /home/airflow/.local/lib/python3.7/site-packages/airflow/example_dags/plugins/workday.py
[2022-09-20T14:14:18.209+0000] {processor.py:770} WARNING - No viable dags retrieved from /home/airflow/.local/lib/python3.7/site-packages/airflow/example_dags/plugins/workday.py
[2022-09-20T14:14:18.235+0000] {processor.py:178} INFO - Processing /home/airflow/.local/lib/python3.7/site-packages/airflow/example_dags/plugins/workday.py took 0.155 seconds
[2022-09-20T14:15:02.621+0000] {processor.py:156} INFO - Started process (PID=722) to work on /home/airflow/.local/lib/python3.7/site-packages/airflow/example_dags/plugins/workday.py
[2022-09-20T14:15:02.745+0000] {processor.py:758} INFO - Processing file /home/airflow/.local/lib/python3.7/site-packages/airflow/example_dags/plugins/workday.py for tasks to queue
[2022-09-20T14:15:02.746+0000] {logging_mixin.py:117} INFO - [2022-09-20T14:15:02.745+0000] {dagbag.py:525} INFO - Filling up the DagBag from /home/airflow/.local/lib/python3.7/site-packages/airflow/example_dags/plugins/workday.py
[2022-09-20T14:15:02.748+0000] {processor.py:770} WARNING - No viable dags retrieved from /home/airflow/.local/lib/python3.7/site-packages/airflow/example_dags/plugins/workday.py
[2022-09-20T14:15:02.770+0000] {processor.py:178} INFO - Processing /home/airflow/.local/lib/python3.7/site-packages/airflow/example_dags/plugins/workday.py took 0.152 seconds
[2022-09-20T14:16:27.766+0000] {processor.py:156} INFO - Started process (PID=797) to work on /home/airflow/.local/lib/python3.7/site-packages/airflow/example_dags/plugins/workday.py
[2022-09-20T14:16:28.052+0000] {processor.py:758} INFO - Processing file /home/airflow/.local/lib/python3.7/site-packages/airflow/example_dags/plugins/workday.py for tasks to queue
[2022-09-20T14:16:28.053+0000] {logging_mixin.py:117} INFO - [2022-09-20T14:16:28.053+0000] {dagbag.py:525} INFO - Filling up the DagBag from /home/airflow/.local/lib/python3.7/site-packages/airflow/example_dags/plugins/workday.py
[2022-09-20T14:16:28.056+0000] {processor.py:770} WARNING - No viable dags retrieved from /home/airflow/.local/lib/python3.7/site-packages/airflow/example_dags/plugins/workday.py
[2022-09-20T14:16:28.071+0000] {processor.py:178} INFO - Processing /home/airflow/.local/lib/python3.7/site-packages/airflow/example_dags/plugins/workday.py took 0.308 seconds
[2022-09-20T14:18:38.542+0000] {processor.py:156} INFO - Started process (PID=878) to work on /home/airflow/.local/lib/python3.7/site-packages/airflow/example_dags/plugins/workday.py
[2022-09-20T14:18:38.715+0000] {processor.py:758} INFO - Processing file /home/airflow/.local/lib/python3.7/site-packages/airflow/example_dags/plugins/workday.py for tasks to queue
[2022-09-20T14:18:38.717+0000] {logging_mixin.py:117} INFO - [2022-09-20T14:18:38.717+0000] {dagbag.py:525} INFO - Filling up the DagBag from /home/airflow/.local/lib/python3.7/site-packages/airflow/example_dags/plugins/workday.py
[2022-09-20T14:18:38.721+0000] {processor.py:770} WARNING - No viable dags retrieved from /home/airflow/.local/lib/python3.7/site-packages/airflow/example_dags/plugins/workday.py
[2022-09-20T14:18:38.784+0000] {processor.py:178} INFO - Processing /home/airflow/.local/lib/python3.7/site-packages/airflow/example_dags/plugins/workday.py took 0.249 seconds
[2022-09-20T14:19:55.848+0000] {processor.py:156} INFO - Started process (PID=928) to work on /home/airflow/.local/lib/python3.7/site-packages/airflow/example_dags/plugins/workday.py
[2022-09-20T14:19:56.075+0000] {processor.py:758} INFO - Processing file /home/airflow/.local/lib/python3.7/site-packages/airflow/example_dags/plugins/workday.py for tasks to queue
[2022-09-20T14:19:56.075+0000] {logging_mixin.py:117} INFO - [2022-09-20T14:19:56.075+0000] {dagbag.py:525} INFO - Filling up the DagBag from /home/airflow/.local/lib/python3.7/site-packages/airflow/example_dags/plugins/workday.py
[2022-09-20T14:19:56.077+0000] {processor.py:770} WARNING - No viable dags retrieved from /home/airflow/.local/lib/python3.7/site-packages/airflow/example_dags/plugins/workday.py
[2022-09-20T14:19:56.092+0000] {processor.py:178} INFO - Processing /home/airflow/.local/lib/python3.7/site-packages/airflow/example_dags/plugins/workday.py took 0.247 seconds
[2022-09-20T14:23:29.997+0000] {processor.py:156} INFO - Started process (PID=1018) to work on /home/airflow/.local/lib/python3.7/site-packages/airflow/example_dags/plugins/workday.py
[2022-09-20T14:23:30.164+0000] {processor.py:758} INFO - Processing file /home/airflow/.local/lib/python3.7/site-packages/airflow/example_dags/plugins/workday.py for tasks to queue
[2022-09-20T14:23:30.164+0000] {logging_mixin.py:117} INFO - [2022-09-20T14:23:30.164+0000] {dagbag.py:525} INFO - Filling up the DagBag from /home/airflow/.local/lib/python3.7/site-packages/airflow/example_dags/plugins/workday.py
[2022-09-20T14:23:30.166+0000] {processor.py:770} WARNING - No viable dags retrieved from /home/airflow/.local/lib/python3.7/site-packages/airflow/example_dags/plugins/workday.py
[2022-09-20T14:23:30.181+0000] {processor.py:178} INFO - Processing /home/airflow/.local/lib/python3.7/site-packages/airflow/example_dags/plugins/workday.py took 0.187 seconds
[2022-09-20T14:25:16.781+0000] {processor.py:156} INFO - Started process (PID=1085) to work on /home/airflow/.local/lib/python3.7/site-packages/airflow/example_dags/plugins/workday.py
[2022-09-20T14:25:16.969+0000] {processor.py:758} INFO - Processing file /home/airflow/.local/lib/python3.7/site-packages/airflow/example_dags/plugins/workday.py for tasks to queue
[2022-09-20T14:25:16.970+0000] {logging_mixin.py:117} INFO - [2022-09-20T14:25:16.970+0000] {dagbag.py:525} INFO - Filling up the DagBag from /home/airflow/.local/lib/python3.7/site-packages/airflow/example_dags/plugins/workday.py
[2022-09-20T14:25:16.971+0000] {processor.py:770} WARNING - No viable dags retrieved from /home/airflow/.local/lib/python3.7/site-packages/airflow/example_dags/plugins/workday.py
[2022-09-20T14:25:16.986+0000] {processor.py:178} INFO - Processing /home/airflow/.local/lib/python3.7/site-packages/airflow/example_dags/plugins/workday.py took 0.208 seconds
[2022-09-20T14:25:58.183+0000] {processor.py:156} INFO - Started process (PID=1143) to work on /home/airflow/.local/lib/python3.7/site-packages/airflow/example_dags/plugins/workday.py
[2022-09-20T14:25:58.468+0000] {processor.py:758} INFO - Processing file /home/airflow/.local/lib/python3.7/site-packages/airflow/example_dags/plugins/workday.py for tasks to queue
[2022-09-20T14:25:58.469+0000] {logging_mixin.py:117} INFO - [2022-09-20T14:25:58.469+0000] {dagbag.py:525} INFO - Filling up the DagBag from /home/airflow/.local/lib/python3.7/site-packages/airflow/example_dags/plugins/workday.py
[2022-09-20T14:25:58.472+0000] {processor.py:770} WARNING - No viable dags retrieved from /home/airflow/.local/lib/python3.7/site-packages/airflow/example_dags/plugins/workday.py
[2022-09-20T14:25:58.497+0000] {processor.py:178} INFO - Processing /home/airflow/.local/lib/python3.7/site-packages/airflow/example_dags/plugins/workday.py took 0.319 seconds
[2022-09-20T14:29:57.207+0000] {processor.py:156} INFO - Started process (PID=1190) to work on /home/airflow/.local/lib/python3.7/site-packages/airflow/example_dags/plugins/workday.py
[2022-09-20T14:29:57.661+0000] {processor.py:758} INFO - Processing file /home/airflow/.local/lib/python3.7/site-packages/airflow/example_dags/plugins/workday.py for tasks to queue
[2022-09-20T14:30:08.345+0000] {logging_mixin.py:117} INFO - [2022-09-20T14:30:08.344+0000] {dagbag.py:525} INFO - Filling up the DagBag from /home/airflow/.local/lib/python3.7/site-packages/airflow/example_dags/plugins/workday.py
[2022-09-20T14:30:08.349+0000] {processor.py:770} WARNING - No viable dags retrieved from /home/airflow/.local/lib/python3.7/site-packages/airflow/example_dags/plugins/workday.py
[2022-09-20T14:30:08.380+0000] {processor.py:178} INFO - Processing /home/airflow/.local/lib/python3.7/site-packages/airflow/example_dags/plugins/workday.py took 9.328 seconds
[2022-09-20T14:31:59.607+0000] {processor.py:156} INFO - Started process (PID=1250) to work on /home/airflow/.local/lib/python3.7/site-packages/airflow/example_dags/plugins/workday.py
[2022-09-20T14:32:00.372+0000] {processor.py:758} INFO - Processing file /home/airflow/.local/lib/python3.7/site-packages/airflow/example_dags/plugins/workday.py for tasks to queue
[2022-09-20T14:32:00.373+0000] {logging_mixin.py:117} INFO - [2022-09-20T14:32:00.373+0000] {dagbag.py:525} INFO - Filling up the DagBag from /home/airflow/.local/lib/python3.7/site-packages/airflow/example_dags/plugins/workday.py
[2022-09-20T14:32:00.375+0000] {processor.py:770} WARNING - No viable dags retrieved from /home/airflow/.local/lib/python3.7/site-packages/airflow/example_dags/plugins/workday.py
[2022-09-20T14:32:00.393+0000] {processor.py:178} INFO - Processing /home/airflow/.local/lib/python3.7/site-packages/airflow/example_dags/plugins/workday.py took 0.789 seconds
[2022-09-20T14:33:37.568+0000] {processor.py:156} INFO - Started process (PID=1310) to work on /home/airflow/.local/lib/python3.7/site-packages/airflow/example_dags/plugins/workday.py
[2022-09-20T14:33:38.027+0000] {processor.py:758} INFO - Processing file /home/airflow/.local/lib/python3.7/site-packages/airflow/example_dags/plugins/workday.py for tasks to queue
[2022-09-20T14:33:38.028+0000] {logging_mixin.py:117} INFO - [2022-09-20T14:33:38.028+0000] {dagbag.py:525} INFO - Filling up the DagBag from /home/airflow/.local/lib/python3.7/site-packages/airflow/example_dags/plugins/workday.py
[2022-09-20T14:33:38.029+0000] {processor.py:770} WARNING - No viable dags retrieved from /home/airflow/.local/lib/python3.7/site-packages/airflow/example_dags/plugins/workday.py
[2022-09-20T14:33:38.046+0000] {processor.py:178} INFO - Processing /home/airflow/.local/lib/python3.7/site-packages/airflow/example_dags/plugins/workday.py took 0.483 seconds
[2022-09-20T17:11:39.908+0000] {processor.py:156} INFO - Started process (PID=189) to work on /home/airflow/.local/lib/python3.7/site-packages/airflow/example_dags/plugins/workday.py
[2022-09-20T17:11:40.728+0000] {processor.py:758} INFO - Processing file /home/airflow/.local/lib/python3.7/site-packages/airflow/example_dags/plugins/workday.py for tasks to queue
[2022-09-20T17:11:40.729+0000] {logging_mixin.py:117} INFO - [2022-09-20T17:11:40.729+0000] {dagbag.py:525} INFO - Filling up the DagBag from /home/airflow/.local/lib/python3.7/site-packages/airflow/example_dags/plugins/workday.py
[2022-09-20T17:11:40.731+0000] {processor.py:770} WARNING - No viable dags retrieved from /home/airflow/.local/lib/python3.7/site-packages/airflow/example_dags/plugins/workday.py
[2022-09-20T17:11:40.744+0000] {processor.py:178} INFO - Processing /home/airflow/.local/lib/python3.7/site-packages/airflow/example_dags/plugins/workday.py took 0.844 seconds
[2022-09-20T17:12:17.820+0000] {processor.py:156} INFO - Started process (PID=241) to work on /home/airflow/.local/lib/python3.7/site-packages/airflow/example_dags/plugins/workday.py
[2022-09-20T17:12:17.896+0000] {processor.py:758} INFO - Processing file /home/airflow/.local/lib/python3.7/site-packages/airflow/example_dags/plugins/workday.py for tasks to queue
[2022-09-20T17:12:17.898+0000] {logging_mixin.py:117} INFO - [2022-09-20T17:12:17.897+0000] {dagbag.py:525} INFO - Filling up the DagBag from /home/airflow/.local/lib/python3.7/site-packages/airflow/example_dags/plugins/workday.py
[2022-09-20T17:12:17.901+0000] {processor.py:770} WARNING - No viable dags retrieved from /home/airflow/.local/lib/python3.7/site-packages/airflow/example_dags/plugins/workday.py
[2022-09-20T17:12:17.926+0000] {processor.py:178} INFO - Processing /home/airflow/.local/lib/python3.7/site-packages/airflow/example_dags/plugins/workday.py took 0.115 seconds
[2022-09-20T17:13:02.774+0000] {processor.py:156} INFO - Started process (PID=309) to work on /home/airflow/.local/lib/python3.7/site-packages/airflow/example_dags/plugins/workday.py
[2022-09-20T17:13:03.041+0000] {processor.py:758} INFO - Processing file /home/airflow/.local/lib/python3.7/site-packages/airflow/example_dags/plugins/workday.py for tasks to queue
[2022-09-20T17:13:03.042+0000] {logging_mixin.py:117} INFO - [2022-09-20T17:13:03.042+0000] {dagbag.py:525} INFO - Filling up the DagBag from /home/airflow/.local/lib/python3.7/site-packages/airflow/example_dags/plugins/workday.py
[2022-09-20T17:13:03.045+0000] {processor.py:770} WARNING - No viable dags retrieved from /home/airflow/.local/lib/python3.7/site-packages/airflow/example_dags/plugins/workday.py
[2022-09-20T17:13:03.063+0000] {processor.py:178} INFO - Processing /home/airflow/.local/lib/python3.7/site-packages/airflow/example_dags/plugins/workday.py took 0.292 seconds
[2022-09-20T17:13:47.290+0000] {processor.py:156} INFO - Started process (PID=359) to work on /home/airflow/.local/lib/python3.7/site-packages/airflow/example_dags/plugins/workday.py
[2022-09-20T17:13:47.634+0000] {processor.py:758} INFO - Processing file /home/airflow/.local/lib/python3.7/site-packages/airflow/example_dags/plugins/workday.py for tasks to queue
[2022-09-20T17:13:47.634+0000] {logging_mixin.py:117} INFO - [2022-09-20T17:13:47.634+0000] {dagbag.py:525} INFO - Filling up the DagBag from /home/airflow/.local/lib/python3.7/site-packages/airflow/example_dags/plugins/workday.py
[2022-09-20T17:13:47.636+0000] {processor.py:770} WARNING - No viable dags retrieved from /home/airflow/.local/lib/python3.7/site-packages/airflow/example_dags/plugins/workday.py
[2022-09-20T17:13:47.654+0000] {processor.py:178} INFO - Processing /home/airflow/.local/lib/python3.7/site-packages/airflow/example_dags/plugins/workday.py took 0.367 seconds
[2022-09-20T17:14:20.776+0000] {processor.py:156} INFO - Started process (PID=412) to work on /home/airflow/.local/lib/python3.7/site-packages/airflow/example_dags/plugins/workday.py
[2022-09-20T17:14:21.264+0000] {processor.py:758} INFO - Processing file /home/airflow/.local/lib/python3.7/site-packages/airflow/example_dags/plugins/workday.py for tasks to queue
[2022-09-20T17:14:21.269+0000] {logging_mixin.py:117} INFO - [2022-09-20T17:14:21.268+0000] {dagbag.py:525} INFO - Filling up the DagBag from /home/airflow/.local/lib/python3.7/site-packages/airflow/example_dags/plugins/workday.py
[2022-09-20T17:14:21.281+0000] {processor.py:770} WARNING - No viable dags retrieved from /home/airflow/.local/lib/python3.7/site-packages/airflow/example_dags/plugins/workday.py
[2022-09-20T17:14:21.669+0000] {processor.py:178} INFO - Processing /home/airflow/.local/lib/python3.7/site-packages/airflow/example_dags/plugins/workday.py took 0.899 seconds
[2022-09-20T17:15:13.175+0000] {processor.py:156} INFO - Started process (PID=478) to work on /home/airflow/.local/lib/python3.7/site-packages/airflow/example_dags/plugins/workday.py
[2022-09-20T17:15:13.483+0000] {processor.py:758} INFO - Processing file /home/airflow/.local/lib/python3.7/site-packages/airflow/example_dags/plugins/workday.py for tasks to queue
[2022-09-20T17:15:13.484+0000] {logging_mixin.py:117} INFO - [2022-09-20T17:15:13.483+0000] {dagbag.py:525} INFO - Filling up the DagBag from /home/airflow/.local/lib/python3.7/site-packages/airflow/example_dags/plugins/workday.py
[2022-09-20T17:15:13.487+0000] {processor.py:770} WARNING - No viable dags retrieved from /home/airflow/.local/lib/python3.7/site-packages/airflow/example_dags/plugins/workday.py
[2022-09-20T17:15:13.510+0000] {processor.py:178} INFO - Processing /home/airflow/.local/lib/python3.7/site-packages/airflow/example_dags/plugins/workday.py took 0.340 seconds
[2022-09-20T17:15:46.837+0000] {processor.py:156} INFO - Started process (PID=529) to work on /home/airflow/.local/lib/python3.7/site-packages/airflow/example_dags/plugins/workday.py
[2022-09-20T17:15:46.838+0000] {processor.py:758} INFO - Processing file /home/airflow/.local/lib/python3.7/site-packages/airflow/example_dags/plugins/workday.py for tasks to queue
[2022-09-20T17:15:46.839+0000] {logging_mixin.py:117} INFO - [2022-09-20T17:15:46.839+0000] {dagbag.py:525} INFO - Filling up the DagBag from /home/airflow/.local/lib/python3.7/site-packages/airflow/example_dags/plugins/workday.py
[2022-09-20T17:15:46.840+0000] {processor.py:770} WARNING - No viable dags retrieved from /home/airflow/.local/lib/python3.7/site-packages/airflow/example_dags/plugins/workday.py
[2022-09-20T17:15:48.096+0000] {processor.py:178} INFO - Processing /home/airflow/.local/lib/python3.7/site-packages/airflow/example_dags/plugins/workday.py took 1.263 seconds
[2022-09-20T17:16:30.944+0000] {processor.py:156} INFO - Started process (PID=590) to work on /home/airflow/.local/lib/python3.7/site-packages/airflow/example_dags/plugins/workday.py
[2022-09-20T17:16:31.049+0000] {processor.py:758} INFO - Processing file /home/airflow/.local/lib/python3.7/site-packages/airflow/example_dags/plugins/workday.py for tasks to queue
[2022-09-20T17:16:31.050+0000] {logging_mixin.py:117} INFO - [2022-09-20T17:16:31.050+0000] {dagbag.py:525} INFO - Filling up the DagBag from /home/airflow/.local/lib/python3.7/site-packages/airflow/example_dags/plugins/workday.py
[2022-09-20T17:16:31.052+0000] {processor.py:770} WARNING - No viable dags retrieved from /home/airflow/.local/lib/python3.7/site-packages/airflow/example_dags/plugins/workday.py
[2022-09-20T17:16:31.075+0000] {processor.py:178} INFO - Processing /home/airflow/.local/lib/python3.7/site-packages/airflow/example_dags/plugins/workday.py took 0.138 seconds
[2022-09-20T17:17:06.943+0000] {processor.py:156} INFO - Started process (PID=648) to work on /home/airflow/.local/lib/python3.7/site-packages/airflow/example_dags/plugins/workday.py
[2022-09-20T17:17:07.199+0000] {processor.py:758} INFO - Processing file /home/airflow/.local/lib/python3.7/site-packages/airflow/example_dags/plugins/workday.py for tasks to queue
[2022-09-20T17:17:07.200+0000] {logging_mixin.py:117} INFO - [2022-09-20T17:17:07.200+0000] {dagbag.py:525} INFO - Filling up the DagBag from /home/airflow/.local/lib/python3.7/site-packages/airflow/example_dags/plugins/workday.py
[2022-09-20T17:17:07.205+0000] {processor.py:770} WARNING - No viable dags retrieved from /home/airflow/.local/lib/python3.7/site-packages/airflow/example_dags/plugins/workday.py
[2022-09-20T17:17:07.228+0000] {processor.py:178} INFO - Processing /home/airflow/.local/lib/python3.7/site-packages/airflow/example_dags/plugins/workday.py took 0.289 seconds
[2022-09-20T17:17:37.806+0000] {processor.py:156} INFO - Started process (PID=702) to work on /home/airflow/.local/lib/python3.7/site-packages/airflow/example_dags/plugins/workday.py
[2022-09-20T17:17:37.854+0000] {processor.py:758} INFO - Processing file /home/airflow/.local/lib/python3.7/site-packages/airflow/example_dags/plugins/workday.py for tasks to queue
[2022-09-20T17:17:37.856+0000] {logging_mixin.py:117} INFO - [2022-09-20T17:17:37.856+0000] {dagbag.py:525} INFO - Filling up the DagBag from /home/airflow/.local/lib/python3.7/site-packages/airflow/example_dags/plugins/workday.py
[2022-09-20T17:17:37.863+0000] {processor.py:770} WARNING - No viable dags retrieved from /home/airflow/.local/lib/python3.7/site-packages/airflow/example_dags/plugins/workday.py
[2022-09-20T17:17:37.966+0000] {processor.py:178} INFO - Processing /home/airflow/.local/lib/python3.7/site-packages/airflow/example_dags/plugins/workday.py took 0.174 seconds
[2022-09-20T17:18:17.246+0000] {processor.py:156} INFO - Started process (PID=758) to work on /home/airflow/.local/lib/python3.7/site-packages/airflow/example_dags/plugins/workday.py
[2022-09-20T17:18:17.434+0000] {processor.py:758} INFO - Processing file /home/airflow/.local/lib/python3.7/site-packages/airflow/example_dags/plugins/workday.py for tasks to queue
[2022-09-20T17:18:17.436+0000] {logging_mixin.py:117} INFO - [2022-09-20T17:18:17.435+0000] {dagbag.py:525} INFO - Filling up the DagBag from /home/airflow/.local/lib/python3.7/site-packages/airflow/example_dags/plugins/workday.py
[2022-09-20T17:18:17.440+0000] {processor.py:770} WARNING - No viable dags retrieved from /home/airflow/.local/lib/python3.7/site-packages/airflow/example_dags/plugins/workday.py
[2022-09-20T17:18:17.912+0000] {processor.py:178} INFO - Processing /home/airflow/.local/lib/python3.7/site-packages/airflow/example_dags/plugins/workday.py took 0.672 seconds
[2022-09-20T17:18:56.139+0000] {processor.py:156} INFO - Started process (PID=826) to work on /home/airflow/.local/lib/python3.7/site-packages/airflow/example_dags/plugins/workday.py
[2022-09-20T17:18:56.186+0000] {processor.py:758} INFO - Processing file /home/airflow/.local/lib/python3.7/site-packages/airflow/example_dags/plugins/workday.py for tasks to queue
[2022-09-20T17:18:56.187+0000] {logging_mixin.py:117} INFO - [2022-09-20T17:18:56.187+0000] {dagbag.py:525} INFO - Filling up the DagBag from /home/airflow/.local/lib/python3.7/site-packages/airflow/example_dags/plugins/workday.py
[2022-09-20T17:18:56.192+0000] {processor.py:770} WARNING - No viable dags retrieved from /home/airflow/.local/lib/python3.7/site-packages/airflow/example_dags/plugins/workday.py
[2022-09-20T17:18:56.242+0000] {processor.py:178} INFO - Processing /home/airflow/.local/lib/python3.7/site-packages/airflow/example_dags/plugins/workday.py took 0.116 seconds
[2022-09-20T17:19:41.279+0000] {processor.py:156} INFO - Started process (PID=885) to work on /home/airflow/.local/lib/python3.7/site-packages/airflow/example_dags/plugins/workday.py
[2022-09-20T17:19:41.606+0000] {processor.py:758} INFO - Processing file /home/airflow/.local/lib/python3.7/site-packages/airflow/example_dags/plugins/workday.py for tasks to queue
[2022-09-20T17:19:41.843+0000] {logging_mixin.py:117} INFO - [2022-09-20T17:19:41.842+0000] {dagbag.py:525} INFO - Filling up the DagBag from /home/airflow/.local/lib/python3.7/site-packages/airflow/example_dags/plugins/workday.py
[2022-09-20T17:19:42.158+0000] {processor.py:770} WARNING - No viable dags retrieved from /home/airflow/.local/lib/python3.7/site-packages/airflow/example_dags/plugins/workday.py
[2022-09-20T17:19:45.149+0000] {processor.py:178} INFO - Processing /home/airflow/.local/lib/python3.7/site-packages/airflow/example_dags/plugins/workday.py took 4.070 seconds
